[0.050s] Invoking command in '/home/minsuje/ros2_ws/build/dsr_moveit_config_h2017': CMAKE_PREFIX_PATH=/home/minsuje/ros2_ws/install/rokey:/home/minsuje/ros2_ws/install/pick_and_place_voice:/home/minsuje/ros2_ws/install/pick_and_place_text:/home/minsuje/ros2_ws/install/my_service_pkg:/home/minsuje/ros2_ws/install/dsr_visualservoing:/home/minsuje/ros2_ws/install/dsr_tests:/home/minsuje/ros2_ws/install/dsr_bringup2:/home/minsuje/ros2_ws/install/dsr_example:/opt/ros/humble:${CMAKE_PREFIX_PATH} /usr/bin/cmake --build /home/minsuje/ros2_ws/build/dsr_moveit_config_h2017 -- -j32 -l32
[0.989s] Invoked command in '/home/minsuje/ros2_ws/build/dsr_moveit_config_h2017' returned '0': CMAKE_PREFIX_PATH=/home/minsuje/ros2_ws/install/rokey:/home/minsuje/ros2_ws/install/pick_and_place_voice:/home/minsuje/ros2_ws/install/pick_and_place_text:/home/minsuje/ros2_ws/install/my_service_pkg:/home/minsuje/ros2_ws/install/dsr_visualservoing:/home/minsuje/ros2_ws/install/dsr_tests:/home/minsuje/ros2_ws/install/dsr_bringup2:/home/minsuje/ros2_ws/install/dsr_example:/opt/ros/humble:${CMAKE_PREFIX_PATH} /usr/bin/cmake --build /home/minsuje/ros2_ws/build/dsr_moveit_config_h2017 -- -j32 -l32
[0.990s] Invoking command in '/home/minsuje/ros2_ws/build/dsr_moveit_config_h2017': CMAKE_PREFIX_PATH=/home/minsuje/ros2_ws/install/rokey:/home/minsuje/ros2_ws/install/pick_and_place_voice:/home/minsuje/ros2_ws/install/pick_and_place_text:/home/minsuje/ros2_ws/install/my_service_pkg:/home/minsuje/ros2_ws/install/dsr_visualservoing:/home/minsuje/ros2_ws/install/dsr_tests:/home/minsuje/ros2_ws/install/dsr_bringup2:/home/minsuje/ros2_ws/install/dsr_example:/opt/ros/humble:${CMAKE_PREFIX_PATH} /usr/bin/cmake --install /home/minsuje/ros2_ws/build/dsr_moveit_config_h2017
[1.038s] -- Install configuration: ""
[1.038s] -- Execute custom install script
[1.038s] -- Up-to-date symlink: /home/minsuje/ros2_ws/install/dsr_moveit_config_h2017/share/ament_index/resource_index/package_run_dependencies/dsr_moveit_config_h2017
[1.039s] -- Up-to-date symlink: /home/minsuje/ros2_ws/install/dsr_moveit_config_h2017/share/ament_index/resource_index/parent_prefix_path/dsr_moveit_config_h2017
[1.039s] -- Up-to-date symlink: /home/minsuje/ros2_ws/install/dsr_moveit_config_h2017/share/dsr_moveit_config_h2017/environment/ament_prefix_path.sh
[1.039s] -- Up-to-date symlink: /home/minsuje/ros2_ws/install/dsr_moveit_config_h2017/share/dsr_moveit_config_h2017/environment/ament_prefix_path.dsv
[1.039s] -- Up-to-date symlink: /home/minsuje/ros2_ws/install/dsr_moveit_config_h2017/share/dsr_moveit_config_h2017/environment/path.sh
[1.039s] -- Up-to-date symlink: /home/minsuje/ros2_ws/install/dsr_moveit_config_h2017/share/dsr_moveit_config_h2017/environment/path.dsv
[1.039s] -- Up-to-date symlink: /home/minsuje/ros2_ws/install/dsr_moveit_config_h2017/share/dsr_moveit_config_h2017/local_setup.bash
[1.039s] -- Up-to-date symlink: /home/minsuje/ros2_ws/install/dsr_moveit_config_h2017/share/dsr_moveit_config_h2017/local_setup.sh
[1.039s] -- Up-to-date symlink: /home/minsuje/ros2_ws/install/dsr_moveit_config_h2017/share/dsr_moveit_config_h2017/local_setup.zsh
[1.039s] -- Up-to-date symlink: /home/minsuje/ros2_ws/install/dsr_moveit_config_h2017/share/dsr_moveit_config_h2017/local_setup.dsv
[1.039s] -- Symlinking: /home/minsuje/ros2_ws/install/dsr_moveit_config_h2017/share/dsr_moveit_config_h2017/package.dsv
[1.039s] -- Up-to-date symlink: /home/minsuje/ros2_ws/install/dsr_moveit_config_h2017/share/ament_index/resource_index/packages/dsr_moveit_config_h2017
[1.039s] -- Up-to-date symlink: /home/minsuje/ros2_ws/install/dsr_moveit_config_h2017/share/dsr_moveit_config_h2017/cmake/dsr_moveit_config_h2017Config.cmake
[1.039s] -- Up-to-date symlink: /home/minsuje/ros2_ws/install/dsr_moveit_config_h2017/share/dsr_moveit_config_h2017/cmake/dsr_moveit_config_h2017Config-version.cmake
[1.040s] -- Up-to-date symlink: /home/minsuje/ros2_ws/install/dsr_moveit_config_h2017/share/dsr_moveit_config_h2017/package.xml
[1.040s] -- Up-to-date symlink: /home/minsuje/ros2_ws/install/dsr_moveit_config_h2017/share/dsr_moveit_config_h2017/launch/demo.launch.py
[1.040s] -- Up-to-date symlink: /home/minsuje/ros2_ws/install/dsr_moveit_config_h2017/share/dsr_moveit_config_h2017/launch/moveit.rviz
[1.040s] -- Up-to-date symlink: /home/minsuje/ros2_ws/install/dsr_moveit_config_h2017/share/dsr_moveit_config_h2017/launch/start.launch.py
[1.040s] -- Up-to-date symlink: /home/minsuje/ros2_ws/install/dsr_moveit_config_h2017/share/dsr_moveit_config_h2017/config/chomp_planning.yaml
[1.040s] -- Up-to-date symlink: /home/minsuje/ros2_ws/install/dsr_moveit_config_h2017/share/dsr_moveit_config_h2017/config/dsr.ros2_control.xacro
[1.040s] -- Up-to-date symlink: /home/minsuje/ros2_ws/install/dsr_moveit_config_h2017/share/dsr_moveit_config_h2017/config/dsr.srdf
[1.040s] -- Up-to-date symlink: /home/minsuje/ros2_ws/install/dsr_moveit_config_h2017/share/dsr_moveit_config_h2017/config/h2017.urdf.xacro
[1.040s] -- Up-to-date symlink: /home/minsuje/ros2_ws/install/dsr_moveit_config_h2017/share/dsr_moveit_config_h2017/config/initial_positions.yaml
[1.040s] -- Up-to-date symlink: /home/minsuje/ros2_ws/install/dsr_moveit_config_h2017/share/dsr_moveit_config_h2017/config/joint_limits.yaml
[1.040s] -- Up-to-date symlink: /home/minsuje/ros2_ws/install/dsr_moveit_config_h2017/share/dsr_moveit_config_h2017/config/kinematics.yaml
[1.040s] -- Up-to-date symlink: /home/minsuje/ros2_ws/install/dsr_moveit_config_h2017/share/dsr_moveit_config_h2017/config/moveit_controllers.yaml
[1.041s] -- Up-to-date symlink: /home/minsuje/ros2_ws/install/dsr_moveit_config_h2017/share/dsr_moveit_config_h2017/config/ompl_planning.yaml
[1.041s] -- Up-to-date symlink: /home/minsuje/ros2_ws/install/dsr_moveit_config_h2017/share/dsr_moveit_config_h2017/config/pilz_cartesian_limits.yaml
[1.041s] -- Up-to-date symlink: /home/minsuje/ros2_ws/install/dsr_moveit_config_h2017/share/dsr_moveit_config_h2017/config/ros2_controllers.yaml
[1.041s] -- Up-to-date symlink: /home/minsuje/ros2_ws/install/dsr_moveit_config_h2017/share/dsr_moveit_config_h2017/config/sensors_3d.yaml
[1.041s] -- Up-to-date symlink: /home/minsuje/ros2_ws/install/dsr_moveit_config_h2017/share/dsr_moveit_config_h2017/.setup_assistant
[1.258s] Invoked command in '/home/minsuje/ros2_ws/build/dsr_moveit_config_h2017' returned '0': CMAKE_PREFIX_PATH=/home/minsuje/ros2_ws/install/rokey:/home/minsuje/ros2_ws/install/pick_and_place_voice:/home/minsuje/ros2_ws/install/pick_and_place_text:/home/minsuje/ros2_ws/install/my_service_pkg:/home/minsuje/ros2_ws/install/dsr_visualservoing:/home/minsuje/ros2_ws/install/dsr_tests:/home/minsuje/ros2_ws/install/dsr_bringup2:/home/minsuje/ros2_ws/install/dsr_example:/opt/ros/humble:${CMAKE_PREFIX_PATH} /usr/bin/cmake --install /home/minsuje/ros2_ws/build/dsr_moveit_config_h2017
