[0.058s] Invoking command in '/home/minsuje/ros2_ws/build/dsr_description2': CMAKE_PREFIX_PATH=/home/minsuje/ros2_ws/install/rokey:/home/minsuje/ros2_ws/install/pick_and_place_voice:/home/minsuje/ros2_ws/install/pick_and_place_text:/home/minsuje/ros2_ws/install/my_service_pkg:/home/minsuje/ros2_ws/install/dsr_visualservoing:/home/minsuje/ros2_ws/install/dsr_tests:/home/minsuje/ros2_ws/install/dsr_bringup2:/home/minsuje/ros2_ws/install/dsr_example:/opt/ros/humble:${CMAKE_PREFIX_PATH} /usr/bin/cmake --build /home/minsuje/ros2_ws/build/dsr_description2 -- -j32 -l32
[0.929s] Invoked command in '/home/minsuje/ros2_ws/build/dsr_description2' returned '0': CMAKE_PREFIX_PATH=/home/minsuje/ros2_ws/install/rokey:/home/minsuje/ros2_ws/install/pick_and_place_voice:/home/minsuje/ros2_ws/install/pick_and_place_text:/home/minsuje/ros2_ws/install/my_service_pkg:/home/minsuje/ros2_ws/install/dsr_visualservoing:/home/minsuje/ros2_ws/install/dsr_tests:/home/minsuje/ros2_ws/install/dsr_bringup2:/home/minsuje/ros2_ws/install/dsr_example:/opt/ros/humble:${CMAKE_PREFIX_PATH} /usr/bin/cmake --build /home/minsuje/ros2_ws/build/dsr_description2 -- -j32 -l32
[0.937s] Invoking command in '/home/minsuje/ros2_ws/build/dsr_description2': CMAKE_PREFIX_PATH=/home/minsuje/ros2_ws/install/rokey:/home/minsuje/ros2_ws/install/pick_and_place_voice:/home/minsuje/ros2_ws/install/pick_and_place_text:/home/minsuje/ros2_ws/install/my_service_pkg:/home/minsuje/ros2_ws/install/dsr_visualservoing:/home/minsuje/ros2_ws/install/dsr_tests:/home/minsuje/ros2_ws/install/dsr_bringup2:/home/minsuje/ros2_ws/install/dsr_example:/opt/ros/humble:${CMAKE_PREFIX_PATH} /usr/bin/cmake --install /home/minsuje/ros2_ws/build/dsr_description2
[0.978s] -- Install configuration: ""
[0.979s] -- Execute custom install script
[0.979s] -- Up-to-date symlink: /home/minsuje/ros2_ws/install/dsr_description2/share/dsr_description2/environment/dsr_description2_path.dsv
[0.979s] -- Up-to-date symlink: /home/minsuje/ros2_ws/install/dsr_description2/share/ament_index/resource_index/package_run_dependencies/dsr_description2
[0.979s] -- Up-to-date symlink: /home/minsuje/ros2_ws/install/dsr_description2/share/ament_index/resource_index/parent_prefix_path/dsr_description2
[0.979s] -- Up-to-date symlink: /home/minsuje/ros2_ws/install/dsr_description2/share/dsr_description2/environment/ament_prefix_path.sh
[0.979s] -- Up-to-date symlink: /home/minsuje/ros2_ws/install/dsr_description2/share/dsr_description2/environment/ament_prefix_path.dsv
[0.979s] -- Up-to-date symlink: /home/minsuje/ros2_ws/install/dsr_description2/share/dsr_description2/environment/path.sh
[0.979s] -- Up-to-date symlink: /home/minsuje/ros2_ws/install/dsr_description2/share/dsr_description2/environment/path.dsv
[0.979s] -- Up-to-date symlink: /home/minsuje/ros2_ws/install/dsr_description2/share/dsr_description2/local_setup.bash
[0.979s] -- Up-to-date symlink: /home/minsuje/ros2_ws/install/dsr_description2/share/dsr_description2/local_setup.sh
[0.979s] -- Up-to-date symlink: /home/minsuje/ros2_ws/install/dsr_description2/share/dsr_description2/local_setup.zsh
[0.979s] -- Up-to-date symlink: /home/minsuje/ros2_ws/install/dsr_description2/share/dsr_description2/local_setup.dsv
[0.979s] -- Symlinking: /home/minsuje/ros2_ws/install/dsr_description2/share/dsr_description2/package.dsv
[0.979s] -- Up-to-date symlink: /home/minsuje/ros2_ws/install/dsr_description2/share/ament_index/resource_index/packages/dsr_description2
[0.980s] -- Up-to-date symlink: /home/minsuje/ros2_ws/install/dsr_description2/share/dsr_description2/cmake/dsr_description2Config.cmake
[0.980s] -- Up-to-date symlink: /home/minsuje/ros2_ws/install/dsr_description2/share/dsr_description2/cmake/dsr_description2Config-version.cmake
[0.980s] -- Up-to-date symlink: /home/minsuje/ros2_ws/install/dsr_description2/share/dsr_description2/package.xml
[0.980s] -- Up-to-date symlink: /home/minsuje/ros2_ws/install/dsr_description2/share/dsr_description2/meshes/a0509_blue/A0509_0_0.dae
[0.980s] -- Up-to-date symlink: /home/minsuje/ros2_ws/install/dsr_description2/share/dsr_description2/meshes/a0509_blue/A0509_1_0.dae
[0.980s] -- Up-to-date symlink: /home/minsuje/ros2_ws/install/dsr_description2/share/dsr_description2/meshes/a0509_blue/A0509_1_1.dae
[0.980s] -- Up-to-date symlink: /home/minsuje/ros2_ws/install/dsr_description2/share/dsr_description2/meshes/a0509_blue/A0509_1_2.dae
[0.980s] -- Up-to-date symlink: /home/minsuje/ros2_ws/install/dsr_description2/share/dsr_description2/meshes/a0509_blue/A0509_2_0.dae
[0.980s] -- Up-to-date symlink: /home/minsuje/ros2_ws/install/dsr_description2/share/dsr_description2/meshes/a0509_blue/A0509_2_1.dae
[0.980s] -- Up-to-date symlink: /home/minsuje/ros2_ws/install/dsr_description2/share/dsr_description2/meshes/a0509_blue/A0509_2_2.dae
[0.980s] -- Up-to-date symlink: /home/minsuje/ros2_ws/install/dsr_description2/share/dsr_description2/meshes/a0509_blue/A0509_3_0.dae
[0.980s] -- Up-to-date symlink: /home/minsuje/ros2_ws/install/dsr_description2/share/dsr_description2/meshes/a0509_blue/A0509_3_1.dae
[0.980s] -- Up-to-date symlink: /home/minsuje/ros2_ws/install/dsr_description2/share/dsr_description2/meshes/a0509_blue/A0509_4_0.dae
[0.980s] -- Up-to-date symlink: /home/minsuje/ros2_ws/install/dsr_description2/share/dsr_description2/meshes/a0509_blue/A0509_4_1.dae
[0.980s] -- Up-to-date symlink: /home/minsuje/ros2_ws/install/dsr_description2/share/dsr_description2/meshes/a0509_blue/A0509_5_0.dae
[0.980s] -- Up-to-date symlink: /home/minsuje/ros2_ws/install/dsr_description2/share/dsr_description2/meshes/a0509_blue/A0509_5_1.dae
[0.980s] -- Up-to-date symlink: /home/minsuje/ros2_ws/install/dsr_description2/share/dsr_description2/meshes/a0509_blue/A0509_6_0.dae
[0.980s] -- Up-to-date symlink: /home/minsuje/ros2_ws/install/dsr_description2/share/dsr_description2/meshes/a0509_collision/A0509_0_0.dae
[0.980s] -- Up-to-date symlink: /home/minsuje/ros2_ws/install/dsr_description2/share/dsr_description2/meshes/a0509_collision/A0509_1_0.dae
[0.981s] -- Up-to-date symlink: /home/minsuje/ros2_ws/install/dsr_description2/share/dsr_description2/meshes/a0509_collision/A0509_1_1.dae
[0.981s] -- Up-to-date symlink: /home/minsuje/ros2_ws/install/dsr_description2/share/dsr_description2/meshes/a0509_collision/A0509_1_2.dae
[0.981s] -- Up-to-date symlink: /home/minsuje/ros2_ws/install/dsr_description2/share/dsr_description2/meshes/a0509_collision/A0509_2_0.dae
[0.981s] -- Up-to-date symlink: /home/minsuje/ros2_ws/install/dsr_description2/share/dsr_description2/meshes/a0509_collision/A0509_2_1.dae
[0.981s] -- Up-to-date symlink: /home/minsuje/ros2_ws/install/dsr_description2/share/dsr_description2/meshes/a0509_collision/A0509_2_2.dae
[0.981s] -- Up-to-date symlink: /home/minsuje/ros2_ws/install/dsr_description2/share/dsr_description2/meshes/a0509_collision/A0509_3_0.dae
[0.981s] -- Up-to-date symlink: /home/minsuje/ros2_ws/install/dsr_description2/share/dsr_description2/meshes/a0509_collision/A0509_3_1.dae
[0.982s] -- Up-to-date symlink: /home/minsuje/ros2_ws/install/dsr_description2/share/dsr_description2/meshes/a0509_collision/A0509_4_0.dae
[0.982s] -- Up-to-date symlink: /home/minsuje/ros2_ws/install/dsr_description2/share/dsr_description2/meshes/a0509_collision/A0509_4_1.dae
[0.982s] -- Up-to-date symlink: /home/minsuje/ros2_ws/install/dsr_description2/share/dsr_description2/meshes/a0509_collision/A0509_5_0.dae
[0.982s] -- Up-to-date symlink: /home/minsuje/ros2_ws/install/dsr_description2/share/dsr_description2/meshes/a0509_collision/A0509_5_1.dae
[0.982s] -- Up-to-date symlink: /home/minsuje/ros2_ws/install/dsr_description2/share/dsr_description2/meshes/a0509_collision/A0509_6_0.dae
[0.982s] -- Up-to-date symlink: /home/minsuje/ros2_ws/install/dsr_description2/share/dsr_description2/meshes/a0509_white/A0509_0_0.dae
[0.982s] -- Up-to-date symlink: /home/minsuje/ros2_ws/install/dsr_description2/share/dsr_description2/meshes/a0509_white/A0509_1_0.dae
[0.983s] -- Up-to-date symlink: /home/minsuje/ros2_ws/install/dsr_description2/share/dsr_description2/meshes/a0509_white/A0509_1_1.dae
[0.983s] -- Up-to-date symlink: /home/minsuje/ros2_ws/install/dsr_description2/share/dsr_description2/meshes/a0509_white/A0509_1_2.dae
[0.983s] -- Up-to-date symlink: /home/minsuje/ros2_ws/install/dsr_description2/share/dsr_description2/meshes/a0509_white/A0509_2_0.dae
[0.983s] -- Up-to-date symlink: /home/minsuje/ros2_ws/install/dsr_description2/share/dsr_description2/meshes/a0509_white/A0509_2_1.dae
[0.983s] -- Up-to-date symlink: /home/minsuje/ros2_ws/install/dsr_description2/share/dsr_description2/meshes/a0509_white/A0509_2_2.dae
[0.983s] -- Up-to-date symlink: /home/minsuje/ros2_ws/install/dsr_description2/share/dsr_description2/meshes/a0509_white/A0509_3_0.dae
[0.983s] -- Up-to-date symlink: /home/minsuje/ros2_ws/install/dsr_description2/share/dsr_description2/meshes/a0509_white/A0509_3_1.dae
[0.983s] -- Up-to-date symlink: /home/minsuje/ros2_ws/install/dsr_description2/share/dsr_description2/meshes/a0509_white/A0509_4_0.dae
[0.983s] -- Up-to-date symlink: /home/minsuje/ros2_ws/install/dsr_description2/share/dsr_description2/meshes/a0509_white/A0509_4_1.dae
[0.983s] -- Up-to-date symlink: /home/minsuje/ros2_ws/install/dsr_description2/share/dsr_description2/meshes/a0509_white/A0509_5_0.dae
[0.983s] -- Up-to-date symlink: /home/minsuje/ros2_ws/install/dsr_description2/share/dsr_description2/meshes/a0509_white/A0509_5_1.dae
[0.983s] -- Up-to-date symlink: /home/minsuje/ros2_ws/install/dsr_description2/share/dsr_description2/meshes/a0509_white/A0509_6_0.dae
[0.983s] -- Up-to-date symlink: /home/minsuje/ros2_ws/install/dsr_description2/share/dsr_description2/meshes/a0912_blue/A0912_0_0.dae
[0.983s] -- Up-to-date symlink: /home/minsuje/ros2_ws/install/dsr_description2/share/dsr_description2/meshes/a0912_blue/A0912_1_0.dae
[0.983s] -- Up-to-date symlink: /home/minsuje/ros2_ws/install/dsr_description2/share/dsr_description2/meshes/a0912_blue/A0912_1_1.dae
[0.983s] -- Up-to-date symlink: /home/minsuje/ros2_ws/install/dsr_description2/share/dsr_description2/meshes/a0912_blue/A0912_1_2.dae
[0.983s] -- Up-to-date symlink: /home/minsuje/ros2_ws/install/dsr_description2/share/dsr_description2/meshes/a0912_blue/A0912_2_0.dae
[0.983s] -- Up-to-date symlink: /home/minsuje/ros2_ws/install/dsr_description2/share/dsr_description2/meshes/a0912_blue/A0912_2_1.dae
[0.983s] -- Up-to-date symlink: /home/minsuje/ros2_ws/install/dsr_description2/share/dsr_description2/meshes/a0912_blue/A0912_2_2.dae
[0.983s] -- Up-to-date symlink: /home/minsuje/ros2_ws/install/dsr_description2/share/dsr_description2/meshes/a0912_blue/A0912_3_0.dae
[0.983s] -- Up-to-date symlink: /home/minsuje/ros2_ws/install/dsr_description2/share/dsr_description2/meshes/a0912_blue/A0912_3_1.dae
[0.983s] -- Up-to-date symlink: /home/minsuje/ros2_ws/install/dsr_description2/share/dsr_description2/meshes/a0912_blue/A0912_4_0.dae
[0.983s] -- Up-to-date symlink: /home/minsuje/ros2_ws/install/dsr_description2/share/dsr_description2/meshes/a0912_blue/A0912_4_1.dae
[0.983s] -- Up-to-date symlink: /home/minsuje/ros2_ws/install/dsr_description2/share/dsr_description2/meshes/a0912_blue/A0912_5_0.dae
[0.983s] -- Up-to-date symlink: /home/minsuje/ros2_ws/install/dsr_description2/share/dsr_description2/meshes/a0912_blue/A0912_5_1.dae
[0.983s] -- Up-to-date symlink: /home/minsuje/ros2_ws/install/dsr_description2/share/dsr_description2/meshes/a0912_blue/A0912_6_0.dae
[0.983s] -- Up-to-date symlink: /home/minsuje/ros2_ws/install/dsr_description2/share/dsr_description2/meshes/a0912_collision/A0912_0_0.dae
[0.983s] -- Up-to-date symlink: /home/minsuje/ros2_ws/install/dsr_description2/share/dsr_description2/meshes/a0912_collision/A0912_1_0.dae
[0.983s] -- Up-to-date symlink: /home/minsuje/ros2_ws/install/dsr_description2/share/dsr_description2/meshes/a0912_collision/A0912_1_1.dae
[0.983s] -- Up-to-date symlink: /home/minsuje/ros2_ws/install/dsr_description2/share/dsr_description2/meshes/a0912_collision/A0912_1_2.dae
[0.984s] -- Up-to-date symlink: /home/minsuje/ros2_ws/install/dsr_description2/share/dsr_description2/meshes/a0912_collision/A0912_2_0.dae
[0.984s] -- Up-to-date symlink: /home/minsuje/ros2_ws/install/dsr_description2/share/dsr_description2/meshes/a0912_collision/A0912_2_1.dae
[0.984s] -- Up-to-date symlink: /home/minsuje/ros2_ws/install/dsr_description2/share/dsr_description2/meshes/a0912_collision/A0912_2_2.dae
[0.984s] -- Up-to-date symlink: /home/minsuje/ros2_ws/install/dsr_description2/share/dsr_description2/meshes/a0912_collision/A0912_3_0.dae
[0.984s] -- Up-to-date symlink: /home/minsuje/ros2_ws/install/dsr_description2/share/dsr_description2/meshes/a0912_collision/A0912_3_1.dae
[0.984s] -- Up-to-date symlink: /home/minsuje/ros2_ws/install/dsr_description2/share/dsr_description2/meshes/a0912_collision/A0912_4_0.dae
[0.984s] -- Up-to-date symlink: /home/minsuje/ros2_ws/install/dsr_description2/share/dsr_description2/meshes/a0912_collision/A0912_4_1.dae
[0.984s] -- Up-to-date symlink: /home/minsuje/ros2_ws/install/dsr_description2/share/dsr_description2/meshes/a0912_collision/A0912_5_0.dae
[0.984s] -- Up-to-date symlink: /home/minsuje/ros2_ws/install/dsr_description2/share/dsr_description2/meshes/a0912_collision/A0912_5_1.dae
[0.984s] -- Up-to-date symlink: /home/minsuje/ros2_ws/install/dsr_description2/share/dsr_description2/meshes/a0912_collision/A0912_6_0.dae
[0.984s] -- Up-to-date symlink: /home/minsuje/ros2_ws/install/dsr_description2/share/dsr_description2/meshes/a0912_white/A0912_0_0.dae
[0.984s] -- Up-to-date symlink: /home/minsuje/ros2_ws/install/dsr_description2/share/dsr_description2/meshes/a0912_white/A0912_1_0.dae
[0.985s] -- Up-to-date symlink: /home/minsuje/ros2_ws/install/dsr_description2/share/dsr_description2/meshes/a0912_white/A0912_1_1.dae
[0.985s] -- Up-to-date symlink: /home/minsuje/ros2_ws/install/dsr_description2/share/dsr_description2/meshes/a0912_white/A0912_1_2.dae
[0.985s] -- Up-to-date symlink: /home/minsuje/ros2_ws/install/dsr_description2/share/dsr_description2/meshes/a0912_white/A0912_2_0.dae
[0.985s] -- Up-to-date symlink: /home/minsuje/ros2_ws/install/dsr_description2/share/dsr_description2/meshes/a0912_white/A0912_2_1.dae
[0.985s] -- Up-to-date symlink: /home/minsuje/ros2_ws/install/dsr_description2/share/dsr_description2/meshes/a0912_white/A0912_2_2.dae
[0.985s] -- Up-to-date symlink: /home/minsuje/ros2_ws/install/dsr_description2/share/dsr_description2/meshes/a0912_white/A0912_3_0.dae
[0.985s] -- Up-to-date symlink: /home/minsuje/ros2_ws/install/dsr_description2/share/dsr_description2/meshes/a0912_white/A0912_3_1.dae
[0.985s] -- Up-to-date symlink: /home/minsuje/ros2_ws/install/dsr_description2/share/dsr_description2/meshes/a0912_white/A0912_4_0.dae
[0.991s] -- Up-to-date symlink: /home/minsuje/ros2_ws/install/dsr_description2/share/dsr_description2/meshes/a0912_white/A0912_4_1.dae
[0.991s] -- Up-to-date symlink: /home/minsuje/ros2_ws/install/dsr_description2/share/dsr_description2/meshes/a0912_white/A0912_5_0.dae
[0.991s] -- Up-to-date symlink: /home/minsuje/ros2_ws/install/dsr_description2/share/dsr_description2/meshes/a0912_white/A0912_5_1.dae
[0.991s] -- Up-to-date symlink: /home/minsuje/ros2_ws/install/dsr_description2/share/dsr_description2/meshes/a0912_white/A0912_6_0.dae
[0.991s] -- Up-to-date symlink: /home/minsuje/ros2_ws/install/dsr_description2/share/dsr_description2/meshes/e0509_collision/E0509_0_0.dae
[0.991s] -- Up-to-date symlink: /home/minsuje/ros2_ws/install/dsr_description2/share/dsr_description2/meshes/e0509_collision/E0509_1_1.dae
[0.991s] -- Up-to-date symlink: /home/minsuje/ros2_ws/install/dsr_description2/share/dsr_description2/meshes/e0509_collision/E0509_1_2.dae
[0.992s] -- Up-to-date symlink: /home/minsuje/ros2_ws/install/dsr_description2/share/dsr_description2/meshes/e0509_collision/E0509_1_3.dae
[0.992s] -- Up-to-date symlink: /home/minsuje/ros2_ws/install/dsr_description2/share/dsr_description2/meshes/e0509_collision/E0509_1_4.dae
[0.992s] -- Up-to-date symlink: /home/minsuje/ros2_ws/install/dsr_description2/share/dsr_description2/meshes/e0509_collision/E0509_2_1.dae
[0.992s] -- Up-to-date symlink: /home/minsuje/ros2_ws/install/dsr_description2/share/dsr_description2/meshes/e0509_collision/E0509_2_2.dae
[0.992s] -- Up-to-date symlink: /home/minsuje/ros2_ws/install/dsr_description2/share/dsr_description2/meshes/e0509_collision/E0509_3_1.dae
[0.993s] -- Up-to-date symlink: /home/minsuje/ros2_ws/install/dsr_description2/share/dsr_description2/meshes/e0509_collision/E0509_3_2.dae
[0.993s] -- Up-to-date symlink: /home/minsuje/ros2_ws/install/dsr_description2/share/dsr_description2/meshes/e0509_collision/E0509_4_1.dae
[0.993s] -- Up-to-date symlink: /home/minsuje/ros2_ws/install/dsr_description2/share/dsr_description2/meshes/e0509_collision/E0509_4_2.dae
[0.993s] -- Up-to-date symlink: /home/minsuje/ros2_ws/install/dsr_description2/share/dsr_description2/meshes/e0509_collision/E0509_5_1.dae
[0.993s] -- Up-to-date symlink: /home/minsuje/ros2_ws/install/dsr_description2/share/dsr_description2/meshes/e0509_collision/E0509_5_2.dae
[0.993s] -- Up-to-date symlink: /home/minsuje/ros2_ws/install/dsr_description2/share/dsr_description2/meshes/e0509_collision/E0509_6_1.dae
[0.993s] -- Up-to-date symlink: /home/minsuje/ros2_ws/install/dsr_description2/share/dsr_description2/meshes/e0509_white/E0509_0_0.dae
[0.993s] -- Up-to-date symlink: /home/minsuje/ros2_ws/install/dsr_description2/share/dsr_description2/meshes/e0509_white/E0509_1_1.dae
[0.993s] -- Up-to-date symlink: /home/minsuje/ros2_ws/install/dsr_description2/share/dsr_description2/meshes/e0509_white/E0509_1_2.dae
[0.993s] -- Up-to-date symlink: /home/minsuje/ros2_ws/install/dsr_description2/share/dsr_description2/meshes/e0509_white/E0509_1_3.dae
[0.993s] -- Up-to-date symlink: /home/minsuje/ros2_ws/install/dsr_description2/share/dsr_description2/meshes/e0509_white/E0509_1_4.dae
[0.994s] -- Up-to-date symlink: /home/minsuje/ros2_ws/install/dsr_description2/share/dsr_description2/meshes/e0509_white/E0509_2_1.dae
[0.994s] -- Up-to-date symlink: /home/minsuje/ros2_ws/install/dsr_description2/share/dsr_description2/meshes/e0509_white/E0509_2_2.dae
[0.994s] -- Up-to-date symlink: /home/minsuje/ros2_ws/install/dsr_description2/share/dsr_description2/meshes/e0509_white/E0509_3_1.dae
[0.994s] -- Up-to-date symlink: /home/minsuje/ros2_ws/install/dsr_description2/share/dsr_description2/meshes/e0509_white/E0509_3_2.dae
[0.994s] -- Up-to-date symlink: /home/minsuje/ros2_ws/install/dsr_description2/share/dsr_description2/meshes/e0509_white/E0509_4_1.dae
[0.994s] -- Up-to-date symlink: /home/minsuje/ros2_ws/install/dsr_description2/share/dsr_description2/meshes/e0509_white/E0509_4_2.dae
[0.994s] -- Up-to-date symlink: /home/minsuje/ros2_ws/install/dsr_description2/share/dsr_description2/meshes/e0509_white/E0509_5_1.dae
[0.994s] -- Up-to-date symlink: /home/minsuje/ros2_ws/install/dsr_description2/share/dsr_description2/meshes/e0509_white/E0509_5_2.dae
[0.994s] -- Up-to-date symlink: /home/minsuje/ros2_ws/install/dsr_description2/share/dsr_description2/meshes/e0509_white/E0509_6_1.dae
[0.995s] -- Up-to-date symlink: /home/minsuje/ros2_ws/install/dsr_description2/share/dsr_description2/meshes/gripper/robotiq/85_2f/collision/robotiq_85_base_link.stl
[0.995s] -- Up-to-date symlink: /home/minsuje/ros2_ws/install/dsr_description2/share/dsr_description2/meshes/gripper/robotiq/85_2f/collision/robotiq_85_finger_link.stl
[0.995s] -- Up-to-date symlink: /home/minsuje/ros2_ws/install/dsr_description2/share/dsr_description2/meshes/gripper/robotiq/85_2f/collision/robotiq_85_finger_tip_link.stl
[0.995s] -- Up-to-date symlink: /home/minsuje/ros2_ws/install/dsr_description2/share/dsr_description2/meshes/gripper/robotiq/85_2f/collision/robotiq_85_inner_knuckle_link.stl
[0.996s] -- Up-to-date symlink: /home/minsuje/ros2_ws/install/dsr_description2/share/dsr_description2/meshes/gripper/robotiq/85_2f/collision/robotiq_85_knuckle_link.stl
[0.996s] -- Up-to-date symlink: /home/minsuje/ros2_ws/install/dsr_description2/share/dsr_description2/meshes/gripper/robotiq/85_2f/robotiq_85_coupler.stl
[0.996s] -- Up-to-date symlink: /home/minsuje/ros2_ws/install/dsr_description2/share/dsr_description2/meshes/gripper/robotiq/85_2f/visual/robotiq_85_base_link.dae
[0.996s] -- Up-to-date symlink: /home/minsuje/ros2_ws/install/dsr_description2/share/dsr_description2/meshes/gripper/robotiq/85_2f/visual/robotiq_85_finger_link.dae
[0.996s] -- Up-to-date symlink: /home/minsuje/ros2_ws/install/dsr_description2/share/dsr_description2/meshes/gripper/robotiq/85_2f/visual/robotiq_85_finger_tip_link.dae
[0.996s] -- Up-to-date symlink: /home/minsuje/ros2_ws/install/dsr_description2/share/dsr_description2/meshes/gripper/robotiq/85_2f/visual/robotiq_85_inner_knuckle_link.dae
[0.996s] -- Up-to-date symlink: /home/minsuje/ros2_ws/install/dsr_description2/share/dsr_description2/meshes/gripper/robotiq/85_2f/visual/robotiq_85_knuckle_link.dae
[0.996s] -- Up-to-date symlink: /home/minsuje/ros2_ws/install/dsr_description2/share/dsr_description2/meshes/h2017_blue/H2017_0_0.dae
[0.997s] -- Up-to-date symlink: /home/minsuje/ros2_ws/install/dsr_description2/share/dsr_description2/meshes/h2017_blue/H2017_1_0.dae
[0.997s] -- Up-to-date symlink: /home/minsuje/ros2_ws/install/dsr_description2/share/dsr_description2/meshes/h2017_blue/H2017_2_0.dae
[0.997s] -- Up-to-date symlink: /home/minsuje/ros2_ws/install/dsr_description2/share/dsr_description2/meshes/h2017_blue/H2017_2_1.dae
[0.997s] -- Up-to-date symlink: /home/minsuje/ros2_ws/install/dsr_description2/share/dsr_description2/meshes/h2017_blue/H2017_2_2.dae
[0.997s] -- Up-to-date symlink: /home/minsuje/ros2_ws/install/dsr_description2/share/dsr_description2/meshes/h2017_blue/H2017_3_0.dae
[0.997s] -- Up-to-date symlink: /home/minsuje/ros2_ws/install/dsr_description2/share/dsr_description2/meshes/h2017_blue/H2017_4_0.dae
[0.998s] -- Up-to-date symlink: /home/minsuje/ros2_ws/install/dsr_description2/share/dsr_description2/meshes/h2017_blue/H2017_4_1.dae
[0.998s] -- Up-to-date symlink: /home/minsuje/ros2_ws/install/dsr_description2/share/dsr_description2/meshes/h2017_blue/H2017_5_0.dae
[0.998s] -- Up-to-date symlink: /home/minsuje/ros2_ws/install/dsr_description2/share/dsr_description2/meshes/h2017_blue/H2017_6_0.dae
[0.998s] -- Up-to-date symlink: /home/minsuje/ros2_ws/install/dsr_description2/share/dsr_description2/meshes/h2017_collision/H2017_0_0.dae
[0.998s] -- Up-to-date symlink: /home/minsuje/ros2_ws/install/dsr_description2/share/dsr_description2/meshes/h2017_collision/H2017_1_0.dae
[0.998s] -- Up-to-date symlink: /home/minsuje/ros2_ws/install/dsr_description2/share/dsr_description2/meshes/h2017_collision/H2017_2_0.dae
[0.998s] -- Up-to-date symlink: /home/minsuje/ros2_ws/install/dsr_description2/share/dsr_description2/meshes/h2017_collision/H2017_2_1.dae
[1.005s] -- Up-to-date symlink: /home/minsuje/ros2_ws/install/dsr_description2/share/dsr_description2/meshes/h2017_collision/H2017_2_2.dae
[1.005s] -- Up-to-date symlink: /home/minsuje/ros2_ws/install/dsr_description2/share/dsr_description2/meshes/h2017_collision/H2017_3_0.dae
[1.005s] -- Up-to-date symlink: /home/minsuje/ros2_ws/install/dsr_description2/share/dsr_description2/meshes/h2017_collision/H2017_4_0.dae
[1.005s] -- Up-to-date symlink: /home/minsuje/ros2_ws/install/dsr_description2/share/dsr_description2/meshes/h2017_collision/H2017_4_1.dae
[1.005s] -- Up-to-date symlink: /home/minsuje/ros2_ws/install/dsr_description2/share/dsr_description2/meshes/h2017_collision/H2017_5_0.dae
[1.005s] -- Up-to-date symlink: /home/minsuje/ros2_ws/install/dsr_description2/share/dsr_description2/meshes/h2017_collision/H2017_6_0.dae
[1.006s] -- Up-to-date symlink: /home/minsuje/ros2_ws/install/dsr_description2/share/dsr_description2/meshes/h2017_white/H2017_0_0.dae
[1.006s] -- Up-to-date symlink: /home/minsuje/ros2_ws/install/dsr_description2/share/dsr_description2/meshes/h2017_white/H2017_1_0.dae
[1.006s] -- Up-to-date symlink: /home/minsuje/ros2_ws/install/dsr_description2/share/dsr_description2/meshes/h2017_white/H2017_2_0.dae
[1.006s] -- Up-to-date symlink: /home/minsuje/ros2_ws/install/dsr_description2/share/dsr_description2/meshes/h2017_white/H2017_2_1.dae
[1.006s] -- Up-to-date symlink: /home/minsuje/ros2_ws/install/dsr_description2/share/dsr_description2/meshes/h2017_white/H2017_2_2.dae
[1.006s] -- Up-to-date symlink: /home/minsuje/ros2_ws/install/dsr_description2/share/dsr_description2/meshes/h2017_white/H2017_3_0.dae
[1.006s] -- Up-to-date symlink: /home/minsuje/ros2_ws/install/dsr_description2/share/dsr_description2/meshes/h2017_white/H2017_4_0.dae
[1.006s] -- Up-to-date symlink: /home/minsuje/ros2_ws/install/dsr_description2/share/dsr_description2/meshes/h2017_white/H2017_4_1.dae
[1.006s] -- Up-to-date symlink: /home/minsuje/ros2_ws/install/dsr_description2/share/dsr_description2/meshes/h2017_white/H2017_5_0.dae
[1.006s] -- Up-to-date symlink: /home/minsuje/ros2_ws/install/dsr_description2/share/dsr_description2/meshes/h2017_white/H2017_6_0.dae
[1.006s] -- Up-to-date symlink: /home/minsuje/ros2_ws/install/dsr_description2/share/dsr_description2/meshes/h2515_blue/H2515_0_0.dae
[1.006s] -- Up-to-date symlink: /home/minsuje/ros2_ws/install/dsr_description2/share/dsr_description2/meshes/h2515_blue/H2515_1_0.dae
[1.010s] -- Up-to-date symlink: /home/minsuje/ros2_ws/install/dsr_description2/share/dsr_description2/meshes/h2515_blue/H2515_2_0.dae
[1.010s] -- Up-to-date symlink: /home/minsuje/ros2_ws/install/dsr_description2/share/dsr_description2/meshes/h2515_blue/H2515_2_1.dae
[1.010s] -- Up-to-date symlink: /home/minsuje/ros2_ws/install/dsr_description2/share/dsr_description2/meshes/h2515_blue/H2515_2_2.dae
[1.010s] -- Up-to-date symlink: /home/minsuje/ros2_ws/install/dsr_description2/share/dsr_description2/meshes/h2515_blue/H2515_3_0.dae
[1.010s] -- Up-to-date symlink: /home/minsuje/ros2_ws/install/dsr_description2/share/dsr_description2/meshes/h2515_blue/H2515_4_0.dae
[1.010s] -- Up-to-date symlink: /home/minsuje/ros2_ws/install/dsr_description2/share/dsr_description2/meshes/h2515_blue/H2515_4_1.dae
[1.011s] -- Up-to-date symlink: /home/minsuje/ros2_ws/install/dsr_description2/share/dsr_description2/meshes/h2515_blue/H2515_5_0.dae
[1.011s] -- Up-to-date symlink: /home/minsuje/ros2_ws/install/dsr_description2/share/dsr_description2/meshes/h2515_blue/H2515_6_0.dae
[1.011s] -- Up-to-date symlink: /home/minsuje/ros2_ws/install/dsr_description2/share/dsr_description2/meshes/h2515_collision/H2515_0_0.dae
[1.011s] -- Up-to-date symlink: /home/minsuje/ros2_ws/install/dsr_description2/share/dsr_description2/meshes/h2515_collision/H2515_1_0.dae
[1.011s] -- Up-to-date symlink: /home/minsuje/ros2_ws/install/dsr_description2/share/dsr_description2/meshes/h2515_collision/H2515_2_0.dae
[1.011s] -- Up-to-date symlink: /home/minsuje/ros2_ws/install/dsr_description2/share/dsr_description2/meshes/h2515_collision/H2515_2_1.dae
[1.011s] -- Up-to-date symlink: /home/minsuje/ros2_ws/install/dsr_description2/share/dsr_description2/meshes/h2515_collision/H2515_2_2.dae
[1.011s] -- Up-to-date symlink: /home/minsuje/ros2_ws/install/dsr_description2/share/dsr_description2/meshes/h2515_collision/H2515_3_0.dae
[1.011s] -- Up-to-date symlink: /home/minsuje/ros2_ws/install/dsr_description2/share/dsr_description2/meshes/h2515_collision/H2515_4_0.dae
[1.011s] -- Up-to-date symlink: /home/minsuje/ros2_ws/install/dsr_description2/share/dsr_description2/meshes/h2515_collision/H2515_4_1.dae
[1.011s] -- Up-to-date symlink: /home/minsuje/ros2_ws/install/dsr_description2/share/dsr_description2/meshes/h2515_collision/H2515_5_0.dae
[1.011s] -- Up-to-date symlink: /home/minsuje/ros2_ws/install/dsr_description2/share/dsr_description2/meshes/h2515_collision/H2515_6_0.dae
[1.011s] -- Up-to-date symlink: /home/minsuje/ros2_ws/install/dsr_description2/share/dsr_description2/meshes/h2515_white/H2515_0_0.dae
[1.011s] -- Up-to-date symlink: /home/minsuje/ros2_ws/install/dsr_description2/share/dsr_description2/meshes/h2515_white/H2515_1_0.dae
[1.011s] -- Up-to-date symlink: /home/minsuje/ros2_ws/install/dsr_description2/share/dsr_description2/meshes/h2515_white/H2515_2_0.dae
[1.012s] -- Up-to-date symlink: /home/minsuje/ros2_ws/install/dsr_description2/share/dsr_description2/meshes/h2515_white/H2515_2_1.dae
[1.012s] -- Up-to-date symlink: /home/minsuje/ros2_ws/install/dsr_description2/share/dsr_description2/meshes/h2515_white/H2515_2_2.dae
[1.012s] -- Up-to-date symlink: /home/minsuje/ros2_ws/install/dsr_description2/share/dsr_description2/meshes/h2515_white/H2515_3_0.dae
[1.015s] -- Up-to-date symlink: /home/minsuje/ros2_ws/install/dsr_description2/share/dsr_description2/meshes/h2515_white/H2515_4_0.dae
[1.015s] -- Up-to-date symlink: /home/minsuje/ros2_ws/install/dsr_description2/share/dsr_description2/meshes/h2515_white/H2515_4_1.dae
[1.018s] -- Up-to-date symlink: /home/minsuje/ros2_ws/install/dsr_description2/share/dsr_description2/meshes/h2515_white/H2515_5_0.dae
[1.018s] -- Up-to-date symlink: /home/minsuje/ros2_ws/install/dsr_description2/share/dsr_description2/meshes/h2515_white/H2515_6_0.dae
[1.020s] -- Up-to-date symlink: /home/minsuje/ros2_ws/install/dsr_description2/share/dsr_description2/meshes/m0609_blue/MF0609_0_0.dae
[1.020s] -- Up-to-date symlink: /home/minsuje/ros2_ws/install/dsr_description2/share/dsr_description2/meshes/m0609_blue/MF0609_1_0.dae
[1.020s] -- Up-to-date symlink: /home/minsuje/ros2_ws/install/dsr_description2/share/dsr_description2/meshes/m0609_blue/MF0609_2_0.dae
[1.020s] -- Up-to-date symlink: /home/minsuje/ros2_ws/install/dsr_description2/share/dsr_description2/meshes/m0609_blue/MF0609_2_1.dae
[1.020s] -- Up-to-date symlink: /home/minsuje/ros2_ws/install/dsr_description2/share/dsr_description2/meshes/m0609_blue/MF0609_2_2.dae
[1.020s] -- Up-to-date symlink: /home/minsuje/ros2_ws/install/dsr_description2/share/dsr_description2/meshes/m0609_blue/MF0609_3_0.dae
[1.020s] -- Up-to-date symlink: /home/minsuje/ros2_ws/install/dsr_description2/share/dsr_description2/meshes/m0609_blue/MF0609_4_0.dae
[1.020s] -- Up-to-date symlink: /home/minsuje/ros2_ws/install/dsr_description2/share/dsr_description2/meshes/m0609_blue/MF0609_4_1.dae
[1.021s] -- Up-to-date symlink: /home/minsuje/ros2_ws/install/dsr_description2/share/dsr_description2/meshes/m0609_blue/MF0609_5_0.dae
[1.021s] -- Up-to-date symlink: /home/minsuje/ros2_ws/install/dsr_description2/share/dsr_description2/meshes/m0609_blue/MF0609_6_0.dae
[1.021s] -- Up-to-date symlink: /home/minsuje/ros2_ws/install/dsr_description2/share/dsr_description2/meshes/m0609_collision/MF0609_0_0.dae
[1.021s] -- Up-to-date symlink: /home/minsuje/ros2_ws/install/dsr_description2/share/dsr_description2/meshes/m0609_collision/MF0609_1_0.dae
[1.021s] -- Up-to-date symlink: /home/minsuje/ros2_ws/install/dsr_description2/share/dsr_description2/meshes/m0609_collision/MF0609_2_0.dae
[1.021s] -- Up-to-date symlink: /home/minsuje/ros2_ws/install/dsr_description2/share/dsr_description2/meshes/m0609_collision/MF0609_2_1.dae
[1.031s] -- Up-to-date symlink: /home/minsuje/ros2_ws/install/dsr_description2/share/dsr_description2/meshes/m0609_collision/MF0609_2_2.dae
[1.032s] -- Up-to-date symlink: /home/minsuje/ros2_ws/install/dsr_description2/share/dsr_description2/meshes/m0609_collision/MF0609_3_0.dae
[1.032s] -- Up-to-date symlink: /home/minsuje/ros2_ws/install/dsr_description2/share/dsr_description2/meshes/m0609_collision/MF0609_4_0.dae
[1.032s] -- Up-to-date symlink: /home/minsuje/ros2_ws/install/dsr_description2/share/dsr_description2/meshes/m0609_collision/MF0609_4_1.dae
[1.032s] -- Up-to-date symlink: /home/minsuje/ros2_ws/install/dsr_description2/share/dsr_description2/meshes/m0609_collision/MF0609_5_0.dae
[1.032s] -- Up-to-date symlink: /home/minsuje/ros2_ws/install/dsr_description2/share/dsr_description2/meshes/m0609_collision/MF0609_6_0.dae
[1.032s] -- Up-to-date symlink: /home/minsuje/ros2_ws/install/dsr_description2/share/dsr_description2/meshes/m0609_white/MF0609_0_0.dae
[1.032s] -- Up-to-date symlink: /home/minsuje/ros2_ws/install/dsr_description2/share/dsr_description2/meshes/m0609_white/MF0609_1_0.dae
[1.032s] -- Up-to-date symlink: /home/minsuje/ros2_ws/install/dsr_description2/share/dsr_description2/meshes/m0609_white/MF0609_2_0.dae
[1.032s] -- Up-to-date symlink: /home/minsuje/ros2_ws/install/dsr_description2/share/dsr_description2/meshes/m0609_white/MF0609_2_1.dae
[1.032s] -- Up-to-date symlink: /home/minsuje/ros2_ws/install/dsr_description2/share/dsr_description2/meshes/m0609_white/MF0609_2_2.dae
[1.032s] -- Up-to-date symlink: /home/minsuje/ros2_ws/install/dsr_description2/share/dsr_description2/meshes/m0609_white/MF0609_3_0.dae
[1.033s] -- Up-to-date symlink: /home/minsuje/ros2_ws/install/dsr_description2/share/dsr_description2/meshes/m0609_white/MF0609_4_0.dae
[1.033s] -- Up-to-date symlink: /home/minsuje/ros2_ws/install/dsr_description2/share/dsr_description2/meshes/m0609_white/MF0609_4_1.dae
[1.033s] -- Up-to-date symlink: /home/minsuje/ros2_ws/install/dsr_description2/share/dsr_description2/meshes/m0609_white/MF0609_5_0.dae
[1.033s] -- Up-to-date symlink: /home/minsuje/ros2_ws/install/dsr_description2/share/dsr_description2/meshes/m0609_white/MF0609_6_0.dae
[1.033s] -- Up-to-date symlink: /home/minsuje/ros2_ws/install/dsr_description2/share/dsr_description2/meshes/m0617_blue/MF0617_0_0.dae
[1.033s] -- Up-to-date symlink: /home/minsuje/ros2_ws/install/dsr_description2/share/dsr_description2/meshes/m0617_blue/MF0617_1_0.dae
[1.033s] -- Up-to-date symlink: /home/minsuje/ros2_ws/install/dsr_description2/share/dsr_description2/meshes/m0617_blue/MF0617_2_0.dae
[1.033s] -- Up-to-date symlink: /home/minsuje/ros2_ws/install/dsr_description2/share/dsr_description2/meshes/m0617_blue/MF0617_2_1.dae
[1.033s] -- Up-to-date symlink: /home/minsuje/ros2_ws/install/dsr_description2/share/dsr_description2/meshes/m0617_blue/MF0617_2_2.dae
[1.033s] -- Up-to-date symlink: /home/minsuje/ros2_ws/install/dsr_description2/share/dsr_description2/meshes/m0617_blue/MF0617_3_0.dae
[1.033s] -- Up-to-date symlink: /home/minsuje/ros2_ws/install/dsr_description2/share/dsr_description2/meshes/m0617_blue/MF0617_4_0.dae
[1.033s] -- Up-to-date symlink: /home/minsuje/ros2_ws/install/dsr_description2/share/dsr_description2/meshes/m0617_blue/MF0617_4_1.dae
[1.044s] -- Up-to-date symlink: /home/minsuje/ros2_ws/install/dsr_description2/share/dsr_description2/meshes/m0617_blue/MF0617_5_0.dae
[1.045s] -- Up-to-date symlink: /home/minsuje/ros2_ws/install/dsr_description2/share/dsr_description2/meshes/m0617_blue/MF0617_6_0.dae
[1.045s] -- Up-to-date symlink: /home/minsuje/ros2_ws/install/dsr_description2/share/dsr_description2/meshes/m0617_collision/MF0617_0_0.dae
[1.045s] -- Up-to-date symlink: /home/minsuje/ros2_ws/install/dsr_description2/share/dsr_description2/meshes/m0617_collision/MF0617_1_0.dae
[1.045s] -- Up-to-date symlink: /home/minsuje/ros2_ws/install/dsr_description2/share/dsr_description2/meshes/m0617_collision/MF0617_2_0.dae
[1.045s] -- Up-to-date symlink: /home/minsuje/ros2_ws/install/dsr_description2/share/dsr_description2/meshes/m0617_collision/MF0617_2_1.dae
[1.045s] -- Up-to-date symlink: /home/minsuje/ros2_ws/install/dsr_description2/share/dsr_description2/meshes/m0617_collision/MF0617_2_2.dae
[1.045s] -- Up-to-date symlink: /home/minsuje/ros2_ws/install/dsr_description2/share/dsr_description2/meshes/m0617_collision/MF0617_3_0.dae
[1.045s] -- Up-to-date symlink: /home/minsuje/ros2_ws/install/dsr_description2/share/dsr_description2/meshes/m0617_collision/MF0617_4_0.dae
[1.045s] -- Up-to-date symlink: /home/minsuje/ros2_ws/install/dsr_description2/share/dsr_description2/meshes/m0617_collision/MF0617_4_1.dae
[1.045s] -- Up-to-date symlink: /home/minsuje/ros2_ws/install/dsr_description2/share/dsr_description2/meshes/m0617_collision/MF0617_5_0.dae
[1.045s] -- Up-to-date symlink: /home/minsuje/ros2_ws/install/dsr_description2/share/dsr_description2/meshes/m0617_collision/MF0617_6_0.dae
[1.045s] -- Up-to-date symlink: /home/minsuje/ros2_ws/install/dsr_description2/share/dsr_description2/meshes/m0617_white/MF0617_0_0.dae
[1.045s] -- Up-to-date symlink: /home/minsuje/ros2_ws/install/dsr_description2/share/dsr_description2/meshes/m0617_white/MF0617_1_0.dae
[1.046s] -- Up-to-date symlink: /home/minsuje/ros2_ws/install/dsr_description2/share/dsr_description2/meshes/m0617_white/MF0617_2_0.dae
[1.046s] -- Up-to-date symlink: /home/minsuje/ros2_ws/install/dsr_description2/share/dsr_description2/meshes/m0617_white/MF0617_2_1.dae
[1.046s] -- Up-to-date symlink: /home/minsuje/ros2_ws/install/dsr_description2/share/dsr_description2/meshes/m0617_white/MF0617_2_2.dae
[1.046s] -- Up-to-date symlink: /home/minsuje/ros2_ws/install/dsr_description2/share/dsr_description2/meshes/m0617_white/MF0617_3_0.dae
[1.046s] -- Up-to-date symlink: /home/minsuje/ros2_ws/install/dsr_description2/share/dsr_description2/meshes/m0617_white/MF0617_4_0.dae
[1.046s] -- Up-to-date symlink: /home/minsuje/ros2_ws/install/dsr_description2/share/dsr_description2/meshes/m0617_white/MF0617_4_1.dae
[1.046s] -- Up-to-date symlink: /home/minsuje/ros2_ws/install/dsr_description2/share/dsr_description2/meshes/m0617_white/MF0617_5_0.dae
[1.046s] -- Up-to-date symlink: /home/minsuje/ros2_ws/install/dsr_description2/share/dsr_description2/meshes/m0617_white/MF0617_6_0.dae
[1.046s] -- Up-to-date symlink: /home/minsuje/ros2_ws/install/dsr_description2/share/dsr_description2/meshes/m1013_blue/MF1013_0_0.dae
[1.047s] -- Up-to-date symlink: /home/minsuje/ros2_ws/install/dsr_description2/share/dsr_description2/meshes/m1013_blue/MF1013_1_0.dae
[1.047s] -- Up-to-date symlink: /home/minsuje/ros2_ws/install/dsr_description2/share/dsr_description2/meshes/m1013_blue/MF1013_2_0.dae
[1.047s] -- Up-to-date symlink: /home/minsuje/ros2_ws/install/dsr_description2/share/dsr_description2/meshes/m1013_blue/MF1013_2_1.dae
[1.047s] -- Up-to-date symlink: /home/minsuje/ros2_ws/install/dsr_description2/share/dsr_description2/meshes/m1013_blue/MF1013_2_2.dae
[1.047s] -- Up-to-date symlink: /home/minsuje/ros2_ws/install/dsr_description2/share/dsr_description2/meshes/m1013_blue/MF1013_3_0.dae
[1.047s] -- Up-to-date symlink: /home/minsuje/ros2_ws/install/dsr_description2/share/dsr_description2/meshes/m1013_blue/MF1013_4_0.dae
[1.047s] -- Up-to-date symlink: /home/minsuje/ros2_ws/install/dsr_description2/share/dsr_description2/meshes/m1013_blue/MF1013_4_1.dae
[1.047s] -- Up-to-date symlink: /home/minsuje/ros2_ws/install/dsr_description2/share/dsr_description2/meshes/m1013_blue/MF1013_5_0.dae
[1.047s] -- Up-to-date symlink: /home/minsuje/ros2_ws/install/dsr_description2/share/dsr_description2/meshes/m1013_blue/MF1013_6_0.dae
[1.047s] -- Up-to-date symlink: /home/minsuje/ros2_ws/install/dsr_description2/share/dsr_description2/meshes/m1013_collision/MF1013_0_0.dae
[1.048s] -- Up-to-date symlink: /home/minsuje/ros2_ws/install/dsr_description2/share/dsr_description2/meshes/m1013_collision/MF1013_1_0.dae
[1.048s] -- Up-to-date symlink: /home/minsuje/ros2_ws/install/dsr_description2/share/dsr_description2/meshes/m1013_collision/MF1013_2_0.dae
[1.048s] -- Up-to-date symlink: /home/minsuje/ros2_ws/install/dsr_description2/share/dsr_description2/meshes/m1013_collision/MF1013_2_1.dae
[1.048s] -- Up-to-date symlink: /home/minsuje/ros2_ws/install/dsr_description2/share/dsr_description2/meshes/m1013_collision/MF1013_2_2.dae
[1.049s] -- Up-to-date symlink: /home/minsuje/ros2_ws/install/dsr_description2/share/dsr_description2/meshes/m1013_collision/MF1013_3_0.dae
[1.049s] -- Up-to-date symlink: /home/minsuje/ros2_ws/install/dsr_description2/share/dsr_description2/meshes/m1013_collision/MF1013_4_0.dae
[1.049s] -- Up-to-date symlink: /home/minsuje/ros2_ws/install/dsr_description2/share/dsr_description2/meshes/m1013_collision/MF1013_4_1.dae
[1.049s] -- Up-to-date symlink: /home/minsuje/ros2_ws/install/dsr_description2/share/dsr_description2/meshes/m1013_collision/MF1013_5_0.dae
[1.049s] -- Up-to-date symlink: /home/minsuje/ros2_ws/install/dsr_description2/share/dsr_description2/meshes/m1013_collision/MF1013_6_0.dae
[1.049s] -- Up-to-date symlink: /home/minsuje/ros2_ws/install/dsr_description2/share/dsr_description2/meshes/m1013_white/MF1013_0_0.dae
[1.049s] -- Up-to-date symlink: /home/minsuje/ros2_ws/install/dsr_description2/share/dsr_description2/meshes/m1013_white/MF1013_1_0.dae
[1.049s] -- Up-to-date symlink: /home/minsuje/ros2_ws/install/dsr_description2/share/dsr_description2/meshes/m1013_white/MF1013_2_0.dae
[1.049s] -- Up-to-date symlink: /home/minsuje/ros2_ws/install/dsr_description2/share/dsr_description2/meshes/m1013_white/MF1013_2_1.dae
[1.049s] -- Up-to-date symlink: /home/minsuje/ros2_ws/install/dsr_description2/share/dsr_description2/meshes/m1013_white/MF1013_2_2.dae
[1.049s] -- Up-to-date symlink: /home/minsuje/ros2_ws/install/dsr_description2/share/dsr_description2/meshes/m1013_white/MF1013_3_0.dae
[1.049s] -- Up-to-date symlink: /home/minsuje/ros2_ws/install/dsr_description2/share/dsr_description2/meshes/m1013_white/MF1013_4_0.dae
[1.049s] -- Up-to-date symlink: /home/minsuje/ros2_ws/install/dsr_description2/share/dsr_description2/meshes/m1013_white/MF1013_4_1.dae
[1.049s] -- Up-to-date symlink: /home/minsuje/ros2_ws/install/dsr_description2/share/dsr_description2/meshes/m1013_white/MF1013_5_0.dae
[1.049s] -- Up-to-date symlink: /home/minsuje/ros2_ws/install/dsr_description2/share/dsr_description2/meshes/m1013_white/MF1013_6_0.dae
[1.050s] -- Up-to-date symlink: /home/minsuje/ros2_ws/install/dsr_description2/share/dsr_description2/meshes/m1509_blue/MF1509_0_0.dae
[1.050s] -- Up-to-date symlink: /home/minsuje/ros2_ws/install/dsr_description2/share/dsr_description2/meshes/m1509_blue/MF1509_1_0.dae
[1.050s] -- Up-to-date symlink: /home/minsuje/ros2_ws/install/dsr_description2/share/dsr_description2/meshes/m1509_blue/MF1509_2_0.dae
[1.050s] -- Up-to-date symlink: /home/minsuje/ros2_ws/install/dsr_description2/share/dsr_description2/meshes/m1509_blue/MF1509_2_1.dae
[1.050s] -- Up-to-date symlink: /home/minsuje/ros2_ws/install/dsr_description2/share/dsr_description2/meshes/m1509_blue/MF1509_2_2.dae
[1.050s] -- Up-to-date symlink: /home/minsuje/ros2_ws/install/dsr_description2/share/dsr_description2/meshes/m1509_blue/MF1509_3_0.dae
[1.051s] -- Up-to-date symlink: /home/minsuje/ros2_ws/install/dsr_description2/share/dsr_description2/meshes/m1509_blue/MF1509_4_0.dae
[1.051s] -- Up-to-date symlink: /home/minsuje/ros2_ws/install/dsr_description2/share/dsr_description2/meshes/m1509_blue/MF1509_4_1.dae
[1.051s] -- Up-to-date symlink: /home/minsuje/ros2_ws/install/dsr_description2/share/dsr_description2/meshes/m1509_blue/MF1509_5_0.dae
[1.051s] -- Up-to-date symlink: /home/minsuje/ros2_ws/install/dsr_description2/share/dsr_description2/meshes/m1509_blue/MF1509_6_0.dae
[1.051s] -- Up-to-date symlink: /home/minsuje/ros2_ws/install/dsr_description2/share/dsr_description2/meshes/m1509_collision/MF1509_0_0.dae
[1.051s] -- Up-to-date symlink: /home/minsuje/ros2_ws/install/dsr_description2/share/dsr_description2/meshes/m1509_collision/MF1509_1_0.dae
[1.051s] -- Up-to-date symlink: /home/minsuje/ros2_ws/install/dsr_description2/share/dsr_description2/meshes/m1509_collision/MF1509_2_0.dae
[1.051s] -- Up-to-date symlink: /home/minsuje/ros2_ws/install/dsr_description2/share/dsr_description2/meshes/m1509_collision/MF1509_2_1.dae
[1.051s] -- Up-to-date symlink: /home/minsuje/ros2_ws/install/dsr_description2/share/dsr_description2/meshes/m1509_collision/MF1509_2_2.dae
[1.051s] -- Up-to-date symlink: /home/minsuje/ros2_ws/install/dsr_description2/share/dsr_description2/meshes/m1509_collision/MF1509_3_0.dae
[1.051s] -- Up-to-date symlink: /home/minsuje/ros2_ws/install/dsr_description2/share/dsr_description2/meshes/m1509_collision/MF1509_4_0.dae
[1.051s] -- Up-to-date symlink: /home/minsuje/ros2_ws/install/dsr_description2/share/dsr_description2/meshes/m1509_collision/MF1509_4_1.dae
[1.051s] -- Up-to-date symlink: /home/minsuje/ros2_ws/install/dsr_description2/share/dsr_description2/meshes/m1509_collision/MF1509_5_0.dae
[1.051s] -- Up-to-date symlink: /home/minsuje/ros2_ws/install/dsr_description2/share/dsr_description2/meshes/m1509_collision/MF1509_6_0.dae
[1.051s] -- Up-to-date symlink: /home/minsuje/ros2_ws/install/dsr_description2/share/dsr_description2/meshes/m1509_white/MF1509_0_0.dae
[1.051s] -- Up-to-date symlink: /home/minsuje/ros2_ws/install/dsr_description2/share/dsr_description2/meshes/m1509_white/MF1509_1_0.dae
[1.052s] -- Up-to-date symlink: /home/minsuje/ros2_ws/install/dsr_description2/share/dsr_description2/meshes/m1509_white/MF1509_2_0.dae
[1.052s] -- Up-to-date symlink: /home/minsuje/ros2_ws/install/dsr_description2/share/dsr_description2/meshes/m1509_white/MF1509_2_1.dae
[1.052s] -- Up-to-date symlink: /home/minsuje/ros2_ws/install/dsr_description2/share/dsr_description2/meshes/m1509_white/MF1509_2_2.dae
[1.052s] -- Up-to-date symlink: /home/minsuje/ros2_ws/install/dsr_description2/share/dsr_description2/meshes/m1509_white/MF1509_3_0.dae
[1.052s] -- Up-to-date symlink: /home/minsuje/ros2_ws/install/dsr_description2/share/dsr_description2/meshes/m1509_white/MF1509_4_0.dae
[1.052s] -- Up-to-date symlink: /home/minsuje/ros2_ws/install/dsr_description2/share/dsr_description2/meshes/m1509_white/MF1509_4_1.dae
[1.052s] -- Up-to-date symlink: /home/minsuje/ros2_ws/install/dsr_description2/share/dsr_description2/meshes/m1509_white/MF1509_5_0.dae
[1.052s] -- Up-to-date symlink: /home/minsuje/ros2_ws/install/dsr_description2/share/dsr_description2/meshes/m1509_white/MF1509_6_0.dae
[1.052s] -- Up-to-date symlink: /home/minsuje/ros2_ws/install/dsr_description2/share/dsr_description2/meshes/mobile/base_link.dae
[1.052s] -- Up-to-date symlink: /home/minsuje/ros2_ws/install/dsr_description2/share/dsr_description2/meshes/mobile/base_link.stl
[1.052s] -- Up-to-date symlink: /home/minsuje/ros2_ws/install/dsr_description2/share/dsr_description2/meshes/mobile/bumper.dae
[1.052s] -- Up-to-date symlink: /home/minsuje/ros2_ws/install/dsr_description2/share/dsr_description2/meshes/mobile/bumper.stl
[1.052s] -- Up-to-date symlink: /home/minsuje/ros2_ws/install/dsr_description2/share/dsr_description2/meshes/mobile/large_top_plate.dae
[1.052s] -- Up-to-date symlink: /home/minsuje/ros2_ws/install/dsr_description2/share/dsr_description2/meshes/mobile/large_top_plate_collision.stl
[1.052s] -- Up-to-date symlink: /home/minsuje/ros2_ws/install/dsr_description2/share/dsr_description2/meshes/mobile/top_chassis.dae
[1.052s] -- Up-to-date symlink: /home/minsuje/ros2_ws/install/dsr_description2/share/dsr_description2/meshes/mobile/top_chassis.stl
[1.052s] -- Up-to-date symlink: /home/minsuje/ros2_ws/install/dsr_description2/share/dsr_description2/meshes/mobile/top_plate.dae
[1.052s] -- Up-to-date symlink: /home/minsuje/ros2_ws/install/dsr_description2/share/dsr_description2/meshes/mobile/top_plate.stl
[1.052s] -- Up-to-date symlink: /home/minsuje/ros2_ws/install/dsr_description2/share/dsr_description2/meshes/mobile/user_rail.dae
[1.052s] -- Up-to-date symlink: /home/minsuje/ros2_ws/install/dsr_description2/share/dsr_description2/meshes/mobile/user_rail.stl
[1.052s] -- Up-to-date symlink: /home/minsuje/ros2_ws/install/dsr_description2/share/dsr_description2/meshes/mobile/wheel.dae
[1.052s] -- Up-to-date symlink: /home/minsuje/ros2_ws/install/dsr_description2/share/dsr_description2/meshes/mobile/wheel.stl
[1.052s] -- Up-to-date symlink: /home/minsuje/ros2_ws/install/dsr_description2/share/dsr_description2/meshes/p3020/P3020_0_1.STL
[1.052s] -- Up-to-date symlink: /home/minsuje/ros2_ws/install/dsr_description2/share/dsr_description2/meshes/p3020/P3020_1_1.STL
[1.052s] -- Up-to-date symlink: /home/minsuje/ros2_ws/install/dsr_description2/share/dsr_description2/meshes/p3020/P3020_1_2.STL
[1.052s] -- Up-to-date symlink: /home/minsuje/ros2_ws/install/dsr_description2/share/dsr_description2/meshes/p3020/P3020_1_3.STL
[1.053s] -- Up-to-date symlink: /home/minsuje/ros2_ws/install/dsr_description2/share/dsr_description2/meshes/p3020/P3020_1_4.STL
[1.053s] -- Up-to-date symlink: /home/minsuje/ros2_ws/install/dsr_description2/share/dsr_description2/meshes/p3020/P3020_1_5.STL
[1.053s] -- Up-to-date symlink: /home/minsuje/ros2_ws/install/dsr_description2/share/dsr_description2/meshes/p3020/P3020_2_1.STL
[1.053s] -- Up-to-date symlink: /home/minsuje/ros2_ws/install/dsr_description2/share/dsr_description2/meshes/p3020/P3020_2_2.STL
[1.053s] -- Up-to-date symlink: /home/minsuje/ros2_ws/install/dsr_description2/share/dsr_description2/meshes/p3020/P3020_2_3.STL
[1.053s] -- Up-to-date symlink: /home/minsuje/ros2_ws/install/dsr_description2/share/dsr_description2/meshes/p3020/P3020_2_4.STL
[1.053s] -- Up-to-date symlink: /home/minsuje/ros2_ws/install/dsr_description2/share/dsr_description2/meshes/p3020/P3020_2_5.STL
[1.055s] -- Up-to-date symlink: /home/minsuje/ros2_ws/install/dsr_description2/share/dsr_description2/meshes/p3020/P3020_2_6.STL
[1.055s] -- Up-to-date symlink: /home/minsuje/ros2_ws/install/dsr_description2/share/dsr_description2/meshes/p3020/P3020_2_7.STL
[1.055s] -- Up-to-date symlink: /home/minsuje/ros2_ws/install/dsr_description2/share/dsr_description2/meshes/p3020/P3020_2_8.STL
[1.055s] -- Up-to-date symlink: /home/minsuje/ros2_ws/install/dsr_description2/share/dsr_description2/meshes/p3020/P3020_3_1.STL
[1.055s] -- Up-to-date symlink: /home/minsuje/ros2_ws/install/dsr_description2/share/dsr_description2/meshes/p3020/P3020_3_2.STL
[1.055s] -- Up-to-date symlink: /home/minsuje/ros2_ws/install/dsr_description2/share/dsr_description2/meshes/p3020/P3020_3_3.STL
[1.055s] -- Up-to-date symlink: /home/minsuje/ros2_ws/install/dsr_description2/share/dsr_description2/meshes/p3020/P3020_3_4.STL
[1.055s] -- Up-to-date symlink: /home/minsuje/ros2_ws/install/dsr_description2/share/dsr_description2/meshes/p3020/P3020_5_1.STL
[1.055s] -- Up-to-date symlink: /home/minsuje/ros2_ws/install/dsr_description2/share/dsr_description2/meshes/p3020/P3020_5_2.STL
[1.055s] -- Up-to-date symlink: /home/minsuje/ros2_ws/install/dsr_description2/share/dsr_description2/meshes/p3020/P3020_5_3.STL
[1.055s] -- Up-to-date symlink: /home/minsuje/ros2_ws/install/dsr_description2/share/dsr_description2/meshes/p3020/P3020_6_1.STL
[1.055s] -- Up-to-date symlink: /home/minsuje/ros2_ws/install/dsr_description2/share/dsr_description2/meshes/p3020_collision/1.STL
[1.055s] -- Up-to-date symlink: /home/minsuje/ros2_ws/install/dsr_description2/share/dsr_description2/meshes/p3020_collision/2-1.STL
[1.055s] -- Up-to-date symlink: /home/minsuje/ros2_ws/install/dsr_description2/share/dsr_description2/meshes/p3020_collision/2-2.STL
[1.055s] -- Up-to-date symlink: /home/minsuje/ros2_ws/install/dsr_description2/share/dsr_description2/meshes/p3020_collision/2-3.STL
[1.055s] -- Up-to-date symlink: /home/minsuje/ros2_ws/install/dsr_description2/share/dsr_description2/meshes/p3020_collision/2-4.STL
[1.055s] -- Up-to-date symlink: /home/minsuje/ros2_ws/install/dsr_description2/share/dsr_description2/meshes/p3020_collision/2-5.STL
[1.055s] -- Up-to-date symlink: /home/minsuje/ros2_ws/install/dsr_description2/share/dsr_description2/meshes/p3020_collision/3-1.STL
[1.055s] -- Up-to-date symlink: /home/minsuje/ros2_ws/install/dsr_description2/share/dsr_description2/meshes/p3020_collision/3-2.STL
[1.055s] -- Up-to-date symlink: /home/minsuje/ros2_ws/install/dsr_description2/share/dsr_description2/meshes/p3020_collision/3-3.STL
[1.055s] -- Up-to-date symlink: /home/minsuje/ros2_ws/install/dsr_description2/share/dsr_description2/meshes/p3020_collision/3-4.STL
[1.055s] -- Up-to-date symlink: /home/minsuje/ros2_ws/install/dsr_description2/share/dsr_description2/meshes/p3020_collision/3-5.STL
[1.055s] -- Up-to-date symlink: /home/minsuje/ros2_ws/install/dsr_description2/share/dsr_description2/meshes/p3020_collision/3-6.STL
[1.055s] -- Up-to-date symlink: /home/minsuje/ros2_ws/install/dsr_description2/share/dsr_description2/meshes/p3020_collision/3-7.STL
[1.055s] -- Up-to-date symlink: /home/minsuje/ros2_ws/install/dsr_description2/share/dsr_description2/meshes/p3020_collision/3-8.STL
[1.056s] -- Up-to-date symlink: /home/minsuje/ros2_ws/install/dsr_description2/share/dsr_description2/meshes/p3020_collision/4-1.STL
[1.056s] -- Up-to-date symlink: /home/minsuje/ros2_ws/install/dsr_description2/share/dsr_description2/meshes/p3020_collision/4-2.STL
[1.056s] -- Up-to-date symlink: /home/minsuje/ros2_ws/install/dsr_description2/share/dsr_description2/meshes/p3020_collision/4-3.STL
[1.056s] -- Up-to-date symlink: /home/minsuje/ros2_ws/install/dsr_description2/share/dsr_description2/meshes/p3020_collision/4-4.STL
[1.056s] -- Up-to-date symlink: /home/minsuje/ros2_ws/install/dsr_description2/share/dsr_description2/meshes/p3020_collision/6-1.STL
[1.056s] -- Up-to-date symlink: /home/minsuje/ros2_ws/install/dsr_description2/share/dsr_description2/meshes/p3020_collision/6-2.STL
[1.056s] -- Up-to-date symlink: /home/minsuje/ros2_ws/install/dsr_description2/share/dsr_description2/meshes/p3020_collision/6-3.STL
[1.056s] -- Up-to-date symlink: /home/minsuje/ros2_ws/install/dsr_description2/share/dsr_description2/meshes/p3020_collision/7.STL
[1.056s] -- Up-to-date symlink: /home/minsuje/ros2_ws/install/dsr_description2/share/dsr_description2/urdf/a0509.blue.urdf
[1.056s] -- Up-to-date symlink: /home/minsuje/ros2_ws/install/dsr_description2/share/dsr_description2/urdf/a0509.urdf
[1.056s] -- Up-to-date symlink: /home/minsuje/ros2_ws/install/dsr_description2/share/dsr_description2/urdf/a0509.white.urdf
[1.056s] -- Up-to-date symlink: /home/minsuje/ros2_ws/install/dsr_description2/share/dsr_description2/urdf/a0912.blue.urdf
[1.056s] -- Up-to-date symlink: /home/minsuje/ros2_ws/install/dsr_description2/share/dsr_description2/urdf/a0912.urdf
[1.056s] -- Up-to-date symlink: /home/minsuje/ros2_ws/install/dsr_description2/share/dsr_description2/urdf/a0912.white.urdf
[1.056s] -- Up-to-date symlink: /home/minsuje/ros2_ws/install/dsr_description2/share/dsr_description2/urdf/e0509.urdf
[1.056s] -- Up-to-date symlink: /home/minsuje/ros2_ws/install/dsr_description2/share/dsr_description2/urdf/e0509.white.urdf
[1.056s] -- Up-to-date symlink: /home/minsuje/ros2_ws/install/dsr_description2/share/dsr_description2/urdf/h2017.blue.urdf
[1.056s] -- Up-to-date symlink: /home/minsuje/ros2_ws/install/dsr_description2/share/dsr_description2/urdf/h2017.urdf
[1.056s] -- Up-to-date symlink: /home/minsuje/ros2_ws/install/dsr_description2/share/dsr_description2/urdf/h2017.white.urdf
[1.056s] -- Up-to-date symlink: /home/minsuje/ros2_ws/install/dsr_description2/share/dsr_description2/urdf/h2515.blue.urdf
[1.056s] -- Up-to-date symlink: /home/minsuje/ros2_ws/install/dsr_description2/share/dsr_description2/urdf/h2515.urdf
[1.056s] -- Up-to-date symlink: /home/minsuje/ros2_ws/install/dsr_description2/share/dsr_description2/urdf/h2515.white.urdf
[1.056s] -- Up-to-date symlink: /home/minsuje/ros2_ws/install/dsr_description2/share/dsr_description2/urdf/m0609.blue.urdf
[1.056s] -- Up-to-date symlink: /home/minsuje/ros2_ws/install/dsr_description2/share/dsr_description2/urdf/m0609.urdf
[1.056s] -- Up-to-date symlink: /home/minsuje/ros2_ws/install/dsr_description2/share/dsr_description2/urdf/m0609.white.urdf
[1.056s] -- Up-to-date symlink: /home/minsuje/ros2_ws/install/dsr_description2/share/dsr_description2/urdf/m0617.blue.urdf
[1.056s] -- Up-to-date symlink: /home/minsuje/ros2_ws/install/dsr_description2/share/dsr_description2/urdf/m0617.urdf
[1.056s] -- Up-to-date symlink: /home/minsuje/ros2_ws/install/dsr_description2/share/dsr_description2/urdf/m0617.white.urdf
[1.057s] -- Up-to-date symlink: /home/minsuje/ros2_ws/install/dsr_description2/share/dsr_description2/urdf/m1013.blue.urdf
[1.057s] -- Up-to-date symlink: /home/minsuje/ros2_ws/install/dsr_description2/share/dsr_description2/urdf/m1013.urdf
[1.057s] -- Up-to-date symlink: /home/minsuje/ros2_ws/install/dsr_description2/share/dsr_description2/urdf/m1013.white.urdf
[1.057s] -- Up-to-date symlink: /home/minsuje/ros2_ws/install/dsr_description2/share/dsr_description2/urdf/m1509.blue.urdf
[1.057s] -- Up-to-date symlink: /home/minsuje/ros2_ws/install/dsr_description2/share/dsr_description2/urdf/m1509.urdf
[1.057s] -- Up-to-date symlink: /home/minsuje/ros2_ws/install/dsr_description2/share/dsr_description2/urdf/m1509.white.urdf
[1.057s] -- Up-to-date symlink: /home/minsuje/ros2_ws/install/dsr_description2/share/dsr_description2/urdf/p3020.urdf
[1.057s] -- Up-to-date symlink: /home/minsuje/ros2_ws/install/dsr_description2/share/dsr_description2/xacro/a0509.urdf.xacro
[1.057s] -- Up-to-date symlink: /home/minsuje/ros2_ws/install/dsr_description2/share/dsr_description2/xacro/a0912.urdf.xacro
[1.057s] -- Up-to-date symlink: /home/minsuje/ros2_ws/install/dsr_description2/share/dsr_description2/xacro/e0509.urdf.xacro
[1.057s] -- Up-to-date symlink: /home/minsuje/ros2_ws/install/dsr_description2/share/dsr_description2/xacro/h2017.urdf.xacro
[1.057s] -- Up-to-date symlink: /home/minsuje/ros2_ws/install/dsr_description2/share/dsr_description2/xacro/h2515.urdf.xacro
[1.057s] -- Up-to-date symlink: /home/minsuje/ros2_ws/install/dsr_description2/share/dsr_description2/xacro/m0609.urdf.xacro
[1.057s] -- Up-to-date symlink: /home/minsuje/ros2_ws/install/dsr_description2/share/dsr_description2/xacro/m0617.urdf.xacro
[1.057s] -- Up-to-date symlink: /home/minsuje/ros2_ws/install/dsr_description2/share/dsr_description2/xacro/m1013.urdf.xacro
[1.057s] -- Up-to-date symlink: /home/minsuje/ros2_ws/install/dsr_description2/share/dsr_description2/xacro/m1509.urdf.xacro
[1.057s] -- Up-to-date symlink: /home/minsuje/ros2_ws/install/dsr_description2/share/dsr_description2/xacro/macro.a0509.blue.xacro
[1.057s] -- Up-to-date symlink: /home/minsuje/ros2_ws/install/dsr_description2/share/dsr_description2/xacro/macro.a0509.white.xacro
[1.057s] -- Up-to-date symlink: /home/minsuje/ros2_ws/install/dsr_description2/share/dsr_description2/xacro/macro.a0912.blue.xacro
[1.057s] -- Up-to-date symlink: /home/minsuje/ros2_ws/install/dsr_description2/share/dsr_description2/xacro/macro.a0912.white.xacro
[1.057s] -- Up-to-date symlink: /home/minsuje/ros2_ws/install/dsr_description2/share/dsr_description2/xacro/macro.e0509.white.xacro
[1.058s] -- Up-to-date symlink: /home/minsuje/ros2_ws/install/dsr_description2/share/dsr_description2/xacro/macro.h2017.blue.xacro
[1.058s] -- Up-to-date symlink: /home/minsuje/ros2_ws/install/dsr_description2/share/dsr_description2/xacro/macro.h2017.white.xacro
[1.058s] -- Up-to-date symlink: /home/minsuje/ros2_ws/install/dsr_description2/share/dsr_description2/xacro/macro.h2515.blue.xacro
[1.058s] -- Up-to-date symlink: /home/minsuje/ros2_ws/install/dsr_description2/share/dsr_description2/xacro/macro.h2515.white.xacro
[1.058s] -- Up-to-date symlink: /home/minsuje/ros2_ws/install/dsr_description2/share/dsr_description2/xacro/macro.m0609.blue.xacro
[1.058s] -- Up-to-date symlink: /home/minsuje/ros2_ws/install/dsr_description2/share/dsr_description2/xacro/macro.m0609.white.xacro
[1.058s] -- Up-to-date symlink: /home/minsuje/ros2_ws/install/dsr_description2/share/dsr_description2/xacro/macro.m0617.blue.xacro
[1.058s] -- Up-to-date symlink: /home/minsuje/ros2_ws/install/dsr_description2/share/dsr_description2/xacro/macro.m0617.white.xacro
[1.058s] -- Up-to-date symlink: /home/minsuje/ros2_ws/install/dsr_description2/share/dsr_description2/xacro/macro.m1013.blue.xacro
[1.058s] -- Up-to-date symlink: /home/minsuje/ros2_ws/install/dsr_description2/share/dsr_description2/xacro/macro.m1013.white.xacro
[1.058s] -- Up-to-date symlink: /home/minsuje/ros2_ws/install/dsr_description2/share/dsr_description2/xacro/macro.m1509.blue.xacro
[1.058s] -- Up-to-date symlink: /home/minsuje/ros2_ws/install/dsr_description2/share/dsr_description2/xacro/macro.m1509.white.xacro
[1.058s] -- Up-to-date symlink: /home/minsuje/ros2_ws/install/dsr_description2/share/dsr_description2/xacro/macro.p3020.blue.xacro
[1.058s] -- Up-to-date symlink: /home/minsuje/ros2_ws/install/dsr_description2/share/dsr_description2/xacro/macro.p3020.white.xacro
[1.058s] -- Up-to-date symlink: /home/minsuje/ros2_ws/install/dsr_description2/share/dsr_description2/xacro/p3020.urdf.xacro
[1.058s] -- Up-to-date symlink: /home/minsuje/ros2_ws/install/dsr_description2/share/dsr_description2/config/macro.decorations.xacro
[1.058s] -- Up-to-date symlink: /home/minsuje/ros2_ws/install/dsr_description2/share/dsr_description2/config/macro.gazebo.p3020.xacro
[1.058s] -- Up-to-date symlink: /home/minsuje/ros2_ws/install/dsr_description2/share/dsr_description2/config/macro.gazebo.xacro
[1.058s] -- Up-to-date symlink: /home/minsuje/ros2_ws/install/dsr_description2/share/dsr_description2/config/macro.materials.xacro
[1.058s] -- Up-to-date symlink: /home/minsuje/ros2_ws/install/dsr_description2/share/dsr_description2/config/macro.transmission.xacro
[1.058s] -- Up-to-date symlink: /home/minsuje/ros2_ws/install/dsr_description2/share/dsr_description2/config/macro.wheel.xacro
[1.058s] -- Up-to-date symlink: /home/minsuje/ros2_ws/install/dsr_description2/share/dsr_description2/ros2_control/a0509.gz_ros2_control.xacro
[1.058s] -- Up-to-date symlink: /home/minsuje/ros2_ws/install/dsr_description2/share/dsr_description2/ros2_control/a0509.ros2_control.xacro
[1.059s] -- Up-to-date symlink: /home/minsuje/ros2_ws/install/dsr_description2/share/dsr_description2/ros2_control/a0912.gz_ros2_control.xacro
[1.059s] -- Up-to-date symlink: /home/minsuje/ros2_ws/install/dsr_description2/share/dsr_description2/ros2_control/a0912.ros2_control.xacro
[1.059s] -- Up-to-date symlink: /home/minsuje/ros2_ws/install/dsr_description2/share/dsr_description2/ros2_control/e0509.gz_ros2_control.xacro
[1.059s] -- Up-to-date symlink: /home/minsuje/ros2_ws/install/dsr_description2/share/dsr_description2/ros2_control/e0509.ros2_control.xacro
[1.059s] -- Up-to-date symlink: /home/minsuje/ros2_ws/install/dsr_description2/share/dsr_description2/ros2_control/h2017.gz_ros2_control.xacro
[1.059s] -- Up-to-date symlink: /home/minsuje/ros2_ws/install/dsr_description2/share/dsr_description2/ros2_control/h2017.ros2_control.xacro
[1.059s] -- Up-to-date symlink: /home/minsuje/ros2_ws/install/dsr_description2/share/dsr_description2/ros2_control/h2515.gz_ros2_control.xacro
[1.059s] -- Up-to-date symlink: /home/minsuje/ros2_ws/install/dsr_description2/share/dsr_description2/ros2_control/h2515.ros2_control.xacro
[1.059s] -- Up-to-date symlink: /home/minsuje/ros2_ws/install/dsr_description2/share/dsr_description2/ros2_control/m0609.gz_ros2_control.xacro
[1.059s] -- Up-to-date symlink: /home/minsuje/ros2_ws/install/dsr_description2/share/dsr_description2/ros2_control/m0609.ros2_control.xacro
[1.059s] -- Up-to-date symlink: /home/minsuje/ros2_ws/install/dsr_description2/share/dsr_description2/ros2_control/m0617.gz_ros2_control.xacro
[1.059s] -- Up-to-date symlink: /home/minsuje/ros2_ws/install/dsr_description2/share/dsr_description2/ros2_control/m0617.ros2_control.xacro
[1.059s] -- Up-to-date symlink: /home/minsuje/ros2_ws/install/dsr_description2/share/dsr_description2/ros2_control/m1013.gz_ros2_control.xacro
[1.059s] -- Up-to-date symlink: /home/minsuje/ros2_ws/install/dsr_description2/share/dsr_description2/ros2_control/m1013.ros2_control.xacro
[1.059s] -- Up-to-date symlink: /home/minsuje/ros2_ws/install/dsr_description2/share/dsr_description2/ros2_control/m1509.gz_ros2_control.xacro
[1.059s] -- Up-to-date symlink: /home/minsuje/ros2_ws/install/dsr_description2/share/dsr_description2/ros2_control/m1509.ros2_control.xacro
[1.059s] -- Up-to-date symlink: /home/minsuje/ros2_ws/install/dsr_description2/share/dsr_description2/ros2_control/p3020.gz_ros2_control.xacro
[1.059s] -- Up-to-date symlink: /home/minsuje/ros2_ws/install/dsr_description2/share/dsr_description2/ros2_control/p3020.ros2_control.xacro
[1.059s] -- Up-to-date symlink: /home/minsuje/ros2_ws/install/dsr_description2/share/dsr_description2/launch/dsr_description.launch.py
[1.059s] -- Up-to-date symlink: /home/minsuje/ros2_ws/install/dsr_description2/share/dsr_description2/rviz/default.rviz
[1.059s] -- Up-to-date symlink: /home/minsuje/ros2_ws/install/dsr_description2/share/dsr_description2/rviz/moveit.rviz
[1.225s] Invoked command in '/home/minsuje/ros2_ws/build/dsr_description2' returned '0': CMAKE_PREFIX_PATH=/home/minsuje/ros2_ws/install/rokey:/home/minsuje/ros2_ws/install/pick_and_place_voice:/home/minsuje/ros2_ws/install/pick_and_place_text:/home/minsuje/ros2_ws/install/my_service_pkg:/home/minsuje/ros2_ws/install/dsr_visualservoing:/home/minsuje/ros2_ws/install/dsr_tests:/home/minsuje/ros2_ws/install/dsr_bringup2:/home/minsuje/ros2_ws/install/dsr_example:/opt/ros/humble:${CMAKE_PREFIX_PATH} /usr/bin/cmake --install /home/minsuje/ros2_ws/build/dsr_description2
