[0.040s] Invoking command in '/home/minsuje/ros2_ws/build/my_interfaces': CMAKE_PREFIX_PATH=/opt/ros/humble /usr/bin/cmake /home/minsuje/ros2_ws/Tutorial/ROS_Tutorial/PackageTutorial/src/my_interfaces -DAMENT_CMAKE_SYMLINK_INSTALL=1 -DCMAKE_INSTALL_PREFIX=/home/minsuje/ros2_ws/install/my_interfaces
[1.234s] -- The C compiler identification is GNU 11.4.0
[1.234s] -- The CXX compiler identification is GNU 11.4.0
[1.234s] -- Detecting C compiler ABI info
[1.234s] -- Detecting C compiler ABI info - done
[1.234s] -- Check for working C compiler: /usr/bin/cc - skipped
[1.234s] -- Detecting C compile features
[1.234s] -- Detecting C compile features - done
[1.234s] -- Detecting CXX compiler ABI info
[1.234s] -- Detecting CXX compiler ABI info - done
[1.234s] -- Check for working CXX compiler: /usr/bin/c++ - skipped
[1.234s] -- Detecting CXX compile features
[1.234s] -- Detecting CXX compile features - done
[1.234s] -- Found ament_cmake: 1.3.11 (/opt/ros/humble/share/ament_cmake/cmake)
[1.234s] -- Found Python3: /usr/bin/python3 (found version "3.10.12") found components: Interpreter 
[1.234s] -- Override CMake install command with custom implementation using symlinks instead of copying resources
[1.234s] -- Found builtin_interfaces: 1.2.1 (/opt/ros/humble/share/builtin_interfaces/cmake)
[1.234s] -- Found rosidl_generator_c: 3.1.6 (/opt/ros/humble/share/rosidl_generator_c/cmake)
[1.234s] -- Found rosidl_adapter: 3.1.6 (/opt/ros/humble/share/rosidl_adapter/cmake)
[1.234s] -- Found rosidl_generator_cpp: 3.1.6 (/opt/ros/humble/share/rosidl_generator_cpp/cmake)
[1.234s] -- Using all available rosidl_typesupport_c: rosidl_typesupport_fastrtps_c;rosidl_typesupport_introspection_c
[1.234s] -- Using all available rosidl_typesupport_cpp: rosidl_typesupport_fastrtps_cpp;rosidl_typesupport_introspection_cpp
[1.234s] -- Found rosidl_default_generators: 1.2.0 (/opt/ros/humble/share/rosidl_default_generators/cmake)
[1.234s] -- Found ament_cmake_ros: 0.10.0 (/opt/ros/humble/share/ament_cmake_ros/cmake)
[1.250s] -- Using all available rosidl_typesupport_c: rosidl_typesupport_fastrtps_c;rosidl_typesupport_introspection_c
[1.357s] -- Using all available rosidl_typesupport_cpp: rosidl_typesupport_fastrtps_cpp;rosidl_typesupport_introspection_cpp
[1.379s] -- Found PythonInterp: /usr/bin/python3 (found suitable version "3.10.12", minimum required is "3.6") 
[1.381s] -- Found python_cmake_module: 0.10.0 (/opt/ros/humble/share/python_cmake_module/cmake)
[1.403s] -- Found PythonLibs: /usr/lib/x86_64-linux-gnu/libpython3.10.so (found suitable version "3.10.12", minimum required is "3.5") 
[1.404s] -- Using PYTHON_EXECUTABLE: /usr/bin/python3
[1.404s] -- Using PYTHON_INCLUDE_DIRS: /usr/include/python3.10
[1.404s] -- Using PYTHON_LIBRARIES: /usr/lib/x86_64-linux-gnu/libpython3.10.so
[1.421s] -- Found PythonExtra: .so  
[1.453s] -- Found ament_lint_auto: 0.12.12 (/opt/ros/humble/share/ament_lint_auto/cmake)
[1.478s] -- Added test 'lint_cmake' to check CMake code style
[1.479s] -- Added test 'xmllint' to check XML markup files
[1.482s] -- Configuring done
[1.512s] -- Generating done
[1.523s] -- Build files have been written to: /home/minsuje/ros2_ws/build/my_interfaces
[1.569s] Invoked command in '/home/minsuje/ros2_ws/build/my_interfaces' returned '0': CMAKE_PREFIX_PATH=/opt/ros/humble /usr/bin/cmake /home/minsuje/ros2_ws/Tutorial/ROS_Tutorial/PackageTutorial/src/my_interfaces -DAMENT_CMAKE_SYMLINK_INSTALL=1 -DCMAKE_INSTALL_PREFIX=/home/minsuje/ros2_ws/install/my_interfaces
[1.571s] Invoking command in '/home/minsuje/ros2_ws/build/my_interfaces': CMAKE_PREFIX_PATH=/opt/ros/humble /usr/bin/cmake --build /home/minsuje/ros2_ws/build/my_interfaces -- -j32 -l32
[1.611s] [  3%] [34m[1mGenerating C code for ROS interfaces[0m
[1.622s] [  6%] [34m[1mGenerating C++ code for ROS interfaces[0m
[1.626s] [  6%] Built target ament_cmake_python_symlink_my_interfaces
[2.004s] [  6%] Built target my_interfaces__cpp
[2.012s] [  9%] [34m[1mGenerating C++ type support dispatch for ROS interfaces[0m
[2.015s] [ 12%] [34m[1mGenerating C++ type support for eProsima Fast-RTPS[0m
[2.016s] [ 16%] [34m[1mGenerating C++ introspection for ROS interfaces[0m
[2.018s] [ 19%] [32mBuilding C object CMakeFiles/my_interfaces__rosidl_generator_c.dir/rosidl_generator_c/my_interfaces/srv/detail/add_three_ints__functions.c.o[0m
[2.099s] [ 22%] [32m[1mLinking C shared library libmy_interfaces__rosidl_generator_c.so[0m
[2.162s] [ 22%] Built target my_interfaces__rosidl_generator_c
[2.163s] [ 25%] [34m[1mGenerating C type support for eProsima Fast-RTPS[0m
[2.163s] [ 29%] [34m[1mGenerating C type support dispatch for ROS interfaces[0m
[2.163s] [ 32%] [34m[1mGenerating C introspection for ROS interfaces[0m
[2.165s] running egg_info
[2.166s] creating my_interfaces.egg-info
[2.166s] writing my_interfaces.egg-info/PKG-INFO
[2.167s] writing dependency_links to my_interfaces.egg-info/dependency_links.txt
[2.167s] writing top-level names to my_interfaces.egg-info/top_level.txt
[2.169s] writing manifest file 'my_interfaces.egg-info/SOURCES.txt'
[2.177s] reading manifest file 'my_interfaces.egg-info/SOURCES.txt'
[2.177s] writing manifest file 'my_interfaces.egg-info/SOURCES.txt'
[2.218s] [ 32%] Built target ament_cmake_python_build_my_interfaces_egg
[2.380s] [ 35%] [32mBuilding CXX object CMakeFiles/my_interfaces__rosidl_typesupport_cpp.dir/rosidl_typesupport_cpp/my_interfaces/srv/add_three_ints__type_support.cpp.o[0m
[2.384s] [ 38%] [32mBuilding CXX object CMakeFiles/my_interfaces__rosidl_typesupport_introspection_cpp.dir/rosidl_typesupport_introspection_cpp/my_interfaces/srv/detail/add_three_ints__type_support.cpp.o[0m
[2.451s] [ 41%] [32mBuilding CXX object CMakeFiles/my_interfaces__rosidl_typesupport_fastrtps_cpp.dir/rosidl_typesupport_fastrtps_cpp/my_interfaces/srv/detail/dds_fastrtps/add_three_ints__type_support.cpp.o[0m
[2.542s] [ 45%] [32mBuilding CXX object CMakeFiles/my_interfaces__rosidl_typesupport_c.dir/rosidl_typesupport_c/my_interfaces/srv/add_three_ints__type_support.cpp.o[0m
[2.554s] [ 48%] [32mBuilding CXX object CMakeFiles/my_interfaces__rosidl_typesupport_fastrtps_c.dir/rosidl_typesupport_fastrtps_c/my_interfaces/srv/detail/add_three_ints__type_support_c.cpp.o[0m
[2.571s] [ 51%] [32mBuilding C object CMakeFiles/my_interfaces__rosidl_typesupport_introspection_c.dir/rosidl_typesupport_introspection_c/my_interfaces/srv/detail/add_three_ints__type_support.c.o[0m
[2.592s] [ 54%] [32m[1mLinking CXX shared library libmy_interfaces__rosidl_typesupport_c.so[0m
[2.615s] [ 58%] [32m[1mLinking C shared library libmy_interfaces__rosidl_typesupport_introspection_c.so[0m
[2.647s] [ 58%] Built target my_interfaces__rosidl_typesupport_c
[2.656s] [ 58%] Built target my_interfaces__rosidl_typesupport_introspection_c
[2.807s] [ 61%] [32m[1mLinking CXX shared library libmy_interfaces__rosidl_typesupport_cpp.so[0m
[2.866s] [ 61%] Built target my_interfaces__rosidl_typesupport_cpp
[2.901s] [ 64%] [32m[1mLinking CXX shared library libmy_interfaces__rosidl_typesupport_introspection_cpp.so[0m
[2.954s] [ 64%] Built target my_interfaces__rosidl_typesupport_introspection_cpp
[2.987s] [ 67%] [32m[1mLinking CXX shared library libmy_interfaces__rosidl_typesupport_fastrtps_cpp.so[0m
[3.045s] [ 70%] [32m[1mLinking CXX shared library libmy_interfaces__rosidl_typesupport_fastrtps_c.so[0m
[3.093s] [ 70%] Built target my_interfaces__rosidl_typesupport_fastrtps_cpp
[3.149s] [ 70%] Built target my_interfaces__rosidl_typesupport_fastrtps_c
[3.167s] [ 70%] Built target my_interfaces
[3.186s] [ 74%] [34m[1mGenerating Python code for ROS interfaces[0m
[3.475s] [ 74%] Built target my_interfaces__py
[3.496s] [ 77%] [32mBuilding C object CMakeFiles/my_interfaces__rosidl_generator_py.dir/rosidl_generator_py/my_interfaces/srv/_add_three_ints_s.c.o[0m
[3.574s] [ 80%] [32m[1mLinking C shared library rosidl_generator_py/my_interfaces/libmy_interfaces__rosidl_generator_py.so[0m
[3.615s] [ 80%] Built target my_interfaces__rosidl_generator_py
[3.631s] [ 83%] [32mBuilding C object CMakeFiles/my_interfaces__rosidl_typesupport_introspection_c__pyext.dir/rosidl_generator_py/my_interfaces/_my_interfaces_s.ep.rosidl_typesupport_introspection_c.c.o[0m
[3.633s] [ 87%] [32mBuilding C object CMakeFiles/my_interfaces__rosidl_typesupport_fastrtps_c__pyext.dir/rosidl_generator_py/my_interfaces/_my_interfaces_s.ep.rosidl_typesupport_fastrtps_c.c.o[0m
[3.634s] [ 90%] [32mBuilding C object CMakeFiles/my_interfaces__rosidl_typesupport_c__pyext.dir/rosidl_generator_py/my_interfaces/_my_interfaces_s.ep.rosidl_typesupport_c.c.o[0m
[3.705s] [ 93%] [32m[1mLinking C shared library rosidl_generator_py/my_interfaces/my_interfaces_s__rosidl_typesupport_introspection_c.cpython-310-x86_64-linux-gnu.so[0m
[3.726s] [ 96%] [32m[1mLinking C shared library rosidl_generator_py/my_interfaces/my_interfaces_s__rosidl_typesupport_fastrtps_c.cpython-310-x86_64-linux-gnu.so[0m
[3.732s] [100%] [32m[1mLinking C shared library rosidl_generator_py/my_interfaces/my_interfaces_s__rosidl_typesupport_c.cpython-310-x86_64-linux-gnu.so[0m
[3.743s] [100%] Built target my_interfaces__rosidl_typesupport_introspection_c__pyext
[3.758s] [100%] Built target my_interfaces__rosidl_typesupport_fastrtps_c__pyext
[3.761s] [100%] Built target my_interfaces__rosidl_typesupport_c__pyext
[3.770s] Invoked command in '/home/minsuje/ros2_ws/build/my_interfaces' returned '0': CMAKE_PREFIX_PATH=/opt/ros/humble /usr/bin/cmake --build /home/minsuje/ros2_ws/build/my_interfaces -- -j32 -l32
[3.772s] Invoking command in '/home/minsuje/ros2_ws/build/my_interfaces': CMAKE_PREFIX_PATH=/opt/ros/humble /usr/bin/cmake --install /home/minsuje/ros2_ws/build/my_interfaces
[3.778s] -- Install configuration: ""
[3.779s] -- Execute custom install script
[3.779s] -- Symlinking: /home/minsuje/ros2_ws/install/my_interfaces/share/ament_index/resource_index/rosidl_interfaces/my_interfaces
[3.787s] -- Symlinking: /home/minsuje/ros2_ws/install/my_interfaces/include/my_interfaces/my_interfaces/msg/rosidl_generator_c__visibility_control.h
[3.797s] -- Symlinking: /home/minsuje/ros2_ws/install/my_interfaces/include/my_interfaces/my_interfaces/srv/add_three_ints.h
[3.807s] -- Symlinking: /home/minsuje/ros2_ws/install/my_interfaces/include/my_interfaces/my_interfaces/srv/detail/add_three_ints__functions.h
[3.814s] -- Symlinking: /home/minsuje/ros2_ws/install/my_interfaces/include/my_interfaces/my_interfaces/srv/detail/add_three_ints__struct.h
[3.822s] -- Symlinking: /home/minsuje/ros2_ws/install/my_interfaces/include/my_interfaces/my_interfaces/srv/detail/add_three_ints__type_support.h
[3.829s] -- Symlinking: /home/minsuje/ros2_ws/install/my_interfaces/share/my_interfaces/environment/library_path.sh
[3.837s] -- Symlinking: /home/minsuje/ros2_ws/install/my_interfaces/share/my_interfaces/environment/library_path.dsv
[3.845s] -- Symlinking: /home/minsuje/ros2_ws/install/my_interfaces/include/my_interfaces/my_interfaces/msg/rosidl_typesupport_fastrtps_c__visibility_control.h
[3.851s] -- Symlinking: /home/minsuje/ros2_ws/install/my_interfaces/include/my_interfaces/my_interfaces/srv/detail/add_three_ints__rosidl_typesupport_fastrtps_c.h
[3.858s] -- Symlinking: /home/minsuje/ros2_ws/install/my_interfaces/include/my_interfaces/my_interfaces/msg/rosidl_generator_cpp__visibility_control.hpp
[3.867s] -- Symlinking: /home/minsuje/ros2_ws/install/my_interfaces/include/my_interfaces/my_interfaces/srv/add_three_ints.hpp
[3.874s] -- Symlinking: /home/minsuje/ros2_ws/install/my_interfaces/include/my_interfaces/my_interfaces/srv/detail/add_three_ints__builder.hpp
[3.880s] -- Symlinking: /home/minsuje/ros2_ws/install/my_interfaces/include/my_interfaces/my_interfaces/srv/detail/add_three_ints__struct.hpp
[3.886s] -- Symlinking: /home/minsuje/ros2_ws/install/my_interfaces/include/my_interfaces/my_interfaces/srv/detail/add_three_ints__traits.hpp
[3.893s] -- Symlinking: /home/minsuje/ros2_ws/install/my_interfaces/include/my_interfaces/my_interfaces/srv/detail/add_three_ints__type_support.hpp
[3.900s] -- Symlinking: /home/minsuje/ros2_ws/install/my_interfaces/include/my_interfaces/my_interfaces/msg/rosidl_typesupport_fastrtps_cpp__visibility_control.h
[3.907s] -- Symlinking: /home/minsuje/ros2_ws/install/my_interfaces/include/my_interfaces/my_interfaces/srv/detail/add_three_ints__rosidl_typesupport_fastrtps_cpp.hpp
[3.913s] -- Symlinking: /home/minsuje/ros2_ws/install/my_interfaces/include/my_interfaces/my_interfaces/msg/rosidl_typesupport_introspection_c__visibility_control.h
[3.921s] -- Symlinking: /home/minsuje/ros2_ws/install/my_interfaces/include/my_interfaces/my_interfaces/srv/detail/add_three_ints__rosidl_typesupport_introspection_c.h
[3.928s] -- Symlinking: /home/minsuje/ros2_ws/install/my_interfaces/include/my_interfaces/my_interfaces/srv/detail/add_three_ints__rosidl_typesupport_introspection_cpp.hpp
[3.935s] -- Symlinking: /home/minsuje/ros2_ws/install/my_interfaces/share/my_interfaces/environment/pythonpath.sh
[3.944s] -- Symlinking: /home/minsuje/ros2_ws/install/my_interfaces/share/my_interfaces/environment/pythonpath.dsv
[3.951s] -- Symlinking: /home/minsuje/ros2_ws/install/my_interfaces/local/lib/python3.10/dist-packages/my_interfaces-0.0.0-py3.10.egg-info/PKG-INFO
[3.957s] -- Symlinking: /home/minsuje/ros2_ws/install/my_interfaces/local/lib/python3.10/dist-packages/my_interfaces-0.0.0-py3.10.egg-info/SOURCES.txt
[3.966s] -- Symlinking: /home/minsuje/ros2_ws/install/my_interfaces/local/lib/python3.10/dist-packages/my_interfaces-0.0.0-py3.10.egg-info/dependency_links.txt
[3.973s] -- Symlinking: /home/minsuje/ros2_ws/install/my_interfaces/local/lib/python3.10/dist-packages/my_interfaces-0.0.0-py3.10.egg-info/top_level.txt
[3.980s] -- Symlinking: /home/minsuje/ros2_ws/install/my_interfaces/local/lib/python3.10/dist-packages/my_interfaces/__init__.py
[3.987s] -- Symlinking: /home/minsuje/ros2_ws/install/my_interfaces/local/lib/python3.10/dist-packages/my_interfaces/_my_interfaces_s.ep.rosidl_typesupport_c.c
[3.994s] -- Symlinking: /home/minsuje/ros2_ws/install/my_interfaces/local/lib/python3.10/dist-packages/my_interfaces/_my_interfaces_s.ep.rosidl_typesupport_fastrtps_c.c
[4.000s] -- Symlinking: /home/minsuje/ros2_ws/install/my_interfaces/local/lib/python3.10/dist-packages/my_interfaces/_my_interfaces_s.ep.rosidl_typesupport_introspection_c.c
[4.007s] -- Symlinking: /home/minsuje/ros2_ws/install/my_interfaces/local/lib/python3.10/dist-packages/my_interfaces/libmy_interfaces__rosidl_generator_py.so
[4.013s] -- Symlinking: /home/minsuje/ros2_ws/install/my_interfaces/local/lib/python3.10/dist-packages/my_interfaces/my_interfaces_s__rosidl_typesupport_c.cpython-310-x86_64-linux-gnu.so
[4.020s] -- Symlinking: /home/minsuje/ros2_ws/install/my_interfaces/local/lib/python3.10/dist-packages/my_interfaces/my_interfaces_s__rosidl_typesupport_fastrtps_c.cpython-310-x86_64-linux-gnu.so
[4.027s] -- Symlinking: /home/minsuje/ros2_ws/install/my_interfaces/local/lib/python3.10/dist-packages/my_interfaces/my_interfaces_s__rosidl_typesupport_introspection_c.cpython-310-x86_64-linux-gnu.so
[4.034s] -- Symlinking: /home/minsuje/ros2_ws/install/my_interfaces/local/lib/python3.10/dist-packages/my_interfaces/srv/__init__.py
[4.041s] -- Symlinking: /home/minsuje/ros2_ws/install/my_interfaces/local/lib/python3.10/dist-packages/my_interfaces/srv/_add_three_ints.py
[4.048s] -- Symlinking: /home/minsuje/ros2_ws/install/my_interfaces/local/lib/python3.10/dist-packages/my_interfaces/srv/_add_three_ints_s.c
[4.055s] -- Up-to-date symlink: /home/minsuje/ros2_ws/install/my_interfaces/local/lib/python3.10/dist-packages/my_interfaces/my_interfaces_s__rosidl_typesupport_fastrtps_c.cpython-310-x86_64-linux-gnu.so
[4.055s] -- Up-to-date symlink: /home/minsuje/ros2_ws/install/my_interfaces/local/lib/python3.10/dist-packages/my_interfaces/my_interfaces_s__rosidl_typesupport_introspection_c.cpython-310-x86_64-linux-gnu.so
[4.055s] -- Up-to-date symlink: /home/minsuje/ros2_ws/install/my_interfaces/local/lib/python3.10/dist-packages/my_interfaces/my_interfaces_s__rosidl_typesupport_c.cpython-310-x86_64-linux-gnu.so
[4.055s] -- Symlinking: /home/minsuje/ros2_ws/install/my_interfaces/share/my_interfaces/srv/AddThreeInts.idl
[4.062s] -- Symlinking: /home/minsuje/ros2_ws/install/my_interfaces/share/my_interfaces/srv/AddThreeInts.srv
[4.069s] -- Symlinking: /home/minsuje/ros2_ws/install/my_interfaces/share/my_interfaces/srv/AddThreeInts_Request.msg
[4.076s] -- Symlinking: /home/minsuje/ros2_ws/install/my_interfaces/share/my_interfaces/srv/AddThreeInts_Response.msg
[4.083s] -- Symlinking: /home/minsuje/ros2_ws/install/my_interfaces/share/ament_index/resource_index/package_run_dependencies/my_interfaces
[4.091s] -- Symlinking: /home/minsuje/ros2_ws/install/my_interfaces/share/ament_index/resource_index/parent_prefix_path/my_interfaces
[4.098s] -- Symlinking: /home/minsuje/ros2_ws/install/my_interfaces/share/my_interfaces/environment/ament_prefix_path.sh
[4.104s] -- Symlinking: /home/minsuje/ros2_ws/install/my_interfaces/share/my_interfaces/environment/ament_prefix_path.dsv
[4.111s] -- Symlinking: /home/minsuje/ros2_ws/install/my_interfaces/share/my_interfaces/environment/path.sh
[4.117s] -- Symlinking: /home/minsuje/ros2_ws/install/my_interfaces/share/my_interfaces/environment/path.dsv
[4.124s] -- Symlinking: /home/minsuje/ros2_ws/install/my_interfaces/share/my_interfaces/local_setup.bash
[4.132s] -- Symlinking: /home/minsuje/ros2_ws/install/my_interfaces/share/my_interfaces/local_setup.sh
[4.137s] -- Symlinking: /home/minsuje/ros2_ws/install/my_interfaces/share/my_interfaces/local_setup.zsh
[4.143s] -- Symlinking: /home/minsuje/ros2_ws/install/my_interfaces/share/my_interfaces/local_setup.dsv
[4.149s] -- Symlinking: /home/minsuje/ros2_ws/install/my_interfaces/share/my_interfaces/package.dsv
[4.155s] -- Symlinking: /home/minsuje/ros2_ws/install/my_interfaces/share/ament_index/resource_index/packages/my_interfaces
[4.162s] -- Symlinking: /home/minsuje/ros2_ws/install/my_interfaces/share/my_interfaces/cmake/ament_cmake_export_dependencies-extras.cmake
[4.171s] -- Symlinking: /home/minsuje/ros2_ws/install/my_interfaces/share/my_interfaces/cmake/rosidl_cmake-extras.cmake
[4.177s] -- Symlinking: /home/minsuje/ros2_ws/install/my_interfaces/share/my_interfaces/cmake/ament_cmake_export_include_directories-extras.cmake
[4.186s] -- Symlinking: /home/minsuje/ros2_ws/install/my_interfaces/share/my_interfaces/cmake/ament_cmake_export_libraries-extras.cmake
[4.192s] -- Symlinking: /home/minsuje/ros2_ws/install/my_interfaces/share/my_interfaces/cmake/ament_cmake_export_targets-extras.cmake
[4.199s] -- Symlinking: /home/minsuje/ros2_ws/install/my_interfaces/share/my_interfaces/cmake/rosidl_cmake_export_typesupport_targets-extras.cmake
[4.205s] -- Symlinking: /home/minsuje/ros2_ws/install/my_interfaces/share/my_interfaces/cmake/rosidl_cmake_export_typesupport_libraries-extras.cmake
[4.213s] -- Symlinking: /home/minsuje/ros2_ws/install/my_interfaces/share/my_interfaces/cmake/my_interfacesConfig.cmake
[4.218s] -- Symlinking: /home/minsuje/ros2_ws/install/my_interfaces/share/my_interfaces/cmake/my_interfacesConfig-version.cmake
[4.224s] -- Symlinking: /home/minsuje/ros2_ws/install/my_interfaces/share/my_interfaces/package.xml
[4.231s] -- Installing: /home/minsuje/ros2_ws/install/my_interfaces/lib/libmy_interfaces__rosidl_generator_c.so
[4.231s] -- Set runtime path of "/home/minsuje/ros2_ws/install/my_interfaces/lib/libmy_interfaces__rosidl_generator_c.so" to ""
[4.232s] -- Installing: /home/minsuje/ros2_ws/install/my_interfaces/lib/libmy_interfaces__rosidl_typesupport_fastrtps_c.so
[4.232s] -- Set runtime path of "/home/minsuje/ros2_ws/install/my_interfaces/lib/libmy_interfaces__rosidl_typesupport_fastrtps_c.so" to ""
[4.232s] -- Installing: /home/minsuje/ros2_ws/install/my_interfaces/lib/libmy_interfaces__rosidl_typesupport_fastrtps_cpp.so
[4.232s] -- Set runtime path of "/home/minsuje/ros2_ws/install/my_interfaces/lib/libmy_interfaces__rosidl_typesupport_fastrtps_cpp.so" to ""
[4.232s] -- Installing: /home/minsuje/ros2_ws/install/my_interfaces/lib/libmy_interfaces__rosidl_typesupport_introspection_c.so
[4.233s] -- Set runtime path of "/home/minsuje/ros2_ws/install/my_interfaces/lib/libmy_interfaces__rosidl_typesupport_introspection_c.so" to ""
[4.233s] -- Installing: /home/minsuje/ros2_ws/install/my_interfaces/lib/libmy_interfaces__rosidl_typesupport_c.so
[4.233s] -- Set runtime path of "/home/minsuje/ros2_ws/install/my_interfaces/lib/libmy_interfaces__rosidl_typesupport_c.so" to ""
[4.233s] -- Installing: /home/minsuje/ros2_ws/install/my_interfaces/lib/libmy_interfaces__rosidl_typesupport_introspection_cpp.so
[4.234s] -- Set runtime path of "/home/minsuje/ros2_ws/install/my_interfaces/lib/libmy_interfaces__rosidl_typesupport_introspection_cpp.so" to ""
[4.234s] -- Installing: /home/minsuje/ros2_ws/install/my_interfaces/lib/libmy_interfaces__rosidl_typesupport_cpp.so
[4.234s] -- Set runtime path of "/home/minsuje/ros2_ws/install/my_interfaces/lib/libmy_interfaces__rosidl_typesupport_cpp.so" to ""
[4.263s] Listing '/home/minsuje/ros2_ws/install/my_interfaces/local/lib/python3.10/dist-packages/my_interfaces'...
[4.263s] Compiling '/home/minsuje/ros2_ws/install/my_interfaces/local/lib/python3.10/dist-packages/my_interfaces/__init__.py'...
[4.263s] Listing '/home/minsuje/ros2_ws/install/my_interfaces/local/lib/python3.10/dist-packages/my_interfaces/srv'...
[4.264s] Compiling '/home/minsuje/ros2_ws/install/my_interfaces/local/lib/python3.10/dist-packages/my_interfaces/srv/__init__.py'...
[4.264s] Compiling '/home/minsuje/ros2_ws/install/my_interfaces/local/lib/python3.10/dist-packages/my_interfaces/srv/_add_three_ints.py'...
[4.267s] -- Installing: /home/minsuje/ros2_ws/install/my_interfaces/lib/libmy_interfaces__rosidl_generator_py.so
[4.267s] -- Set runtime path of "/home/minsuje/ros2_ws/install/my_interfaces/lib/libmy_interfaces__rosidl_generator_py.so" to ""
[4.267s] -- Installing: /home/minsuje/ros2_ws/install/my_interfaces/share/my_interfaces/cmake/export_my_interfaces__rosidl_generator_cExport.cmake
[4.268s] -- Installing: /home/minsuje/ros2_ws/install/my_interfaces/share/my_interfaces/cmake/export_my_interfaces__rosidl_generator_cExport-noconfig.cmake
[4.268s] -- Installing: /home/minsuje/ros2_ws/install/my_interfaces/share/my_interfaces/cmake/export_my_interfaces__rosidl_typesupport_fastrtps_cExport.cmake
[4.268s] -- Installing: /home/minsuje/ros2_ws/install/my_interfaces/share/my_interfaces/cmake/export_my_interfaces__rosidl_typesupport_fastrtps_cExport-noconfig.cmake
[4.268s] -- Installing: /home/minsuje/ros2_ws/install/my_interfaces/share/my_interfaces/cmake/export_my_interfaces__rosidl_generator_cppExport.cmake
[4.268s] -- Installing: /home/minsuje/ros2_ws/install/my_interfaces/share/my_interfaces/cmake/export_my_interfaces__rosidl_typesupport_fastrtps_cppExport.cmake
[4.268s] -- Installing: /home/minsuje/ros2_ws/install/my_interfaces/share/my_interfaces/cmake/export_my_interfaces__rosidl_typesupport_fastrtps_cppExport-noconfig.cmake
[4.269s] -- Installing: /home/minsuje/ros2_ws/install/my_interfaces/share/my_interfaces/cmake/my_interfaces__rosidl_typesupport_introspection_cExport.cmake
[4.269s] -- Installing: /home/minsuje/ros2_ws/install/my_interfaces/share/my_interfaces/cmake/my_interfaces__rosidl_typesupport_introspection_cExport-noconfig.cmake
[4.269s] -- Installing: /home/minsuje/ros2_ws/install/my_interfaces/share/my_interfaces/cmake/my_interfaces__rosidl_typesupport_cExport.cmake
[4.269s] -- Installing: /home/minsuje/ros2_ws/install/my_interfaces/share/my_interfaces/cmake/my_interfaces__rosidl_typesupport_cExport-noconfig.cmake
[4.269s] -- Installing: /home/minsuje/ros2_ws/install/my_interfaces/share/my_interfaces/cmake/my_interfaces__rosidl_typesupport_introspection_cppExport.cmake
[4.269s] -- Installing: /home/minsuje/ros2_ws/install/my_interfaces/share/my_interfaces/cmake/my_interfaces__rosidl_typesupport_introspection_cppExport-noconfig.cmake
[4.270s] -- Installing: /home/minsuje/ros2_ws/install/my_interfaces/share/my_interfaces/cmake/my_interfaces__rosidl_typesupport_cppExport.cmake
[4.270s] -- Installing: /home/minsuje/ros2_ws/install/my_interfaces/share/my_interfaces/cmake/my_interfaces__rosidl_typesupport_cppExport-noconfig.cmake
[4.270s] -- Installing: /home/minsuje/ros2_ws/install/my_interfaces/share/my_interfaces/cmake/export_my_interfaces__rosidl_generator_pyExport.cmake
[4.270s] -- Installing: /home/minsuje/ros2_ws/install/my_interfaces/share/my_interfaces/cmake/export_my_interfaces__rosidl_generator_pyExport-noconfig.cmake
[4.273s] Invoked command in '/home/minsuje/ros2_ws/build/my_interfaces' returned '0': CMAKE_PREFIX_PATH=/opt/ros/humble /usr/bin/cmake --install /home/minsuje/ros2_ws/build/my_interfaces
