[0.057s] Invoking command in '/home/minsuje/ros2_ws/build/my_interfaces': CMAKE_PREFIX_PATH=/home/minsuje/ros2_ws/install/rokey:/home/minsuje/ros2_ws/install/pick_and_place_voice:/home/minsuje/ros2_ws/install/pick_and_place_text:/home/minsuje/ros2_ws/install/my_service_pkg:/home/minsuje/ros2_ws/install/dsr_visualservoing:/home/minsuje/ros2_ws/install/dsr_tests:/home/minsuje/ros2_ws/install/dsr_bringup2:/home/minsuje/ros2_ws/install/dsr_example:/opt/ros/humble:${CMAKE_PREFIX_PATH} /usr/bin/cmake --build /home/minsuje/ros2_ws/build/my_interfaces -- -j32 -l32
[0.918s] [  3%] Built target my_interfaces__cpp
[0.919s] [ 12%] Built target my_interfaces__rosidl_generator_c
[0.919s] [ 12%] Built target ament_cmake_python_symlink_my_interfaces
[0.919s] [ 22%] Built target my_interfaces__rosidl_typesupport_cpp
[0.919s] [ 32%] Built target my_interfaces__rosidl_typesupport_fastrtps_cpp
[0.919s] [ 41%] Built target my_interfaces__rosidl_typesupport_introspection_cpp
[0.919s] [ 51%] Built target my_interfaces__rosidl_typesupport_introspection_c
[0.919s] [ 61%] Built target my_interfaces__rosidl_typesupport_c
[0.919s] [ 70%] Built target my_interfaces__rosidl_typesupport_fastrtps_c
[0.919s] [ 70%] Built target my_interfaces
[0.919s] [ 74%] Built target my_interfaces__py
[0.919s] [ 80%] Built target my_interfaces__rosidl_generator_py
[0.919s] [ 87%] Built target my_interfaces__rosidl_typesupport_introspection_c__pyext
[0.919s] [ 93%] Built target my_interfaces__rosidl_typesupport_fastrtps_c__pyext
[0.919s] [100%] Built target my_interfaces__rosidl_typesupport_c__pyext
[0.919s] running egg_info
[0.919s] writing my_interfaces.egg-info/PKG-INFO
[0.919s] writing dependency_links to my_interfaces.egg-info/dependency_links.txt
[0.919s] writing top-level names to my_interfaces.egg-info/top_level.txt
[0.919s] reading manifest file 'my_interfaces.egg-info/SOURCES.txt'
[0.919s] writing manifest file 'my_interfaces.egg-info/SOURCES.txt'
[0.919s] [100%] Built target ament_cmake_python_build_my_interfaces_egg
[0.969s] Invoked command in '/home/minsuje/ros2_ws/build/my_interfaces' returned '0': CMAKE_PREFIX_PATH=/home/minsuje/ros2_ws/install/rokey:/home/minsuje/ros2_ws/install/pick_and_place_voice:/home/minsuje/ros2_ws/install/pick_and_place_text:/home/minsuje/ros2_ws/install/my_service_pkg:/home/minsuje/ros2_ws/install/dsr_visualservoing:/home/minsuje/ros2_ws/install/dsr_tests:/home/minsuje/ros2_ws/install/dsr_bringup2:/home/minsuje/ros2_ws/install/dsr_example:/opt/ros/humble:${CMAKE_PREFIX_PATH} /usr/bin/cmake --build /home/minsuje/ros2_ws/build/my_interfaces -- -j32 -l32
[0.970s] Invoking command in '/home/minsuje/ros2_ws/build/my_interfaces': CMAKE_PREFIX_PATH=/home/minsuje/ros2_ws/install/rokey:/home/minsuje/ros2_ws/install/pick_and_place_voice:/home/minsuje/ros2_ws/install/pick_and_place_text:/home/minsuje/ros2_ws/install/my_service_pkg:/home/minsuje/ros2_ws/install/dsr_visualservoing:/home/minsuje/ros2_ws/install/dsr_tests:/home/minsuje/ros2_ws/install/dsr_bringup2:/home/minsuje/ros2_ws/install/dsr_example:/opt/ros/humble:${CMAKE_PREFIX_PATH} /usr/bin/cmake --install /home/minsuje/ros2_ws/build/my_interfaces
[1.058s] -- Install configuration: ""
[1.058s] -- Execute custom install script
[1.058s] -- Up-to-date symlink: /home/minsuje/ros2_ws/install/my_interfaces/share/ament_index/resource_index/rosidl_interfaces/my_interfaces
[1.058s] -- Up-to-date symlink: /home/minsuje/ros2_ws/install/my_interfaces/include/my_interfaces/my_interfaces/msg/rosidl_generator_c__visibility_control.h
[1.058s] -- Up-to-date symlink: /home/minsuje/ros2_ws/install/my_interfaces/include/my_interfaces/my_interfaces/srv/add_three_ints.h
[1.058s] -- Up-to-date symlink: /home/minsuje/ros2_ws/install/my_interfaces/include/my_interfaces/my_interfaces/srv/detail/add_three_ints__functions.h
[1.058s] -- Up-to-date symlink: /home/minsuje/ros2_ws/install/my_interfaces/include/my_interfaces/my_interfaces/srv/detail/add_three_ints__struct.h
[1.058s] -- Up-to-date symlink: /home/minsuje/ros2_ws/install/my_interfaces/include/my_interfaces/my_interfaces/srv/detail/add_three_ints__type_support.h
[1.058s] -- Up-to-date symlink: /home/minsuje/ros2_ws/install/my_interfaces/share/my_interfaces/environment/library_path.sh
[1.058s] -- Up-to-date symlink: /home/minsuje/ros2_ws/install/my_interfaces/share/my_interfaces/environment/library_path.dsv
[1.058s] -- Up-to-date symlink: /home/minsuje/ros2_ws/install/my_interfaces/include/my_interfaces/my_interfaces/msg/rosidl_typesupport_fastrtps_c__visibility_control.h
[1.058s] -- Up-to-date symlink: /home/minsuje/ros2_ws/install/my_interfaces/include/my_interfaces/my_interfaces/srv/detail/add_three_ints__rosidl_typesupport_fastrtps_c.h
[1.058s] -- Up-to-date symlink: /home/minsuje/ros2_ws/install/my_interfaces/include/my_interfaces/my_interfaces/msg/rosidl_generator_cpp__visibility_control.hpp
[1.058s] -- Up-to-date symlink: /home/minsuje/ros2_ws/install/my_interfaces/include/my_interfaces/my_interfaces/srv/add_three_ints.hpp
[1.058s] -- Up-to-date symlink: /home/minsuje/ros2_ws/install/my_interfaces/include/my_interfaces/my_interfaces/srv/detail/add_three_ints__builder.hpp
[1.058s] -- Up-to-date symlink: /home/minsuje/ros2_ws/install/my_interfaces/include/my_interfaces/my_interfaces/srv/detail/add_three_ints__struct.hpp
[1.058s] -- Up-to-date symlink: /home/minsuje/ros2_ws/install/my_interfaces/include/my_interfaces/my_interfaces/srv/detail/add_three_ints__traits.hpp
[1.058s] -- Up-to-date symlink: /home/minsuje/ros2_ws/install/my_interfaces/include/my_interfaces/my_interfaces/srv/detail/add_three_ints__type_support.hpp
[1.058s] -- Up-to-date symlink: /home/minsuje/ros2_ws/install/my_interfaces/include/my_interfaces/my_interfaces/msg/rosidl_typesupport_fastrtps_cpp__visibility_control.h
[1.059s] -- Up-to-date symlink: /home/minsuje/ros2_ws/install/my_interfaces/include/my_interfaces/my_interfaces/srv/detail/add_three_ints__rosidl_typesupport_fastrtps_cpp.hpp
[1.059s] -- Up-to-date symlink: /home/minsuje/ros2_ws/install/my_interfaces/include/my_interfaces/my_interfaces/msg/rosidl_typesupport_introspection_c__visibility_control.h
[1.059s] -- Up-to-date symlink: /home/minsuje/ros2_ws/install/my_interfaces/include/my_interfaces/my_interfaces/srv/detail/add_three_ints__rosidl_typesupport_introspection_c.h
[1.059s] -- Up-to-date symlink: /home/minsuje/ros2_ws/install/my_interfaces/include/my_interfaces/my_interfaces/srv/detail/add_three_ints__rosidl_typesupport_introspection_cpp.hpp
[1.059s] -- Up-to-date symlink: /home/minsuje/ros2_ws/install/my_interfaces/share/my_interfaces/environment/pythonpath.sh
[1.059s] -- Up-to-date symlink: /home/minsuje/ros2_ws/install/my_interfaces/share/my_interfaces/environment/pythonpath.dsv
[1.059s] -- Up-to-date symlink: /home/minsuje/ros2_ws/install/my_interfaces/local/lib/python3.10/dist-packages/my_interfaces-0.0.0-py3.10.egg-info/PKG-INFO
[1.059s] -- Up-to-date symlink: /home/minsuje/ros2_ws/install/my_interfaces/local/lib/python3.10/dist-packages/my_interfaces-0.0.0-py3.10.egg-info/SOURCES.txt
[1.059s] -- Up-to-date symlink: /home/minsuje/ros2_ws/install/my_interfaces/local/lib/python3.10/dist-packages/my_interfaces-0.0.0-py3.10.egg-info/dependency_links.txt
[1.059s] -- Up-to-date symlink: /home/minsuje/ros2_ws/install/my_interfaces/local/lib/python3.10/dist-packages/my_interfaces-0.0.0-py3.10.egg-info/top_level.txt
[1.059s] -- Up-to-date symlink: /home/minsuje/ros2_ws/install/my_interfaces/local/lib/python3.10/dist-packages/my_interfaces/__init__.py
[1.059s] -- Up-to-date symlink: /home/minsuje/ros2_ws/install/my_interfaces/local/lib/python3.10/dist-packages/my_interfaces/_my_interfaces_s.ep.rosidl_typesupport_c.c
[1.059s] -- Up-to-date symlink: /home/minsuje/ros2_ws/install/my_interfaces/local/lib/python3.10/dist-packages/my_interfaces/_my_interfaces_s.ep.rosidl_typesupport_fastrtps_c.c
[1.059s] -- Up-to-date symlink: /home/minsuje/ros2_ws/install/my_interfaces/local/lib/python3.10/dist-packages/my_interfaces/_my_interfaces_s.ep.rosidl_typesupport_introspection_c.c
[1.059s] -- Up-to-date symlink: /home/minsuje/ros2_ws/install/my_interfaces/local/lib/python3.10/dist-packages/my_interfaces/libmy_interfaces__rosidl_generator_py.so
[1.059s] -- Up-to-date symlink: /home/minsuje/ros2_ws/install/my_interfaces/local/lib/python3.10/dist-packages/my_interfaces/my_interfaces_s__rosidl_typesupport_c.cpython-310-x86_64-linux-gnu.so
[1.059s] -- Up-to-date symlink: /home/minsuje/ros2_ws/install/my_interfaces/local/lib/python3.10/dist-packages/my_interfaces/my_interfaces_s__rosidl_typesupport_fastrtps_c.cpython-310-x86_64-linux-gnu.so
[1.059s] -- Up-to-date symlink: /home/minsuje/ros2_ws/install/my_interfaces/local/lib/python3.10/dist-packages/my_interfaces/my_interfaces_s__rosidl_typesupport_introspection_c.cpython-310-x86_64-linux-gnu.so
[1.059s] -- Up-to-date symlink: /home/minsuje/ros2_ws/install/my_interfaces/local/lib/python3.10/dist-packages/my_interfaces/srv/__init__.py
[1.059s] -- Up-to-date symlink: /home/minsuje/ros2_ws/install/my_interfaces/local/lib/python3.10/dist-packages/my_interfaces/srv/_add_three_ints.py
[1.059s] -- Up-to-date symlink: /home/minsuje/ros2_ws/install/my_interfaces/local/lib/python3.10/dist-packages/my_interfaces/srv/_add_three_ints_s.c
[1.059s] -- Up-to-date symlink: /home/minsuje/ros2_ws/install/my_interfaces/local/lib/python3.10/dist-packages/my_interfaces/my_interfaces_s__rosidl_typesupport_fastrtps_c.cpython-310-x86_64-linux-gnu.so
[1.059s] -- Up-to-date symlink: /home/minsuje/ros2_ws/install/my_interfaces/local/lib/python3.10/dist-packages/my_interfaces/my_interfaces_s__rosidl_typesupport_introspection_c.cpython-310-x86_64-linux-gnu.so
[1.059s] -- Up-to-date symlink: /home/minsuje/ros2_ws/install/my_interfaces/local/lib/python3.10/dist-packages/my_interfaces/my_interfaces_s__rosidl_typesupport_c.cpython-310-x86_64-linux-gnu.so
[1.059s] -- Up-to-date symlink: /home/minsuje/ros2_ws/install/my_interfaces/share/my_interfaces/srv/AddThreeInts.idl
[1.059s] -- Up-to-date symlink: /home/minsuje/ros2_ws/install/my_interfaces/share/my_interfaces/srv/AddThreeInts.srv
[1.059s] -- Up-to-date symlink: /home/minsuje/ros2_ws/install/my_interfaces/share/my_interfaces/srv/AddThreeInts_Request.msg
[1.059s] -- Up-to-date symlink: /home/minsuje/ros2_ws/install/my_interfaces/share/my_interfaces/srv/AddThreeInts_Response.msg
[1.059s] -- Up-to-date symlink: /home/minsuje/ros2_ws/install/my_interfaces/share/ament_index/resource_index/package_run_dependencies/my_interfaces
[1.059s] -- Up-to-date symlink: /home/minsuje/ros2_ws/install/my_interfaces/share/ament_index/resource_index/parent_prefix_path/my_interfaces
[1.059s] -- Up-to-date symlink: /home/minsuje/ros2_ws/install/my_interfaces/share/my_interfaces/environment/ament_prefix_path.sh
[1.059s] -- Up-to-date symlink: /home/minsuje/ros2_ws/install/my_interfaces/share/my_interfaces/environment/ament_prefix_path.dsv
[1.059s] -- Up-to-date symlink: /home/minsuje/ros2_ws/install/my_interfaces/share/my_interfaces/environment/path.sh
[1.059s] -- Up-to-date symlink: /home/minsuje/ros2_ws/install/my_interfaces/share/my_interfaces/environment/path.dsv
[1.059s] -- Up-to-date symlink: /home/minsuje/ros2_ws/install/my_interfaces/share/my_interfaces/local_setup.bash
[1.059s] -- Up-to-date symlink: /home/minsuje/ros2_ws/install/my_interfaces/share/my_interfaces/local_setup.sh
[1.059s] -- Up-to-date symlink: /home/minsuje/ros2_ws/install/my_interfaces/share/my_interfaces/local_setup.zsh
[1.059s] -- Up-to-date symlink: /home/minsuje/ros2_ws/install/my_interfaces/share/my_interfaces/local_setup.dsv
[1.059s] -- Symlinking: /home/minsuje/ros2_ws/install/my_interfaces/share/my_interfaces/package.dsv
[1.059s] -- Up-to-date symlink: /home/minsuje/ros2_ws/install/my_interfaces/share/ament_index/resource_index/packages/my_interfaces
[1.060s] -- Up-to-date symlink: /home/minsuje/ros2_ws/install/my_interfaces/share/my_interfaces/cmake/ament_cmake_export_dependencies-extras.cmake
[1.060s] -- Up-to-date symlink: /home/minsuje/ros2_ws/install/my_interfaces/share/my_interfaces/cmake/rosidl_cmake-extras.cmake
[1.060s] -- Up-to-date symlink: /home/minsuje/ros2_ws/install/my_interfaces/share/my_interfaces/cmake/ament_cmake_export_include_directories-extras.cmake
[1.060s] -- Up-to-date symlink: /home/minsuje/ros2_ws/install/my_interfaces/share/my_interfaces/cmake/ament_cmake_export_libraries-extras.cmake
[1.060s] -- Up-to-date symlink: /home/minsuje/ros2_ws/install/my_interfaces/share/my_interfaces/cmake/ament_cmake_export_targets-extras.cmake
[1.060s] -- Up-to-date symlink: /home/minsuje/ros2_ws/install/my_interfaces/share/my_interfaces/cmake/rosidl_cmake_export_typesupport_targets-extras.cmake
[1.060s] -- Up-to-date symlink: /home/minsuje/ros2_ws/install/my_interfaces/share/my_interfaces/cmake/rosidl_cmake_export_typesupport_libraries-extras.cmake
[1.060s] -- Up-to-date symlink: /home/minsuje/ros2_ws/install/my_interfaces/share/my_interfaces/cmake/my_interfacesConfig.cmake
[1.060s] -- Up-to-date symlink: /home/minsuje/ros2_ws/install/my_interfaces/share/my_interfaces/cmake/my_interfacesConfig-version.cmake
[1.060s] -- Up-to-date symlink: /home/minsuje/ros2_ws/install/my_interfaces/share/my_interfaces/package.xml
[1.060s] -- Up-to-date: /home/minsuje/ros2_ws/install/my_interfaces/lib/libmy_interfaces__rosidl_generator_c.so
[1.060s] -- Up-to-date: /home/minsuje/ros2_ws/install/my_interfaces/lib/libmy_interfaces__rosidl_typesupport_fastrtps_c.so
[1.060s] -- Up-to-date: /home/minsuje/ros2_ws/install/my_interfaces/lib/libmy_interfaces__rosidl_typesupport_fastrtps_cpp.so
[1.060s] -- Up-to-date: /home/minsuje/ros2_ws/install/my_interfaces/lib/libmy_interfaces__rosidl_typesupport_introspection_c.so
[1.060s] -- Up-to-date: /home/minsuje/ros2_ws/install/my_interfaces/lib/libmy_interfaces__rosidl_typesupport_c.so
[1.060s] -- Up-to-date: /home/minsuje/ros2_ws/install/my_interfaces/lib/libmy_interfaces__rosidl_typesupport_introspection_cpp.so
[1.060s] -- Up-to-date: /home/minsuje/ros2_ws/install/my_interfaces/lib/libmy_interfaces__rosidl_typesupport_cpp.so
[1.074s] Listing '/home/minsuje/ros2_ws/install/my_interfaces/local/lib/python3.10/dist-packages/my_interfaces'...
[1.074s] Listing '/home/minsuje/ros2_ws/install/my_interfaces/local/lib/python3.10/dist-packages/my_interfaces/srv'...
[1.080s] -- Up-to-date: /home/minsuje/ros2_ws/install/my_interfaces/lib/libmy_interfaces__rosidl_generator_py.so
[1.081s] -- Up-to-date: /home/minsuje/ros2_ws/install/my_interfaces/share/my_interfaces/cmake/export_my_interfaces__rosidl_generator_cExport.cmake
[1.081s] -- Up-to-date: /home/minsuje/ros2_ws/install/my_interfaces/share/my_interfaces/cmake/export_my_interfaces__rosidl_generator_cExport-noconfig.cmake
[1.081s] -- Up-to-date: /home/minsuje/ros2_ws/install/my_interfaces/share/my_interfaces/cmake/export_my_interfaces__rosidl_typesupport_fastrtps_cExport.cmake
[1.081s] -- Up-to-date: /home/minsuje/ros2_ws/install/my_interfaces/share/my_interfaces/cmake/export_my_interfaces__rosidl_typesupport_fastrtps_cExport-noconfig.cmake
[1.081s] -- Up-to-date: /home/minsuje/ros2_ws/install/my_interfaces/share/my_interfaces/cmake/export_my_interfaces__rosidl_generator_cppExport.cmake
[1.081s] -- Up-to-date: /home/minsuje/ros2_ws/install/my_interfaces/share/my_interfaces/cmake/export_my_interfaces__rosidl_typesupport_fastrtps_cppExport.cmake
[1.081s] -- Up-to-date: /home/minsuje/ros2_ws/install/my_interfaces/share/my_interfaces/cmake/export_my_interfaces__rosidl_typesupport_fastrtps_cppExport-noconfig.cmake
[1.081s] -- Up-to-date: /home/minsuje/ros2_ws/install/my_interfaces/share/my_interfaces/cmake/my_interfaces__rosidl_typesupport_introspection_cExport.cmake
[1.081s] -- Up-to-date: /home/minsuje/ros2_ws/install/my_interfaces/share/my_interfaces/cmake/my_interfaces__rosidl_typesupport_introspection_cExport-noconfig.cmake
[1.081s] -- Up-to-date: /home/minsuje/ros2_ws/install/my_interfaces/share/my_interfaces/cmake/my_interfaces__rosidl_typesupport_cExport.cmake
[1.081s] -- Up-to-date: /home/minsuje/ros2_ws/install/my_interfaces/share/my_interfaces/cmake/my_interfaces__rosidl_typesupport_cExport-noconfig.cmake
[1.081s] -- Up-to-date: /home/minsuje/ros2_ws/install/my_interfaces/share/my_interfaces/cmake/my_interfaces__rosidl_typesupport_introspection_cppExport.cmake
[1.081s] -- Up-to-date: /home/minsuje/ros2_ws/install/my_interfaces/share/my_interfaces/cmake/my_interfaces__rosidl_typesupport_introspection_cppExport-noconfig.cmake
[1.081s] -- Up-to-date: /home/minsuje/ros2_ws/install/my_interfaces/share/my_interfaces/cmake/my_interfaces__rosidl_typesupport_cppExport.cmake
[1.081s] -- Up-to-date: /home/minsuje/ros2_ws/install/my_interfaces/share/my_interfaces/cmake/my_interfaces__rosidl_typesupport_cppExport-noconfig.cmake
[1.081s] -- Up-to-date: /home/minsuje/ros2_ws/install/my_interfaces/share/my_interfaces/cmake/export_my_interfaces__rosidl_generator_pyExport.cmake
[1.081s] -- Up-to-date: /home/minsuje/ros2_ws/install/my_interfaces/share/my_interfaces/cmake/export_my_interfaces__rosidl_generator_pyExport-noconfig.cmake
[1.253s] Invoked command in '/home/minsuje/ros2_ws/build/my_interfaces' returned '0': CMAKE_PREFIX_PATH=/home/minsuje/ros2_ws/install/rokey:/home/minsuje/ros2_ws/install/pick_and_place_voice:/home/minsuje/ros2_ws/install/pick_and_place_text:/home/minsuje/ros2_ws/install/my_service_pkg:/home/minsuje/ros2_ws/install/dsr_visualservoing:/home/minsuje/ros2_ws/install/dsr_tests:/home/minsuje/ros2_ws/install/dsr_bringup2:/home/minsuje/ros2_ws/install/dsr_example:/opt/ros/humble:${CMAKE_PREFIX_PATH} /usr/bin/cmake --install /home/minsuje/ros2_ws/build/my_interfaces
