running develop
running egg_info
creating car_tutorial.egg-info
writing car_tutorial.egg-info/PKG-INFO
writing dependency_links to car_tutorial.egg-info/dependency_links.txt
writing entry points to car_tutorial.egg-info/entry_points.txt
writing requirements to car_tutorial.egg-info/requires.txt
writing top-level names to car_tutorial.egg-info/top_level.txt
writing manifest file 'car_tutorial.egg-info/SOURCES.txt'
reading manifest file 'car_tutorial.egg-info/SOURCES.txt'
writing manifest file 'car_tutorial.egg-info/SOURCES.txt'
running build_ext
Creating /home/minsuje/turtlebot3_ws/install/car_tutorial/lib/python3.10/site-packages/car-tutorial.egg-link (link to .)
Installing fake_driver script to /home/minsuje/turtlebot3_ws/install/car_tutorial/lib/car_tutorial
Installing fake_driver_cv2 script to /home/minsuje/turtlebot3_ws/install/car_tutorial/lib/car_tutorial

Installed /home/minsuje/turtlebot3_ws/build/car_tutorial
running symlink_data
creating /home/minsuje/turtlebot3_ws/install/car_tutorial/share/ament_index
creating /home/minsuje/turtlebot3_ws/install/car_tutorial/share/ament_index/resource_index
creating /home/minsuje/turtlebot3_ws/install/car_tutorial/share/ament_index/resource_index/packages
symbolically linking /home/minsuje/turtlebot3_ws/build/car_tutorial/resource/car_tutorial -> /home/minsuje/turtlebot3_ws/install/car_tutorial/share/ament_index/resource_index/packages
symbolically linking /home/minsuje/turtlebot3_ws/build/car_tutorial/package.xml -> /home/minsuje/turtlebot3_ws/install/car_tutorial/share/car_tutorial
creating /home/minsuje/turtlebot3_ws/install/car_tutorial/share/car_tutorial/launch
symbolically linking /home/minsuje/turtlebot3_ws/build/car_tutorial/launch/fake.second.launch.py -> /home/minsuje/turtlebot3_ws/install/car_tutorial/share/car_tutorial/launch
symbolically linking /home/minsuje/turtlebot3_ws/build/car_tutorial/launch/fake.launch.py -> /home/minsuje/turtlebot3_ws/install/car_tutorial/share/car_tutorial/launch
symbolically linking /home/minsuje/turtlebot3_ws/build/car_tutorial/launch/fake.first.launch.py -> /home/minsuje/turtlebot3_ws/install/car_tutorial/share/car_tutorial/launch
creating /home/minsuje/turtlebot3_ws/install/car_tutorial/share/car_tutorial/config
symbolically linking /home/minsuje/turtlebot3_ws/build/car_tutorial/config/car.rviz -> /home/minsuje/turtlebot3_ws/install/car_tutorial/share/car_tutorial/config
symbolically linking /home/minsuje/turtlebot3_ws/build/car_tutorial/config/odom.rviz -> /home/minsuje/turtlebot3_ws/install/car_tutorial/share/car_tutorial/config
creating /home/minsuje/turtlebot3_ws/install/car_tutorial/share/car_tutorial/urdf
symbolically linking /home/minsuje/turtlebot3_ws/build/car_tutorial/urdf/gazebo.xacro -> /home/minsuje/turtlebot3_ws/install/car_tutorial/share/car_tutorial/urdf
symbolically linking /home/minsuje/turtlebot3_ws/build/car_tutorial/urdf/car.first.xacro -> /home/minsuje/turtlebot3_ws/install/car_tutorial/share/car_tutorial/urdf
symbolically linking /home/minsuje/turtlebot3_ws/build/car_tutorial/urdf/car.xacro -> /home/minsuje/turtlebot3_ws/install/car_tutorial/share/car_tutorial/urdf
