[2.466s] Invoking command in '/home/minsuje/turtlebot3_ws/build/car_tutorial': PYTHONPATH=/home/minsuje/turtlebot3_ws/build/car_tutorial/prefix_override:/usr/lib/python3/dist-packages/colcon_core/task/python/colcon_distutils_commands:/home/minsuje/turtlebot3_ws/install/car_tutorial/lib/python3.10/site-packages:${PYTHONPATH} /usr/bin/python3 -W ignore:setup.py install is deprecated -W ignore:easy_install command is deprecated setup.py develop --editable --build-directory /home/minsuje/turtlebot3_ws/build/car_tutorial/build --no-deps symlink_data
[2.894s] running develop
[3.250s] running egg_info
[3.250s] creating car_tutorial.egg-info
[3.251s] writing car_tutorial.egg-info/PKG-INFO
[3.251s] writing dependency_links to car_tutorial.egg-info/dependency_links.txt
[3.254s] writing entry points to car_tutorial.egg-info/entry_points.txt
[3.254s] writing requirements to car_tutorial.egg-info/requires.txt
[3.254s] writing top-level names to car_tutorial.egg-info/top_level.txt
[3.254s] writing manifest file 'car_tutorial.egg-info/SOURCES.txt'
[3.254s] reading manifest file 'car_tutorial.egg-info/SOURCES.txt'
[3.254s] writing manifest file 'car_tutorial.egg-info/SOURCES.txt'
[3.307s] running build_ext
[3.307s] Creating /home/minsuje/turtlebot3_ws/install/car_tutorial/lib/python3.10/site-packages/car-tutorial.egg-link (link to .)
[3.307s] Installing fake_driver script to /home/minsuje/turtlebot3_ws/install/car_tutorial/lib/car_tutorial
[3.307s] Installing fake_driver_cv2 script to /home/minsuje/turtlebot3_ws/install/car_tutorial/lib/car_tutorial
[3.307s] 
[3.307s] Installed /home/minsuje/turtlebot3_ws/build/car_tutorial
[3.307s] running symlink_data
[3.307s] creating /home/minsuje/turtlebot3_ws/install/car_tutorial/share/ament_index
[3.307s] creating /home/minsuje/turtlebot3_ws/install/car_tutorial/share/ament_index/resource_index
[3.307s] creating /home/minsuje/turtlebot3_ws/install/car_tutorial/share/ament_index/resource_index/packages
[3.307s] symbolically linking /home/minsuje/turtlebot3_ws/build/car_tutorial/resource/car_tutorial -> /home/minsuje/turtlebot3_ws/install/car_tutorial/share/ament_index/resource_index/packages
[3.307s] symbolically linking /home/minsuje/turtlebot3_ws/build/car_tutorial/package.xml -> /home/minsuje/turtlebot3_ws/install/car_tutorial/share/car_tutorial
[3.315s] creating /home/minsuje/turtlebot3_ws/install/car_tutorial/share/car_tutorial/launch
[3.316s] symbolically linking /home/minsuje/turtlebot3_ws/build/car_tutorial/launch/fake.second.launch.py -> /home/minsuje/turtlebot3_ws/install/car_tutorial/share/car_tutorial/launch
[3.316s] symbolically linking /home/minsuje/turtlebot3_ws/build/car_tutorial/launch/fake.launch.py -> /home/minsuje/turtlebot3_ws/install/car_tutorial/share/car_tutorial/launch
[3.316s] symbolically linking /home/minsuje/turtlebot3_ws/build/car_tutorial/launch/fake.first.launch.py -> /home/minsuje/turtlebot3_ws/install/car_tutorial/share/car_tutorial/launch
[3.316s] creating /home/minsuje/turtlebot3_ws/install/car_tutorial/share/car_tutorial/config
[3.316s] symbolically linking /home/minsuje/turtlebot3_ws/build/car_tutorial/config/car.rviz -> /home/minsuje/turtlebot3_ws/install/car_tutorial/share/car_tutorial/config
[3.316s] symbolically linking /home/minsuje/turtlebot3_ws/build/car_tutorial/config/odom.rviz -> /home/minsuje/turtlebot3_ws/install/car_tutorial/share/car_tutorial/config
[3.316s] creating /home/minsuje/turtlebot3_ws/install/car_tutorial/share/car_tutorial/urdf
[3.317s] symbolically linking /home/minsuje/turtlebot3_ws/build/car_tutorial/urdf/gazebo.xacro -> /home/minsuje/turtlebot3_ws/install/car_tutorial/share/car_tutorial/urdf
[3.317s] symbolically linking /home/minsuje/turtlebot3_ws/build/car_tutorial/urdf/car.first.xacro -> /home/minsuje/turtlebot3_ws/install/car_tutorial/share/car_tutorial/urdf
[3.317s] symbolically linking /home/minsuje/turtlebot3_ws/build/car_tutorial/urdf/car.xacro -> /home/minsuje/turtlebot3_ws/install/car_tutorial/share/car_tutorial/urdf
[3.411s] Invoked command in '/home/minsuje/turtlebot3_ws/build/car_tutorial' returned '0': PYTHONPATH=/home/minsuje/turtlebot3_ws/build/car_tutorial/prefix_override:/usr/lib/python3/dist-packages/colcon_core/task/python/colcon_distutils_commands:/home/minsuje/turtlebot3_ws/install/car_tutorial/lib/python3.10/site-packages:${PYTHONPATH} /usr/bin/python3 -W ignore:setup.py install is deprecated -W ignore:easy_install command is deprecated setup.py develop --editable --build-directory /home/minsuje/turtlebot3_ws/build/car_tutorial/build --no-deps symlink_data
