[2.495s] Invoking command in '/home/minsuje/turtlebot3_ws/build/turtlebot3_autorace_detect': PYTHONPATH=/home/minsuje/turtlebot3_ws/build/turtlebot3_autorace_detect/prefix_override:/usr/lib/python3/dist-packages/colcon_core/task/python/colcon_distutils_commands:/home/minsuje/turtlebot3_ws/install/turtlebot3_autorace_detect/lib/python3.10/site-packages:${PYTHONPATH} /usr/bin/python3 -W ignore:setup.py install is deprecated -W ignore:easy_install command is deprecated setup.py develop --editable --build-directory /home/minsuje/turtlebot3_ws/build/turtlebot3_autorace_detect/build --no-deps symlink_data
[2.902s] running develop
[3.223s] running egg_info
[3.223s] creating turtlebot3_autorace_detect.egg-info
[3.223s] writing turtlebot3_autorace_detect.egg-info/PKG-INFO
[3.223s] writing dependency_links to turtlebot3_autorace_detect.egg-info/dependency_links.txt
[3.225s] writing entry points to turtlebot3_autorace_detect.egg-info/entry_points.txt
[3.225s] writing requirements to turtlebot3_autorace_detect.egg-info/requires.txt
[3.225s] writing top-level names to turtlebot3_autorace_detect.egg-info/top_level.txt
[3.225s] writing manifest file 'turtlebot3_autorace_detect.egg-info/SOURCES.txt'
[3.226s] reading manifest file 'turtlebot3_autorace_detect.egg-info/SOURCES.txt'
[3.226s] writing manifest file 'turtlebot3_autorace_detect.egg-info/SOURCES.txt'
[3.271s] running build_ext
[3.271s] Creating /home/minsuje/turtlebot3_ws/install/turtlebot3_autorace_detect/lib/python3.10/site-packages/turtlebot3-autorace-detect.egg-link (link to .)
[3.272s] Installing detect_construction_sign script to /home/minsuje/turtlebot3_ws/install/turtlebot3_autorace_detect/lib/turtlebot3_autorace_detect
[3.272s] Installing detect_intersection_sign script to /home/minsuje/turtlebot3_ws/install/turtlebot3_autorace_detect/lib/turtlebot3_autorace_detect
[3.272s] Installing detect_lane script to /home/minsuje/turtlebot3_ws/install/turtlebot3_autorace_detect/lib/turtlebot3_autorace_detect
[3.272s] Installing detect_level_crossing script to /home/minsuje/turtlebot3_ws/install/turtlebot3_autorace_detect/lib/turtlebot3_autorace_detect
[3.272s] Installing detect_level_crossing_sign script to /home/minsuje/turtlebot3_ws/install/turtlebot3_autorace_detect/lib/turtlebot3_autorace_detect
[3.272s] Installing detect_parking_sign script to /home/minsuje/turtlebot3_ws/install/turtlebot3_autorace_detect/lib/turtlebot3_autorace_detect
[3.272s] Installing detect_traffic_light script to /home/minsuje/turtlebot3_ws/install/turtlebot3_autorace_detect/lib/turtlebot3_autorace_detect
[3.272s] Installing detect_tunnel_sign script to /home/minsuje/turtlebot3_ws/install/turtlebot3_autorace_detect/lib/turtlebot3_autorace_detect
[3.272s] Installing integrate_detections script to /home/minsuje/turtlebot3_ws/install/turtlebot3_autorace_detect/lib/turtlebot3_autorace_detect
[3.273s] 
[3.273s] Installed /home/minsuje/turtlebot3_ws/build/turtlebot3_autorace_detect
[3.273s] running symlink_data
[3.273s] creating /home/minsuje/turtlebot3_ws/install/turtlebot3_autorace_detect/share/ament_index
[3.273s] creating /home/minsuje/turtlebot3_ws/install/turtlebot3_autorace_detect/share/ament_index/resource_index
[3.274s] creating /home/minsuje/turtlebot3_ws/install/turtlebot3_autorace_detect/share/ament_index/resource_index/packages
[3.274s] symbolically linking /home/minsuje/turtlebot3_ws/build/turtlebot3_autorace_detect/resource/turtlebot3_autorace_detect -> /home/minsuje/turtlebot3_ws/install/turtlebot3_autorace_detect/share/ament_index/resource_index/packages
[3.274s] symbolically linking /home/minsuje/turtlebot3_ws/build/turtlebot3_autorace_detect/package.xml -> /home/minsuje/turtlebot3_ws/install/turtlebot3_autorace_detect/share/turtlebot3_autorace_detect
[3.274s] creating /home/minsuje/turtlebot3_ws/install/turtlebot3_autorace_detect/share/turtlebot3_autorace_detect/launch
[3.274s] symbolically linking /home/minsuje/turtlebot3_ws/build/turtlebot3_autorace_detect/launch/detect_lane.launch.py -> /home/minsuje/turtlebot3_ws/install/turtlebot3_autorace_detect/share/turtlebot3_autorace_detect/launch
[3.274s] symbolically linking /home/minsuje/turtlebot3_ws/build/turtlebot3_autorace_detect/launch/detect_sign.launch.py -> /home/minsuje/turtlebot3_ws/install/turtlebot3_autorace_detect/share/turtlebot3_autorace_detect/launch
[3.274s] symbolically linking /home/minsuje/turtlebot3_ws/build/turtlebot3_autorace_detect/launch/detect_all.launch.py -> /home/minsuje/turtlebot3_ws/install/turtlebot3_autorace_detect/share/turtlebot3_autorace_detect/launch
[3.274s] symbolically linking /home/minsuje/turtlebot3_ws/build/turtlebot3_autorace_detect/launch/detect_level_crossing.launch.py -> /home/minsuje/turtlebot3_ws/install/turtlebot3_autorace_detect/share/turtlebot3_autorace_detect/launch
[3.274s] symbolically linking /home/minsuje/turtlebot3_ws/build/turtlebot3_autorace_detect/launch/detect_traffic_light.launch.py -> /home/minsuje/turtlebot3_ws/install/turtlebot3_autorace_detect/share/turtlebot3_autorace_detect/launch
[3.274s] creating /home/minsuje/turtlebot3_ws/install/turtlebot3_autorace_detect/share/turtlebot3_autorace_detect/param
[3.274s] creating /home/minsuje/turtlebot3_ws/install/turtlebot3_autorace_detect/share/turtlebot3_autorace_detect/param/lane
[3.274s] symbolically linking /home/minsuje/turtlebot3_ws/build/turtlebot3_autorace_detect/param/lane/lane.yaml -> /home/minsuje/turtlebot3_ws/install/turtlebot3_autorace_detect/share/turtlebot3_autorace_detect/param/lane
[3.274s] creating /home/minsuje/turtlebot3_ws/install/turtlebot3_autorace_detect/share/turtlebot3_autorace_detect/param/level
[3.274s] symbolically linking /home/minsuje/turtlebot3_ws/build/turtlebot3_autorace_detect/param/level/level.yaml -> /home/minsuje/turtlebot3_ws/install/turtlebot3_autorace_detect/share/turtlebot3_autorace_detect/param/level
[3.274s] creating /home/minsuje/turtlebot3_ws/install/turtlebot3_autorace_detect/share/turtlebot3_autorace_detect/param/traffic_light
[3.274s] symbolically linking /home/minsuje/turtlebot3_ws/build/turtlebot3_autorace_detect/param/traffic_light/traffic_light.yaml -> /home/minsuje/turtlebot3_ws/install/turtlebot3_autorace_detect/share/turtlebot3_autorace_detect/param/traffic_light
[3.275s] creating /home/minsuje/turtlebot3_ws/install/turtlebot3_autorace_detect/share/turtlebot3_autorace_detect/image
[3.275s] symbolically linking /home/minsuje/turtlebot3_ws/build/turtlebot3_autorace_detect/image/parking.png -> /home/minsuje/turtlebot3_ws/install/turtlebot3_autorace_detect/share/turtlebot3_autorace_detect/image
[3.275s] symbolically linking /home/minsuje/turtlebot3_ws/build/turtlebot3_autorace_detect/image/intersection.png -> /home/minsuje/turtlebot3_ws/install/turtlebot3_autorace_detect/share/turtlebot3_autorace_detect/image
[3.275s] symbolically linking /home/minsuje/turtlebot3_ws/build/turtlebot3_autorace_detect/image/left.png -> /home/minsuje/turtlebot3_ws/install/turtlebot3_autorace_detect/share/turtlebot3_autorace_detect/image
[3.275s] symbolically linking /home/minsuje/turtlebot3_ws/build/turtlebot3_autorace_detect/image/construction.png -> /home/minsuje/turtlebot3_ws/install/turtlebot3_autorace_detect/share/turtlebot3_autorace_detect/image
[3.275s] symbolically linking /home/minsuje/turtlebot3_ws/build/turtlebot3_autorace_detect/image/stop.png -> /home/minsuje/turtlebot3_ws/install/turtlebot3_autorace_detect/share/turtlebot3_autorace_detect/image
[3.275s] symbolically linking /home/minsuje/turtlebot3_ws/build/turtlebot3_autorace_detect/image/tunnel.png -> /home/minsuje/turtlebot3_ws/install/turtlebot3_autorace_detect/share/turtlebot3_autorace_detect/image
[3.275s] symbolically linking /home/minsuje/turtlebot3_ws/build/turtlebot3_autorace_detect/image/right.png -> /home/minsuje/turtlebot3_ws/install/turtlebot3_autorace_detect/share/turtlebot3_autorace_detect/image
[3.358s] Invoked command in '/home/minsuje/turtlebot3_ws/build/turtlebot3_autorace_detect' returned '0': PYTHONPATH=/home/minsuje/turtlebot3_ws/build/turtlebot3_autorace_detect/prefix_override:/usr/lib/python3/dist-packages/colcon_core/task/python/colcon_distutils_commands:/home/minsuje/turtlebot3_ws/install/turtlebot3_autorace_detect/lib/python3.10/site-packages:${PYTHONPATH} /usr/bin/python3 -W ignore:setup.py install is deprecated -W ignore:easy_install command is deprecated setup.py develop --editable --build-directory /home/minsuje/turtlebot3_ws/build/turtlebot3_autorace_detect/build --no-deps symlink_data
