[1.470s] Invoking command in '/home/minsuje/ros2_ws/build/pick_and_place_voice': PYTHONPATH=/home/minsuje/ros2_ws/build/pick_and_place_voice/prefix_override:/usr/lib/python3/dist-packages/colcon_core/task/python/colcon_distutils_commands:/home/minsuje/ros2_ws/install/pick_and_place_voice/lib/python3.10/site-packages:${PYTHONPATH} /usr/bin/python3 -W ignore:setup.py install is deprecated -W ignore:easy_install command is deprecated setup.py develop --editable --build-directory /home/minsuje/ros2_ws/build/pick_and_place_voice/build --no-deps symlink_data
[1.658s] running develop
[1.806s] running egg_info
[1.806s] writing pick_and_place_voice.egg-info/PKG-INFO
[1.806s] writing dependency_links to pick_and_place_voice.egg-info/dependency_links.txt
[1.806s] writing entry points to pick_and_place_voice.egg-info/entry_points.txt
[1.806s] writing requirements to pick_and_place_voice.egg-info/requires.txt
[1.806s] writing top-level names to pick_and_place_voice.egg-info/top_level.txt
[1.808s] reading manifest file 'pick_and_place_voice.egg-info/SOURCES.txt'
[1.808s] writing manifest file 'pick_and_place_voice.egg-info/SOURCES.txt'
[1.828s] running build_ext
[1.828s] Creating /home/minsuje/ros2_ws/install/pick_and_place_voice/lib/python3.10/site-packages/pick-and-place-voice.egg-link (link to .)
[1.829s] Installing ciga_obj_detect script to /home/minsuje/ros2_ws/install/pick_and_place_voice/lib/pick_and_place_voice
[1.829s] Installing ciga_robo_ctrl script to /home/minsuje/ros2_ws/install/pick_and_place_voice/lib/pick_and_place_voice
[1.829s] Installing get_keyword script to /home/minsuje/ros2_ws/install/pick_and_place_voice/lib/pick_and_place_voice
[1.829s] Installing object_detection script to /home/minsuje/ros2_ws/install/pick_and_place_voice/lib/pick_and_place_voice
[1.829s] Installing robot_control script to /home/minsuje/ros2_ws/install/pick_and_place_voice/lib/pick_and_place_voice
[1.829s] Installing voice_order_ciga script to /home/minsuje/ros2_ws/install/pick_and_place_voice/lib/pick_and_place_voice
[1.829s] 
[1.829s] Installed /home/minsuje/ros2_ws/build/pick_and_place_voice
[1.829s] running symlink_data
[1.910s] Invoked command in '/home/minsuje/ros2_ws/build/pick_and_place_voice' returned '0': PYTHONPATH=/home/minsuje/ros2_ws/build/pick_and_place_voice/prefix_override:/usr/lib/python3/dist-packages/colcon_core/task/python/colcon_distutils_commands:/home/minsuje/ros2_ws/install/pick_and_place_voice/lib/python3.10/site-packages:${PYTHONPATH} /usr/bin/python3 -W ignore:setup.py install is deprecated -W ignore:easy_install command is deprecated setup.py develop --editable --build-directory /home/minsuje/ros2_ws/build/pick_and_place_voice/build --no-deps symlink_data
