[1.472s] Invoking command in '/home/minsuje/ros2_ws/build/dsr_visualservoing': PYTHONPATH=/home/minsuje/ros2_ws/build/dsr_visualservoing/prefix_override:/usr/lib/python3/dist-packages/colcon_core/task/python/colcon_distutils_commands:/home/minsuje/ros2_ws/install/dsr_visualservoing/lib/python3.10/site-packages:${PYTHONPATH} /usr/bin/python3 -W ignore:setup.py install is deprecated -W ignore:easy_install command is deprecated setup.py develop --editable --build-directory /home/minsuje/ros2_ws/build/dsr_visualservoing/build --no-deps symlink_data
[1.690s] running develop
[1.863s] running egg_info
[1.863s] writing dsr_visualservoing.egg-info/PKG-INFO
[1.863s] writing dependency_links to dsr_visualservoing.egg-info/dependency_links.txt
[1.864s] writing entry points to dsr_visualservoing.egg-info/entry_points.txt
[1.864s] writing requirements to dsr_visualservoing.egg-info/requires.txt
[1.864s] writing top-level names to dsr_visualservoing.egg-info/top_level.txt
[1.864s] reading manifest file 'dsr_visualservoing.egg-info/SOURCES.txt'
[1.865s] writing manifest file 'dsr_visualservoing.egg-info/SOURCES.txt'
[1.890s] running build_ext
[1.891s] Creating /home/minsuje/ros2_ws/install/dsr_visualservoing/lib/python3.10/site-packages/dsr-visualservoing.egg-link (link to .)
[1.891s] Installing camera_publisher script to /home/minsuje/ros2_ws/install/dsr_visualservoing/lib/dsr_visualservoing
[1.891s] Installing detect_marker_gz script to /home/minsuje/ros2_ws/install/dsr_visualservoing/lib/dsr_visualservoing
[1.891s] Installing joint90 script to /home/minsuje/ros2_ws/install/dsr_visualservoing/lib/dsr_visualservoing
[1.891s] Installing send_pose_servol_gz script to /home/minsuje/ros2_ws/install/dsr_visualservoing/lib/dsr_visualservoing
[1.892s] 
[1.892s] Installed /home/minsuje/ros2_ws/build/dsr_visualservoing
[1.892s] running symlink_data
[2.129s] Invoked command in '/home/minsuje/ros2_ws/build/dsr_visualservoing' returned '0': PYTHONPATH=/home/minsuje/ros2_ws/build/dsr_visualservoing/prefix_override:/usr/lib/python3/dist-packages/colcon_core/task/python/colcon_distutils_commands:/home/minsuje/ros2_ws/install/dsr_visualservoing/lib/python3.10/site-packages:${PYTHONPATH} /usr/bin/python3 -W ignore:setup.py install is deprecated -W ignore:easy_install command is deprecated setup.py develop --editable --build-directory /home/minsuje/ros2_ws/build/dsr_visualservoing/build --no-deps symlink_data
