[0.038s] Invoking command in '/home/minsuje/ros2_ws/build/dsr_moveit_config_a0509': CMAKE_PREFIX_PATH=/opt/ros/humble /usr/bin/cmake /home/minsuje/ros2_ws/src/DoosanBootcamp3rd/dsr_moveit2/dsr_moveit_config_a0509 -DAMENT_CMAKE_SYMLINK_INSTALL=1 -DCMAKE_INSTALL_PREFIX=/home/minsuje/ros2_ws/install/dsr_moveit_config_a0509
[1.233s] -- The C compiler identification is GNU 11.4.0
[1.233s] -- The CXX compiler identification is GNU 11.4.0
[1.233s] -- Detecting C compiler ABI info
[1.233s] -- Detecting C compiler ABI info - done
[1.233s] -- Check for working C compiler: /usr/bin/cc - skipped
[1.233s] -- Detecting C compile features
[1.233s] -- Detecting C compile features - done
[1.233s] -- Detecting CXX compiler ABI info
[1.233s] -- Detecting CXX compiler ABI info - done
[1.233s] -- Check for working CXX compiler: /usr/bin/c++ - skipped
[1.233s] -- Detecting CXX compile features
[1.233s] -- Detecting CXX compile features - done
[1.233s] -- Found ament_cmake: 1.3.11 (/opt/ros/humble/share/ament_cmake/cmake)
[1.233s] -- Found Python3: /usr/bin/python3 (found version "3.10.12") found components: Interpreter 
[1.233s] -- Override CMake install command with custom implementation using symlinks instead of copying resources
[1.233s] -- Configuring done
[1.234s] -- Generating done
[1.234s] -- Build files have been written to: /home/minsuje/ros2_ws/build/dsr_moveit_config_a0509
[1.536s] Invoked command in '/home/minsuje/ros2_ws/build/dsr_moveit_config_a0509' returned '0': CMAKE_PREFIX_PATH=/opt/ros/humble /usr/bin/cmake /home/minsuje/ros2_ws/src/DoosanBootcamp3rd/dsr_moveit2/dsr_moveit_config_a0509 -DAMENT_CMAKE_SYMLINK_INSTALL=1 -DCMAKE_INSTALL_PREFIX=/home/minsuje/ros2_ws/install/dsr_moveit_config_a0509
[1.537s] Invoking command in '/home/minsuje/ros2_ws/build/dsr_moveit_config_a0509': CMAKE_PREFIX_PATH=/opt/ros/humble /usr/bin/cmake --build /home/minsuje/ros2_ws/build/dsr_moveit_config_a0509 -- -j32 -l32
[1.593s] Invoked command in '/home/minsuje/ros2_ws/build/dsr_moveit_config_a0509' returned '0': CMAKE_PREFIX_PATH=/opt/ros/humble /usr/bin/cmake --build /home/minsuje/ros2_ws/build/dsr_moveit_config_a0509 -- -j32 -l32
[1.595s] Invoking command in '/home/minsuje/ros2_ws/build/dsr_moveit_config_a0509': CMAKE_PREFIX_PATH=/opt/ros/humble /usr/bin/cmake --install /home/minsuje/ros2_ws/build/dsr_moveit_config_a0509
[1.604s] -- Install configuration: ""
[1.604s] -- Execute custom install script
[1.604s] -- Symlinking: /home/minsuje/ros2_ws/install/dsr_moveit_config_a0509/share/ament_index/resource_index/package_run_dependencies/dsr_moveit_config_a0509
[1.611s] -- Symlinking: /home/minsuje/ros2_ws/install/dsr_moveit_config_a0509/share/ament_index/resource_index/parent_prefix_path/dsr_moveit_config_a0509
[1.621s] -- Symlinking: /home/minsuje/ros2_ws/install/dsr_moveit_config_a0509/share/dsr_moveit_config_a0509/environment/ament_prefix_path.sh
[1.631s] -- Symlinking: /home/minsuje/ros2_ws/install/dsr_moveit_config_a0509/share/dsr_moveit_config_a0509/environment/ament_prefix_path.dsv
[1.638s] -- Symlinking: /home/minsuje/ros2_ws/install/dsr_moveit_config_a0509/share/dsr_moveit_config_a0509/environment/path.sh
[1.649s] -- Symlinking: /home/minsuje/ros2_ws/install/dsr_moveit_config_a0509/share/dsr_moveit_config_a0509/environment/path.dsv
[1.659s] -- Symlinking: /home/minsuje/ros2_ws/install/dsr_moveit_config_a0509/share/dsr_moveit_config_a0509/local_setup.bash
[1.669s] -- Symlinking: /home/minsuje/ros2_ws/install/dsr_moveit_config_a0509/share/dsr_moveit_config_a0509/local_setup.sh
[1.681s] -- Symlinking: /home/minsuje/ros2_ws/install/dsr_moveit_config_a0509/share/dsr_moveit_config_a0509/local_setup.zsh
[1.692s] -- Symlinking: /home/minsuje/ros2_ws/install/dsr_moveit_config_a0509/share/dsr_moveit_config_a0509/local_setup.dsv
[1.704s] -- Symlinking: /home/minsuje/ros2_ws/install/dsr_moveit_config_a0509/share/dsr_moveit_config_a0509/package.dsv
[1.714s] -- Symlinking: /home/minsuje/ros2_ws/install/dsr_moveit_config_a0509/share/ament_index/resource_index/packages/dsr_moveit_config_a0509
[1.727s] -- Symlinking: /home/minsuje/ros2_ws/install/dsr_moveit_config_a0509/share/dsr_moveit_config_a0509/cmake/dsr_moveit_config_a0509Config.cmake
[1.734s] -- Symlinking: /home/minsuje/ros2_ws/install/dsr_moveit_config_a0509/share/dsr_moveit_config_a0509/cmake/dsr_moveit_config_a0509Config-version.cmake
[1.746s] -- Symlinking: /home/minsuje/ros2_ws/install/dsr_moveit_config_a0509/share/dsr_moveit_config_a0509/package.xml
[1.757s] -- Symlinking: /home/minsuje/ros2_ws/install/dsr_moveit_config_a0509/share/dsr_moveit_config_a0509/launch/demo.launch.py
[1.768s] -- Symlinking: /home/minsuje/ros2_ws/install/dsr_moveit_config_a0509/share/dsr_moveit_config_a0509/launch/moveit.rviz
[1.779s] -- Symlinking: /home/minsuje/ros2_ws/install/dsr_moveit_config_a0509/share/dsr_moveit_config_a0509/launch/start.launch.py
[1.792s] -- Symlinking: /home/minsuje/ros2_ws/install/dsr_moveit_config_a0509/share/dsr_moveit_config_a0509/config/a0509.urdf.xacro
[1.802s] -- Symlinking: /home/minsuje/ros2_ws/install/dsr_moveit_config_a0509/share/dsr_moveit_config_a0509/config/chomp_planning.yaml
[1.813s] -- Symlinking: /home/minsuje/ros2_ws/install/dsr_moveit_config_a0509/share/dsr_moveit_config_a0509/config/dsr.ros2_control.xacro
[1.825s] -- Symlinking: /home/minsuje/ros2_ws/install/dsr_moveit_config_a0509/share/dsr_moveit_config_a0509/config/dsr.srdf
[1.836s] -- Symlinking: /home/minsuje/ros2_ws/install/dsr_moveit_config_a0509/share/dsr_moveit_config_a0509/config/initial_positions.yaml
[1.845s] -- Symlinking: /home/minsuje/ros2_ws/install/dsr_moveit_config_a0509/share/dsr_moveit_config_a0509/config/joint_limits.yaml
[1.858s] -- Symlinking: /home/minsuje/ros2_ws/install/dsr_moveit_config_a0509/share/dsr_moveit_config_a0509/config/kinematics.yaml
[1.869s] -- Symlinking: /home/minsuje/ros2_ws/install/dsr_moveit_config_a0509/share/dsr_moveit_config_a0509/config/moveit_controllers.yaml
[1.882s] -- Symlinking: /home/minsuje/ros2_ws/install/dsr_moveit_config_a0509/share/dsr_moveit_config_a0509/config/ompl_planning.yaml
[1.893s] -- Symlinking: /home/minsuje/ros2_ws/install/dsr_moveit_config_a0509/share/dsr_moveit_config_a0509/config/pilz_cartesian_limits.yaml
[1.904s] -- Symlinking: /home/minsuje/ros2_ws/install/dsr_moveit_config_a0509/share/dsr_moveit_config_a0509/config/ros2_controllers.yaml
[1.924s] -- Symlinking: /home/minsuje/ros2_ws/install/dsr_moveit_config_a0509/share/dsr_moveit_config_a0509/config/sensors_3d.yaml
[1.927s] -- Symlinking: /home/minsuje/ros2_ws/install/dsr_moveit_config_a0509/share/dsr_moveit_config_a0509/.setup_assistant
[2.427s] Invoked command in '/home/minsuje/ros2_ws/build/dsr_moveit_config_a0509' returned '0': CMAKE_PREFIX_PATH=/opt/ros/humble /usr/bin/cmake --install /home/minsuje/ros2_ws/build/dsr_moveit_config_a0509
