/home/minsuje/ros2_ws/install/dsr_example/lib/python3.10/site-packages/dsr_example/__init__.py
/home/minsuje/ros2_ws/install/dsr_example/lib/python3.10/site-packages/dsr_example/demo/__init__.py
/home/minsuje/ros2_ws/install/dsr_example/lib/python3.10/site-packages/dsr_example/demo/dance_m1013.py
/home/minsuje/ros2_ws/install/dsr_example/lib/python3.10/site-packages/dsr_example/simple/__init__.py
/home/minsuje/ros2_ws/install/dsr_example/lib/python3.10/site-packages/dsr_example/simple/single_robot_simple.py
/home/minsuje/ros2_ws/install/dsr_example/lib/python3.10/site-packages/dsr_example/__pycache__/__init__.cpython-310.pyc
/home/minsuje/ros2_ws/install/dsr_example/lib/python3.10/site-packages/dsr_example/demo/__pycache__/__init__.cpython-310.pyc
/home/minsuje/ros2_ws/install/dsr_example/lib/python3.10/site-packages/dsr_example/demo/__pycache__/dance_m1013.cpython-310.pyc
/home/minsuje/ros2_ws/install/dsr_example/lib/python3.10/site-packages/dsr_example/simple/__pycache__/__init__.cpython-310.pyc
/home/minsuje/ros2_ws/install/dsr_example/lib/python3.10/site-packages/dsr_example/simple/__pycache__/single_robot_simple.cpython-310.pyc
/home/minsuje/ros2_ws/install/dsr_example/share/ament_index/resource_index/packages/dsr_example
/home/minsuje/ros2_ws/install/dsr_example/share/dsr_example/package.xml
/home/minsuje/ros2_ws/install/dsr_example/lib/python3.10/site-packages/dsr_example-0.0.0-py3.10.egg-info/entry_points.txt
/home/minsuje/ros2_ws/install/dsr_example/lib/python3.10/site-packages/dsr_example-0.0.0-py3.10.egg-info/dependency_links.txt
/home/minsuje/ros2_ws/install/dsr_example/lib/python3.10/site-packages/dsr_example-0.0.0-py3.10.egg-info/zip-safe
/home/minsuje/ros2_ws/install/dsr_example/lib/python3.10/site-packages/dsr_example-0.0.0-py3.10.egg-info/top_level.txt
/home/minsuje/ros2_ws/install/dsr_example/lib/python3.10/site-packages/dsr_example-0.0.0-py3.10.egg-info/SOURCES.txt
/home/minsuje/ros2_ws/install/dsr_example/lib/python3.10/site-packages/dsr_example-0.0.0-py3.10.egg-info/requires.txt
/home/minsuje/ros2_ws/install/dsr_example/lib/python3.10/site-packages/dsr_example-0.0.0-py3.10.egg-info/PKG-INFO
/home/minsuje/ros2_ws/install/dsr_example/lib/dsr_example/dance
/home/minsuje/ros2_ws/install/dsr_example/lib/dsr_example/single_robot_simple
