[0.647s] Invoking command in '/home/minsuje/rokey_ws/build/turtlebot4_beep': PYTHONPATH=/home/minsuje/rokey_ws/build/turtlebot4_beep/prefix_override:/usr/lib/python3/dist-packages/colcon_core/task/python/colcon_distutils_commands:/home/minsuje/rokey_ws/install/turtlebot4_beep/lib/python3.10/site-packages:${PYTHONPATH} /usr/bin/python3 -W ignore:setup.py install is deprecated -W ignore:easy_install command is deprecated setup.py develop --editable --build-directory /home/minsuje/rokey_ws/build/turtlebot4_beep/build --no-deps symlink_data
[0.818s] running develop
[0.931s] running egg_info
[0.931s] creating turtlebot4_beep.egg-info
[0.931s] writing turtlebot4_beep.egg-info/PKG-INFO
[0.931s] writing dependency_links to turtlebot4_beep.egg-info/dependency_links.txt
[0.932s] writing entry points to turtlebot4_beep.egg-info/entry_points.txt
[0.932s] writing requirements to turtlebot4_beep.egg-info/requires.txt
[0.932s] writing top-level names to turtlebot4_beep.egg-info/top_level.txt
[0.932s] writing manifest file 'turtlebot4_beep.egg-info/SOURCES.txt'
[0.932s] reading manifest file 'turtlebot4_beep.egg-info/SOURCES.txt'
[0.933s] writing manifest file 'turtlebot4_beep.egg-info/SOURCES.txt'
[0.934s] running build_ext
[0.934s] Creating /home/minsuje/rokey_ws/install/turtlebot4_beep/lib/python3.10/site-packages/turtlebot4-beep.egg-link (link to .)
[0.934s] Installing beep_node script to /home/minsuje/rokey_ws/install/turtlebot4_beep/lib/turtlebot4_beep
[0.934s] 
[0.934s] Installed /home/minsuje/rokey_ws/build/turtlebot4_beep
[0.934s] running symlink_data
[0.934s] creating /home/minsuje/rokey_ws/install/turtlebot4_beep/share/ament_index
[0.934s] creating /home/minsuje/rokey_ws/install/turtlebot4_beep/share/ament_index/resource_index
[0.934s] creating /home/minsuje/rokey_ws/install/turtlebot4_beep/share/ament_index/resource_index/packages
[0.934s] symbolically linking /home/minsuje/rokey_ws/build/turtlebot4_beep/resource/turtlebot4_beep -> /home/minsuje/rokey_ws/install/turtlebot4_beep/share/ament_index/resource_index/packages
[0.934s] symbolically linking /home/minsuje/rokey_ws/build/turtlebot4_beep/package.xml -> /home/minsuje/rokey_ws/install/turtlebot4_beep/share/turtlebot4_beep
[0.952s] Invoked command in '/home/minsuje/rokey_ws/build/turtlebot4_beep' returned '0': PYTHONPATH=/home/minsuje/rokey_ws/build/turtlebot4_beep/prefix_override:/usr/lib/python3/dist-packages/colcon_core/task/python/colcon_distutils_commands:/home/minsuje/rokey_ws/install/turtlebot4_beep/lib/python3.10/site-packages:${PYTHONPATH} /usr/bin/python3 -W ignore:setup.py install is deprecated -W ignore:easy_install command is deprecated setup.py develop --editable --build-directory /home/minsuje/rokey_ws/build/turtlebot4_beep/build --no-deps symlink_data
