running develop
running egg_info
creating arm_tutorial.egg-info
writing arm_tutorial.egg-info/PKG-INFO
writing dependency_links to arm_tutorial.egg-info/dependency_links.txt
writing entry points to arm_tutorial.egg-info/entry_points.txt
writing requirements to arm_tutorial.egg-info/requires.txt
writing top-level names to arm_tutorial.egg-info/top_level.txt
writing manifest file 'arm_tutorial.egg-info/SOURCES.txt'
reading manifest file 'arm_tutorial.egg-info/SOURCES.txt'
writing manifest file 'arm_tutorial.egg-info/SOURCES.txt'
running build_ext
Creating /home/minsuje/turtlebot3_ws/install/arm_tutorial/lib/python3.10/site-packages/arm-tutorial.egg-link (link to .)
Installing fake_driver script to /home/minsuje/turtlebot3_ws/install/arm_tutorial/lib/arm_tutorial

Installed /home/minsuje/turtlebot3_ws/build/arm_tutorial
running symlink_data
creating /home/minsuje/turtlebot3_ws/install/arm_tutorial/share/ament_index
creating /home/minsuje/turtlebot3_ws/install/arm_tutorial/share/ament_index/resource_index
creating /home/minsuje/turtlebot3_ws/install/arm_tutorial/share/ament_index/resource_index/packages
symbolically linking /home/minsuje/turtlebot3_ws/build/arm_tutorial/resource/arm_tutorial -> /home/minsuje/turtlebot3_ws/install/arm_tutorial/share/ament_index/resource_index/packages
symbolically linking /home/minsuje/turtlebot3_ws/build/arm_tutorial/package.xml -> /home/minsuje/turtlebot3_ws/install/arm_tutorial/share/arm_tutorial
creating /home/minsuje/turtlebot3_ws/install/arm_tutorial/share/arm_tutorial/launch
symbolically linking /home/minsuje/turtlebot3_ws/build/arm_tutorial/launch/arm.launch.py -> /home/minsuje/turtlebot3_ws/install/arm_tutorial/share/arm_tutorial/launch
symbolically linking /home/minsuje/turtlebot3_ws/build/arm_tutorial/launch/testbot.launch.py -> /home/minsuje/turtlebot3_ws/install/arm_tutorial/share/arm_tutorial/launch
symbolically linking /home/minsuje/turtlebot3_ws/build/arm_tutorial/launch/fake.launch.py -> /home/minsuje/turtlebot3_ws/install/arm_tutorial/share/arm_tutorial/launch
creating /home/minsuje/turtlebot3_ws/install/arm_tutorial/share/arm_tutorial/config
symbolically linking /home/minsuje/turtlebot3_ws/build/arm_tutorial/config/test.rviz -> /home/minsuje/turtlebot3_ws/install/arm_tutorial/share/arm_tutorial/config
symbolically linking /home/minsuje/turtlebot3_ws/build/arm_tutorial/config/odom.rviz -> /home/minsuje/turtlebot3_ws/install/arm_tutorial/share/arm_tutorial/config
symbolically linking /home/minsuje/turtlebot3_ws/build/arm_tutorial/config/arm.rviz -> /home/minsuje/turtlebot3_ws/install/arm_tutorial/share/arm_tutorial/config
creating /home/minsuje/turtlebot3_ws/install/arm_tutorial/share/arm_tutorial/urdf
symbolically linking /home/minsuje/turtlebot3_ws/build/arm_tutorial/urdf/four_dof.xacro -> /home/minsuje/turtlebot3_ws/install/arm_tutorial/share/arm_tutorial/urdf
symbolically linking /home/minsuje/turtlebot3_ws/build/arm_tutorial/urdf/arm.xacro -> /home/minsuje/turtlebot3_ws/install/arm_tutorial/share/arm_tutorial/urdf
symbolically linking /home/minsuje/turtlebot3_ws/build/arm_tutorial/urdf/gazebo.xacro -> /home/minsuje/turtlebot3_ws/install/arm_tutorial/share/arm_tutorial/urdf
symbolically linking /home/minsuje/turtlebot3_ws/build/arm_tutorial/urdf/arm.first.xacro -> /home/minsuje/turtlebot3_ws/install/arm_tutorial/share/arm_tutorial/urdf
symbolically linking /home/minsuje/turtlebot3_ws/build/arm_tutorial/urdf/five_dof_arm.xacro -> /home/minsuje/turtlebot3_ws/install/arm_tutorial/share/arm_tutorial/urdf
symbolically linking /home/minsuje/turtlebot3_ws/build/arm_tutorial/urdf/testbot.urdf.xacro -> /home/minsuje/turtlebot3_ws/install/arm_tutorial/share/arm_tutorial/urdf
symbolically linking /home/minsuje/turtlebot3_ws/build/arm_tutorial/urdf/arm.second.xacro -> /home/minsuje/turtlebot3_ws/install/arm_tutorial/share/arm_tutorial/urdf
