[2.515s] Invoking command in '/home/minsuje/turtlebot3_ws/build/arm_tutorial': PYTHONPATH=/home/minsuje/turtlebot3_ws/build/arm_tutorial/prefix_override:/usr/lib/python3/dist-packages/colcon_core/task/python/colcon_distutils_commands:/home/minsuje/turtlebot3_ws/install/arm_tutorial/lib/python3.10/site-packages:${PYTHONPATH} /usr/bin/python3 -W ignore:setup.py install is deprecated -W ignore:easy_install command is deprecated setup.py develop --editable --build-directory /home/minsuje/turtlebot3_ws/build/arm_tutorial/build --no-deps symlink_data
[3.264s] running develop
[3.264s] running egg_info
[3.265s] creating arm_tutorial.egg-info
[3.265s] writing arm_tutorial.egg-info/PKG-INFO
[3.265s] writing dependency_links to arm_tutorial.egg-info/dependency_links.txt
[3.265s] writing entry points to arm_tutorial.egg-info/entry_points.txt
[3.265s] writing requirements to arm_tutorial.egg-info/requires.txt
[3.265s] writing top-level names to arm_tutorial.egg-info/top_level.txt
[3.265s] writing manifest file 'arm_tutorial.egg-info/SOURCES.txt'
[3.265s] reading manifest file 'arm_tutorial.egg-info/SOURCES.txt'
[3.265s] writing manifest file 'arm_tutorial.egg-info/SOURCES.txt'
[3.323s] running build_ext
[3.323s] Creating /home/minsuje/turtlebot3_ws/install/arm_tutorial/lib/python3.10/site-packages/arm-tutorial.egg-link (link to .)
[3.324s] Installing fake_driver script to /home/minsuje/turtlebot3_ws/install/arm_tutorial/lib/arm_tutorial
[3.324s] 
[3.324s] Installed /home/minsuje/turtlebot3_ws/build/arm_tutorial
[3.324s] running symlink_data
[3.324s] creating /home/minsuje/turtlebot3_ws/install/arm_tutorial/share/ament_index
[3.324s] creating /home/minsuje/turtlebot3_ws/install/arm_tutorial/share/ament_index/resource_index
[3.324s] creating /home/minsuje/turtlebot3_ws/install/arm_tutorial/share/ament_index/resource_index/packages
[3.324s] symbolically linking /home/minsuje/turtlebot3_ws/build/arm_tutorial/resource/arm_tutorial -> /home/minsuje/turtlebot3_ws/install/arm_tutorial/share/ament_index/resource_index/packages
[3.324s] symbolically linking /home/minsuje/turtlebot3_ws/build/arm_tutorial/package.xml -> /home/minsuje/turtlebot3_ws/install/arm_tutorial/share/arm_tutorial
[3.324s] creating /home/minsuje/turtlebot3_ws/install/arm_tutorial/share/arm_tutorial/launch
[3.325s] symbolically linking /home/minsuje/turtlebot3_ws/build/arm_tutorial/launch/arm.launch.py -> /home/minsuje/turtlebot3_ws/install/arm_tutorial/share/arm_tutorial/launch
[3.325s] symbolically linking /home/minsuje/turtlebot3_ws/build/arm_tutorial/launch/testbot.launch.py -> /home/minsuje/turtlebot3_ws/install/arm_tutorial/share/arm_tutorial/launch
[3.325s] symbolically linking /home/minsuje/turtlebot3_ws/build/arm_tutorial/launch/fake.launch.py -> /home/minsuje/turtlebot3_ws/install/arm_tutorial/share/arm_tutorial/launch
[3.325s] creating /home/minsuje/turtlebot3_ws/install/arm_tutorial/share/arm_tutorial/config
[3.325s] symbolically linking /home/minsuje/turtlebot3_ws/build/arm_tutorial/config/test.rviz -> /home/minsuje/turtlebot3_ws/install/arm_tutorial/share/arm_tutorial/config
[3.325s] symbolically linking /home/minsuje/turtlebot3_ws/build/arm_tutorial/config/odom.rviz -> /home/minsuje/turtlebot3_ws/install/arm_tutorial/share/arm_tutorial/config
[3.325s] symbolically linking /home/minsuje/turtlebot3_ws/build/arm_tutorial/config/arm.rviz -> /home/minsuje/turtlebot3_ws/install/arm_tutorial/share/arm_tutorial/config
[3.325s] creating /home/minsuje/turtlebot3_ws/install/arm_tutorial/share/arm_tutorial/urdf
[3.325s] symbolically linking /home/minsuje/turtlebot3_ws/build/arm_tutorial/urdf/four_dof.xacro -> /home/minsuje/turtlebot3_ws/install/arm_tutorial/share/arm_tutorial/urdf
[3.325s] symbolically linking /home/minsuje/turtlebot3_ws/build/arm_tutorial/urdf/arm.xacro -> /home/minsuje/turtlebot3_ws/install/arm_tutorial/share/arm_tutorial/urdf
[3.325s] symbolically linking /home/minsuje/turtlebot3_ws/build/arm_tutorial/urdf/gazebo.xacro -> /home/minsuje/turtlebot3_ws/install/arm_tutorial/share/arm_tutorial/urdf
[3.325s] symbolically linking /home/minsuje/turtlebot3_ws/build/arm_tutorial/urdf/arm.first.xacro -> /home/minsuje/turtlebot3_ws/install/arm_tutorial/share/arm_tutorial/urdf
[3.328s] symbolically linking /home/minsuje/turtlebot3_ws/build/arm_tutorial/urdf/five_dof_arm.xacro -> /home/minsuje/turtlebot3_ws/install/arm_tutorial/share/arm_tutorial/urdf
[3.328s] symbolically linking /home/minsuje/turtlebot3_ws/build/arm_tutorial/urdf/testbot.urdf.xacro -> /home/minsuje/turtlebot3_ws/install/arm_tutorial/share/arm_tutorial/urdf
[3.328s] symbolically linking /home/minsuje/turtlebot3_ws/build/arm_tutorial/urdf/arm.second.xacro -> /home/minsuje/turtlebot3_ws/install/arm_tutorial/share/arm_tutorial/urdf
[3.384s] Invoked command in '/home/minsuje/turtlebot3_ws/build/arm_tutorial' returned '0': PYTHONPATH=/home/minsuje/turtlebot3_ws/build/arm_tutorial/prefix_override:/usr/lib/python3/dist-packages/colcon_core/task/python/colcon_distutils_commands:/home/minsuje/turtlebot3_ws/install/arm_tutorial/lib/python3.10/site-packages:${PYTHONPATH} /usr/bin/python3 -W ignore:setup.py install is deprecated -W ignore:easy_install command is deprecated setup.py develop --editable --build-directory /home/minsuje/turtlebot3_ws/build/arm_tutorial/build --no-deps symlink_data
