/home/minsuje/ros2_ws/install/rokey/lib/python3.10/site-packages/rokey/__init__.py
/home/minsuje/ros2_ws/install/rokey/lib/python3.10/site-packages/rokey/basic/get_current_pos.py
/home/minsuje/ros2_ws/install/rokey/lib/python3.10/site-packages/rokey/basic/movesx_test.py
/home/minsuje/ros2_ws/install/rokey/lib/python3.10/site-packages/rokey/basic/move_periodic.py
/home/minsuje/ros2_ws/install/rokey/lib/python3.10/site-packages/rokey/basic/__init__.py
/home/minsuje/ros2_ws/install/rokey/lib/python3.10/site-packages/rokey/basic/amove_test.py
/home/minsuje/ros2_ws/install/rokey/lib/python3.10/site-packages/rokey/basic/jog_complete.py
/home/minsuje/ros2_ws/install/rokey/lib/python3.10/site-packages/rokey/basic/data_recording.py
/home/minsuje/ros2_ws/install/rokey/lib/python3.10/site-packages/rokey/basic/grip.py
/home/minsuje/ros2_ws/install/rokey/lib/python3.10/site-packages/rokey/basic/getting_position.py
/home/minsuje/ros2_ws/install/rokey/lib/python3.10/site-packages/rokey/basic/force_control.py
/home/minsuje/ros2_ws/install/rokey/lib/python3.10/site-packages/rokey/basic/move.py
/home/minsuje/ros2_ws/install/rokey/lib/python3.10/site-packages/rokey/__pycache__/__init__.cpython-310.pyc
/home/minsuje/ros2_ws/install/rokey/lib/python3.10/site-packages/rokey/basic/__pycache__/get_current_pos.cpython-310.pyc
/home/minsuje/ros2_ws/install/rokey/lib/python3.10/site-packages/rokey/basic/__pycache__/movesx_test.cpython-310.pyc
/home/minsuje/ros2_ws/install/rokey/lib/python3.10/site-packages/rokey/basic/__pycache__/move_periodic.cpython-310.pyc
/home/minsuje/ros2_ws/install/rokey/lib/python3.10/site-packages/rokey/basic/__pycache__/__init__.cpython-310.pyc
/home/minsuje/ros2_ws/install/rokey/lib/python3.10/site-packages/rokey/basic/__pycache__/amove_test.cpython-310.pyc
/home/minsuje/ros2_ws/install/rokey/lib/python3.10/site-packages/rokey/basic/__pycache__/jog_complete.cpython-310.pyc
/home/minsuje/ros2_ws/install/rokey/lib/python3.10/site-packages/rokey/basic/__pycache__/data_recording.cpython-310.pyc
/home/minsuje/ros2_ws/install/rokey/lib/python3.10/site-packages/rokey/basic/__pycache__/grip.cpython-310.pyc
/home/minsuje/ros2_ws/install/rokey/lib/python3.10/site-packages/rokey/basic/__pycache__/getting_position.cpython-310.pyc
/home/minsuje/ros2_ws/install/rokey/lib/python3.10/site-packages/rokey/basic/__pycache__/force_control.cpython-310.pyc
/home/minsuje/ros2_ws/install/rokey/lib/python3.10/site-packages/rokey/basic/__pycache__/move.cpython-310.pyc
/home/minsuje/ros2_ws/install/rokey/share/ament_index/resource_index/packages/rokey
/home/minsuje/ros2_ws/install/rokey/share/rokey/package.xml
/home/minsuje/ros2_ws/install/rokey/lib/python3.10/site-packages/rokey-0.0.0-py3.10.egg-info/entry_points.txt
/home/minsuje/ros2_ws/install/rokey/lib/python3.10/site-packages/rokey-0.0.0-py3.10.egg-info/dependency_links.txt
/home/minsuje/ros2_ws/install/rokey/lib/python3.10/site-packages/rokey-0.0.0-py3.10.egg-info/zip-safe
/home/minsuje/ros2_ws/install/rokey/lib/python3.10/site-packages/rokey-0.0.0-py3.10.egg-info/top_level.txt
/home/minsuje/ros2_ws/install/rokey/lib/python3.10/site-packages/rokey-0.0.0-py3.10.egg-info/SOURCES.txt
/home/minsuje/ros2_ws/install/rokey/lib/python3.10/site-packages/rokey-0.0.0-py3.10.egg-info/requires.txt
/home/minsuje/ros2_ws/install/rokey/lib/python3.10/site-packages/rokey-0.0.0-py3.10.egg-info/PKG-INFO
/home/minsuje/ros2_ws/install/rokey/lib/rokey/data_recording
/home/minsuje/ros2_ws/install/rokey/lib/rokey/force_control
/home/minsuje/ros2_ws/install/rokey/lib/rokey/get_current_pos
/home/minsuje/ros2_ws/install/rokey/lib/rokey/getting_position
/home/minsuje/ros2_ws/install/rokey/lib/rokey/grip
/home/minsuje/ros2_ws/install/rokey/lib/rokey/jog
/home/minsuje/ros2_ws/install/rokey/lib/rokey/move_periodic
/home/minsuje/ros2_ws/install/rokey/lib/rokey/simple_amove
/home/minsuje/ros2_ws/install/rokey/lib/rokey/simple_move
/home/minsuje/ros2_ws/install/rokey/lib/rokey/simple_movesx
