[1.481s] Invoking command in '/home/minsuje/ros2_ws/build/dsr_example': AMENT_PREFIX_PATH=/home/minsuje/ros2_ws/install/dsr_common2:${AMENT_PREFIX_PATH} CMAKE_PREFIX_PATH=/home/minsuje/ros2_ws/install/dsr_common2 PYTHONPATH=/home/minsuje/ros2_ws/build/dsr_example/prefix_override:/usr/lib/python3/dist-packages/colcon_core/task/python/colcon_distutils_commands:/home/minsuje/ros2_ws/install/dsr_example/lib/python3.10/site-packages:${PYTHONPATH} /usr/bin/python3 -W ignore:setup.py install is deprecated -W ignore:easy_install command is deprecated setup.py develop --editable --build-directory /home/minsuje/ros2_ws/build/dsr_example/build --no-deps symlink_data
[1.977s] running develop
[2.387s] running egg_info
[2.387s] creating dsr_example.egg-info
[2.387s] writing dsr_example.egg-info/PKG-INFO
[2.387s] writing dependency_links to dsr_example.egg-info/dependency_links.txt
[2.387s] writing entry points to dsr_example.egg-info/entry_points.txt
[2.388s] writing requirements to dsr_example.egg-info/requires.txt
[2.388s] writing top-level names to dsr_example.egg-info/top_level.txt
[2.388s] writing manifest file 'dsr_example.egg-info/SOURCES.txt'
[2.390s] reading manifest file 'dsr_example.egg-info/SOURCES.txt'
[2.391s] writing manifest file 'dsr_example.egg-info/SOURCES.txt'
[2.438s] running build_ext
[2.439s] Creating /home/minsuje/ros2_ws/install/dsr_example/lib/python3.10/site-packages/dsr-example.egg-link (link to .)
[2.440s] Installing dance script to /home/minsuje/ros2_ws/install/dsr_example/lib/dsr_example
[2.440s] Installing single_robot_simple script to /home/minsuje/ros2_ws/install/dsr_example/lib/dsr_example
[2.440s] 
[2.440s] Installed /home/minsuje/ros2_ws/build/dsr_example
[2.440s] running symlink_data
[2.440s] creating /home/minsuje/ros2_ws/install/dsr_example/share/ament_index
[2.440s] creating /home/minsuje/ros2_ws/install/dsr_example/share/ament_index/resource_index
[2.440s] creating /home/minsuje/ros2_ws/install/dsr_example/share/ament_index/resource_index/packages
[2.441s] symbolically linking /home/minsuje/ros2_ws/build/dsr_example/resource/dsr_example -> /home/minsuje/ros2_ws/install/dsr_example/share/ament_index/resource_index/packages
[2.441s] symbolically linking /home/minsuje/ros2_ws/build/dsr_example/package.xml -> /home/minsuje/ros2_ws/install/dsr_example/share/dsr_example
[2.494s] Invoked command in '/home/minsuje/ros2_ws/build/dsr_example' returned '0': AMENT_PREFIX_PATH=/home/minsuje/ros2_ws/install/dsr_common2:${AMENT_PREFIX_PATH} CMAKE_PREFIX_PATH=/home/minsuje/ros2_ws/install/dsr_common2 PYTHONPATH=/home/minsuje/ros2_ws/build/dsr_example/prefix_override:/usr/lib/python3/dist-packages/colcon_core/task/python/colcon_distutils_commands:/home/minsuje/ros2_ws/install/dsr_example/lib/python3.10/site-packages:${PYTHONPATH} /usr/bin/python3 -W ignore:setup.py install is deprecated -W ignore:easy_install command is deprecated setup.py develop --editable --build-directory /home/minsuje/ros2_ws/build/dsr_example/build --no-deps symlink_data
