[0.048s] DEBUG:colcon:Command line arguments: ['/usr/bin/colcon', 'build', '--packages-select', 'explore_lite']
[0.048s] DEBUG:colcon:Parsed command line arguments: Namespace(log_base=None, log_level=None, verb_name='build', build_base='build', install_base='install', merge_install=False, symlink_install=False, test_result_base=None, continue_on_error=False, executor='parallel', parallel_workers=32, event_handlers=None, ignore_user_meta=False, metas=['./colcon.meta'], base_paths=['.'], packages_ignore=None, packages_ignore_regex=None, paths=None, packages_up_to=None, packages_up_to_regex=None, packages_above=None, packages_above_and_dependencies=None, packages_above_depth=None, packages_select_by_dep=None, packages_skip_by_dep=None, packages_skip_up_to=None, packages_select_build_failed=False, packages_skip_build_finished=False, packages_select_test_failures=False, packages_skip_test_passed=False, packages_select=['explore_lite'], packages_skip=None, packages_select_regex=None, packages_skip_regex=None, packages_start=None, packages_end=None, allow_overriding=[], cmake_args=None, cmake_target=None, cmake_target_skip_unavailable=False, cmake_clean_cache=False, cmake_clean_first=False, cmake_force_configure=False, ament_cmake_args=None, catkin_cmake_args=None, catkin_skip_building_tests=False, verb_parser=<colcon_defaults.argument_parser.defaults.DefaultArgumentsDecorator object at 0x774227852e00>, verb_extension=<colcon_core.verb.build.BuildVerb object at 0x7742279bc8b0>, main=<bound method BuildVerb.main of <colcon_core.verb.build.BuildVerb object at 0x7742279bc8b0>>)
[0.141s] Level 1:colcon.colcon_core.package_discovery:discover_packages(colcon_meta) check parameters
[0.141s] Level 1:colcon.colcon_core.package_discovery:discover_packages(recursive) check parameters
[0.141s] Level 1:colcon.colcon_core.package_discovery:discover_packages(ignore) check parameters
[0.141s] Level 1:colcon.colcon_core.package_discovery:discover_packages(path) check parameters
[0.141s] Level 1:colcon.colcon_core.package_discovery:discover_packages(colcon_meta) discover
[0.141s] Level 1:colcon.colcon_core.package_discovery:discover_packages(recursive) discover
[0.141s] INFO:colcon.colcon_core.package_discovery:Crawling recursively for packages in '/home/minsuje/rokey_ws'
[0.141s] Level 1:colcon.colcon_core.package_identification:_identify(.) by extensions ['ignore', 'ignore_ament_install']
[0.141s] Level 1:colcon.colcon_core.package_identification:_identify(.) by extension 'ignore'
[0.141s] Level 1:colcon.colcon_core.package_identification:_identify(.) by extension 'ignore_ament_install'
[0.141s] Level 1:colcon.colcon_core.package_identification:_identify(.) by extensions ['colcon_pkg']
[0.141s] Level 1:colcon.colcon_core.package_identification:_identify(.) by extension 'colcon_pkg'
[0.141s] Level 1:colcon.colcon_core.package_identification:_identify(.) by extensions ['colcon_meta']
[0.141s] Level 1:colcon.colcon_core.package_identification:_identify(.) by extension 'colcon_meta'
[0.141s] Level 1:colcon.colcon_core.package_identification:_identify(.) by extensions ['ros']
[0.141s] Level 1:colcon.colcon_core.package_identification:_identify(.) by extension 'ros'
[0.149s] Level 1:colcon.colcon_core.package_identification:_identify(.) by extensions ['cmake', 'python']
[0.149s] Level 1:colcon.colcon_core.package_identification:_identify(.) by extension 'cmake'
[0.149s] Level 1:colcon.colcon_core.package_identification:_identify(.) by extension 'python'
[0.149s] Level 1:colcon.colcon_core.package_identification:_identify(.) by extensions ['python_setup_py']
[0.149s] Level 1:colcon.colcon_core.package_identification:_identify(.) by extension 'python_setup_py'
[0.149s] Level 1:colcon.colcon_core.package_identification:_identify(build) by extensions ['ignore', 'ignore_ament_install']
[0.149s] Level 1:colcon.colcon_core.package_identification:_identify(build) by extension 'ignore'
[0.149s] Level 1:colcon.colcon_core.package_identification:_identify(build) ignored
[0.149s] Level 1:colcon.colcon_core.package_identification:_identify(images) by extensions ['ignore', 'ignore_ament_install']
[0.149s] Level 1:colcon.colcon_core.package_identification:_identify(images) by extension 'ignore'
[0.149s] Level 1:colcon.colcon_core.package_identification:_identify(images) by extension 'ignore_ament_install'
[0.149s] Level 1:colcon.colcon_core.package_identification:_identify(images) by extensions ['colcon_pkg']
[0.149s] Level 1:colcon.colcon_core.package_identification:_identify(images) by extension 'colcon_pkg'
[0.149s] Level 1:colcon.colcon_core.package_identification:_identify(images) by extensions ['colcon_meta']
[0.149s] Level 1:colcon.colcon_core.package_identification:_identify(images) by extension 'colcon_meta'
[0.149s] Level 1:colcon.colcon_core.package_identification:_identify(images) by extensions ['ros']
[0.149s] Level 1:colcon.colcon_core.package_identification:_identify(images) by extension 'ros'
[0.149s] Level 1:colcon.colcon_core.package_identification:_identify(images) by extensions ['cmake', 'python']
[0.149s] Level 1:colcon.colcon_core.package_identification:_identify(images) by extension 'cmake'
[0.149s] Level 1:colcon.colcon_core.package_identification:_identify(images) by extension 'python'
[0.149s] Level 1:colcon.colcon_core.package_identification:_identify(images) by extensions ['python_setup_py']
[0.149s] Level 1:colcon.colcon_core.package_identification:_identify(images) by extension 'python_setup_py'
[0.149s] Level 1:colcon.colcon_core.package_identification:_identify(img_640) by extensions ['ignore', 'ignore_ament_install']
[0.150s] Level 1:colcon.colcon_core.package_identification:_identify(img_640) by extension 'ignore'
[0.150s] Level 1:colcon.colcon_core.package_identification:_identify(img_640) by extension 'ignore_ament_install'
[0.150s] Level 1:colcon.colcon_core.package_identification:_identify(img_640) by extensions ['colcon_pkg']
[0.150s] Level 1:colcon.colcon_core.package_identification:_identify(img_640) by extension 'colcon_pkg'
[0.150s] Level 1:colcon.colcon_core.package_identification:_identify(img_640) by extensions ['colcon_meta']
[0.150s] Level 1:colcon.colcon_core.package_identification:_identify(img_640) by extension 'colcon_meta'
[0.150s] Level 1:colcon.colcon_core.package_identification:_identify(img_640) by extensions ['ros']
[0.150s] Level 1:colcon.colcon_core.package_identification:_identify(img_640) by extension 'ros'
[0.150s] Level 1:colcon.colcon_core.package_identification:_identify(img_640) by extensions ['cmake', 'python']
[0.150s] Level 1:colcon.colcon_core.package_identification:_identify(img_640) by extension 'cmake'
[0.150s] Level 1:colcon.colcon_core.package_identification:_identify(img_640) by extension 'python'
[0.150s] Level 1:colcon.colcon_core.package_identification:_identify(img_640) by extensions ['python_setup_py']
[0.150s] Level 1:colcon.colcon_core.package_identification:_identify(img_640) by extension 'python_setup_py'
[0.150s] Level 1:colcon.colcon_core.package_identification:_identify(img_capture) by extensions ['ignore', 'ignore_ament_install']
[0.150s] Level 1:colcon.colcon_core.package_identification:_identify(img_capture) by extension 'ignore'
[0.150s] Level 1:colcon.colcon_core.package_identification:_identify(img_capture) by extension 'ignore_ament_install'
[0.150s] Level 1:colcon.colcon_core.package_identification:_identify(img_capture) by extensions ['colcon_pkg']
[0.150s] Level 1:colcon.colcon_core.package_identification:_identify(img_capture) by extension 'colcon_pkg'
[0.150s] Level 1:colcon.colcon_core.package_identification:_identify(img_capture) by extensions ['colcon_meta']
[0.150s] Level 1:colcon.colcon_core.package_identification:_identify(img_capture) by extension 'colcon_meta'
[0.150s] Level 1:colcon.colcon_core.package_identification:_identify(img_capture) by extensions ['ros']
[0.150s] Level 1:colcon.colcon_core.package_identification:_identify(img_capture) by extension 'ros'
[0.150s] Level 1:colcon.colcon_core.package_identification:_identify(img_capture) by extensions ['cmake', 'python']
[0.150s] Level 1:colcon.colcon_core.package_identification:_identify(img_capture) by extension 'cmake'
[0.150s] Level 1:colcon.colcon_core.package_identification:_identify(img_capture) by extension 'python'
[0.150s] Level 1:colcon.colcon_core.package_identification:_identify(img_capture) by extensions ['python_setup_py']
[0.150s] Level 1:colcon.colcon_core.package_identification:_identify(img_capture) by extension 'python_setup_py'
[0.150s] Level 1:colcon.colcon_core.package_identification:_identify(img_capture_split) by extensions ['ignore', 'ignore_ament_install']
[0.150s] Level 1:colcon.colcon_core.package_identification:_identify(img_capture_split) by extension 'ignore'
[0.150s] Level 1:colcon.colcon_core.package_identification:_identify(img_capture_split) by extension 'ignore_ament_install'
[0.150s] Level 1:colcon.colcon_core.package_identification:_identify(img_capture_split) by extensions ['colcon_pkg']
[0.150s] Level 1:colcon.colcon_core.package_identification:_identify(img_capture_split) by extension 'colcon_pkg'
[0.150s] Level 1:colcon.colcon_core.package_identification:_identify(img_capture_split) by extensions ['colcon_meta']
[0.150s] Level 1:colcon.colcon_core.package_identification:_identify(img_capture_split) by extension 'colcon_meta'
[0.150s] Level 1:colcon.colcon_core.package_identification:_identify(img_capture_split) by extensions ['ros']
[0.150s] Level 1:colcon.colcon_core.package_identification:_identify(img_capture_split) by extension 'ros'
[0.150s] Level 1:colcon.colcon_core.package_identification:_identify(img_capture_split) by extensions ['cmake', 'python']
[0.150s] Level 1:colcon.colcon_core.package_identification:_identify(img_capture_split) by extension 'cmake'
[0.150s] Level 1:colcon.colcon_core.package_identification:_identify(img_capture_split) by extension 'python'
[0.150s] Level 1:colcon.colcon_core.package_identification:_identify(img_capture_split) by extensions ['python_setup_py']
[0.150s] Level 1:colcon.colcon_core.package_identification:_identify(img_capture_split) by extension 'python_setup_py'
[0.150s] Level 1:colcon.colcon_core.package_identification:_identify(img_capture_split/test) by extensions ['ignore', 'ignore_ament_install']
[0.150s] Level 1:colcon.colcon_core.package_identification:_identify(img_capture_split/test) by extension 'ignore'
[0.150s] Level 1:colcon.colcon_core.package_identification:_identify(img_capture_split/test) by extension 'ignore_ament_install'
[0.150s] Level 1:colcon.colcon_core.package_identification:_identify(img_capture_split/test) by extensions ['colcon_pkg']
[0.150s] Level 1:colcon.colcon_core.package_identification:_identify(img_capture_split/test) by extension 'colcon_pkg'
[0.150s] Level 1:colcon.colcon_core.package_identification:_identify(img_capture_split/test) by extensions ['colcon_meta']
[0.150s] Level 1:colcon.colcon_core.package_identification:_identify(img_capture_split/test) by extension 'colcon_meta'
[0.150s] Level 1:colcon.colcon_core.package_identification:_identify(img_capture_split/test) by extensions ['ros']
[0.150s] Level 1:colcon.colcon_core.package_identification:_identify(img_capture_split/test) by extension 'ros'
[0.150s] Level 1:colcon.colcon_core.package_identification:_identify(img_capture_split/test) by extensions ['cmake', 'python']
[0.150s] Level 1:colcon.colcon_core.package_identification:_identify(img_capture_split/test) by extension 'cmake'
[0.150s] Level 1:colcon.colcon_core.package_identification:_identify(img_capture_split/test) by extension 'python'
[0.150s] Level 1:colcon.colcon_core.package_identification:_identify(img_capture_split/test) by extensions ['python_setup_py']
[0.150s] Level 1:colcon.colcon_core.package_identification:_identify(img_capture_split/test) by extension 'python_setup_py'
[0.150s] Level 1:colcon.colcon_core.package_identification:_identify(img_capture_split/test/images) by extensions ['ignore', 'ignore_ament_install']
[0.150s] Level 1:colcon.colcon_core.package_identification:_identify(img_capture_split/test/images) by extension 'ignore'
[0.150s] Level 1:colcon.colcon_core.package_identification:_identify(img_capture_split/test/images) by extension 'ignore_ament_install'
[0.150s] Level 1:colcon.colcon_core.package_identification:_identify(img_capture_split/test/images) by extensions ['colcon_pkg']
[0.151s] Level 1:colcon.colcon_core.package_identification:_identify(img_capture_split/test/images) by extension 'colcon_pkg'
[0.151s] Level 1:colcon.colcon_core.package_identification:_identify(img_capture_split/test/images) by extensions ['colcon_meta']
[0.151s] Level 1:colcon.colcon_core.package_identification:_identify(img_capture_split/test/images) by extension 'colcon_meta'
[0.151s] Level 1:colcon.colcon_core.package_identification:_identify(img_capture_split/test/images) by extensions ['ros']
[0.151s] Level 1:colcon.colcon_core.package_identification:_identify(img_capture_split/test/images) by extension 'ros'
[0.151s] Level 1:colcon.colcon_core.package_identification:_identify(img_capture_split/test/images) by extensions ['cmake', 'python']
[0.151s] Level 1:colcon.colcon_core.package_identification:_identify(img_capture_split/test/images) by extension 'cmake'
[0.151s] Level 1:colcon.colcon_core.package_identification:_identify(img_capture_split/test/images) by extension 'python'
[0.151s] Level 1:colcon.colcon_core.package_identification:_identify(img_capture_split/test/images) by extensions ['python_setup_py']
[0.151s] Level 1:colcon.colcon_core.package_identification:_identify(img_capture_split/test/images) by extension 'python_setup_py'
[0.151s] Level 1:colcon.colcon_core.package_identification:_identify(img_capture_split/test/labels) by extensions ['ignore', 'ignore_ament_install']
[0.151s] Level 1:colcon.colcon_core.package_identification:_identify(img_capture_split/test/labels) by extension 'ignore'
[0.151s] Level 1:colcon.colcon_core.package_identification:_identify(img_capture_split/test/labels) by extension 'ignore_ament_install'
[0.151s] Level 1:colcon.colcon_core.package_identification:_identify(img_capture_split/test/labels) by extensions ['colcon_pkg']
[0.151s] Level 1:colcon.colcon_core.package_identification:_identify(img_capture_split/test/labels) by extension 'colcon_pkg'
[0.151s] Level 1:colcon.colcon_core.package_identification:_identify(img_capture_split/test/labels) by extensions ['colcon_meta']
[0.151s] Level 1:colcon.colcon_core.package_identification:_identify(img_capture_split/test/labels) by extension 'colcon_meta'
[0.151s] Level 1:colcon.colcon_core.package_identification:_identify(img_capture_split/test/labels) by extensions ['ros']
[0.151s] Level 1:colcon.colcon_core.package_identification:_identify(img_capture_split/test/labels) by extension 'ros'
[0.151s] Level 1:colcon.colcon_core.package_identification:_identify(img_capture_split/test/labels) by extensions ['cmake', 'python']
[0.151s] Level 1:colcon.colcon_core.package_identification:_identify(img_capture_split/test/labels) by extension 'cmake'
[0.151s] Level 1:colcon.colcon_core.package_identification:_identify(img_capture_split/test/labels) by extension 'python'
[0.151s] Level 1:colcon.colcon_core.package_identification:_identify(img_capture_split/test/labels) by extensions ['python_setup_py']
[0.151s] Level 1:colcon.colcon_core.package_identification:_identify(img_capture_split/test/labels) by extension 'python_setup_py'
[0.151s] Level 1:colcon.colcon_core.package_identification:_identify(img_capture_split/train) by extensions ['ignore', 'ignore_ament_install']
[0.151s] Level 1:colcon.colcon_core.package_identification:_identify(img_capture_split/train) by extension 'ignore'
[0.151s] Level 1:colcon.colcon_core.package_identification:_identify(img_capture_split/train) by extension 'ignore_ament_install'
[0.151s] Level 1:colcon.colcon_core.package_identification:_identify(img_capture_split/train) by extensions ['colcon_pkg']
[0.151s] Level 1:colcon.colcon_core.package_identification:_identify(img_capture_split/train) by extension 'colcon_pkg'
[0.151s] Level 1:colcon.colcon_core.package_identification:_identify(img_capture_split/train) by extensions ['colcon_meta']
[0.151s] Level 1:colcon.colcon_core.package_identification:_identify(img_capture_split/train) by extension 'colcon_meta'
[0.151s] Level 1:colcon.colcon_core.package_identification:_identify(img_capture_split/train) by extensions ['ros']
[0.151s] Level 1:colcon.colcon_core.package_identification:_identify(img_capture_split/train) by extension 'ros'
[0.151s] Level 1:colcon.colcon_core.package_identification:_identify(img_capture_split/train) by extensions ['cmake', 'python']
[0.151s] Level 1:colcon.colcon_core.package_identification:_identify(img_capture_split/train) by extension 'cmake'
[0.151s] Level 1:colcon.colcon_core.package_identification:_identify(img_capture_split/train) by extension 'python'
[0.151s] Level 1:colcon.colcon_core.package_identification:_identify(img_capture_split/train) by extensions ['python_setup_py']
[0.151s] Level 1:colcon.colcon_core.package_identification:_identify(img_capture_split/train) by extension 'python_setup_py'
[0.151s] Level 1:colcon.colcon_core.package_identification:_identify(img_capture_split/train/images) by extensions ['ignore', 'ignore_ament_install']
[0.151s] Level 1:colcon.colcon_core.package_identification:_identify(img_capture_split/train/images) by extension 'ignore'
[0.151s] Level 1:colcon.colcon_core.package_identification:_identify(img_capture_split/train/images) by extension 'ignore_ament_install'
[0.151s] Level 1:colcon.colcon_core.package_identification:_identify(img_capture_split/train/images) by extensions ['colcon_pkg']
[0.151s] Level 1:colcon.colcon_core.package_identification:_identify(img_capture_split/train/images) by extension 'colcon_pkg'
[0.151s] Level 1:colcon.colcon_core.package_identification:_identify(img_capture_split/train/images) by extensions ['colcon_meta']
[0.151s] Level 1:colcon.colcon_core.package_identification:_identify(img_capture_split/train/images) by extension 'colcon_meta'
[0.151s] Level 1:colcon.colcon_core.package_identification:_identify(img_capture_split/train/images) by extensions ['ros']
[0.151s] Level 1:colcon.colcon_core.package_identification:_identify(img_capture_split/train/images) by extension 'ros'
[0.151s] Level 1:colcon.colcon_core.package_identification:_identify(img_capture_split/train/images) by extensions ['cmake', 'python']
[0.151s] Level 1:colcon.colcon_core.package_identification:_identify(img_capture_split/train/images) by extension 'cmake'
[0.151s] Level 1:colcon.colcon_core.package_identification:_identify(img_capture_split/train/images) by extension 'python'
[0.151s] Level 1:colcon.colcon_core.package_identification:_identify(img_capture_split/train/images) by extensions ['python_setup_py']
[0.151s] Level 1:colcon.colcon_core.package_identification:_identify(img_capture_split/train/images) by extension 'python_setup_py'
[0.151s] Level 1:colcon.colcon_core.package_identification:_identify(img_capture_split/train/labels) by extensions ['ignore', 'ignore_ament_install']
[0.151s] Level 1:colcon.colcon_core.package_identification:_identify(img_capture_split/train/labels) by extension 'ignore'
[0.151s] Level 1:colcon.colcon_core.package_identification:_identify(img_capture_split/train/labels) by extension 'ignore_ament_install'
[0.151s] Level 1:colcon.colcon_core.package_identification:_identify(img_capture_split/train/labels) by extensions ['colcon_pkg']
[0.151s] Level 1:colcon.colcon_core.package_identification:_identify(img_capture_split/train/labels) by extension 'colcon_pkg'
[0.151s] Level 1:colcon.colcon_core.package_identification:_identify(img_capture_split/train/labels) by extensions ['colcon_meta']
[0.151s] Level 1:colcon.colcon_core.package_identification:_identify(img_capture_split/train/labels) by extension 'colcon_meta'
[0.151s] Level 1:colcon.colcon_core.package_identification:_identify(img_capture_split/train/labels) by extensions ['ros']
[0.151s] Level 1:colcon.colcon_core.package_identification:_identify(img_capture_split/train/labels) by extension 'ros'
[0.152s] Level 1:colcon.colcon_core.package_identification:_identify(img_capture_split/train/labels) by extensions ['cmake', 'python']
[0.152s] Level 1:colcon.colcon_core.package_identification:_identify(img_capture_split/train/labels) by extension 'cmake'
[0.152s] Level 1:colcon.colcon_core.package_identification:_identify(img_capture_split/train/labels) by extension 'python'
[0.152s] Level 1:colcon.colcon_core.package_identification:_identify(img_capture_split/train/labels) by extensions ['python_setup_py']
[0.152s] Level 1:colcon.colcon_core.package_identification:_identify(img_capture_split/train/labels) by extension 'python_setup_py'
[0.152s] Level 1:colcon.colcon_core.package_identification:_identify(img_capture_split/val) by extensions ['ignore', 'ignore_ament_install']
[0.152s] Level 1:colcon.colcon_core.package_identification:_identify(img_capture_split/val) by extension 'ignore'
[0.152s] Level 1:colcon.colcon_core.package_identification:_identify(img_capture_split/val) by extension 'ignore_ament_install'
[0.152s] Level 1:colcon.colcon_core.package_identification:_identify(img_capture_split/val) by extensions ['colcon_pkg']
[0.152s] Level 1:colcon.colcon_core.package_identification:_identify(img_capture_split/val) by extension 'colcon_pkg'
[0.152s] Level 1:colcon.colcon_core.package_identification:_identify(img_capture_split/val) by extensions ['colcon_meta']
[0.152s] Level 1:colcon.colcon_core.package_identification:_identify(img_capture_split/val) by extension 'colcon_meta'
[0.152s] Level 1:colcon.colcon_core.package_identification:_identify(img_capture_split/val) by extensions ['ros']
[0.152s] Level 1:colcon.colcon_core.package_identification:_identify(img_capture_split/val) by extension 'ros'
[0.152s] Level 1:colcon.colcon_core.package_identification:_identify(img_capture_split/val) by extensions ['cmake', 'python']
[0.152s] Level 1:colcon.colcon_core.package_identification:_identify(img_capture_split/val) by extension 'cmake'
[0.152s] Level 1:colcon.colcon_core.package_identification:_identify(img_capture_split/val) by extension 'python'
[0.152s] Level 1:colcon.colcon_core.package_identification:_identify(img_capture_split/val) by extensions ['python_setup_py']
[0.152s] Level 1:colcon.colcon_core.package_identification:_identify(img_capture_split/val) by extension 'python_setup_py'
[0.152s] Level 1:colcon.colcon_core.package_identification:_identify(img_capture_split/val/images) by extensions ['ignore', 'ignore_ament_install']
[0.152s] Level 1:colcon.colcon_core.package_identification:_identify(img_capture_split/val/images) by extension 'ignore'
[0.152s] Level 1:colcon.colcon_core.package_identification:_identify(img_capture_split/val/images) by extension 'ignore_ament_install'
[0.152s] Level 1:colcon.colcon_core.package_identification:_identify(img_capture_split/val/images) by extensions ['colcon_pkg']
[0.152s] Level 1:colcon.colcon_core.package_identification:_identify(img_capture_split/val/images) by extension 'colcon_pkg'
[0.152s] Level 1:colcon.colcon_core.package_identification:_identify(img_capture_split/val/images) by extensions ['colcon_meta']
[0.152s] Level 1:colcon.colcon_core.package_identification:_identify(img_capture_split/val/images) by extension 'colcon_meta'
[0.152s] Level 1:colcon.colcon_core.package_identification:_identify(img_capture_split/val/images) by extensions ['ros']
[0.152s] Level 1:colcon.colcon_core.package_identification:_identify(img_capture_split/val/images) by extension 'ros'
[0.152s] Level 1:colcon.colcon_core.package_identification:_identify(img_capture_split/val/images) by extensions ['cmake', 'python']
[0.152s] Level 1:colcon.colcon_core.package_identification:_identify(img_capture_split/val/images) by extension 'cmake'
[0.152s] Level 1:colcon.colcon_core.package_identification:_identify(img_capture_split/val/images) by extension 'python'
[0.152s] Level 1:colcon.colcon_core.package_identification:_identify(img_capture_split/val/images) by extensions ['python_setup_py']
[0.152s] Level 1:colcon.colcon_core.package_identification:_identify(img_capture_split/val/images) by extension 'python_setup_py'
[0.152s] Level 1:colcon.colcon_core.package_identification:_identify(img_capture_split/val/labels) by extensions ['ignore', 'ignore_ament_install']
[0.152s] Level 1:colcon.colcon_core.package_identification:_identify(img_capture_split/val/labels) by extension 'ignore'
[0.152s] Level 1:colcon.colcon_core.package_identification:_identify(img_capture_split/val/labels) by extension 'ignore_ament_install'
[0.152s] Level 1:colcon.colcon_core.package_identification:_identify(img_capture_split/val/labels) by extensions ['colcon_pkg']
[0.152s] Level 1:colcon.colcon_core.package_identification:_identify(img_capture_split/val/labels) by extension 'colcon_pkg'
[0.152s] Level 1:colcon.colcon_core.package_identification:_identify(img_capture_split/val/labels) by extensions ['colcon_meta']
[0.152s] Level 1:colcon.colcon_core.package_identification:_identify(img_capture_split/val/labels) by extension 'colcon_meta'
[0.152s] Level 1:colcon.colcon_core.package_identification:_identify(img_capture_split/val/labels) by extensions ['ros']
[0.152s] Level 1:colcon.colcon_core.package_identification:_identify(img_capture_split/val/labels) by extension 'ros'
[0.152s] Level 1:colcon.colcon_core.package_identification:_identify(img_capture_split/val/labels) by extensions ['cmake', 'python']
[0.152s] Level 1:colcon.colcon_core.package_identification:_identify(img_capture_split/val/labels) by extension 'cmake'
[0.152s] Level 1:colcon.colcon_core.package_identification:_identify(img_capture_split/val/labels) by extension 'python'
[0.152s] Level 1:colcon.colcon_core.package_identification:_identify(img_capture_split/val/labels) by extensions ['python_setup_py']
[0.152s] Level 1:colcon.colcon_core.package_identification:_identify(img_capture_split/val/labels) by extension 'python_setup_py'
[0.152s] Level 1:colcon.colcon_core.package_identification:_identify(img_roboflow) by extensions ['ignore', 'ignore_ament_install']
[0.152s] Level 1:colcon.colcon_core.package_identification:_identify(img_roboflow) by extension 'ignore'
[0.152s] Level 1:colcon.colcon_core.package_identification:_identify(img_roboflow) by extension 'ignore_ament_install'
[0.152s] Level 1:colcon.colcon_core.package_identification:_identify(img_roboflow) by extensions ['colcon_pkg']
[0.152s] Level 1:colcon.colcon_core.package_identification:_identify(img_roboflow) by extension 'colcon_pkg'
[0.152s] Level 1:colcon.colcon_core.package_identification:_identify(img_roboflow) by extensions ['colcon_meta']
[0.152s] Level 1:colcon.colcon_core.package_identification:_identify(img_roboflow) by extension 'colcon_meta'
[0.152s] Level 1:colcon.colcon_core.package_identification:_identify(img_roboflow) by extensions ['ros']
[0.152s] Level 1:colcon.colcon_core.package_identification:_identify(img_roboflow) by extension 'ros'
[0.153s] Level 1:colcon.colcon_core.package_identification:_identify(img_roboflow) by extensions ['cmake', 'python']
[0.153s] Level 1:colcon.colcon_core.package_identification:_identify(img_roboflow) by extension 'cmake'
[0.153s] Level 1:colcon.colcon_core.package_identification:_identify(img_roboflow) by extension 'python'
[0.153s] Level 1:colcon.colcon_core.package_identification:_identify(img_roboflow) by extensions ['python_setup_py']
[0.153s] Level 1:colcon.colcon_core.package_identification:_identify(img_roboflow) by extension 'python_setup_py'
[0.153s] Level 1:colcon.colcon_core.package_identification:_identify(install) by extensions ['ignore', 'ignore_ament_install']
[0.153s] Level 1:colcon.colcon_core.package_identification:_identify(install) by extension 'ignore'
[0.153s] Level 1:colcon.colcon_core.package_identification:_identify(install) ignored
[0.153s] Level 1:colcon.colcon_core.package_identification:_identify(log) by extensions ['ignore', 'ignore_ament_install']
[0.153s] Level 1:colcon.colcon_core.package_identification:_identify(log) by extension 'ignore'
[0.153s] Level 1:colcon.colcon_core.package_identification:_identify(log) ignored
[0.153s] Level 1:colcon.colcon_core.package_identification:_identify(maps) by extensions ['ignore', 'ignore_ament_install']
[0.153s] Level 1:colcon.colcon_core.package_identification:_identify(maps) by extension 'ignore'
[0.153s] Level 1:colcon.colcon_core.package_identification:_identify(maps) by extension 'ignore_ament_install'
[0.153s] Level 1:colcon.colcon_core.package_identification:_identify(maps) by extensions ['colcon_pkg']
[0.153s] Level 1:colcon.colcon_core.package_identification:_identify(maps) by extension 'colcon_pkg'
[0.153s] Level 1:colcon.colcon_core.package_identification:_identify(maps) by extensions ['colcon_meta']
[0.153s] Level 1:colcon.colcon_core.package_identification:_identify(maps) by extension 'colcon_meta'
[0.153s] Level 1:colcon.colcon_core.package_identification:_identify(maps) by extensions ['ros']
[0.153s] Level 1:colcon.colcon_core.package_identification:_identify(maps) by extension 'ros'
[0.153s] Level 1:colcon.colcon_core.package_identification:_identify(maps) by extensions ['cmake', 'python']
[0.153s] Level 1:colcon.colcon_core.package_identification:_identify(maps) by extension 'cmake'
[0.153s] Level 1:colcon.colcon_core.package_identification:_identify(maps) by extension 'python'
[0.153s] Level 1:colcon.colcon_core.package_identification:_identify(maps) by extensions ['python_setup_py']
[0.153s] Level 1:colcon.colcon_core.package_identification:_identify(maps) by extension 'python_setup_py'
[0.153s] Level 1:colcon.colcon_core.package_identification:_identify(runs) by extensions ['ignore', 'ignore_ament_install']
[0.153s] Level 1:colcon.colcon_core.package_identification:_identify(runs) by extension 'ignore'
[0.153s] Level 1:colcon.colcon_core.package_identification:_identify(runs) by extension 'ignore_ament_install'
[0.153s] Level 1:colcon.colcon_core.package_identification:_identify(runs) by extensions ['colcon_pkg']
[0.153s] Level 1:colcon.colcon_core.package_identification:_identify(runs) by extension 'colcon_pkg'
[0.153s] Level 1:colcon.colcon_core.package_identification:_identify(runs) by extensions ['colcon_meta']
[0.153s] Level 1:colcon.colcon_core.package_identification:_identify(runs) by extension 'colcon_meta'
[0.153s] Level 1:colcon.colcon_core.package_identification:_identify(runs) by extensions ['ros']
[0.153s] Level 1:colcon.colcon_core.package_identification:_identify(runs) by extension 'ros'
[0.153s] Level 1:colcon.colcon_core.package_identification:_identify(runs) by extensions ['cmake', 'python']
[0.153s] Level 1:colcon.colcon_core.package_identification:_identify(runs) by extension 'cmake'
[0.153s] Level 1:colcon.colcon_core.package_identification:_identify(runs) by extension 'python'
[0.153s] Level 1:colcon.colcon_core.package_identification:_identify(runs) by extensions ['python_setup_py']
[0.153s] Level 1:colcon.colcon_core.package_identification:_identify(runs) by extension 'python_setup_py'
[0.153s] Level 1:colcon.colcon_core.package_identification:_identify(runs/detect) by extensions ['ignore', 'ignore_ament_install']
[0.153s] Level 1:colcon.colcon_core.package_identification:_identify(runs/detect) by extension 'ignore'
[0.153s] Level 1:colcon.colcon_core.package_identification:_identify(runs/detect) by extension 'ignore_ament_install'
[0.153s] Level 1:colcon.colcon_core.package_identification:_identify(runs/detect) by extensions ['colcon_pkg']
[0.153s] Level 1:colcon.colcon_core.package_identification:_identify(runs/detect) by extension 'colcon_pkg'
[0.153s] Level 1:colcon.colcon_core.package_identification:_identify(runs/detect) by extensions ['colcon_meta']
[0.153s] Level 1:colcon.colcon_core.package_identification:_identify(runs/detect) by extension 'colcon_meta'
[0.153s] Level 1:colcon.colcon_core.package_identification:_identify(runs/detect) by extensions ['ros']
[0.153s] Level 1:colcon.colcon_core.package_identification:_identify(runs/detect) by extension 'ros'
[0.153s] Level 1:colcon.colcon_core.package_identification:_identify(runs/detect) by extensions ['cmake', 'python']
[0.153s] Level 1:colcon.colcon_core.package_identification:_identify(runs/detect) by extension 'cmake'
[0.153s] Level 1:colcon.colcon_core.package_identification:_identify(runs/detect) by extension 'python'
[0.154s] Level 1:colcon.colcon_core.package_identification:_identify(runs/detect) by extensions ['python_setup_py']
[0.154s] Level 1:colcon.colcon_core.package_identification:_identify(runs/detect) by extension 'python_setup_py'
[0.154s] Level 1:colcon.colcon_core.package_identification:_identify(runs/detect/predict) by extensions ['ignore', 'ignore_ament_install']
[0.154s] Level 1:colcon.colcon_core.package_identification:_identify(runs/detect/predict) by extension 'ignore'
[0.154s] Level 1:colcon.colcon_core.package_identification:_identify(runs/detect/predict) by extension 'ignore_ament_install'
[0.154s] Level 1:colcon.colcon_core.package_identification:_identify(runs/detect/predict) by extensions ['colcon_pkg']
[0.154s] Level 1:colcon.colcon_core.package_identification:_identify(runs/detect/predict) by extension 'colcon_pkg'
[0.154s] Level 1:colcon.colcon_core.package_identification:_identify(runs/detect/predict) by extensions ['colcon_meta']
[0.154s] Level 1:colcon.colcon_core.package_identification:_identify(runs/detect/predict) by extension 'colcon_meta'
[0.154s] Level 1:colcon.colcon_core.package_identification:_identify(runs/detect/predict) by extensions ['ros']
[0.154s] Level 1:colcon.colcon_core.package_identification:_identify(runs/detect/predict) by extension 'ros'
[0.154s] Level 1:colcon.colcon_core.package_identification:_identify(runs/detect/predict) by extensions ['cmake', 'python']
[0.154s] Level 1:colcon.colcon_core.package_identification:_identify(runs/detect/predict) by extension 'cmake'
[0.154s] Level 1:colcon.colcon_core.package_identification:_identify(runs/detect/predict) by extension 'python'
[0.154s] Level 1:colcon.colcon_core.package_identification:_identify(runs/detect/predict) by extensions ['python_setup_py']
[0.154s] Level 1:colcon.colcon_core.package_identification:_identify(runs/detect/predict) by extension 'python_setup_py'
[0.154s] Level 1:colcon.colcon_core.package_identification:_identify(src) by extensions ['ignore', 'ignore_ament_install']
[0.154s] Level 1:colcon.colcon_core.package_identification:_identify(src) by extension 'ignore'
[0.154s] Level 1:colcon.colcon_core.package_identification:_identify(src) by extension 'ignore_ament_install'
[0.154s] Level 1:colcon.colcon_core.package_identification:_identify(src) by extensions ['colcon_pkg']
[0.154s] Level 1:colcon.colcon_core.package_identification:_identify(src) by extension 'colcon_pkg'
[0.154s] Level 1:colcon.colcon_core.package_identification:_identify(src) by extensions ['colcon_meta']
[0.154s] Level 1:colcon.colcon_core.package_identification:_identify(src) by extension 'colcon_meta'
[0.154s] Level 1:colcon.colcon_core.package_identification:_identify(src) by extensions ['ros']
[0.154s] Level 1:colcon.colcon_core.package_identification:_identify(src) by extension 'ros'
[0.154s] Level 1:colcon.colcon_core.package_identification:_identify(src) by extensions ['cmake', 'python']
[0.154s] Level 1:colcon.colcon_core.package_identification:_identify(src) by extension 'cmake'
[0.154s] Level 1:colcon.colcon_core.package_identification:_identify(src) by extension 'python'
[0.154s] Level 1:colcon.colcon_core.package_identification:_identify(src) by extensions ['python_setup_py']
[0.154s] Level 1:colcon.colcon_core.package_identification:_identify(src) by extension 'python_setup_py'
[0.154s] Level 1:colcon.colcon_core.package_identification:_identify(src/m-explore-ros2) by extensions ['ignore', 'ignore_ament_install']
[0.154s] Level 1:colcon.colcon_core.package_identification:_identify(src/m-explore-ros2) by extension 'ignore'
[0.154s] Level 1:colcon.colcon_core.package_identification:_identify(src/m-explore-ros2) by extension 'ignore_ament_install'
[0.154s] Level 1:colcon.colcon_core.package_identification:_identify(src/m-explore-ros2) by extensions ['colcon_pkg']
[0.154s] Level 1:colcon.colcon_core.package_identification:_identify(src/m-explore-ros2) by extension 'colcon_pkg'
[0.154s] Level 1:colcon.colcon_core.package_identification:_identify(src/m-explore-ros2) by extensions ['colcon_meta']
[0.154s] Level 1:colcon.colcon_core.package_identification:_identify(src/m-explore-ros2) by extension 'colcon_meta'
[0.154s] Level 1:colcon.colcon_core.package_identification:_identify(src/m-explore-ros2) by extensions ['ros']
[0.154s] Level 1:colcon.colcon_core.package_identification:_identify(src/m-explore-ros2) by extension 'ros'
[0.154s] Level 1:colcon.colcon_core.package_identification:_identify(src/m-explore-ros2) by extensions ['cmake', 'python']
[0.154s] Level 1:colcon.colcon_core.package_identification:_identify(src/m-explore-ros2) by extension 'cmake'
[0.154s] Level 1:colcon.colcon_core.package_identification:_identify(src/m-explore-ros2) by extension 'python'
[0.154s] Level 1:colcon.colcon_core.package_identification:_identify(src/m-explore-ros2) by extensions ['python_setup_py']
[0.154s] Level 1:colcon.colcon_core.package_identification:_identify(src/m-explore-ros2) by extension 'python_setup_py'
[0.154s] Level 1:colcon.colcon_core.package_identification:_identify(src/m-explore-ros2/explore) by extensions ['ignore', 'ignore_ament_install']
[0.154s] Level 1:colcon.colcon_core.package_identification:_identify(src/m-explore-ros2/explore) by extension 'ignore'
[0.154s] Level 1:colcon.colcon_core.package_identification:_identify(src/m-explore-ros2/explore) by extension 'ignore_ament_install'
[0.154s] Level 1:colcon.colcon_core.package_identification:_identify(src/m-explore-ros2/explore) by extensions ['colcon_pkg']
[0.154s] Level 1:colcon.colcon_core.package_identification:_identify(src/m-explore-ros2/explore) by extension 'colcon_pkg'
[0.154s] Level 1:colcon.colcon_core.package_identification:_identify(src/m-explore-ros2/explore) by extensions ['colcon_meta']
[0.154s] Level 1:colcon.colcon_core.package_identification:_identify(src/m-explore-ros2/explore) by extension 'colcon_meta'
[0.154s] Level 1:colcon.colcon_core.package_identification:_identify(src/m-explore-ros2/explore) by extensions ['ros']
[0.154s] Level 1:colcon.colcon_core.package_identification:_identify(src/m-explore-ros2/explore) by extension 'ros'
[0.156s] DEBUG:colcon.colcon_core.package_identification:Package 'src/m-explore-ros2/explore' with type 'ros.ament_cmake' and name 'explore_lite'
[0.156s] Level 1:colcon.colcon_core.package_identification:_identify(src/m-explore-ros2/map_merge) by extensions ['ignore', 'ignore_ament_install']
[0.156s] Level 1:colcon.colcon_core.package_identification:_identify(src/m-explore-ros2/map_merge) by extension 'ignore'
[0.156s] Level 1:colcon.colcon_core.package_identification:_identify(src/m-explore-ros2/map_merge) by extension 'ignore_ament_install'
[0.156s] Level 1:colcon.colcon_core.package_identification:_identify(src/m-explore-ros2/map_merge) by extensions ['colcon_pkg']
[0.156s] Level 1:colcon.colcon_core.package_identification:_identify(src/m-explore-ros2/map_merge) by extension 'colcon_pkg'
[0.156s] Level 1:colcon.colcon_core.package_identification:_identify(src/m-explore-ros2/map_merge) by extensions ['colcon_meta']
[0.156s] Level 1:colcon.colcon_core.package_identification:_identify(src/m-explore-ros2/map_merge) by extension 'colcon_meta'
[0.156s] Level 1:colcon.colcon_core.package_identification:_identify(src/m-explore-ros2/map_merge) by extensions ['ros']
[0.156s] Level 1:colcon.colcon_core.package_identification:_identify(src/m-explore-ros2/map_merge) by extension 'ros'
[0.157s] DEBUG:colcon.colcon_core.package_identification:Package 'src/m-explore-ros2/map_merge' with type 'ros.ament_cmake' and name 'multirobot_map_merge'
[0.157s] Level 1:colcon.colcon_core.package_identification:_identify(src/rokey_pjt) by extensions ['ignore', 'ignore_ament_install']
[0.157s] Level 1:colcon.colcon_core.package_identification:_identify(src/rokey_pjt) by extension 'ignore'
[0.157s] Level 1:colcon.colcon_core.package_identification:_identify(src/rokey_pjt) by extension 'ignore_ament_install'
[0.157s] Level 1:colcon.colcon_core.package_identification:_identify(src/rokey_pjt) by extensions ['colcon_pkg']
[0.157s] Level 1:colcon.colcon_core.package_identification:_identify(src/rokey_pjt) by extension 'colcon_pkg'
[0.157s] Level 1:colcon.colcon_core.package_identification:_identify(src/rokey_pjt) by extensions ['colcon_meta']
[0.157s] Level 1:colcon.colcon_core.package_identification:_identify(src/rokey_pjt) by extension 'colcon_meta'
[0.157s] Level 1:colcon.colcon_core.package_identification:_identify(src/rokey_pjt) by extensions ['ros']
[0.157s] Level 1:colcon.colcon_core.package_identification:_identify(src/rokey_pjt) by extension 'ros'
[0.157s] DEBUG:colcon.colcon_core.package_identification:Package 'src/rokey_pjt' with type 'ros.ament_python' and name 'rokey_pjt'
[0.157s] Level 1:colcon.colcon_core.package_identification:_identify(src/turtlebot4_beep) by extensions ['ignore', 'ignore_ament_install']
[0.157s] Level 1:colcon.colcon_core.package_identification:_identify(src/turtlebot4_beep) by extension 'ignore'
[0.157s] Level 1:colcon.colcon_core.package_identification:_identify(src/turtlebot4_beep) by extension 'ignore_ament_install'
[0.157s] Level 1:colcon.colcon_core.package_identification:_identify(src/turtlebot4_beep) by extensions ['colcon_pkg']
[0.157s] Level 1:colcon.colcon_core.package_identification:_identify(src/turtlebot4_beep) by extension 'colcon_pkg'
[0.157s] Level 1:colcon.colcon_core.package_identification:_identify(src/turtlebot4_beep) by extensions ['colcon_meta']
[0.157s] Level 1:colcon.colcon_core.package_identification:_identify(src/turtlebot4_beep) by extension 'colcon_meta'
[0.157s] Level 1:colcon.colcon_core.package_identification:_identify(src/turtlebot4_beep) by extensions ['ros']
[0.157s] Level 1:colcon.colcon_core.package_identification:_identify(src/turtlebot4_beep) by extension 'ros'
[0.158s] DEBUG:colcon.colcon_core.package_identification:Package 'src/turtlebot4_beep' with type 'ros.ament_python' and name 'turtlebot4_beep'
[0.158s] Level 1:colcon.colcon_core.package_identification:_identify(src/yolov8_ros) by extensions ['ignore', 'ignore_ament_install']
[0.158s] Level 1:colcon.colcon_core.package_identification:_identify(src/yolov8_ros) by extension 'ignore'
[0.158s] Level 1:colcon.colcon_core.package_identification:_identify(src/yolov8_ros) by extension 'ignore_ament_install'
[0.158s] Level 1:colcon.colcon_core.package_identification:_identify(src/yolov8_ros) by extensions ['colcon_pkg']
[0.158s] Level 1:colcon.colcon_core.package_identification:_identify(src/yolov8_ros) by extension 'colcon_pkg'
[0.158s] Level 1:colcon.colcon_core.package_identification:_identify(src/yolov8_ros) by extensions ['colcon_meta']
[0.158s] Level 1:colcon.colcon_core.package_identification:_identify(src/yolov8_ros) by extension 'colcon_meta'
[0.158s] Level 1:colcon.colcon_core.package_identification:_identify(src/yolov8_ros) by extensions ['ros']
[0.158s] Level 1:colcon.colcon_core.package_identification:_identify(src/yolov8_ros) by extension 'ros'
[0.158s] DEBUG:colcon.colcon_core.package_identification:Package 'src/yolov8_ros' with type 'ros.ament_python' and name 'yolov8_ros'
[0.158s] Level 1:colcon.colcon_core.package_identification:_identify(test__img_42~79) by extensions ['ignore', 'ignore_ament_install']
[0.158s] Level 1:colcon.colcon_core.package_identification:_identify(test__img_42~79) by extension 'ignore'
[0.158s] Level 1:colcon.colcon_core.package_identification:_identify(test__img_42~79) by extension 'ignore_ament_install'
[0.158s] Level 1:colcon.colcon_core.package_identification:_identify(test__img_42~79) by extensions ['colcon_pkg']
[0.158s] Level 1:colcon.colcon_core.package_identification:_identify(test__img_42~79) by extension 'colcon_pkg'
[0.158s] Level 1:colcon.colcon_core.package_identification:_identify(test__img_42~79) by extensions ['colcon_meta']
[0.158s] Level 1:colcon.colcon_core.package_identification:_identify(test__img_42~79) by extension 'colcon_meta'
[0.158s] Level 1:colcon.colcon_core.package_identification:_identify(test__img_42~79) by extensions ['ros']
[0.158s] Level 1:colcon.colcon_core.package_identification:_identify(test__img_42~79) by extension 'ros'
[0.158s] Level 1:colcon.colcon_core.package_identification:_identify(test__img_42~79) by extensions ['cmake', 'python']
[0.158s] Level 1:colcon.colcon_core.package_identification:_identify(test__img_42~79) by extension 'cmake'
[0.158s] Level 1:colcon.colcon_core.package_identification:_identify(test__img_42~79) by extension 'python'
[0.158s] Level 1:colcon.colcon_core.package_identification:_identify(test__img_42~79) by extensions ['python_setup_py']
[0.158s] Level 1:colcon.colcon_core.package_identification:_identify(test__img_42~79) by extension 'python_setup_py'
[0.158s] Level 1:colcon.colcon_core.package_discovery:discover_packages(recursive) using defaults
[0.158s] Level 1:colcon.colcon_core.package_discovery:discover_packages(ignore) discover
[0.158s] Level 1:colcon.colcon_core.package_discovery:discover_packages(ignore) using defaults
[0.158s] Level 1:colcon.colcon_core.package_discovery:discover_packages(path) discover
[0.158s] Level 1:colcon.colcon_core.package_discovery:discover_packages(path) using defaults
[0.167s] INFO:colcon.colcon_core.package_selection:Skipping not selected package 'multirobot_map_merge' in 'src/m-explore-ros2/map_merge'
[0.167s] INFO:colcon.colcon_core.package_selection:Skipping not selected package 'rokey_pjt' in 'src/rokey_pjt'
[0.167s] INFO:colcon.colcon_core.package_selection:Skipping not selected package 'turtlebot4_beep' in 'src/turtlebot4_beep'
[0.167s] INFO:colcon.colcon_core.package_selection:Skipping not selected package 'yolov8_ros' in 'src/yolov8_ros'
[0.168s] Level 1:colcon.colcon_core.package_discovery:discover_packages(prefix_path) check parameters
[0.168s] Level 1:colcon.colcon_core.package_discovery:discover_packages(prefix_path) discover
[0.168s] DEBUG:colcon.colcon_installed_package_information.package_discovery:Found 8 installed packages in /home/minsuje/turtlebot4_ws/install
[0.169s] DEBUG:colcon.colcon_installed_package_information.package_discovery:Found 448 installed packages in /opt/ros/humble
[0.170s] Level 1:colcon.colcon_core.package_discovery:discover_packages(prefix_path) using defaults
[0.191s] Level 5:colcon.colcon_core.verb:set package 'explore_lite' build argument 'cmake_args' from command line to 'None'
[0.191s] Level 5:colcon.colcon_core.verb:set package 'explore_lite' build argument 'cmake_target' from command line to 'None'
[0.191s] Level 5:colcon.colcon_core.verb:set package 'explore_lite' build argument 'cmake_target_skip_unavailable' from command line to 'False'
[0.191s] Level 5:colcon.colcon_core.verb:set package 'explore_lite' build argument 'cmake_clean_cache' from command line to 'False'
[0.191s] Level 5:colcon.colcon_core.verb:set package 'explore_lite' build argument 'cmake_clean_first' from command line to 'False'
[0.191s] Level 5:colcon.colcon_core.verb:set package 'explore_lite' build argument 'cmake_force_configure' from command line to 'False'
[0.191s] Level 5:colcon.colcon_core.verb:set package 'explore_lite' build argument 'ament_cmake_args' from command line to 'None'
[0.191s] Level 5:colcon.colcon_core.verb:set package 'explore_lite' build argument 'catkin_cmake_args' from command line to 'None'
[0.191s] Level 5:colcon.colcon_core.verb:set package 'explore_lite' build argument 'catkin_skip_building_tests' from command line to 'False'
[0.191s] DEBUG:colcon.colcon_core.verb:Building package 'explore_lite' with the following arguments: {'ament_cmake_args': None, 'build_base': '/home/minsuje/rokey_ws/build/explore_lite', 'catkin_cmake_args': None, 'catkin_skip_building_tests': False, 'cmake_args': None, 'cmake_clean_cache': False, 'cmake_clean_first': False, 'cmake_force_configure': False, 'cmake_target': None, 'cmake_target_skip_unavailable': False, 'install_base': '/home/minsuje/rokey_ws/install/explore_lite', 'merge_install': False, 'path': '/home/minsuje/rokey_ws/src/m-explore-ros2/explore', 'symlink_install': False, 'test_result_base': None}
[0.191s] INFO:colcon.colcon_core.executor:Executing jobs using 'parallel' executor
[0.192s] DEBUG:colcon.colcon_parallel_executor.executor.parallel:run_until_complete
[0.192s] INFO:colcon.colcon_ros.task.ament_cmake.build:Building ROS package in '/home/minsuje/rokey_ws/src/m-explore-ros2/explore' with build type 'ament_cmake'
[0.192s] INFO:colcon.colcon_cmake.task.cmake.build:Building CMake package in '/home/minsuje/rokey_ws/src/m-explore-ros2/explore'
[0.193s] INFO:colcon.colcon_core.plugin_system:Skipping extension 'colcon_core.shell.bat': Not used on non-Windows systems
[0.193s] INFO:colcon.colcon_core.shell:Skip shell extension 'powershell' for command environment: Not usable outside of PowerShell
[0.193s] DEBUG:colcon.colcon_core.shell:Skip shell extension 'dsv' for command environment
[0.198s] DEBUG:colcon.colcon_core.event_handler.log_command:Invoking command in '/home/minsuje/rokey_ws/build/explore_lite': CMAKE_PREFIX_PATH=${CMAKE_PREFIX_PATH}:/opt/ros/humble /usr/bin/cmake --build /home/minsuje/rokey_ws/build/explore_lite -- -j32 -l32
[0.290s] DEBUG:colcon.colcon_core.event_handler.log_command:Invoked command in '/home/minsuje/rokey_ws/build/explore_lite' returned '0': CMAKE_PREFIX_PATH=${CMAKE_PREFIX_PATH}:/opt/ros/humble /usr/bin/cmake --build /home/minsuje/rokey_ws/build/explore_lite -- -j32 -l32
[0.297s] DEBUG:colcon.colcon_core.event_handler.log_command:Invoking command in '/home/minsuje/rokey_ws/build/explore_lite': CMAKE_PREFIX_PATH=${CMAKE_PREFIX_PATH}:/opt/ros/humble /usr/bin/cmake --install /home/minsuje/rokey_ws/build/explore_lite
[0.307s] Level 1:colcon.colcon_core.environment:create_environment_scripts_only(explore_lite)
[0.308s] DEBUG:colcon.colcon_core.event_handler.log_command:Invoked command in '/home/minsuje/rokey_ws/build/explore_lite' returned '0': CMAKE_PREFIX_PATH=${CMAKE_PREFIX_PATH}:/opt/ros/humble /usr/bin/cmake --install /home/minsuje/rokey_ws/build/explore_lite
[0.310s] Level 1:colcon.colcon_core.environment:checking '/home/minsuje/rokey_ws/install/explore_lite' for CMake module files
[0.311s] Level 1:colcon.colcon_core.environment:checking '/home/minsuje/rokey_ws/install/explore_lite' for CMake config files
[0.311s] Level 1:colcon.colcon_core.shell:create_environment_hook('explore_lite', 'cmake_prefix_path')
[0.311s] INFO:colcon.colcon_core.shell:Creating environment hook '/home/minsuje/rokey_ws/install/explore_lite/share/explore_lite/hook/cmake_prefix_path.ps1'
[0.312s] INFO:colcon.colcon_core.shell:Creating environment descriptor '/home/minsuje/rokey_ws/install/explore_lite/share/explore_lite/hook/cmake_prefix_path.dsv'
[0.312s] INFO:colcon.colcon_core.shell:Creating environment hook '/home/minsuje/rokey_ws/install/explore_lite/share/explore_lite/hook/cmake_prefix_path.sh'
[0.313s] Level 1:colcon.colcon_core.environment:checking '/home/minsuje/rokey_ws/install/explore_lite/lib'
[0.313s] Level 1:colcon.colcon_core.environment:checking '/home/minsuje/rokey_ws/install/explore_lite/bin'
[0.313s] Level 1:colcon.colcon_core.environment:checking '/home/minsuje/rokey_ws/install/explore_lite/lib/pkgconfig/explore_lite.pc'
[0.314s] Level 1:colcon.colcon_core.environment:checking '/home/minsuje/rokey_ws/install/explore_lite/lib/python3.10/site-packages'
[0.314s] Level 1:colcon.colcon_core.environment:checking '/home/minsuje/rokey_ws/install/explore_lite/bin'
[0.314s] INFO:colcon.colcon_core.shell:Creating package script '/home/minsuje/rokey_ws/install/explore_lite/share/explore_lite/package.ps1'
[0.315s] INFO:colcon.colcon_core.shell:Creating package descriptor '/home/minsuje/rokey_ws/install/explore_lite/share/explore_lite/package.dsv'
[0.316s] INFO:colcon.colcon_core.shell:Creating package script '/home/minsuje/rokey_ws/install/explore_lite/share/explore_lite/package.sh'
[0.316s] INFO:colcon.colcon_core.shell:Creating package script '/home/minsuje/rokey_ws/install/explore_lite/share/explore_lite/package.bash'
[0.317s] INFO:colcon.colcon_core.shell:Creating package script '/home/minsuje/rokey_ws/install/explore_lite/share/explore_lite/package.zsh'
[0.318s] Level 1:colcon.colcon_core.environment:create_file_with_runtime_dependencies(/home/minsuje/rokey_ws/install/explore_lite/share/colcon-core/packages/explore_lite)
[0.318s] Level 1:colcon.colcon_core.environment:create_environment_scripts_only(explore_lite)
[0.319s] Level 1:colcon.colcon_core.environment:checking '/home/minsuje/rokey_ws/install/explore_lite' for CMake module files
[0.319s] Level 1:colcon.colcon_core.environment:checking '/home/minsuje/rokey_ws/install/explore_lite' for CMake config files
[0.319s] Level 1:colcon.colcon_core.shell:create_environment_hook('explore_lite', 'cmake_prefix_path')
[0.319s] INFO:colcon.colcon_core.shell:Creating environment hook '/home/minsuje/rokey_ws/install/explore_lite/share/explore_lite/hook/cmake_prefix_path.ps1'
[0.320s] INFO:colcon.colcon_core.shell:Creating environment descriptor '/home/minsuje/rokey_ws/install/explore_lite/share/explore_lite/hook/cmake_prefix_path.dsv'
[0.320s] INFO:colcon.colcon_core.shell:Creating environment hook '/home/minsuje/rokey_ws/install/explore_lite/share/explore_lite/hook/cmake_prefix_path.sh'
[0.321s] Level 1:colcon.colcon_core.environment:checking '/home/minsuje/rokey_ws/install/explore_lite/lib'
[0.321s] Level 1:colcon.colcon_core.environment:checking '/home/minsuje/rokey_ws/install/explore_lite/bin'
[0.321s] Level 1:colcon.colcon_core.environment:checking '/home/minsuje/rokey_ws/install/explore_lite/lib/pkgconfig/explore_lite.pc'
[0.321s] Level 1:colcon.colcon_core.environment:checking '/home/minsuje/rokey_ws/install/explore_lite/lib/python3.10/site-packages'
[0.321s] Level 1:colcon.colcon_core.environment:checking '/home/minsuje/rokey_ws/install/explore_lite/bin'
[0.321s] INFO:colcon.colcon_core.shell:Creating package script '/home/minsuje/rokey_ws/install/explore_lite/share/explore_lite/package.ps1'
[0.322s] INFO:colcon.colcon_core.shell:Creating package descriptor '/home/minsuje/rokey_ws/install/explore_lite/share/explore_lite/package.dsv'
[0.322s] INFO:colcon.colcon_core.shell:Creating package script '/home/minsuje/rokey_ws/install/explore_lite/share/explore_lite/package.sh'
[0.322s] INFO:colcon.colcon_core.shell:Creating package script '/home/minsuje/rokey_ws/install/explore_lite/share/explore_lite/package.bash'
[0.323s] INFO:colcon.colcon_core.shell:Creating package script '/home/minsuje/rokey_ws/install/explore_lite/share/explore_lite/package.zsh'
[0.323s] Level 1:colcon.colcon_core.environment:create_file_with_runtime_dependencies(/home/minsuje/rokey_ws/install/explore_lite/share/colcon-core/packages/explore_lite)
[0.323s] DEBUG:colcon.colcon_parallel_executor.executor.parallel:closing loop
[0.323s] DEBUG:colcon.colcon_parallel_executor.executor.parallel:loop closed
[0.323s] DEBUG:colcon.colcon_parallel_executor.executor.parallel:run_until_complete finished with '0'
[0.324s] DEBUG:colcon.colcon_core.event_reactor:joining thread
[0.328s] INFO:colcon.colcon_core.plugin_system:Skipping extension 'colcon_notification.desktop_notification.terminal_notifier': Not used on non-Darwin systems
[0.328s] INFO:colcon.colcon_core.plugin_system:Skipping extension 'colcon_notification.desktop_notification.win32': Not used on non-Windows systems
[0.328s] INFO:colcon.colcon_notification.desktop_notification:Sending desktop notification using 'notify2'
[0.340s] DEBUG:colcon.colcon_core.event_reactor:joined thread
[0.340s] INFO:colcon.colcon_core.shell:Creating prefix script '/home/minsuje/rokey_ws/install/local_setup.ps1'
[0.341s] INFO:colcon.colcon_core.shell:Creating prefix util module '/home/minsuje/rokey_ws/install/_local_setup_util_ps1.py'
[0.342s] INFO:colcon.colcon_core.shell:Creating prefix chain script '/home/minsuje/rokey_ws/install/setup.ps1'
[0.343s] INFO:colcon.colcon_core.shell:Creating prefix script '/home/minsuje/rokey_ws/install/local_setup.sh'
[0.344s] INFO:colcon.colcon_core.shell:Creating prefix util module '/home/minsuje/rokey_ws/install/_local_setup_util_sh.py'
[0.344s] INFO:colcon.colcon_core.shell:Creating prefix chain script '/home/minsuje/rokey_ws/install/setup.sh'
[0.345s] INFO:colcon.colcon_core.shell:Creating prefix script '/home/minsuje/rokey_ws/install/local_setup.bash'
[0.345s] INFO:colcon.colcon_core.shell:Creating prefix chain script '/home/minsuje/rokey_ws/install/setup.bash'
[0.346s] INFO:colcon.colcon_core.shell:Creating prefix script '/home/minsuje/rokey_ws/install/local_setup.zsh'
[0.346s] INFO:colcon.colcon_core.shell:Creating prefix chain script '/home/minsuje/rokey_ws/install/setup.zsh'
