[0.036s] Invoking command in '/home/minsuje/ros2_ws/build/dsr_moveit_config_p3020': CMAKE_PREFIX_PATH=/opt/ros/humble /usr/bin/cmake /home/minsuje/ros2_ws/src/DoosanBootcamp3rd/dsr_moveit2/dsr_moveit_config_p3020 -DAMENT_CMAKE_SYMLINK_INSTALL=1 -DCMAKE_INSTALL_PREFIX=/home/minsuje/ros2_ws/install/dsr_moveit_config_p3020
[1.226s] -- The C compiler identification is GNU 11.4.0
[1.226s] -- The CXX compiler identification is GNU 11.4.0
[1.226s] -- Detecting C compiler ABI info
[1.226s] -- Detecting C compiler ABI info - done
[1.226s] -- Check for working C compiler: /usr/bin/cc - skipped
[1.226s] -- Detecting C compile features
[1.226s] -- Detecting C compile features - done
[1.226s] -- Detecting CXX compiler ABI info
[1.226s] -- Detecting CXX compiler ABI info - done
[1.226s] -- Check for working CXX compiler: /usr/bin/c++ - skipped
[1.226s] -- Detecting CXX compile features
[1.226s] -- Detecting CXX compile features - done
[1.226s] -- Found ament_cmake: 1.3.11 (/opt/ros/humble/share/ament_cmake/cmake)
[1.226s] -- Found Python3: /usr/bin/python3 (found version "3.10.12") found components: Interpreter 
[1.226s] -- Override CMake install command with custom implementation using symlinks instead of copying resources
[1.226s] -- Configuring done
[1.226s] -- Generating done
[1.226s] -- Build files have been written to: /home/minsuje/ros2_ws/build/dsr_moveit_config_p3020
[1.527s] Invoked command in '/home/minsuje/ros2_ws/build/dsr_moveit_config_p3020' returned '0': CMAKE_PREFIX_PATH=/opt/ros/humble /usr/bin/cmake /home/minsuje/ros2_ws/src/DoosanBootcamp3rd/dsr_moveit2/dsr_moveit_config_p3020 -DAMENT_CMAKE_SYMLINK_INSTALL=1 -DCMAKE_INSTALL_PREFIX=/home/minsuje/ros2_ws/install/dsr_moveit_config_p3020
[1.529s] Invoking command in '/home/minsuje/ros2_ws/build/dsr_moveit_config_p3020': CMAKE_PREFIX_PATH=/opt/ros/humble /usr/bin/cmake --build /home/minsuje/ros2_ws/build/dsr_moveit_config_p3020 -- -j32 -l32
[1.595s] Invoked command in '/home/minsuje/ros2_ws/build/dsr_moveit_config_p3020' returned '0': CMAKE_PREFIX_PATH=/opt/ros/humble /usr/bin/cmake --build /home/minsuje/ros2_ws/build/dsr_moveit_config_p3020 -- -j32 -l32
[1.597s] Invoking command in '/home/minsuje/ros2_ws/build/dsr_moveit_config_p3020': CMAKE_PREFIX_PATH=/opt/ros/humble /usr/bin/cmake --install /home/minsuje/ros2_ws/build/dsr_moveit_config_p3020
[1.619s] -- Install configuration: ""
[1.619s] -- Execute custom install script
[1.619s] -- Symlinking: /home/minsuje/ros2_ws/install/dsr_moveit_config_p3020/share/ament_index/resource_index/package_run_dependencies/dsr_moveit_config_p3020
[1.619s] -- Symlinking: /home/minsuje/ros2_ws/install/dsr_moveit_config_p3020/share/ament_index/resource_index/parent_prefix_path/dsr_moveit_config_p3020
[1.626s] -- Symlinking: /home/minsuje/ros2_ws/install/dsr_moveit_config_p3020/share/dsr_moveit_config_p3020/environment/ament_prefix_path.sh
[1.636s] -- Symlinking: /home/minsuje/ros2_ws/install/dsr_moveit_config_p3020/share/dsr_moveit_config_p3020/environment/ament_prefix_path.dsv
[1.647s] -- Symlinking: /home/minsuje/ros2_ws/install/dsr_moveit_config_p3020/share/dsr_moveit_config_p3020/environment/path.sh
[1.656s] -- Symlinking: /home/minsuje/ros2_ws/install/dsr_moveit_config_p3020/share/dsr_moveit_config_p3020/environment/path.dsv
[1.664s] -- Symlinking: /home/minsuje/ros2_ws/install/dsr_moveit_config_p3020/share/dsr_moveit_config_p3020/local_setup.bash
[1.676s] -- Symlinking: /home/minsuje/ros2_ws/install/dsr_moveit_config_p3020/share/dsr_moveit_config_p3020/local_setup.sh
[1.688s] -- Symlinking: /home/minsuje/ros2_ws/install/dsr_moveit_config_p3020/share/dsr_moveit_config_p3020/local_setup.zsh
[1.696s] -- Symlinking: /home/minsuje/ros2_ws/install/dsr_moveit_config_p3020/share/dsr_moveit_config_p3020/local_setup.dsv
[1.707s] -- Symlinking: /home/minsuje/ros2_ws/install/dsr_moveit_config_p3020/share/dsr_moveit_config_p3020/package.dsv
[1.717s] -- Symlinking: /home/minsuje/ros2_ws/install/dsr_moveit_config_p3020/share/ament_index/resource_index/packages/dsr_moveit_config_p3020
[1.727s] -- Symlinking: /home/minsuje/ros2_ws/install/dsr_moveit_config_p3020/share/dsr_moveit_config_p3020/cmake/dsr_moveit_config_p3020Config.cmake
[1.738s] -- Symlinking: /home/minsuje/ros2_ws/install/dsr_moveit_config_p3020/share/dsr_moveit_config_p3020/cmake/dsr_moveit_config_p3020Config-version.cmake
[1.746s] -- Symlinking: /home/minsuje/ros2_ws/install/dsr_moveit_config_p3020/share/dsr_moveit_config_p3020/package.xml
[1.757s] -- Symlinking: /home/minsuje/ros2_ws/install/dsr_moveit_config_p3020/share/dsr_moveit_config_p3020/launch/moveit.rviz
[1.767s] -- Symlinking: /home/minsuje/ros2_ws/install/dsr_moveit_config_p3020/share/dsr_moveit_config_p3020/launch/start.launch.py
[1.779s] -- Symlinking: /home/minsuje/ros2_ws/install/dsr_moveit_config_p3020/share/dsr_moveit_config_p3020/config/chomp_planning.yaml
[1.786s] -- Symlinking: /home/minsuje/ros2_ws/install/dsr_moveit_config_p3020/share/dsr_moveit_config_p3020/config/dsr.ros2_control.xacro
[1.798s] -- Symlinking: /home/minsuje/ros2_ws/install/dsr_moveit_config_p3020/share/dsr_moveit_config_p3020/config/dsr.srdf
[1.807s] -- Symlinking: /home/minsuje/ros2_ws/install/dsr_moveit_config_p3020/share/dsr_moveit_config_p3020/config/initial_positions.yaml
[1.815s] -- Symlinking: /home/minsuje/ros2_ws/install/dsr_moveit_config_p3020/share/dsr_moveit_config_p3020/config/joint_limits.yaml
[1.827s] -- Symlinking: /home/minsuje/ros2_ws/install/dsr_moveit_config_p3020/share/dsr_moveit_config_p3020/config/kinematics.yaml
[1.837s] -- Symlinking: /home/minsuje/ros2_ws/install/dsr_moveit_config_p3020/share/dsr_moveit_config_p3020/config/moveit_controllers.yaml
[1.847s] -- Symlinking: /home/minsuje/ros2_ws/install/dsr_moveit_config_p3020/share/dsr_moveit_config_p3020/config/ompl_planning.yaml
[1.856s] -- Symlinking: /home/minsuje/ros2_ws/install/dsr_moveit_config_p3020/share/dsr_moveit_config_p3020/config/p3020.urdf.xacro
[1.866s] -- Symlinking: /home/minsuje/ros2_ws/install/dsr_moveit_config_p3020/share/dsr_moveit_config_p3020/config/pilz_cartesian_limits.yaml
[1.876s] -- Symlinking: /home/minsuje/ros2_ws/install/dsr_moveit_config_p3020/share/dsr_moveit_config_p3020/config/ros2_controllers.yaml
[1.888s] -- Symlinking: /home/minsuje/ros2_ws/install/dsr_moveit_config_p3020/share/dsr_moveit_config_p3020/config/sensors_3d.yaml
[1.898s] -- Symlinking: /home/minsuje/ros2_ws/install/dsr_moveit_config_p3020/share/dsr_moveit_config_p3020/.setup_assistant
[2.283s] Invoked command in '/home/minsuje/ros2_ws/build/dsr_moveit_config_p3020' returned '0': CMAKE_PREFIX_PATH=/opt/ros/humble /usr/bin/cmake --install /home/minsuje/ros2_ws/build/dsr_moveit_config_p3020
