[0.067s] Invoking command in '/home/minsuje/turtlebot3_ws/build/dynamixel_sdk_custom_interfaces': CMAKE_PREFIX_PATH=/home/minsuje/turtlebot3_ws/install/turtlebot3:/home/minsuje/turtlebot3_ws/install/turtlebot3_simulations:/home/minsuje/turtlebot3_ws/install/turtlebot3_bringup:/home/minsuje/turtlebot3_ws/install/turtlebot3_node:/home/minsuje/turtlebot3_ws/install/turtlebot3_navigation2:/home/minsuje/turtlebot3_ws/install/turtlebot3_fake_node:/home/minsuje/turtlebot3_ws/install/turtlebot3_msgs:/home/minsuje/turtlebot3_ws/install/turtlebot3_manipulation:/home/minsuje/turtlebot3_ws/install/turtlebot3_manipulation_teleop:/home/minsuje/turtlebot3_ws/install/turtlebot3_manipulation_navigation2:/home/minsuje/turtlebot3_ws/install/turtlebot3_manipulation_moveit_config:/home/minsuje/turtlebot3_ws/install/turtlebot3_manipulation_hardware:/home/minsuje/turtlebot3_ws/install/turtlebot3_manipulation_gazebo:/home/minsuje/turtlebot3_ws/install/turtlebot3_manipulation_bringup:/home/minsuje/turtlebot3_ws/install/turtlebot3_manipulation_description:/home/minsuje/turtlebot3_ws/install/turtlebot3_manipulation_cartographer:/home/minsuje/turtlebot3_ws/install/turtlebot3_gazebo:/home/minsuje/turtlebot3_ws/install/turtlebot3_description:/home/minsuje/turtlebot3_ws/install/turtlebot3_cartographer:/home/minsuje/turtlebot3_ws/install/turtlebot3_autorace:/home/minsuje/turtlebot3_ws/install/open_manipulator:/home/minsuje/turtlebot3_ws/install/open_manipulator_x_teleop:/home/minsuje/turtlebot3_ws/install/open_manipulator_x_playground:/home/minsuje/turtlebot3_ws/install/open_manipulator_x_moveit_config:/home/minsuje/turtlebot3_ws/install/open_manipulator_x_gui:/home/minsuje/turtlebot3_ws/install/open_manipulator_x_bringup:/home/minsuje/turtlebot3_ws/install/open_manipulator_x_description:/home/minsuje/turtlebot3_ws/install/dynamixel_sdk_examples:/home/minsuje/turtlebot3_ws/install/dynamixel_sdk_custom_interfaces:/home/minsuje/turtlebot3_ws/install/dynamixel_sdk:/home/minsuje/turtlebot3_ws/install/car_odom:/home/minsuje/turtlebot3_ws/install/arm_odom:/home/minsuje/turtlebot3_ws/install/urdf_tutorial:/home/minsuje/turtlebot3_ws/install/turtlebot3_teleop:/home/minsuje/turtlebot3_ws/install/turtlebot3_example:/home/minsuje/turtlebot3_ws/install/turtlebot3_autorace_mission:/home/minsuje/turtlebot3_ws/install/turtlebot3_autorace_detect:/home/minsuje/turtlebot3_ws/install/turtlebot3_autorace_camera:/home/minsuje/turtlebot3_ws/install/sim_tutorial:/home/minsuje/turtlebot3_ws/install/car_tutorial:/home/minsuje/turtlebot3_ws/install/arm_tutorial:/home/minsuje/ws_urdf/install/urdf_tutorial:/home/minsuje/ros2_ws/install/rokey:/home/minsuje/ros2_ws/install/pick_and_place_voice:/home/minsuje/ros2_ws/install/pick_and_place_text:/home/minsuje/ros2_ws/install/my_service_pkg:/home/minsuje/ros2_ws/install/dsr_visualservoing:/home/minsuje/ros2_ws/install/dsr_tests:/home/minsuje/ros2_ws/install/dsr_bringup2:/home/minsuje/ros2_ws/install/dsr_example:/opt/ros/humble:/home/minsuje/ros2_ws/install/od_msg:/home/minsuje/ros2_ws/install/my_interfaces:/home/minsuje/ros2_ws/install/dsr_realtime_control:/home/minsuje/ros2_ws/install/dsr_controller2:/home/minsuje/ros2_ws/install/dsr_msgs2:/home/minsuje/ros2_ws/install/dsr_moveit_config_p3020:/home/minsuje/ros2_ws/install/dsr_moveit_config_m1509:/home/minsuje/ros2_ws/install/dsr_moveit_config_m1013:/home/minsuje/ros2_ws/install/dsr_moveit_config_m0617:/home/minsuje/ros2_ws/install/dsr_moveit_config_m0609:/home/minsuje/ros2_ws/install/dsr_moveit_config_h2515:/home/minsuje/ros2_ws/install/dsr_moveit_config_h2017:/home/minsuje/ros2_ws/install/dsr_moveit_config_e0509:/home/minsuje/ros2_ws/install/dsr_moveit_config_a0912:/home/minsuje/ros2_ws/install/dsr_moveit_config_a0509:/home/minsuje/ros2_ws/install/dsr_hardware2:/home/minsuje/ros2_ws/install/dsr_gazebo2:/home/minsuje/ros2_ws/install/dsr_description2:/home/minsuje/ros2_ws/install/dsr_common2:/home/minsuje/ros2_ws/install/custom_pkg_srv_test:/home/minsuje/ros2_ws/install/custom_msgs /usr/bin/cmake /home/minsuje/turtlebot3_ws/src/DynamixelSDK/ros/dynamixel_sdk_custom_interfaces -DAMENT_CMAKE_SYMLINK_INSTALL=1 -DCMAKE_INSTALL_PREFIX=/home/minsuje/turtlebot3_ws/install/dynamixel_sdk_custom_interfaces
[1.845s] -- The C compiler identification is GNU 11.4.0
[1.846s] -- The CXX compiler identification is GNU 11.4.0
[1.846s] -- Detecting C compiler ABI info
[1.846s] -- Detecting C compiler ABI info - done
[1.846s] -- Check for working C compiler: /usr/bin/cc - skipped
[1.846s] -- Detecting C compile features
[1.846s] -- Detecting C compile features - done
[1.846s] -- Detecting CXX compiler ABI info
[1.846s] -- Detecting CXX compiler ABI info - done
[1.846s] -- Check for working CXX compiler: /usr/bin/c++ - skipped
[1.846s] -- Detecting CXX compile features
[1.846s] -- Detecting CXX compile features - done
[1.846s] -- Found ament_cmake: 1.3.11 (/opt/ros/humble/share/ament_cmake/cmake)
[1.846s] -- Found Python3: /usr/bin/python3 (found version "3.10.12") found components: Interpreter 
[1.846s] -- Override CMake install command with custom implementation using symlinks instead of copying resources
[1.846s] -- Found builtin_interfaces: 1.2.1 (/opt/ros/humble/share/builtin_interfaces/cmake)
[1.846s] -- Found rosidl_generator_c: 3.1.6 (/opt/ros/humble/share/rosidl_generator_c/cmake)
[1.846s] -- Found rosidl_adapter: 3.1.6 (/opt/ros/humble/share/rosidl_adapter/cmake)
[1.846s] -- Found rosidl_generator_cpp: 3.1.6 (/opt/ros/humble/share/rosidl_generator_cpp/cmake)
[1.846s] -- Using all available rosidl_typesupport_c: rosidl_typesupport_fastrtps_c;rosidl_typesupport_introspection_c
[1.846s] -- Using all available rosidl_typesupport_cpp: rosidl_typesupport_fastrtps_cpp;rosidl_typesupport_introspection_cpp
[1.846s] -- Found rosidl_default_generators: 1.2.0 (/opt/ros/humble/share/rosidl_default_generators/cmake)
[1.846s] -- Found ament_cmake_ros: 0.10.0 (/opt/ros/humble/share/ament_cmake_ros/cmake)
[1.846s] -- Using all available rosidl_typesupport_c: rosidl_typesupport_fastrtps_c;rosidl_typesupport_introspection_c
[1.846s] -- Using all available rosidl_typesupport_cpp: rosidl_typesupport_fastrtps_cpp;rosidl_typesupport_introspection_cpp
[1.846s] -- Found PythonInterp: /usr/bin/python3 (found suitable version "3.10.12", minimum required is "3.6") 
[1.846s] -- Found python_cmake_module: 0.10.0 (/opt/ros/humble/share/python_cmake_module/cmake)
[1.847s] -- Found PythonLibs: /usr/lib/x86_64-linux-gnu/libpython3.10.so (found suitable version "3.10.12", minimum required is "3.5") 
[1.847s] -- Using PYTHON_EXECUTABLE: /usr/bin/python3
[1.847s] -- Using PYTHON_INCLUDE_DIRS: /usr/include/python3.10
[1.847s] -- Using PYTHON_LIBRARIES: /usr/lib/x86_64-linux-gnu/libpython3.10.so
[1.847s] -- Found PythonExtra: .so  
[1.847s] -- Configuring done
[1.847s] -- Generating done
[1.847s] -- Build files have been written to: /home/minsuje/turtlebot3_ws/build/dynamixel_sdk_custom_interfaces
[1.870s] Invoked command in '/home/minsuje/turtlebot3_ws/build/dynamixel_sdk_custom_interfaces' returned '0': CMAKE_PREFIX_PATH=/home/minsuje/turtlebot3_ws/install/turtlebot3:/home/minsuje/turtlebot3_ws/install/turtlebot3_simulations:/home/minsuje/turtlebot3_ws/install/turtlebot3_bringup:/home/minsuje/turtlebot3_ws/install/turtlebot3_node:/home/minsuje/turtlebot3_ws/install/turtlebot3_navigation2:/home/minsuje/turtlebot3_ws/install/turtlebot3_fake_node:/home/minsuje/turtlebot3_ws/install/turtlebot3_msgs:/home/minsuje/turtlebot3_ws/install/turtlebot3_manipulation:/home/minsuje/turtlebot3_ws/install/turtlebot3_manipulation_teleop:/home/minsuje/turtlebot3_ws/install/turtlebot3_manipulation_navigation2:/home/minsuje/turtlebot3_ws/install/turtlebot3_manipulation_moveit_config:/home/minsuje/turtlebot3_ws/install/turtlebot3_manipulation_hardware:/home/minsuje/turtlebot3_ws/install/turtlebot3_manipulation_gazebo:/home/minsuje/turtlebot3_ws/install/turtlebot3_manipulation_bringup:/home/minsuje/turtlebot3_ws/install/turtlebot3_manipulation_description:/home/minsuje/turtlebot3_ws/install/turtlebot3_manipulation_cartographer:/home/minsuje/turtlebot3_ws/install/turtlebot3_gazebo:/home/minsuje/turtlebot3_ws/install/turtlebot3_description:/home/minsuje/turtlebot3_ws/install/turtlebot3_cartographer:/home/minsuje/turtlebot3_ws/install/turtlebot3_autorace:/home/minsuje/turtlebot3_ws/install/open_manipulator:/home/minsuje/turtlebot3_ws/install/open_manipulator_x_teleop:/home/minsuje/turtlebot3_ws/install/open_manipulator_x_playground:/home/minsuje/turtlebot3_ws/install/open_manipulator_x_moveit_config:/home/minsuje/turtlebot3_ws/install/open_manipulator_x_gui:/home/minsuje/turtlebot3_ws/install/open_manipulator_x_bringup:/home/minsuje/turtlebot3_ws/install/open_manipulator_x_description:/home/minsuje/turtlebot3_ws/install/dynamixel_sdk_examples:/home/minsuje/turtlebot3_ws/install/dynamixel_sdk_custom_interfaces:/home/minsuje/turtlebot3_ws/install/dynamixel_sdk:/home/minsuje/turtlebot3_ws/install/car_odom:/home/minsuje/turtlebot3_ws/install/arm_odom:/home/minsuje/turtlebot3_ws/install/urdf_tutorial:/home/minsuje/turtlebot3_ws/install/turtlebot3_teleop:/home/minsuje/turtlebot3_ws/install/turtlebot3_example:/home/minsuje/turtlebot3_ws/install/turtlebot3_autorace_mission:/home/minsuje/turtlebot3_ws/install/turtlebot3_autorace_detect:/home/minsuje/turtlebot3_ws/install/turtlebot3_autorace_camera:/home/minsuje/turtlebot3_ws/install/sim_tutorial:/home/minsuje/turtlebot3_ws/install/car_tutorial:/home/minsuje/turtlebot3_ws/install/arm_tutorial:/home/minsuje/ws_urdf/install/urdf_tutorial:/home/minsuje/ros2_ws/install/rokey:/home/minsuje/ros2_ws/install/pick_and_place_voice:/home/minsuje/ros2_ws/install/pick_and_place_text:/home/minsuje/ros2_ws/install/my_service_pkg:/home/minsuje/ros2_ws/install/dsr_visualservoing:/home/minsuje/ros2_ws/install/dsr_tests:/home/minsuje/ros2_ws/install/dsr_bringup2:/home/minsuje/ros2_ws/install/dsr_example:/opt/ros/humble:/home/minsuje/ros2_ws/install/od_msg:/home/minsuje/ros2_ws/install/my_interfaces:/home/minsuje/ros2_ws/install/dsr_realtime_control:/home/minsuje/ros2_ws/install/dsr_controller2:/home/minsuje/ros2_ws/install/dsr_msgs2:/home/minsuje/ros2_ws/install/dsr_moveit_config_p3020:/home/minsuje/ros2_ws/install/dsr_moveit_config_m1509:/home/minsuje/ros2_ws/install/dsr_moveit_config_m1013:/home/minsuje/ros2_ws/install/dsr_moveit_config_m0617:/home/minsuje/ros2_ws/install/dsr_moveit_config_m0609:/home/minsuje/ros2_ws/install/dsr_moveit_config_h2515:/home/minsuje/ros2_ws/install/dsr_moveit_config_h2017:/home/minsuje/ros2_ws/install/dsr_moveit_config_e0509:/home/minsuje/ros2_ws/install/dsr_moveit_config_a0912:/home/minsuje/ros2_ws/install/dsr_moveit_config_a0509:/home/minsuje/ros2_ws/install/dsr_hardware2:/home/minsuje/ros2_ws/install/dsr_gazebo2:/home/minsuje/ros2_ws/install/dsr_description2:/home/minsuje/ros2_ws/install/dsr_common2:/home/minsuje/ros2_ws/install/custom_pkg_srv_test:/home/minsuje/ros2_ws/install/custom_msgs /usr/bin/cmake /home/minsuje/turtlebot3_ws/src/DynamixelSDK/ros/dynamixel_sdk_custom_interfaces -DAMENT_CMAKE_SYMLINK_INSTALL=1 -DCMAKE_INSTALL_PREFIX=/home/minsuje/turtlebot3_ws/install/dynamixel_sdk_custom_interfaces
[1.871s] Invoking command in '/home/minsuje/turtlebot3_ws/build/dynamixel_sdk_custom_interfaces': CMAKE_PREFIX_PATH=/home/minsuje/turtlebot3_ws/install/turtlebot3:/home/minsuje/turtlebot3_ws/install/turtlebot3_simulations:/home/minsuje/turtlebot3_ws/install/turtlebot3_bringup:/home/minsuje/turtlebot3_ws/install/turtlebot3_node:/home/minsuje/turtlebot3_ws/install/turtlebot3_navigation2:/home/minsuje/turtlebot3_ws/install/turtlebot3_fake_node:/home/minsuje/turtlebot3_ws/install/turtlebot3_msgs:/home/minsuje/turtlebot3_ws/install/turtlebot3_manipulation:/home/minsuje/turtlebot3_ws/install/turtlebot3_manipulation_teleop:/home/minsuje/turtlebot3_ws/install/turtlebot3_manipulation_navigation2:/home/minsuje/turtlebot3_ws/install/turtlebot3_manipulation_moveit_config:/home/minsuje/turtlebot3_ws/install/turtlebot3_manipulation_hardware:/home/minsuje/turtlebot3_ws/install/turtlebot3_manipulation_gazebo:/home/minsuje/turtlebot3_ws/install/turtlebot3_manipulation_bringup:/home/minsuje/turtlebot3_ws/install/turtlebot3_manipulation_description:/home/minsuje/turtlebot3_ws/install/turtlebot3_manipulation_cartographer:/home/minsuje/turtlebot3_ws/install/turtlebot3_gazebo:/home/minsuje/turtlebot3_ws/install/turtlebot3_description:/home/minsuje/turtlebot3_ws/install/turtlebot3_cartographer:/home/minsuje/turtlebot3_ws/install/turtlebot3_autorace:/home/minsuje/turtlebot3_ws/install/open_manipulator:/home/minsuje/turtlebot3_ws/install/open_manipulator_x_teleop:/home/minsuje/turtlebot3_ws/install/open_manipulator_x_playground:/home/minsuje/turtlebot3_ws/install/open_manipulator_x_moveit_config:/home/minsuje/turtlebot3_ws/install/open_manipulator_x_gui:/home/minsuje/turtlebot3_ws/install/open_manipulator_x_bringup:/home/minsuje/turtlebot3_ws/install/open_manipulator_x_description:/home/minsuje/turtlebot3_ws/install/dynamixel_sdk_examples:/home/minsuje/turtlebot3_ws/install/dynamixel_sdk_custom_interfaces:/home/minsuje/turtlebot3_ws/install/dynamixel_sdk:/home/minsuje/turtlebot3_ws/install/car_odom:/home/minsuje/turtlebot3_ws/install/arm_odom:/home/minsuje/turtlebot3_ws/install/urdf_tutorial:/home/minsuje/turtlebot3_ws/install/turtlebot3_teleop:/home/minsuje/turtlebot3_ws/install/turtlebot3_example:/home/minsuje/turtlebot3_ws/install/turtlebot3_autorace_mission:/home/minsuje/turtlebot3_ws/install/turtlebot3_autorace_detect:/home/minsuje/turtlebot3_ws/install/turtlebot3_autorace_camera:/home/minsuje/turtlebot3_ws/install/sim_tutorial:/home/minsuje/turtlebot3_ws/install/car_tutorial:/home/minsuje/turtlebot3_ws/install/arm_tutorial:/home/minsuje/ws_urdf/install/urdf_tutorial:/home/minsuje/ros2_ws/install/rokey:/home/minsuje/ros2_ws/install/pick_and_place_voice:/home/minsuje/ros2_ws/install/pick_and_place_text:/home/minsuje/ros2_ws/install/my_service_pkg:/home/minsuje/ros2_ws/install/dsr_visualservoing:/home/minsuje/ros2_ws/install/dsr_tests:/home/minsuje/ros2_ws/install/dsr_bringup2:/home/minsuje/ros2_ws/install/dsr_example:/opt/ros/humble:/home/minsuje/ros2_ws/install/od_msg:/home/minsuje/ros2_ws/install/my_interfaces:/home/minsuje/ros2_ws/install/dsr_realtime_control:/home/minsuje/ros2_ws/install/dsr_controller2:/home/minsuje/ros2_ws/install/dsr_msgs2:/home/minsuje/ros2_ws/install/dsr_moveit_config_p3020:/home/minsuje/ros2_ws/install/dsr_moveit_config_m1509:/home/minsuje/ros2_ws/install/dsr_moveit_config_m1013:/home/minsuje/ros2_ws/install/dsr_moveit_config_m0617:/home/minsuje/ros2_ws/install/dsr_moveit_config_m0609:/home/minsuje/ros2_ws/install/dsr_moveit_config_h2515:/home/minsuje/ros2_ws/install/dsr_moveit_config_h2017:/home/minsuje/ros2_ws/install/dsr_moveit_config_e0509:/home/minsuje/ros2_ws/install/dsr_moveit_config_a0912:/home/minsuje/ros2_ws/install/dsr_moveit_config_a0509:/home/minsuje/ros2_ws/install/dsr_hardware2:/home/minsuje/ros2_ws/install/dsr_gazebo2:/home/minsuje/ros2_ws/install/dsr_description2:/home/minsuje/ros2_ws/install/dsr_common2:/home/minsuje/ros2_ws/install/custom_pkg_srv_test:/home/minsuje/ros2_ws/install/custom_msgs /usr/bin/cmake --build /home/minsuje/turtlebot3_ws/build/dynamixel_sdk_custom_interfaces -- -j32 -l32
[1.897s] [  2%] [34m[1mGenerating C code for ROS interfaces[0m
[1.910s] [  5%] [34m[1mGenerating C++ code for ROS interfaces[0m
[1.923s] [  5%] Built target ament_cmake_python_symlink_dynamixel_sdk_custom_interfaces
[2.321s] [  7%] [32mBuilding C object CMakeFiles/dynamixel_sdk_custom_interfaces__rosidl_generator_c.dir/rosidl_generator_c/dynamixel_sdk_custom_interfaces/srv/detail/get_position__functions.c.o[0m
[2.323s] [ 10%] [32mBuilding C object CMakeFiles/dynamixel_sdk_custom_interfaces__rosidl_generator_c.dir/rosidl_generator_c/dynamixel_sdk_custom_interfaces/msg/detail/set_position__functions.c.o[0m
[2.352s] running egg_info
[2.353s] creating dynamixel_sdk_custom_interfaces.egg-info
[2.353s] writing dynamixel_sdk_custom_interfaces.egg-info/PKG-INFO
[2.353s] writing dependency_links to dynamixel_sdk_custom_interfaces.egg-info/dependency_links.txt
[2.354s] writing top-level names to dynamixel_sdk_custom_interfaces.egg-info/top_level.txt
[2.354s] writing manifest file 'dynamixel_sdk_custom_interfaces.egg-info/SOURCES.txt'
[2.357s] reading manifest file 'dynamixel_sdk_custom_interfaces.egg-info/SOURCES.txt'
[2.358s] writing manifest file 'dynamixel_sdk_custom_interfaces.egg-info/SOURCES.txt'
[2.370s] [ 12%] [32m[1mLinking C shared library libdynamixel_sdk_custom_interfaces__rosidl_generator_c.so[0m
[2.371s] [ 12%] Built target dynamixel_sdk_custom_interfaces__cpp
[2.380s] [ 15%] [34m[1mGenerating C++ type support dispatch for ROS interfaces[0m
[2.384s] [ 17%] [34m[1mGenerating C++ introspection for ROS interfaces[0m
[2.384s] [ 20%] [34m[1mGenerating C++ type support for eProsima Fast-RTPS[0m
[2.393s] [ 20%] Built target ament_cmake_python_build_dynamixel_sdk_custom_interfaces_egg
[2.410s] [ 20%] Built target dynamixel_sdk_custom_interfaces__rosidl_generator_c
[2.421s] [ 23%] [34m[1mGenerating C introspection for ROS interfaces[0m
[2.421s] [ 25%] [34m[1mGenerating C type support for eProsima Fast-RTPS[0m
[2.421s] [ 28%] [34m[1mGenerating C type support dispatch for ROS interfaces[0m
[2.695s] [ 30%] [32mBuilding CXX object CMakeFiles/dynamixel_sdk_custom_interfaces__rosidl_typesupport_cpp.dir/rosidl_typesupport_cpp/dynamixel_sdk_custom_interfaces/msg/set_position__type_support.cpp.o[0m
[2.698s] [ 33%] [32mBuilding CXX object CMakeFiles/dynamixel_sdk_custom_interfaces__rosidl_typesupport_cpp.dir/rosidl_typesupport_cpp/dynamixel_sdk_custom_interfaces/srv/get_position__type_support.cpp.o[0m
[2.724s] [ 35%] [32mBuilding CXX object CMakeFiles/dynamixel_sdk_custom_interfaces__rosidl_typesupport_introspection_cpp.dir/rosidl_typesupport_introspection_cpp/dynamixel_sdk_custom_interfaces/msg/detail/set_position__type_support.cpp.o[0m
[2.731s] [ 38%] [32mBuilding CXX object CMakeFiles/dynamixel_sdk_custom_interfaces__rosidl_typesupport_introspection_cpp.dir/rosidl_typesupport_introspection_cpp/dynamixel_sdk_custom_interfaces/srv/detail/get_position__type_support.cpp.o[0m
[2.733s] [ 41%] [32mBuilding CXX object CMakeFiles/dynamixel_sdk_custom_interfaces__rosidl_typesupport_fastrtps_cpp.dir/rosidl_typesupport_fastrtps_cpp/dynamixel_sdk_custom_interfaces/msg/detail/dds_fastrtps/set_position__type_support.cpp.o[0m
[2.733s] [ 43%] [32mBuilding CXX object CMakeFiles/dynamixel_sdk_custom_interfaces__rosidl_typesupport_fastrtps_cpp.dir/rosidl_typesupport_fastrtps_cpp/dynamixel_sdk_custom_interfaces/srv/detail/dds_fastrtps/get_position__type_support.cpp.o[0m
[2.745s] [ 46%] [32mBuilding CXX object CMakeFiles/dynamixel_sdk_custom_interfaces__rosidl_typesupport_c.dir/rosidl_typesupport_c/dynamixel_sdk_custom_interfaces/srv/get_position__type_support.cpp.o[0m
[2.750s] [ 48%] [32mBuilding CXX object CMakeFiles/dynamixel_sdk_custom_interfaces__rosidl_typesupport_c.dir/rosidl_typesupport_c/dynamixel_sdk_custom_interfaces/msg/set_position__type_support.cpp.o[0m
[2.790s] [ 51%] [32mBuilding C object CMakeFiles/dynamixel_sdk_custom_interfaces__rosidl_typesupport_introspection_c.dir/rosidl_typesupport_introspection_c/dynamixel_sdk_custom_interfaces/srv/detail/get_position__type_support.c.o[0m
[2.795s] [ 53%] [32mBuilding C object CMakeFiles/dynamixel_sdk_custom_interfaces__rosidl_typesupport_introspection_c.dir/rosidl_typesupport_introspection_c/dynamixel_sdk_custom_interfaces/msg/detail/set_position__type_support.c.o[0m
[2.797s] [ 56%] [32mBuilding CXX object CMakeFiles/dynamixel_sdk_custom_interfaces__rosidl_typesupport_fastrtps_c.dir/rosidl_typesupport_fastrtps_c/dynamixel_sdk_custom_interfaces/msg/detail/set_position__type_support_c.cpp.o[0m
[2.798s] [ 58%] [32m[1mLinking CXX shared library libdynamixel_sdk_custom_interfaces__rosidl_typesupport_c.so[0m
[2.813s] [ 61%] [32mBuilding CXX object CMakeFiles/dynamixel_sdk_custom_interfaces__rosidl_typesupport_fastrtps_c.dir/rosidl_typesupport_fastrtps_c/dynamixel_sdk_custom_interfaces/srv/detail/get_position__type_support_c.cpp.o[0m
[2.845s] [ 64%] [32m[1mLinking C shared library libdynamixel_sdk_custom_interfaces__rosidl_typesupport_introspection_c.so[0m
[2.882s] [ 64%] Built target dynamixel_sdk_custom_interfaces__rosidl_typesupport_c
[2.892s] [ 64%] Built target dynamixel_sdk_custom_interfaces__rosidl_typesupport_introspection_c
[3.017s] [ 66%] [32m[1mLinking CXX shared library libdynamixel_sdk_custom_interfaces__rosidl_typesupport_cpp.so[0m
[3.089s] [ 69%] [32m[1mLinking CXX shared library libdynamixel_sdk_custom_interfaces__rosidl_typesupport_introspection_cpp.so[0m
[3.095s] [ 69%] Built target dynamixel_sdk_custom_interfaces__rosidl_typesupport_cpp
[3.165s] [ 71%] [32m[1mLinking CXX shared library libdynamixel_sdk_custom_interfaces__rosidl_typesupport_fastrtps_cpp.so[0m
[3.168s] [ 71%] Built target dynamixel_sdk_custom_interfaces__rosidl_typesupport_introspection_cpp
[3.214s] [ 74%] [32m[1mLinking CXX shared library libdynamixel_sdk_custom_interfaces__rosidl_typesupport_fastrtps_c.so[0m
[3.269s] [ 74%] Built target dynamixel_sdk_custom_interfaces__rosidl_typesupport_fastrtps_cpp
[3.295s] [ 74%] Built target dynamixel_sdk_custom_interfaces__rosidl_typesupport_fastrtps_c
[3.325s] [ 74%] Built target dynamixel_sdk_custom_interfaces
[3.355s] [ 76%] [34m[1mGenerating Python code for ROS interfaces[0m
[3.824s] [ 76%] Built target dynamixel_sdk_custom_interfaces__py
[3.845s] [ 82%] [32mBuilding C object CMakeFiles/dynamixel_sdk_custom_interfaces__rosidl_generator_py.dir/rosidl_generator_py/dynamixel_sdk_custom_interfaces/srv/_get_position_s.c.o[0m
[3.845s] [ 82%] [32mBuilding C object CMakeFiles/dynamixel_sdk_custom_interfaces__rosidl_generator_py.dir/rosidl_generator_py/dynamixel_sdk_custom_interfaces/msg/_set_position_s.c.o[0m
[3.950s] [ 84%] [32m[1mLinking C shared library rosidl_generator_py/dynamixel_sdk_custom_interfaces/libdynamixel_sdk_custom_interfaces__rosidl_generator_py.so[0m
[4.002s] [ 84%] Built target dynamixel_sdk_custom_interfaces__rosidl_generator_py
[4.050s] [ 87%] [32mBuilding C object CMakeFiles/dynamixel_sdk_custom_interfaces__rosidl_typesupport_fastrtps_c__pyext.dir/rosidl_generator_py/dynamixel_sdk_custom_interfaces/_dynamixel_sdk_custom_interfaces_s.ep.rosidl_typesupport_fastrtps_c.c.o[0m
[4.058s] [ 89%] [32mBuilding C object CMakeFiles/dynamixel_sdk_custom_interfaces__rosidl_typesupport_introspection_c__pyext.dir/rosidl_generator_py/dynamixel_sdk_custom_interfaces/_dynamixel_sdk_custom_interfaces_s.ep.rosidl_typesupport_introspection_c.c.o[0m
[4.060s] [ 92%] [32mBuilding C object CMakeFiles/dynamixel_sdk_custom_interfaces__rosidl_typesupport_c__pyext.dir/rosidl_generator_py/dynamixel_sdk_custom_interfaces/_dynamixel_sdk_custom_interfaces_s.ep.rosidl_typesupport_c.c.o[0m
[4.190s] [ 94%] [32m[1mLinking C shared library rosidl_generator_py/dynamixel_sdk_custom_interfaces/dynamixel_sdk_custom_interfaces_s__rosidl_typesupport_fastrtps_c.cpython-310-x86_64-linux-gnu.so[0m
[4.217s] [ 97%] [32m[1mLinking C shared library rosidl_generator_py/dynamixel_sdk_custom_interfaces/dynamixel_sdk_custom_interfaces_s__rosidl_typesupport_introspection_c.cpython-310-x86_64-linux-gnu.so[0m
[4.260s] [100%] [32m[1mLinking C shared library rosidl_generator_py/dynamixel_sdk_custom_interfaces/dynamixel_sdk_custom_interfaces_s__rosidl_typesupport_c.cpython-310-x86_64-linux-gnu.so[0m
[4.268s] [100%] Built target dynamixel_sdk_custom_interfaces__rosidl_typesupport_fastrtps_c__pyext
[4.294s] [100%] Built target dynamixel_sdk_custom_interfaces__rosidl_typesupport_introspection_c__pyext
[4.335s] [100%] Built target dynamixel_sdk_custom_interfaces__rosidl_typesupport_c__pyext
[4.368s] Invoked command in '/home/minsuje/turtlebot3_ws/build/dynamixel_sdk_custom_interfaces' returned '0': CMAKE_PREFIX_PATH=/home/minsuje/turtlebot3_ws/install/turtlebot3:/home/minsuje/turtlebot3_ws/install/turtlebot3_simulations:/home/minsuje/turtlebot3_ws/install/turtlebot3_bringup:/home/minsuje/turtlebot3_ws/install/turtlebot3_node:/home/minsuje/turtlebot3_ws/install/turtlebot3_navigation2:/home/minsuje/turtlebot3_ws/install/turtlebot3_fake_node:/home/minsuje/turtlebot3_ws/install/turtlebot3_msgs:/home/minsuje/turtlebot3_ws/install/turtlebot3_manipulation:/home/minsuje/turtlebot3_ws/install/turtlebot3_manipulation_teleop:/home/minsuje/turtlebot3_ws/install/turtlebot3_manipulation_navigation2:/home/minsuje/turtlebot3_ws/install/turtlebot3_manipulation_moveit_config:/home/minsuje/turtlebot3_ws/install/turtlebot3_manipulation_hardware:/home/minsuje/turtlebot3_ws/install/turtlebot3_manipulation_gazebo:/home/minsuje/turtlebot3_ws/install/turtlebot3_manipulation_bringup:/home/minsuje/turtlebot3_ws/install/turtlebot3_manipulation_description:/home/minsuje/turtlebot3_ws/install/turtlebot3_manipulation_cartographer:/home/minsuje/turtlebot3_ws/install/turtlebot3_gazebo:/home/minsuje/turtlebot3_ws/install/turtlebot3_description:/home/minsuje/turtlebot3_ws/install/turtlebot3_cartographer:/home/minsuje/turtlebot3_ws/install/turtlebot3_autorace:/home/minsuje/turtlebot3_ws/install/open_manipulator:/home/minsuje/turtlebot3_ws/install/open_manipulator_x_teleop:/home/minsuje/turtlebot3_ws/install/open_manipulator_x_playground:/home/minsuje/turtlebot3_ws/install/open_manipulator_x_moveit_config:/home/minsuje/turtlebot3_ws/install/open_manipulator_x_gui:/home/minsuje/turtlebot3_ws/install/open_manipulator_x_bringup:/home/minsuje/turtlebot3_ws/install/open_manipulator_x_description:/home/minsuje/turtlebot3_ws/install/dynamixel_sdk_examples:/home/minsuje/turtlebot3_ws/install/dynamixel_sdk_custom_interfaces:/home/minsuje/turtlebot3_ws/install/dynamixel_sdk:/home/minsuje/turtlebot3_ws/install/car_odom:/home/minsuje/turtlebot3_ws/install/arm_odom:/home/minsuje/turtlebot3_ws/install/urdf_tutorial:/home/minsuje/turtlebot3_ws/install/turtlebot3_teleop:/home/minsuje/turtlebot3_ws/install/turtlebot3_example:/home/minsuje/turtlebot3_ws/install/turtlebot3_autorace_mission:/home/minsuje/turtlebot3_ws/install/turtlebot3_autorace_detect:/home/minsuje/turtlebot3_ws/install/turtlebot3_autorace_camera:/home/minsuje/turtlebot3_ws/install/sim_tutorial:/home/minsuje/turtlebot3_ws/install/car_tutorial:/home/minsuje/turtlebot3_ws/install/arm_tutorial:/home/minsuje/ws_urdf/install/urdf_tutorial:/home/minsuje/ros2_ws/install/rokey:/home/minsuje/ros2_ws/install/pick_and_place_voice:/home/minsuje/ros2_ws/install/pick_and_place_text:/home/minsuje/ros2_ws/install/my_service_pkg:/home/minsuje/ros2_ws/install/dsr_visualservoing:/home/minsuje/ros2_ws/install/dsr_tests:/home/minsuje/ros2_ws/install/dsr_bringup2:/home/minsuje/ros2_ws/install/dsr_example:/opt/ros/humble:/home/minsuje/ros2_ws/install/od_msg:/home/minsuje/ros2_ws/install/my_interfaces:/home/minsuje/ros2_ws/install/dsr_realtime_control:/home/minsuje/ros2_ws/install/dsr_controller2:/home/minsuje/ros2_ws/install/dsr_msgs2:/home/minsuje/ros2_ws/install/dsr_moveit_config_p3020:/home/minsuje/ros2_ws/install/dsr_moveit_config_m1509:/home/minsuje/ros2_ws/install/dsr_moveit_config_m1013:/home/minsuje/ros2_ws/install/dsr_moveit_config_m0617:/home/minsuje/ros2_ws/install/dsr_moveit_config_m0609:/home/minsuje/ros2_ws/install/dsr_moveit_config_h2515:/home/minsuje/ros2_ws/install/dsr_moveit_config_h2017:/home/minsuje/ros2_ws/install/dsr_moveit_config_e0509:/home/minsuje/ros2_ws/install/dsr_moveit_config_a0912:/home/minsuje/ros2_ws/install/dsr_moveit_config_a0509:/home/minsuje/ros2_ws/install/dsr_hardware2:/home/minsuje/ros2_ws/install/dsr_gazebo2:/home/minsuje/ros2_ws/install/dsr_description2:/home/minsuje/ros2_ws/install/dsr_common2:/home/minsuje/ros2_ws/install/custom_pkg_srv_test:/home/minsuje/ros2_ws/install/custom_msgs /usr/bin/cmake --build /home/minsuje/turtlebot3_ws/build/dynamixel_sdk_custom_interfaces -- -j32 -l32
[4.374s] Invoking command in '/home/minsuje/turtlebot3_ws/build/dynamixel_sdk_custom_interfaces': CMAKE_PREFIX_PATH=/home/minsuje/turtlebot3_ws/install/turtlebot3:/home/minsuje/turtlebot3_ws/install/turtlebot3_simulations:/home/minsuje/turtlebot3_ws/install/turtlebot3_bringup:/home/minsuje/turtlebot3_ws/install/turtlebot3_node:/home/minsuje/turtlebot3_ws/install/turtlebot3_navigation2:/home/minsuje/turtlebot3_ws/install/turtlebot3_fake_node:/home/minsuje/turtlebot3_ws/install/turtlebot3_msgs:/home/minsuje/turtlebot3_ws/install/turtlebot3_manipulation:/home/minsuje/turtlebot3_ws/install/turtlebot3_manipulation_teleop:/home/minsuje/turtlebot3_ws/install/turtlebot3_manipulation_navigation2:/home/minsuje/turtlebot3_ws/install/turtlebot3_manipulation_moveit_config:/home/minsuje/turtlebot3_ws/install/turtlebot3_manipulation_hardware:/home/minsuje/turtlebot3_ws/install/turtlebot3_manipulation_gazebo:/home/minsuje/turtlebot3_ws/install/turtlebot3_manipulation_bringup:/home/minsuje/turtlebot3_ws/install/turtlebot3_manipulation_description:/home/minsuje/turtlebot3_ws/install/turtlebot3_manipulation_cartographer:/home/minsuje/turtlebot3_ws/install/turtlebot3_gazebo:/home/minsuje/turtlebot3_ws/install/turtlebot3_description:/home/minsuje/turtlebot3_ws/install/turtlebot3_cartographer:/home/minsuje/turtlebot3_ws/install/turtlebot3_autorace:/home/minsuje/turtlebot3_ws/install/open_manipulator:/home/minsuje/turtlebot3_ws/install/open_manipulator_x_teleop:/home/minsuje/turtlebot3_ws/install/open_manipulator_x_playground:/home/minsuje/turtlebot3_ws/install/open_manipulator_x_moveit_config:/home/minsuje/turtlebot3_ws/install/open_manipulator_x_gui:/home/minsuje/turtlebot3_ws/install/open_manipulator_x_bringup:/home/minsuje/turtlebot3_ws/install/open_manipulator_x_description:/home/minsuje/turtlebot3_ws/install/dynamixel_sdk_examples:/home/minsuje/turtlebot3_ws/install/dynamixel_sdk_custom_interfaces:/home/minsuje/turtlebot3_ws/install/dynamixel_sdk:/home/minsuje/turtlebot3_ws/install/car_odom:/home/minsuje/turtlebot3_ws/install/arm_odom:/home/minsuje/turtlebot3_ws/install/urdf_tutorial:/home/minsuje/turtlebot3_ws/install/turtlebot3_teleop:/home/minsuje/turtlebot3_ws/install/turtlebot3_example:/home/minsuje/turtlebot3_ws/install/turtlebot3_autorace_mission:/home/minsuje/turtlebot3_ws/install/turtlebot3_autorace_detect:/home/minsuje/turtlebot3_ws/install/turtlebot3_autorace_camera:/home/minsuje/turtlebot3_ws/install/sim_tutorial:/home/minsuje/turtlebot3_ws/install/car_tutorial:/home/minsuje/turtlebot3_ws/install/arm_tutorial:/home/minsuje/ws_urdf/install/urdf_tutorial:/home/minsuje/ros2_ws/install/rokey:/home/minsuje/ros2_ws/install/pick_and_place_voice:/home/minsuje/ros2_ws/install/pick_and_place_text:/home/minsuje/ros2_ws/install/my_service_pkg:/home/minsuje/ros2_ws/install/dsr_visualservoing:/home/minsuje/ros2_ws/install/dsr_tests:/home/minsuje/ros2_ws/install/dsr_bringup2:/home/minsuje/ros2_ws/install/dsr_example:/opt/ros/humble:/home/minsuje/ros2_ws/install/od_msg:/home/minsuje/ros2_ws/install/my_interfaces:/home/minsuje/ros2_ws/install/dsr_realtime_control:/home/minsuje/ros2_ws/install/dsr_controller2:/home/minsuje/ros2_ws/install/dsr_msgs2:/home/minsuje/ros2_ws/install/dsr_moveit_config_p3020:/home/minsuje/ros2_ws/install/dsr_moveit_config_m1509:/home/minsuje/ros2_ws/install/dsr_moveit_config_m1013:/home/minsuje/ros2_ws/install/dsr_moveit_config_m0617:/home/minsuje/ros2_ws/install/dsr_moveit_config_m0609:/home/minsuje/ros2_ws/install/dsr_moveit_config_h2515:/home/minsuje/ros2_ws/install/dsr_moveit_config_h2017:/home/minsuje/ros2_ws/install/dsr_moveit_config_e0509:/home/minsuje/ros2_ws/install/dsr_moveit_config_a0912:/home/minsuje/ros2_ws/install/dsr_moveit_config_a0509:/home/minsuje/ros2_ws/install/dsr_hardware2:/home/minsuje/ros2_ws/install/dsr_gazebo2:/home/minsuje/ros2_ws/install/dsr_description2:/home/minsuje/ros2_ws/install/dsr_common2:/home/minsuje/ros2_ws/install/custom_pkg_srv_test:/home/minsuje/ros2_ws/install/custom_msgs /usr/bin/cmake --install /home/minsuje/turtlebot3_ws/build/dynamixel_sdk_custom_interfaces
[4.392s] -- Install configuration: ""
[4.393s] -- Execute custom install script
[4.393s] -- Symlinking: /home/minsuje/turtlebot3_ws/install/dynamixel_sdk_custom_interfaces/share/ament_index/resource_index/rosidl_interfaces/dynamixel_sdk_custom_interfaces
[4.416s] -- Symlinking: /home/minsuje/turtlebot3_ws/install/dynamixel_sdk_custom_interfaces/include/dynamixel_sdk_custom_interfaces/dynamixel_sdk_custom_interfaces/msg/detail/set_position__functions.h
[4.439s] -- Symlinking: /home/minsuje/turtlebot3_ws/install/dynamixel_sdk_custom_interfaces/include/dynamixel_sdk_custom_interfaces/dynamixel_sdk_custom_interfaces/msg/detail/set_position__struct.h
[4.460s] -- Symlinking: /home/minsuje/turtlebot3_ws/install/dynamixel_sdk_custom_interfaces/include/dynamixel_sdk_custom_interfaces/dynamixel_sdk_custom_interfaces/msg/detail/set_position__type_support.h
[4.482s] -- Symlinking: /home/minsuje/turtlebot3_ws/install/dynamixel_sdk_custom_interfaces/include/dynamixel_sdk_custom_interfaces/dynamixel_sdk_custom_interfaces/msg/rosidl_generator_c__visibility_control.h
[4.499s] -- Symlinking: /home/minsuje/turtlebot3_ws/install/dynamixel_sdk_custom_interfaces/include/dynamixel_sdk_custom_interfaces/dynamixel_sdk_custom_interfaces/msg/set_position.h
[4.515s] -- Symlinking: /home/minsuje/turtlebot3_ws/install/dynamixel_sdk_custom_interfaces/include/dynamixel_sdk_custom_interfaces/dynamixel_sdk_custom_interfaces/srv/detail/get_position__functions.h
[4.536s] -- Symlinking: /home/minsuje/turtlebot3_ws/install/dynamixel_sdk_custom_interfaces/include/dynamixel_sdk_custom_interfaces/dynamixel_sdk_custom_interfaces/srv/detail/get_position__struct.h
[4.551s] -- Symlinking: /home/minsuje/turtlebot3_ws/install/dynamixel_sdk_custom_interfaces/include/dynamixel_sdk_custom_interfaces/dynamixel_sdk_custom_interfaces/srv/detail/get_position__type_support.h
[4.569s] -- Symlinking: /home/minsuje/turtlebot3_ws/install/dynamixel_sdk_custom_interfaces/include/dynamixel_sdk_custom_interfaces/dynamixel_sdk_custom_interfaces/srv/get_position.h
[4.586s] -- Symlinking: /home/minsuje/turtlebot3_ws/install/dynamixel_sdk_custom_interfaces/share/dynamixel_sdk_custom_interfaces/environment/library_path.sh
[4.604s] -- Symlinking: /home/minsuje/turtlebot3_ws/install/dynamixel_sdk_custom_interfaces/share/dynamixel_sdk_custom_interfaces/environment/library_path.dsv
[4.614s] -- Symlinking: /home/minsuje/turtlebot3_ws/install/dynamixel_sdk_custom_interfaces/include/dynamixel_sdk_custom_interfaces/dynamixel_sdk_custom_interfaces/msg/detail/set_position__rosidl_typesupport_fastrtps_c.h
[4.624s] -- Symlinking: /home/minsuje/turtlebot3_ws/install/dynamixel_sdk_custom_interfaces/include/dynamixel_sdk_custom_interfaces/dynamixel_sdk_custom_interfaces/msg/rosidl_typesupport_fastrtps_c__visibility_control.h
[4.635s] -- Symlinking: /home/minsuje/turtlebot3_ws/install/dynamixel_sdk_custom_interfaces/include/dynamixel_sdk_custom_interfaces/dynamixel_sdk_custom_interfaces/srv/detail/get_position__rosidl_typesupport_fastrtps_c.h
[4.642s] -- Symlinking: /home/minsuje/turtlebot3_ws/install/dynamixel_sdk_custom_interfaces/include/dynamixel_sdk_custom_interfaces/dynamixel_sdk_custom_interfaces/msg/detail/set_position__builder.hpp
[4.652s] -- Symlinking: /home/minsuje/turtlebot3_ws/install/dynamixel_sdk_custom_interfaces/include/dynamixel_sdk_custom_interfaces/dynamixel_sdk_custom_interfaces/msg/detail/set_position__struct.hpp
[4.660s] -- Symlinking: /home/minsuje/turtlebot3_ws/install/dynamixel_sdk_custom_interfaces/include/dynamixel_sdk_custom_interfaces/dynamixel_sdk_custom_interfaces/msg/detail/set_position__traits.hpp
[4.668s] -- Symlinking: /home/minsuje/turtlebot3_ws/install/dynamixel_sdk_custom_interfaces/include/dynamixel_sdk_custom_interfaces/dynamixel_sdk_custom_interfaces/msg/detail/set_position__type_support.hpp
[4.681s] -- Symlinking: /home/minsuje/turtlebot3_ws/install/dynamixel_sdk_custom_interfaces/include/dynamixel_sdk_custom_interfaces/dynamixel_sdk_custom_interfaces/msg/rosidl_generator_cpp__visibility_control.hpp
[4.686s] -- Symlinking: /home/minsuje/turtlebot3_ws/install/dynamixel_sdk_custom_interfaces/include/dynamixel_sdk_custom_interfaces/dynamixel_sdk_custom_interfaces/msg/set_position.hpp
[4.695s] -- Symlinking: /home/minsuje/turtlebot3_ws/install/dynamixel_sdk_custom_interfaces/include/dynamixel_sdk_custom_interfaces/dynamixel_sdk_custom_interfaces/srv/detail/get_position__builder.hpp
[4.703s] -- Symlinking: /home/minsuje/turtlebot3_ws/install/dynamixel_sdk_custom_interfaces/include/dynamixel_sdk_custom_interfaces/dynamixel_sdk_custom_interfaces/srv/detail/get_position__struct.hpp
[4.709s] -- Symlinking: /home/minsuje/turtlebot3_ws/install/dynamixel_sdk_custom_interfaces/include/dynamixel_sdk_custom_interfaces/dynamixel_sdk_custom_interfaces/srv/detail/get_position__traits.hpp
[4.717s] -- Symlinking: /home/minsuje/turtlebot3_ws/install/dynamixel_sdk_custom_interfaces/include/dynamixel_sdk_custom_interfaces/dynamixel_sdk_custom_interfaces/srv/detail/get_position__type_support.hpp
[4.724s] -- Symlinking: /home/minsuje/turtlebot3_ws/install/dynamixel_sdk_custom_interfaces/include/dynamixel_sdk_custom_interfaces/dynamixel_sdk_custom_interfaces/srv/get_position.hpp
[4.732s] -- Symlinking: /home/minsuje/turtlebot3_ws/install/dynamixel_sdk_custom_interfaces/include/dynamixel_sdk_custom_interfaces/dynamixel_sdk_custom_interfaces/msg/detail/set_position__rosidl_typesupport_fastrtps_cpp.hpp
[4.741s] -- Symlinking: /home/minsuje/turtlebot3_ws/install/dynamixel_sdk_custom_interfaces/include/dynamixel_sdk_custom_interfaces/dynamixel_sdk_custom_interfaces/msg/rosidl_typesupport_fastrtps_cpp__visibility_control.h
[4.750s] -- Symlinking: /home/minsuje/turtlebot3_ws/install/dynamixel_sdk_custom_interfaces/include/dynamixel_sdk_custom_interfaces/dynamixel_sdk_custom_interfaces/srv/detail/get_position__rosidl_typesupport_fastrtps_cpp.hpp
[4.757s] -- Symlinking: /home/minsuje/turtlebot3_ws/install/dynamixel_sdk_custom_interfaces/include/dynamixel_sdk_custom_interfaces/dynamixel_sdk_custom_interfaces/msg/detail/set_position__rosidl_typesupport_introspection_c.h
[4.766s] -- Symlinking: /home/minsuje/turtlebot3_ws/install/dynamixel_sdk_custom_interfaces/include/dynamixel_sdk_custom_interfaces/dynamixel_sdk_custom_interfaces/msg/rosidl_typesupport_introspection_c__visibility_control.h
[4.775s] -- Symlinking: /home/minsuje/turtlebot3_ws/install/dynamixel_sdk_custom_interfaces/include/dynamixel_sdk_custom_interfaces/dynamixel_sdk_custom_interfaces/srv/detail/get_position__rosidl_typesupport_introspection_c.h
[4.783s] -- Symlinking: /home/minsuje/turtlebot3_ws/install/dynamixel_sdk_custom_interfaces/include/dynamixel_sdk_custom_interfaces/dynamixel_sdk_custom_interfaces/msg/detail/set_position__rosidl_typesupport_introspection_cpp.hpp
[4.792s] -- Symlinking: /home/minsuje/turtlebot3_ws/install/dynamixel_sdk_custom_interfaces/include/dynamixel_sdk_custom_interfaces/dynamixel_sdk_custom_interfaces/srv/detail/get_position__rosidl_typesupport_introspection_cpp.hpp
[4.801s] -- Symlinking: /home/minsuje/turtlebot3_ws/install/dynamixel_sdk_custom_interfaces/share/dynamixel_sdk_custom_interfaces/environment/pythonpath.sh
[4.807s] -- Symlinking: /home/minsuje/turtlebot3_ws/install/dynamixel_sdk_custom_interfaces/share/dynamixel_sdk_custom_interfaces/environment/pythonpath.dsv
[4.813s] -- Symlinking: /home/minsuje/turtlebot3_ws/install/dynamixel_sdk_custom_interfaces/local/lib/python3.10/dist-packages/dynamixel_sdk_custom_interfaces-3.8.4-py3.10.egg-info/PKG-INFO
[4.821s] -- Symlinking: /home/minsuje/turtlebot3_ws/install/dynamixel_sdk_custom_interfaces/local/lib/python3.10/dist-packages/dynamixel_sdk_custom_interfaces-3.8.4-py3.10.egg-info/SOURCES.txt
[4.827s] -- Symlinking: /home/minsuje/turtlebot3_ws/install/dynamixel_sdk_custom_interfaces/local/lib/python3.10/dist-packages/dynamixel_sdk_custom_interfaces-3.8.4-py3.10.egg-info/dependency_links.txt
[4.833s] -- Symlinking: /home/minsuje/turtlebot3_ws/install/dynamixel_sdk_custom_interfaces/local/lib/python3.10/dist-packages/dynamixel_sdk_custom_interfaces-3.8.4-py3.10.egg-info/top_level.txt
[4.839s] -- Symlinking: /home/minsuje/turtlebot3_ws/install/dynamixel_sdk_custom_interfaces/local/lib/python3.10/dist-packages/dynamixel_sdk_custom_interfaces/__init__.py
[4.845s] -- Symlinking: /home/minsuje/turtlebot3_ws/install/dynamixel_sdk_custom_interfaces/local/lib/python3.10/dist-packages/dynamixel_sdk_custom_interfaces/_dynamixel_sdk_custom_interfaces_s.ep.rosidl_typesupport_c.c
[4.854s] -- Symlinking: /home/minsuje/turtlebot3_ws/install/dynamixel_sdk_custom_interfaces/local/lib/python3.10/dist-packages/dynamixel_sdk_custom_interfaces/_dynamixel_sdk_custom_interfaces_s.ep.rosidl_typesupport_fastrtps_c.c
[4.862s] -- Symlinking: /home/minsuje/turtlebot3_ws/install/dynamixel_sdk_custom_interfaces/local/lib/python3.10/dist-packages/dynamixel_sdk_custom_interfaces/_dynamixel_sdk_custom_interfaces_s.ep.rosidl_typesupport_introspection_c.c
[4.869s] -- Symlinking: /home/minsuje/turtlebot3_ws/install/dynamixel_sdk_custom_interfaces/local/lib/python3.10/dist-packages/dynamixel_sdk_custom_interfaces/dynamixel_sdk_custom_interfaces_s__rosidl_typesupport_c.cpython-310-x86_64-linux-gnu.so
[4.874s] -- Symlinking: /home/minsuje/turtlebot3_ws/install/dynamixel_sdk_custom_interfaces/local/lib/python3.10/dist-packages/dynamixel_sdk_custom_interfaces/dynamixel_sdk_custom_interfaces_s__rosidl_typesupport_fastrtps_c.cpython-310-x86_64-linux-gnu.so
[4.880s] -- Symlinking: /home/minsuje/turtlebot3_ws/install/dynamixel_sdk_custom_interfaces/local/lib/python3.10/dist-packages/dynamixel_sdk_custom_interfaces/dynamixel_sdk_custom_interfaces_s__rosidl_typesupport_introspection_c.cpython-310-x86_64-linux-gnu.so
[4.886s] -- Symlinking: /home/minsuje/turtlebot3_ws/install/dynamixel_sdk_custom_interfaces/local/lib/python3.10/dist-packages/dynamixel_sdk_custom_interfaces/libdynamixel_sdk_custom_interfaces__rosidl_generator_py.so
[4.893s] -- Symlinking: /home/minsuje/turtlebot3_ws/install/dynamixel_sdk_custom_interfaces/local/lib/python3.10/dist-packages/dynamixel_sdk_custom_interfaces/msg/__init__.py
[4.899s] -- Symlinking: /home/minsuje/turtlebot3_ws/install/dynamixel_sdk_custom_interfaces/local/lib/python3.10/dist-packages/dynamixel_sdk_custom_interfaces/msg/_set_position.py
[4.906s] -- Symlinking: /home/minsuje/turtlebot3_ws/install/dynamixel_sdk_custom_interfaces/local/lib/python3.10/dist-packages/dynamixel_sdk_custom_interfaces/msg/_set_position_s.c
[4.913s] -- Symlinking: /home/minsuje/turtlebot3_ws/install/dynamixel_sdk_custom_interfaces/local/lib/python3.10/dist-packages/dynamixel_sdk_custom_interfaces/srv/__init__.py
[4.921s] -- Symlinking: /home/minsuje/turtlebot3_ws/install/dynamixel_sdk_custom_interfaces/local/lib/python3.10/dist-packages/dynamixel_sdk_custom_interfaces/srv/_get_position.py
[4.929s] -- Symlinking: /home/minsuje/turtlebot3_ws/install/dynamixel_sdk_custom_interfaces/local/lib/python3.10/dist-packages/dynamixel_sdk_custom_interfaces/srv/_get_position_s.c
[4.939s] -- Up-to-date symlink: /home/minsuje/turtlebot3_ws/install/dynamixel_sdk_custom_interfaces/local/lib/python3.10/dist-packages/dynamixel_sdk_custom_interfaces/dynamixel_sdk_custom_interfaces_s__rosidl_typesupport_fastrtps_c.cpython-310-x86_64-linux-gnu.so
[4.939s] -- Up-to-date symlink: /home/minsuje/turtlebot3_ws/install/dynamixel_sdk_custom_interfaces/local/lib/python3.10/dist-packages/dynamixel_sdk_custom_interfaces/dynamixel_sdk_custom_interfaces_s__rosidl_typesupport_introspection_c.cpython-310-x86_64-linux-gnu.so
[4.940s] -- Up-to-date symlink: /home/minsuje/turtlebot3_ws/install/dynamixel_sdk_custom_interfaces/local/lib/python3.10/dist-packages/dynamixel_sdk_custom_interfaces/dynamixel_sdk_custom_interfaces_s__rosidl_typesupport_c.cpython-310-x86_64-linux-gnu.so
[4.940s] -- Symlinking: /home/minsuje/turtlebot3_ws/install/dynamixel_sdk_custom_interfaces/share/dynamixel_sdk_custom_interfaces/msg/SetPosition.idl
[4.947s] -- Symlinking: /home/minsuje/turtlebot3_ws/install/dynamixel_sdk_custom_interfaces/share/dynamixel_sdk_custom_interfaces/srv/GetPosition.idl
[4.955s] -- Symlinking: /home/minsuje/turtlebot3_ws/install/dynamixel_sdk_custom_interfaces/share/dynamixel_sdk_custom_interfaces/msg/SetPosition.msg
[4.964s] -- Symlinking: /home/minsuje/turtlebot3_ws/install/dynamixel_sdk_custom_interfaces/share/dynamixel_sdk_custom_interfaces/srv/GetPosition.srv
[4.971s] -- Symlinking: /home/minsuje/turtlebot3_ws/install/dynamixel_sdk_custom_interfaces/share/dynamixel_sdk_custom_interfaces/srv/GetPosition_Request.msg
[4.979s] -- Symlinking: /home/minsuje/turtlebot3_ws/install/dynamixel_sdk_custom_interfaces/share/dynamixel_sdk_custom_interfaces/srv/GetPosition_Response.msg
[4.989s] -- Symlinking: /home/minsuje/turtlebot3_ws/install/dynamixel_sdk_custom_interfaces/share/ament_index/resource_index/package_run_dependencies/dynamixel_sdk_custom_interfaces
[4.998s] -- Symlinking: /home/minsuje/turtlebot3_ws/install/dynamixel_sdk_custom_interfaces/share/ament_index/resource_index/parent_prefix_path/dynamixel_sdk_custom_interfaces
[5.006s] -- Symlinking: /home/minsuje/turtlebot3_ws/install/dynamixel_sdk_custom_interfaces/share/dynamixel_sdk_custom_interfaces/environment/ament_prefix_path.sh
[5.012s] -- Symlinking: /home/minsuje/turtlebot3_ws/install/dynamixel_sdk_custom_interfaces/share/dynamixel_sdk_custom_interfaces/environment/ament_prefix_path.dsv
[5.022s] -- Symlinking: /home/minsuje/turtlebot3_ws/install/dynamixel_sdk_custom_interfaces/share/dynamixel_sdk_custom_interfaces/environment/path.sh
[5.031s] -- Symlinking: /home/minsuje/turtlebot3_ws/install/dynamixel_sdk_custom_interfaces/share/dynamixel_sdk_custom_interfaces/environment/path.dsv
[5.039s] -- Symlinking: /home/minsuje/turtlebot3_ws/install/dynamixel_sdk_custom_interfaces/share/dynamixel_sdk_custom_interfaces/local_setup.bash
[5.045s] -- Symlinking: /home/minsuje/turtlebot3_ws/install/dynamixel_sdk_custom_interfaces/share/dynamixel_sdk_custom_interfaces/local_setup.sh
[5.051s] -- Symlinking: /home/minsuje/turtlebot3_ws/install/dynamixel_sdk_custom_interfaces/share/dynamixel_sdk_custom_interfaces/local_setup.zsh
[5.059s] -- Symlinking: /home/minsuje/turtlebot3_ws/install/dynamixel_sdk_custom_interfaces/share/dynamixel_sdk_custom_interfaces/local_setup.dsv
[5.065s] -- Symlinking: /home/minsuje/turtlebot3_ws/install/dynamixel_sdk_custom_interfaces/share/dynamixel_sdk_custom_interfaces/package.dsv
[5.073s] -- Symlinking: /home/minsuje/turtlebot3_ws/install/dynamixel_sdk_custom_interfaces/share/ament_index/resource_index/packages/dynamixel_sdk_custom_interfaces
[5.081s] -- Symlinking: /home/minsuje/turtlebot3_ws/install/dynamixel_sdk_custom_interfaces/share/dynamixel_sdk_custom_interfaces/cmake/rosidl_cmake-extras.cmake
[5.087s] -- Symlinking: /home/minsuje/turtlebot3_ws/install/dynamixel_sdk_custom_interfaces/share/dynamixel_sdk_custom_interfaces/cmake/ament_cmake_export_dependencies-extras.cmake
[5.093s] -- Symlinking: /home/minsuje/turtlebot3_ws/install/dynamixel_sdk_custom_interfaces/share/dynamixel_sdk_custom_interfaces/cmake/ament_cmake_export_include_directories-extras.cmake
[5.102s] -- Symlinking: /home/minsuje/turtlebot3_ws/install/dynamixel_sdk_custom_interfaces/share/dynamixel_sdk_custom_interfaces/cmake/ament_cmake_export_libraries-extras.cmake
[5.108s] -- Symlinking: /home/minsuje/turtlebot3_ws/install/dynamixel_sdk_custom_interfaces/share/dynamixel_sdk_custom_interfaces/cmake/ament_cmake_export_targets-extras.cmake
[5.114s] -- Symlinking: /home/minsuje/turtlebot3_ws/install/dynamixel_sdk_custom_interfaces/share/dynamixel_sdk_custom_interfaces/cmake/rosidl_cmake_export_typesupport_targets-extras.cmake
[5.121s] -- Symlinking: /home/minsuje/turtlebot3_ws/install/dynamixel_sdk_custom_interfaces/share/dynamixel_sdk_custom_interfaces/cmake/rosidl_cmake_export_typesupport_libraries-extras.cmake
[5.127s] -- Symlinking: /home/minsuje/turtlebot3_ws/install/dynamixel_sdk_custom_interfaces/share/dynamixel_sdk_custom_interfaces/cmake/dynamixel_sdk_custom_interfacesConfig.cmake
[5.134s] -- Symlinking: /home/minsuje/turtlebot3_ws/install/dynamixel_sdk_custom_interfaces/share/dynamixel_sdk_custom_interfaces/cmake/dynamixel_sdk_custom_interfacesConfig-version.cmake
[5.140s] -- Symlinking: /home/minsuje/turtlebot3_ws/install/dynamixel_sdk_custom_interfaces/share/dynamixel_sdk_custom_interfaces/package.xml
[5.146s] -- Installing: /home/minsuje/turtlebot3_ws/install/dynamixel_sdk_custom_interfaces/lib/libdynamixel_sdk_custom_interfaces__rosidl_generator_c.so
[5.146s] -- Set runtime path of "/home/minsuje/turtlebot3_ws/install/dynamixel_sdk_custom_interfaces/lib/libdynamixel_sdk_custom_interfaces__rosidl_generator_c.so" to ""
[5.146s] -- Installing: /home/minsuje/turtlebot3_ws/install/dynamixel_sdk_custom_interfaces/lib/libdynamixel_sdk_custom_interfaces__rosidl_typesupport_fastrtps_c.so
[5.146s] -- Set runtime path of "/home/minsuje/turtlebot3_ws/install/dynamixel_sdk_custom_interfaces/lib/libdynamixel_sdk_custom_interfaces__rosidl_typesupport_fastrtps_c.so" to ""
[5.146s] -- Installing: /home/minsuje/turtlebot3_ws/install/dynamixel_sdk_custom_interfaces/lib/libdynamixel_sdk_custom_interfaces__rosidl_typesupport_fastrtps_cpp.so
[5.147s] -- Set runtime path of "/home/minsuje/turtlebot3_ws/install/dynamixel_sdk_custom_interfaces/lib/libdynamixel_sdk_custom_interfaces__rosidl_typesupport_fastrtps_cpp.so" to ""
[5.147s] -- Installing: /home/minsuje/turtlebot3_ws/install/dynamixel_sdk_custom_interfaces/lib/libdynamixel_sdk_custom_interfaces__rosidl_typesupport_introspection_c.so
[5.147s] -- Set runtime path of "/home/minsuje/turtlebot3_ws/install/dynamixel_sdk_custom_interfaces/lib/libdynamixel_sdk_custom_interfaces__rosidl_typesupport_introspection_c.so" to ""
[5.147s] -- Installing: /home/minsuje/turtlebot3_ws/install/dynamixel_sdk_custom_interfaces/lib/libdynamixel_sdk_custom_interfaces__rosidl_typesupport_c.so
[5.147s] -- Set runtime path of "/home/minsuje/turtlebot3_ws/install/dynamixel_sdk_custom_interfaces/lib/libdynamixel_sdk_custom_interfaces__rosidl_typesupport_c.so" to ""
[5.147s] -- Installing: /home/minsuje/turtlebot3_ws/install/dynamixel_sdk_custom_interfaces/lib/libdynamixel_sdk_custom_interfaces__rosidl_typesupport_introspection_cpp.so
[5.147s] -- Set runtime path of "/home/minsuje/turtlebot3_ws/install/dynamixel_sdk_custom_interfaces/lib/libdynamixel_sdk_custom_interfaces__rosidl_typesupport_introspection_cpp.so" to ""
[5.147s] -- Installing: /home/minsuje/turtlebot3_ws/install/dynamixel_sdk_custom_interfaces/lib/libdynamixel_sdk_custom_interfaces__rosidl_typesupport_cpp.so
[5.148s] -- Set runtime path of "/home/minsuje/turtlebot3_ws/install/dynamixel_sdk_custom_interfaces/lib/libdynamixel_sdk_custom_interfaces__rosidl_typesupport_cpp.so" to ""
[5.200s] Listing '/home/minsuje/turtlebot3_ws/install/dynamixel_sdk_custom_interfaces/local/lib/python3.10/dist-packages/dynamixel_sdk_custom_interfaces'...
[5.200s] Compiling '/home/minsuje/turtlebot3_ws/install/dynamixel_sdk_custom_interfaces/local/lib/python3.10/dist-packages/dynamixel_sdk_custom_interfaces/__init__.py'...
[5.200s] Listing '/home/minsuje/turtlebot3_ws/install/dynamixel_sdk_custom_interfaces/local/lib/python3.10/dist-packages/dynamixel_sdk_custom_interfaces/msg'...
[5.200s] Compiling '/home/minsuje/turtlebot3_ws/install/dynamixel_sdk_custom_interfaces/local/lib/python3.10/dist-packages/dynamixel_sdk_custom_interfaces/msg/__init__.py'...
[5.200s] Compiling '/home/minsuje/turtlebot3_ws/install/dynamixel_sdk_custom_interfaces/local/lib/python3.10/dist-packages/dynamixel_sdk_custom_interfaces/msg/_set_position.py'...
[5.200s] Listing '/home/minsuje/turtlebot3_ws/install/dynamixel_sdk_custom_interfaces/local/lib/python3.10/dist-packages/dynamixel_sdk_custom_interfaces/srv'...
[5.200s] Compiling '/home/minsuje/turtlebot3_ws/install/dynamixel_sdk_custom_interfaces/local/lib/python3.10/dist-packages/dynamixel_sdk_custom_interfaces/srv/__init__.py'...
[5.200s] Compiling '/home/minsuje/turtlebot3_ws/install/dynamixel_sdk_custom_interfaces/local/lib/python3.10/dist-packages/dynamixel_sdk_custom_interfaces/srv/_get_position.py'...
[5.206s] -- Installing: /home/minsuje/turtlebot3_ws/install/dynamixel_sdk_custom_interfaces/lib/libdynamixel_sdk_custom_interfaces__rosidl_generator_py.so
[5.206s] -- Set runtime path of "/home/minsuje/turtlebot3_ws/install/dynamixel_sdk_custom_interfaces/lib/libdynamixel_sdk_custom_interfaces__rosidl_generator_py.so" to ""
[5.206s] -- Installing: /home/minsuje/turtlebot3_ws/install/dynamixel_sdk_custom_interfaces/share/dynamixel_sdk_custom_interfaces/cmake/export_dynamixel_sdk_custom_interfaces__rosidl_generator_cExport.cmake
[5.206s] -- Installing: /home/minsuje/turtlebot3_ws/install/dynamixel_sdk_custom_interfaces/share/dynamixel_sdk_custom_interfaces/cmake/export_dynamixel_sdk_custom_interfaces__rosidl_generator_cExport-noconfig.cmake
[5.206s] -- Installing: /home/minsuje/turtlebot3_ws/install/dynamixel_sdk_custom_interfaces/share/dynamixel_sdk_custom_interfaces/cmake/export_dynamixel_sdk_custom_interfaces__rosidl_typesupport_fastrtps_cExport.cmake
[5.206s] -- Installing: /home/minsuje/turtlebot3_ws/install/dynamixel_sdk_custom_interfaces/share/dynamixel_sdk_custom_interfaces/cmake/export_dynamixel_sdk_custom_interfaces__rosidl_typesupport_fastrtps_cExport-noconfig.cmake
[5.206s] -- Installing: /home/minsuje/turtlebot3_ws/install/dynamixel_sdk_custom_interfaces/share/dynamixel_sdk_custom_interfaces/cmake/export_dynamixel_sdk_custom_interfaces__rosidl_generator_cppExport.cmake
[5.206s] -- Installing: /home/minsuje/turtlebot3_ws/install/dynamixel_sdk_custom_interfaces/share/dynamixel_sdk_custom_interfaces/cmake/export_dynamixel_sdk_custom_interfaces__rosidl_typesupport_fastrtps_cppExport.cmake
[5.207s] -- Installing: /home/minsuje/turtlebot3_ws/install/dynamixel_sdk_custom_interfaces/share/dynamixel_sdk_custom_interfaces/cmake/export_dynamixel_sdk_custom_interfaces__rosidl_typesupport_fastrtps_cppExport-noconfig.cmake
[5.207s] -- Installing: /home/minsuje/turtlebot3_ws/install/dynamixel_sdk_custom_interfaces/share/dynamixel_sdk_custom_interfaces/cmake/dynamixel_sdk_custom_interfaces__rosidl_typesupport_introspection_cExport.cmake
[5.207s] -- Installing: /home/minsuje/turtlebot3_ws/install/dynamixel_sdk_custom_interfaces/share/dynamixel_sdk_custom_interfaces/cmake/dynamixel_sdk_custom_interfaces__rosidl_typesupport_introspection_cExport-noconfig.cmake
[5.207s] -- Installing: /home/minsuje/turtlebot3_ws/install/dynamixel_sdk_custom_interfaces/share/dynamixel_sdk_custom_interfaces/cmake/dynamixel_sdk_custom_interfaces__rosidl_typesupport_cExport.cmake
[5.207s] -- Installing: /home/minsuje/turtlebot3_ws/install/dynamixel_sdk_custom_interfaces/share/dynamixel_sdk_custom_interfaces/cmake/dynamixel_sdk_custom_interfaces__rosidl_typesupport_cExport-noconfig.cmake
[5.207s] -- Installing: /home/minsuje/turtlebot3_ws/install/dynamixel_sdk_custom_interfaces/share/dynamixel_sdk_custom_interfaces/cmake/dynamixel_sdk_custom_interfaces__rosidl_typesupport_introspection_cppExport.cmake
[5.207s] -- Installing: /home/minsuje/turtlebot3_ws/install/dynamixel_sdk_custom_interfaces/share/dynamixel_sdk_custom_interfaces/cmake/dynamixel_sdk_custom_interfaces__rosidl_typesupport_introspection_cppExport-noconfig.cmake
[5.207s] -- Installing: /home/minsuje/turtlebot3_ws/install/dynamixel_sdk_custom_interfaces/share/dynamixel_sdk_custom_interfaces/cmake/dynamixel_sdk_custom_interfaces__rosidl_typesupport_cppExport.cmake
[5.207s] -- Installing: /home/minsuje/turtlebot3_ws/install/dynamixel_sdk_custom_interfaces/share/dynamixel_sdk_custom_interfaces/cmake/dynamixel_sdk_custom_interfaces__rosidl_typesupport_cppExport-noconfig.cmake
[5.207s] -- Installing: /home/minsuje/turtlebot3_ws/install/dynamixel_sdk_custom_interfaces/share/dynamixel_sdk_custom_interfaces/cmake/export_dynamixel_sdk_custom_interfaces__rosidl_generator_pyExport.cmake
[5.208s] -- Installing: /home/minsuje/turtlebot3_ws/install/dynamixel_sdk_custom_interfaces/share/dynamixel_sdk_custom_interfaces/cmake/export_dynamixel_sdk_custom_interfaces__rosidl_generator_pyExport-noconfig.cmake
[5.211s] Invoked command in '/home/minsuje/turtlebot3_ws/build/dynamixel_sdk_custom_interfaces' returned '0': CMAKE_PREFIX_PATH=/home/minsuje/turtlebot3_ws/install/turtlebot3:/home/minsuje/turtlebot3_ws/install/turtlebot3_simulations:/home/minsuje/turtlebot3_ws/install/turtlebot3_bringup:/home/minsuje/turtlebot3_ws/install/turtlebot3_node:/home/minsuje/turtlebot3_ws/install/turtlebot3_navigation2:/home/minsuje/turtlebot3_ws/install/turtlebot3_fake_node:/home/minsuje/turtlebot3_ws/install/turtlebot3_msgs:/home/minsuje/turtlebot3_ws/install/turtlebot3_manipulation:/home/minsuje/turtlebot3_ws/install/turtlebot3_manipulation_teleop:/home/minsuje/turtlebot3_ws/install/turtlebot3_manipulation_navigation2:/home/minsuje/turtlebot3_ws/install/turtlebot3_manipulation_moveit_config:/home/minsuje/turtlebot3_ws/install/turtlebot3_manipulation_hardware:/home/minsuje/turtlebot3_ws/install/turtlebot3_manipulation_gazebo:/home/minsuje/turtlebot3_ws/install/turtlebot3_manipulation_bringup:/home/minsuje/turtlebot3_ws/install/turtlebot3_manipulation_description:/home/minsuje/turtlebot3_ws/install/turtlebot3_manipulation_cartographer:/home/minsuje/turtlebot3_ws/install/turtlebot3_gazebo:/home/minsuje/turtlebot3_ws/install/turtlebot3_description:/home/minsuje/turtlebot3_ws/install/turtlebot3_cartographer:/home/minsuje/turtlebot3_ws/install/turtlebot3_autorace:/home/minsuje/turtlebot3_ws/install/open_manipulator:/home/minsuje/turtlebot3_ws/install/open_manipulator_x_teleop:/home/minsuje/turtlebot3_ws/install/open_manipulator_x_playground:/home/minsuje/turtlebot3_ws/install/open_manipulator_x_moveit_config:/home/minsuje/turtlebot3_ws/install/open_manipulator_x_gui:/home/minsuje/turtlebot3_ws/install/open_manipulator_x_bringup:/home/minsuje/turtlebot3_ws/install/open_manipulator_x_description:/home/minsuje/turtlebot3_ws/install/dynamixel_sdk_examples:/home/minsuje/turtlebot3_ws/install/dynamixel_sdk_custom_interfaces:/home/minsuje/turtlebot3_ws/install/dynamixel_sdk:/home/minsuje/turtlebot3_ws/install/car_odom:/home/minsuje/turtlebot3_ws/install/arm_odom:/home/minsuje/turtlebot3_ws/install/urdf_tutorial:/home/minsuje/turtlebot3_ws/install/turtlebot3_teleop:/home/minsuje/turtlebot3_ws/install/turtlebot3_example:/home/minsuje/turtlebot3_ws/install/turtlebot3_autorace_mission:/home/minsuje/turtlebot3_ws/install/turtlebot3_autorace_detect:/home/minsuje/turtlebot3_ws/install/turtlebot3_autorace_camera:/home/minsuje/turtlebot3_ws/install/sim_tutorial:/home/minsuje/turtlebot3_ws/install/car_tutorial:/home/minsuje/turtlebot3_ws/install/arm_tutorial:/home/minsuje/ws_urdf/install/urdf_tutorial:/home/minsuje/ros2_ws/install/rokey:/home/minsuje/ros2_ws/install/pick_and_place_voice:/home/minsuje/ros2_ws/install/pick_and_place_text:/home/minsuje/ros2_ws/install/my_service_pkg:/home/minsuje/ros2_ws/install/dsr_visualservoing:/home/minsuje/ros2_ws/install/dsr_tests:/home/minsuje/ros2_ws/install/dsr_bringup2:/home/minsuje/ros2_ws/install/dsr_example:/opt/ros/humble:/home/minsuje/ros2_ws/install/od_msg:/home/minsuje/ros2_ws/install/my_interfaces:/home/minsuje/ros2_ws/install/dsr_realtime_control:/home/minsuje/ros2_ws/install/dsr_controller2:/home/minsuje/ros2_ws/install/dsr_msgs2:/home/minsuje/ros2_ws/install/dsr_moveit_config_p3020:/home/minsuje/ros2_ws/install/dsr_moveit_config_m1509:/home/minsuje/ros2_ws/install/dsr_moveit_config_m1013:/home/minsuje/ros2_ws/install/dsr_moveit_config_m0617:/home/minsuje/ros2_ws/install/dsr_moveit_config_m0609:/home/minsuje/ros2_ws/install/dsr_moveit_config_h2515:/home/minsuje/ros2_ws/install/dsr_moveit_config_h2017:/home/minsuje/ros2_ws/install/dsr_moveit_config_e0509:/home/minsuje/ros2_ws/install/dsr_moveit_config_a0912:/home/minsuje/ros2_ws/install/dsr_moveit_config_a0509:/home/minsuje/ros2_ws/install/dsr_hardware2:/home/minsuje/ros2_ws/install/dsr_gazebo2:/home/minsuje/ros2_ws/install/dsr_description2:/home/minsuje/ros2_ws/install/dsr_common2:/home/minsuje/ros2_ws/install/custom_pkg_srv_test:/home/minsuje/ros2_ws/install/custom_msgs /usr/bin/cmake --install /home/minsuje/turtlebot3_ws/build/dynamixel_sdk_custom_interfaces
