[1.466s] Invoking command in '/home/minsuje/ros2_ws/build/pick_and_place_voice': PYTHONPATH=/home/minsuje/ros2_ws/build/pick_and_place_voice/prefix_override:/usr/lib/python3/dist-packages/colcon_core/task/python/colcon_distutils_commands:/home/minsuje/ros2_ws/install/pick_and_place_voice/lib/python3.10/site-packages:${PYTHONPATH} /usr/bin/python3 -W ignore:setup.py install is deprecated -W ignore:easy_install command is deprecated setup.py develop --editable --build-directory /home/minsuje/ros2_ws/build/pick_and_place_voice/build --no-deps symlink_data
[1.681s] running develop
[1.854s] running egg_info
[1.854s] writing pick_and_place_voice.egg-info/PKG-INFO
[1.854s] writing dependency_links to pick_and_place_voice.egg-info/dependency_links.txt
[1.855s] writing entry points to pick_and_place_voice.egg-info/entry_points.txt
[1.855s] writing requirements to pick_and_place_voice.egg-info/requires.txt
[1.855s] writing top-level names to pick_and_place_voice.egg-info/top_level.txt
[1.856s] reading manifest file 'pick_and_place_voice.egg-info/SOURCES.txt'
[1.856s] writing manifest file 'pick_and_place_voice.egg-info/SOURCES.txt'
[1.882s] running build_ext
[1.882s] Creating /home/minsuje/ros2_ws/install/pick_and_place_voice/lib/python3.10/site-packages/pick-and-place-voice.egg-link (link to .)
[1.882s] Installing ciga_obj_detect script to /home/minsuje/ros2_ws/install/pick_and_place_voice/lib/pick_and_place_voice
[1.882s] Installing ciga_robo_ctrl script to /home/minsuje/ros2_ws/install/pick_and_place_voice/lib/pick_and_place_voice
[1.882s] Installing get_keyword script to /home/minsuje/ros2_ws/install/pick_and_place_voice/lib/pick_and_place_voice
[1.882s] Installing object_detection script to /home/minsuje/ros2_ws/install/pick_and_place_voice/lib/pick_and_place_voice
[1.882s] Installing robot_control script to /home/minsuje/ros2_ws/install/pick_and_place_voice/lib/pick_and_place_voice
[1.882s] Installing voice_order_ciga script to /home/minsuje/ros2_ws/install/pick_and_place_voice/lib/pick_and_place_voice
[1.882s] 
[1.882s] Installed /home/minsuje/ros2_ws/build/pick_and_place_voice
[1.883s] running symlink_data
[2.105s] Invoked command in '/home/minsuje/ros2_ws/build/pick_and_place_voice' returned '0': PYTHONPATH=/home/minsuje/ros2_ws/build/pick_and_place_voice/prefix_override:/usr/lib/python3/dist-packages/colcon_core/task/python/colcon_distutils_commands:/home/minsuje/ros2_ws/install/pick_and_place_voice/lib/python3.10/site-packages:${PYTHONPATH} /usr/bin/python3 -W ignore:setup.py install is deprecated -W ignore:easy_install command is deprecated setup.py develop --editable --build-directory /home/minsuje/ros2_ws/build/pick_and_place_voice/build --no-deps symlink_data
