[0.036s] Invoking command in '/home/minsuje/ros2_ws/build/dsr_moveit_config_m0609': CMAKE_PREFIX_PATH=/opt/ros/humble /usr/bin/cmake /home/minsuje/ros2_ws/src/DoosanBootcamp3rd/dsr_moveit2/dsr_moveit_config_m0609 -DAMENT_CMAKE_SYMLINK_INSTALL=1 -DCMAKE_INSTALL_PREFIX=/home/minsuje/ros2_ws/install/dsr_moveit_config_m0609
[1.229s] -- The C compiler identification is GNU 11.4.0
[1.229s] -- The CXX compiler identification is GNU 11.4.0
[1.229s] -- Detecting C compiler ABI info
[1.229s] -- Detecting C compiler ABI info - done
[1.229s] -- Check for working C compiler: /usr/bin/cc - skipped
[1.229s] -- Detecting C compile features
[1.229s] -- Detecting C compile features - done
[1.229s] -- Detecting CXX compiler ABI info
[1.229s] -- Detecting CXX compiler ABI info - done
[1.229s] -- Check for working CXX compiler: /usr/bin/c++ - skipped
[1.229s] -- Detecting CXX compile features
[1.229s] -- Detecting CXX compile features - done
[1.229s] -- Found ament_cmake: 1.3.11 (/opt/ros/humble/share/ament_cmake/cmake)
[1.229s] -- Found Python3: /usr/bin/python3 (found version "3.10.12") found components: Interpreter 
[1.230s] -- Override CMake install command with custom implementation using symlinks instead of copying resources
[1.230s] -- Configuring done
[1.230s] -- Generating done
[1.230s] -- Build files have been written to: /home/minsuje/ros2_ws/build/dsr_moveit_config_m0609
[1.543s] Invoked command in '/home/minsuje/ros2_ws/build/dsr_moveit_config_m0609' returned '0': CMAKE_PREFIX_PATH=/opt/ros/humble /usr/bin/cmake /home/minsuje/ros2_ws/src/DoosanBootcamp3rd/dsr_moveit2/dsr_moveit_config_m0609 -DAMENT_CMAKE_SYMLINK_INSTALL=1 -DCMAKE_INSTALL_PREFIX=/home/minsuje/ros2_ws/install/dsr_moveit_config_m0609
[1.544s] Invoking command in '/home/minsuje/ros2_ws/build/dsr_moveit_config_m0609': CMAKE_PREFIX_PATH=/opt/ros/humble /usr/bin/cmake --build /home/minsuje/ros2_ws/build/dsr_moveit_config_m0609 -- -j32 -l32
[1.611s] Invoked command in '/home/minsuje/ros2_ws/build/dsr_moveit_config_m0609' returned '0': CMAKE_PREFIX_PATH=/opt/ros/humble /usr/bin/cmake --build /home/minsuje/ros2_ws/build/dsr_moveit_config_m0609 -- -j32 -l32
[1.615s] Invoking command in '/home/minsuje/ros2_ws/build/dsr_moveit_config_m0609': CMAKE_PREFIX_PATH=/opt/ros/humble /usr/bin/cmake --install /home/minsuje/ros2_ws/build/dsr_moveit_config_m0609
[1.627s] -- Install configuration: ""
[1.627s] -- Execute custom install script
[1.627s] -- Symlinking: /home/minsuje/ros2_ws/install/dsr_moveit_config_m0609/share/ament_index/resource_index/package_run_dependencies/dsr_moveit_config_m0609
[1.636s] -- Symlinking: /home/minsuje/ros2_ws/install/dsr_moveit_config_m0609/share/ament_index/resource_index/parent_prefix_path/dsr_moveit_config_m0609
[1.646s] -- Symlinking: /home/minsuje/ros2_ws/install/dsr_moveit_config_m0609/share/dsr_moveit_config_m0609/environment/ament_prefix_path.sh
[1.659s] -- Symlinking: /home/minsuje/ros2_ws/install/dsr_moveit_config_m0609/share/dsr_moveit_config_m0609/environment/ament_prefix_path.dsv
[1.669s] -- Symlinking: /home/minsuje/ros2_ws/install/dsr_moveit_config_m0609/share/dsr_moveit_config_m0609/environment/path.sh
[1.680s] -- Symlinking: /home/minsuje/ros2_ws/install/dsr_moveit_config_m0609/share/dsr_moveit_config_m0609/environment/path.dsv
[1.690s] -- Symlinking: /home/minsuje/ros2_ws/install/dsr_moveit_config_m0609/share/dsr_moveit_config_m0609/local_setup.bash
[1.698s] -- Symlinking: /home/minsuje/ros2_ws/install/dsr_moveit_config_m0609/share/dsr_moveit_config_m0609/local_setup.sh
[1.707s] -- Symlinking: /home/minsuje/ros2_ws/install/dsr_moveit_config_m0609/share/dsr_moveit_config_m0609/local_setup.zsh
[1.718s] -- Symlinking: /home/minsuje/ros2_ws/install/dsr_moveit_config_m0609/share/dsr_moveit_config_m0609/local_setup.dsv
[1.729s] -- Symlinking: /home/minsuje/ros2_ws/install/dsr_moveit_config_m0609/share/dsr_moveit_config_m0609/package.dsv
[1.740s] -- Symlinking: /home/minsuje/ros2_ws/install/dsr_moveit_config_m0609/share/ament_index/resource_index/packages/dsr_moveit_config_m0609
[1.753s] -- Symlinking: /home/minsuje/ros2_ws/install/dsr_moveit_config_m0609/share/dsr_moveit_config_m0609/cmake/dsr_moveit_config_m0609Config.cmake
[1.763s] -- Symlinking: /home/minsuje/ros2_ws/install/dsr_moveit_config_m0609/share/dsr_moveit_config_m0609/cmake/dsr_moveit_config_m0609Config-version.cmake
[1.773s] -- Symlinking: /home/minsuje/ros2_ws/install/dsr_moveit_config_m0609/share/dsr_moveit_config_m0609/package.xml
[1.782s] -- Symlinking: /home/minsuje/ros2_ws/install/dsr_moveit_config_m0609/share/dsr_moveit_config_m0609/launch/demo.launch.py
[1.791s] -- Symlinking: /home/minsuje/ros2_ws/install/dsr_moveit_config_m0609/share/dsr_moveit_config_m0609/launch/moveit.rviz
[1.804s] -- Symlinking: /home/minsuje/ros2_ws/install/dsr_moveit_config_m0609/share/dsr_moveit_config_m0609/launch/start.launch.py
[1.812s] -- Symlinking: /home/minsuje/ros2_ws/install/dsr_moveit_config_m0609/share/dsr_moveit_config_m0609/config/chomp_planning.yaml
[1.825s] -- Symlinking: /home/minsuje/ros2_ws/install/dsr_moveit_config_m0609/share/dsr_moveit_config_m0609/config/dsr.ros2_control.xacro
[1.836s] -- Symlinking: /home/minsuje/ros2_ws/install/dsr_moveit_config_m0609/share/dsr_moveit_config_m0609/config/dsr.srdf
[1.848s] -- Symlinking: /home/minsuje/ros2_ws/install/dsr_moveit_config_m0609/share/dsr_moveit_config_m0609/config/initial_positions.yaml
[1.861s] -- Symlinking: /home/minsuje/ros2_ws/install/dsr_moveit_config_m0609/share/dsr_moveit_config_m0609/config/joint_limits.yaml
[1.872s] -- Symlinking: /home/minsuje/ros2_ws/install/dsr_moveit_config_m0609/share/dsr_moveit_config_m0609/config/kinematics.yaml
[1.884s] -- Symlinking: /home/minsuje/ros2_ws/install/dsr_moveit_config_m0609/share/dsr_moveit_config_m0609/config/m0609.urdf.xacro
[1.895s] -- Symlinking: /home/minsuje/ros2_ws/install/dsr_moveit_config_m0609/share/dsr_moveit_config_m0609/config/moveit_controllers.yaml
[1.915s] -- Symlinking: /home/minsuje/ros2_ws/install/dsr_moveit_config_m0609/share/dsr_moveit_config_m0609/config/ompl_planning.yaml
[1.922s] -- Symlinking: /home/minsuje/ros2_ws/install/dsr_moveit_config_m0609/share/dsr_moveit_config_m0609/config/pilz_cartesian_limits.yaml
[1.931s] -- Symlinking: /home/minsuje/ros2_ws/install/dsr_moveit_config_m0609/share/dsr_moveit_config_m0609/config/ros2_controllers.yaml
[1.941s] -- Symlinking: /home/minsuje/ros2_ws/install/dsr_moveit_config_m0609/share/dsr_moveit_config_m0609/config/sensors_3d.yaml
[1.950s] -- Symlinking: /home/minsuje/ros2_ws/install/dsr_moveit_config_m0609/share/dsr_moveit_config_m0609/.setup_assistant
[2.524s] Invoked command in '/home/minsuje/ros2_ws/build/dsr_moveit_config_m0609' returned '0': CMAKE_PREFIX_PATH=/opt/ros/humble /usr/bin/cmake --install /home/minsuje/ros2_ws/build/dsr_moveit_config_m0609
