[0.047s] DEBUG:colcon:Command line arguments: ['/usr/bin/colcon', 'build', '--packages-select', 'rokey_pjt', '--symlink-install']
[0.047s] DEBUG:colcon:Parsed command line arguments: Namespace(log_base=None, log_level=None, verb_name='build', build_base='build', install_base='install', merge_install=False, symlink_install=True, test_result_base=None, continue_on_error=False, executor='parallel', parallel_workers=32, event_handlers=None, ignore_user_meta=False, metas=['./colcon.meta'], base_paths=['.'], packages_ignore=None, packages_ignore_regex=None, paths=None, packages_up_to=None, packages_up_to_regex=None, packages_above=None, packages_above_and_dependencies=None, packages_above_depth=None, packages_select_by_dep=None, packages_skip_by_dep=None, packages_skip_up_to=None, packages_select_build_failed=False, packages_skip_build_finished=False, packages_select_test_failures=False, packages_skip_test_passed=False, packages_select=['rokey_pjt'], packages_skip=None, packages_select_regex=None, packages_skip_regex=None, packages_start=None, packages_end=None, allow_overriding=[], cmake_args=None, cmake_target=None, cmake_target_skip_unavailable=False, cmake_clean_cache=False, cmake_clean_first=False, cmake_force_configure=False, ament_cmake_args=None, catkin_cmake_args=None, catkin_skip_building_tests=False, verb_parser=<colcon_defaults.argument_parser.defaults.DefaultArgumentsDecorator object at 0x761d02f6e7a0>, verb_extension=<colcon_core.verb.build.BuildVerb object at 0x761d030b0250>, main=<bound method BuildVerb.main of <colcon_core.verb.build.BuildVerb object at 0x761d030b0250>>)
[0.140s] Level 1:colcon.colcon_core.package_discovery:discover_packages(colcon_meta) check parameters
[0.140s] Level 1:colcon.colcon_core.package_discovery:discover_packages(recursive) check parameters
[0.141s] Level 1:colcon.colcon_core.package_discovery:discover_packages(ignore) check parameters
[0.141s] Level 1:colcon.colcon_core.package_discovery:discover_packages(path) check parameters
[0.141s] Level 1:colcon.colcon_core.package_discovery:discover_packages(colcon_meta) discover
[0.141s] Level 1:colcon.colcon_core.package_discovery:discover_packages(recursive) discover
[0.141s] INFO:colcon.colcon_core.package_discovery:Crawling recursively for packages in '/home/minsuje/rokey_ws'
[0.141s] Level 1:colcon.colcon_core.package_identification:_identify(.) by extensions ['ignore', 'ignore_ament_install']
[0.141s] Level 1:colcon.colcon_core.package_identification:_identify(.) by extension 'ignore'
[0.141s] Level 1:colcon.colcon_core.package_identification:_identify(.) by extension 'ignore_ament_install'
[0.141s] Level 1:colcon.colcon_core.package_identification:_identify(.) by extensions ['colcon_pkg']
[0.141s] Level 1:colcon.colcon_core.package_identification:_identify(.) by extension 'colcon_pkg'
[0.141s] Level 1:colcon.colcon_core.package_identification:_identify(.) by extensions ['colcon_meta']
[0.141s] Level 1:colcon.colcon_core.package_identification:_identify(.) by extension 'colcon_meta'
[0.141s] Level 1:colcon.colcon_core.package_identification:_identify(.) by extensions ['ros']
[0.141s] Level 1:colcon.colcon_core.package_identification:_identify(.) by extension 'ros'
[0.149s] Level 1:colcon.colcon_core.package_identification:_identify(.) by extensions ['cmake', 'python']
[0.149s] Level 1:colcon.colcon_core.package_identification:_identify(.) by extension 'cmake'
[0.150s] Level 1:colcon.colcon_core.package_identification:_identify(.) by extension 'python'
[0.150s] Level 1:colcon.colcon_core.package_identification:_identify(.) by extensions ['python_setup_py']
[0.150s] Level 1:colcon.colcon_core.package_identification:_identify(.) by extension 'python_setup_py'
[0.150s] Level 1:colcon.colcon_core.package_identification:_identify(build) by extensions ['ignore', 'ignore_ament_install']
[0.150s] Level 1:colcon.colcon_core.package_identification:_identify(build) by extension 'ignore'
[0.150s] Level 1:colcon.colcon_core.package_identification:_identify(build) ignored
[0.150s] Level 1:colcon.colcon_core.package_identification:_identify(images) by extensions ['ignore', 'ignore_ament_install']
[0.150s] Level 1:colcon.colcon_core.package_identification:_identify(images) by extension 'ignore'
[0.150s] Level 1:colcon.colcon_core.package_identification:_identify(images) by extension 'ignore_ament_install'
[0.150s] Level 1:colcon.colcon_core.package_identification:_identify(images) by extensions ['colcon_pkg']
[0.150s] Level 1:colcon.colcon_core.package_identification:_identify(images) by extension 'colcon_pkg'
[0.150s] Level 1:colcon.colcon_core.package_identification:_identify(images) by extensions ['colcon_meta']
[0.150s] Level 1:colcon.colcon_core.package_identification:_identify(images) by extension 'colcon_meta'
[0.150s] Level 1:colcon.colcon_core.package_identification:_identify(images) by extensions ['ros']
[0.150s] Level 1:colcon.colcon_core.package_identification:_identify(images) by extension 'ros'
[0.150s] Level 1:colcon.colcon_core.package_identification:_identify(images) by extensions ['cmake', 'python']
[0.150s] Level 1:colcon.colcon_core.package_identification:_identify(images) by extension 'cmake'
[0.150s] Level 1:colcon.colcon_core.package_identification:_identify(images) by extension 'python'
[0.150s] Level 1:colcon.colcon_core.package_identification:_identify(images) by extensions ['python_setup_py']
[0.150s] Level 1:colcon.colcon_core.package_identification:_identify(images) by extension 'python_setup_py'
[0.150s] Level 1:colcon.colcon_core.package_identification:_identify(img_640) by extensions ['ignore', 'ignore_ament_install']
[0.150s] Level 1:colcon.colcon_core.package_identification:_identify(img_640) by extension 'ignore'
[0.150s] Level 1:colcon.colcon_core.package_identification:_identify(img_640) by extension 'ignore_ament_install'
[0.150s] Level 1:colcon.colcon_core.package_identification:_identify(img_640) by extensions ['colcon_pkg']
[0.150s] Level 1:colcon.colcon_core.package_identification:_identify(img_640) by extension 'colcon_pkg'
[0.150s] Level 1:colcon.colcon_core.package_identification:_identify(img_640) by extensions ['colcon_meta']
[0.150s] Level 1:colcon.colcon_core.package_identification:_identify(img_640) by extension 'colcon_meta'
[0.150s] Level 1:colcon.colcon_core.package_identification:_identify(img_640) by extensions ['ros']
[0.150s] Level 1:colcon.colcon_core.package_identification:_identify(img_640) by extension 'ros'
[0.150s] Level 1:colcon.colcon_core.package_identification:_identify(img_640) by extensions ['cmake', 'python']
[0.150s] Level 1:colcon.colcon_core.package_identification:_identify(img_640) by extension 'cmake'
[0.150s] Level 1:colcon.colcon_core.package_identification:_identify(img_640) by extension 'python'
[0.150s] Level 1:colcon.colcon_core.package_identification:_identify(img_640) by extensions ['python_setup_py']
[0.150s] Level 1:colcon.colcon_core.package_identification:_identify(img_640) by extension 'python_setup_py'
[0.150s] Level 1:colcon.colcon_core.package_identification:_identify(img_capture) by extensions ['ignore', 'ignore_ament_install']
[0.150s] Level 1:colcon.colcon_core.package_identification:_identify(img_capture) by extension 'ignore'
[0.150s] Level 1:colcon.colcon_core.package_identification:_identify(img_capture) by extension 'ignore_ament_install'
[0.150s] Level 1:colcon.colcon_core.package_identification:_identify(img_capture) by extensions ['colcon_pkg']
[0.150s] Level 1:colcon.colcon_core.package_identification:_identify(img_capture) by extension 'colcon_pkg'
[0.150s] Level 1:colcon.colcon_core.package_identification:_identify(img_capture) by extensions ['colcon_meta']
[0.150s] Level 1:colcon.colcon_core.package_identification:_identify(img_capture) by extension 'colcon_meta'
[0.150s] Level 1:colcon.colcon_core.package_identification:_identify(img_capture) by extensions ['ros']
[0.150s] Level 1:colcon.colcon_core.package_identification:_identify(img_capture) by extension 'ros'
[0.150s] Level 1:colcon.colcon_core.package_identification:_identify(img_capture) by extensions ['cmake', 'python']
[0.150s] Level 1:colcon.colcon_core.package_identification:_identify(img_capture) by extension 'cmake'
[0.150s] Level 1:colcon.colcon_core.package_identification:_identify(img_capture) by extension 'python'
[0.150s] Level 1:colcon.colcon_core.package_identification:_identify(img_capture) by extensions ['python_setup_py']
[0.151s] Level 1:colcon.colcon_core.package_identification:_identify(img_capture) by extension 'python_setup_py'
[0.151s] Level 1:colcon.colcon_core.package_identification:_identify(img_capture_split) by extensions ['ignore', 'ignore_ament_install']
[0.151s] Level 1:colcon.colcon_core.package_identification:_identify(img_capture_split) by extension 'ignore'
[0.151s] Level 1:colcon.colcon_core.package_identification:_identify(img_capture_split) by extension 'ignore_ament_install'
[0.151s] Level 1:colcon.colcon_core.package_identification:_identify(img_capture_split) by extensions ['colcon_pkg']
[0.151s] Level 1:colcon.colcon_core.package_identification:_identify(img_capture_split) by extension 'colcon_pkg'
[0.151s] Level 1:colcon.colcon_core.package_identification:_identify(img_capture_split) by extensions ['colcon_meta']
[0.151s] Level 1:colcon.colcon_core.package_identification:_identify(img_capture_split) by extension 'colcon_meta'
[0.151s] Level 1:colcon.colcon_core.package_identification:_identify(img_capture_split) by extensions ['ros']
[0.151s] Level 1:colcon.colcon_core.package_identification:_identify(img_capture_split) by extension 'ros'
[0.151s] Level 1:colcon.colcon_core.package_identification:_identify(img_capture_split) by extensions ['cmake', 'python']
[0.151s] Level 1:colcon.colcon_core.package_identification:_identify(img_capture_split) by extension 'cmake'
[0.151s] Level 1:colcon.colcon_core.package_identification:_identify(img_capture_split) by extension 'python'
[0.151s] Level 1:colcon.colcon_core.package_identification:_identify(img_capture_split) by extensions ['python_setup_py']
[0.151s] Level 1:colcon.colcon_core.package_identification:_identify(img_capture_split) by extension 'python_setup_py'
[0.151s] Level 1:colcon.colcon_core.package_identification:_identify(img_capture_split/test) by extensions ['ignore', 'ignore_ament_install']
[0.151s] Level 1:colcon.colcon_core.package_identification:_identify(img_capture_split/test) by extension 'ignore'
[0.151s] Level 1:colcon.colcon_core.package_identification:_identify(img_capture_split/test) by extension 'ignore_ament_install'
[0.151s] Level 1:colcon.colcon_core.package_identification:_identify(img_capture_split/test) by extensions ['colcon_pkg']
[0.151s] Level 1:colcon.colcon_core.package_identification:_identify(img_capture_split/test) by extension 'colcon_pkg'
[0.151s] Level 1:colcon.colcon_core.package_identification:_identify(img_capture_split/test) by extensions ['colcon_meta']
[0.151s] Level 1:colcon.colcon_core.package_identification:_identify(img_capture_split/test) by extension 'colcon_meta'
[0.151s] Level 1:colcon.colcon_core.package_identification:_identify(img_capture_split/test) by extensions ['ros']
[0.151s] Level 1:colcon.colcon_core.package_identification:_identify(img_capture_split/test) by extension 'ros'
[0.151s] Level 1:colcon.colcon_core.package_identification:_identify(img_capture_split/test) by extensions ['cmake', 'python']
[0.151s] Level 1:colcon.colcon_core.package_identification:_identify(img_capture_split/test) by extension 'cmake'
[0.151s] Level 1:colcon.colcon_core.package_identification:_identify(img_capture_split/test) by extension 'python'
[0.151s] Level 1:colcon.colcon_core.package_identification:_identify(img_capture_split/test) by extensions ['python_setup_py']
[0.151s] Level 1:colcon.colcon_core.package_identification:_identify(img_capture_split/test) by extension 'python_setup_py'
[0.151s] Level 1:colcon.colcon_core.package_identification:_identify(img_capture_split/test/images) by extensions ['ignore', 'ignore_ament_install']
[0.151s] Level 1:colcon.colcon_core.package_identification:_identify(img_capture_split/test/images) by extension 'ignore'
[0.151s] Level 1:colcon.colcon_core.package_identification:_identify(img_capture_split/test/images) by extension 'ignore_ament_install'
[0.151s] Level 1:colcon.colcon_core.package_identification:_identify(img_capture_split/test/images) by extensions ['colcon_pkg']
[0.151s] Level 1:colcon.colcon_core.package_identification:_identify(img_capture_split/test/images) by extension 'colcon_pkg'
[0.151s] Level 1:colcon.colcon_core.package_identification:_identify(img_capture_split/test/images) by extensions ['colcon_meta']
[0.151s] Level 1:colcon.colcon_core.package_identification:_identify(img_capture_split/test/images) by extension 'colcon_meta'
[0.151s] Level 1:colcon.colcon_core.package_identification:_identify(img_capture_split/test/images) by extensions ['ros']
[0.151s] Level 1:colcon.colcon_core.package_identification:_identify(img_capture_split/test/images) by extension 'ros'
[0.151s] Level 1:colcon.colcon_core.package_identification:_identify(img_capture_split/test/images) by extensions ['cmake', 'python']
[0.151s] Level 1:colcon.colcon_core.package_identification:_identify(img_capture_split/test/images) by extension 'cmake'
[0.151s] Level 1:colcon.colcon_core.package_identification:_identify(img_capture_split/test/images) by extension 'python'
[0.151s] Level 1:colcon.colcon_core.package_identification:_identify(img_capture_split/test/images) by extensions ['python_setup_py']
[0.151s] Level 1:colcon.colcon_core.package_identification:_identify(img_capture_split/test/images) by extension 'python_setup_py'
[0.151s] Level 1:colcon.colcon_core.package_identification:_identify(img_capture_split/test/labels) by extensions ['ignore', 'ignore_ament_install']
[0.151s] Level 1:colcon.colcon_core.package_identification:_identify(img_capture_split/test/labels) by extension 'ignore'
[0.151s] Level 1:colcon.colcon_core.package_identification:_identify(img_capture_split/test/labels) by extension 'ignore_ament_install'
[0.152s] Level 1:colcon.colcon_core.package_identification:_identify(img_capture_split/test/labels) by extensions ['colcon_pkg']
[0.152s] Level 1:colcon.colcon_core.package_identification:_identify(img_capture_split/test/labels) by extension 'colcon_pkg'
[0.152s] Level 1:colcon.colcon_core.package_identification:_identify(img_capture_split/test/labels) by extensions ['colcon_meta']
[0.152s] Level 1:colcon.colcon_core.package_identification:_identify(img_capture_split/test/labels) by extension 'colcon_meta'
[0.152s] Level 1:colcon.colcon_core.package_identification:_identify(img_capture_split/test/labels) by extensions ['ros']
[0.152s] Level 1:colcon.colcon_core.package_identification:_identify(img_capture_split/test/labels) by extension 'ros'
[0.152s] Level 1:colcon.colcon_core.package_identification:_identify(img_capture_split/test/labels) by extensions ['cmake', 'python']
[0.152s] Level 1:colcon.colcon_core.package_identification:_identify(img_capture_split/test/labels) by extension 'cmake'
[0.152s] Level 1:colcon.colcon_core.package_identification:_identify(img_capture_split/test/labels) by extension 'python'
[0.152s] Level 1:colcon.colcon_core.package_identification:_identify(img_capture_split/test/labels) by extensions ['python_setup_py']
[0.152s] Level 1:colcon.colcon_core.package_identification:_identify(img_capture_split/test/labels) by extension 'python_setup_py'
[0.152s] Level 1:colcon.colcon_core.package_identification:_identify(img_capture_split/train) by extensions ['ignore', 'ignore_ament_install']
[0.152s] Level 1:colcon.colcon_core.package_identification:_identify(img_capture_split/train) by extension 'ignore'
[0.152s] Level 1:colcon.colcon_core.package_identification:_identify(img_capture_split/train) by extension 'ignore_ament_install'
[0.152s] Level 1:colcon.colcon_core.package_identification:_identify(img_capture_split/train) by extensions ['colcon_pkg']
[0.152s] Level 1:colcon.colcon_core.package_identification:_identify(img_capture_split/train) by extension 'colcon_pkg'
[0.152s] Level 1:colcon.colcon_core.package_identification:_identify(img_capture_split/train) by extensions ['colcon_meta']
[0.152s] Level 1:colcon.colcon_core.package_identification:_identify(img_capture_split/train) by extension 'colcon_meta'
[0.152s] Level 1:colcon.colcon_core.package_identification:_identify(img_capture_split/train) by extensions ['ros']
[0.152s] Level 1:colcon.colcon_core.package_identification:_identify(img_capture_split/train) by extension 'ros'
[0.152s] Level 1:colcon.colcon_core.package_identification:_identify(img_capture_split/train) by extensions ['cmake', 'python']
[0.152s] Level 1:colcon.colcon_core.package_identification:_identify(img_capture_split/train) by extension 'cmake'
[0.152s] Level 1:colcon.colcon_core.package_identification:_identify(img_capture_split/train) by extension 'python'
[0.152s] Level 1:colcon.colcon_core.package_identification:_identify(img_capture_split/train) by extensions ['python_setup_py']
[0.152s] Level 1:colcon.colcon_core.package_identification:_identify(img_capture_split/train) by extension 'python_setup_py'
[0.152s] Level 1:colcon.colcon_core.package_identification:_identify(img_capture_split/train/images) by extensions ['ignore', 'ignore_ament_install']
[0.152s] Level 1:colcon.colcon_core.package_identification:_identify(img_capture_split/train/images) by extension 'ignore'
[0.152s] Level 1:colcon.colcon_core.package_identification:_identify(img_capture_split/train/images) by extension 'ignore_ament_install'
[0.152s] Level 1:colcon.colcon_core.package_identification:_identify(img_capture_split/train/images) by extensions ['colcon_pkg']
[0.152s] Level 1:colcon.colcon_core.package_identification:_identify(img_capture_split/train/images) by extension 'colcon_pkg'
[0.152s] Level 1:colcon.colcon_core.package_identification:_identify(img_capture_split/train/images) by extensions ['colcon_meta']
[0.152s] Level 1:colcon.colcon_core.package_identification:_identify(img_capture_split/train/images) by extension 'colcon_meta'
[0.152s] Level 1:colcon.colcon_core.package_identification:_identify(img_capture_split/train/images) by extensions ['ros']
[0.152s] Level 1:colcon.colcon_core.package_identification:_identify(img_capture_split/train/images) by extension 'ros'
[0.152s] Level 1:colcon.colcon_core.package_identification:_identify(img_capture_split/train/images) by extensions ['cmake', 'python']
[0.152s] Level 1:colcon.colcon_core.package_identification:_identify(img_capture_split/train/images) by extension 'cmake'
[0.152s] Level 1:colcon.colcon_core.package_identification:_identify(img_capture_split/train/images) by extension 'python'
[0.152s] Level 1:colcon.colcon_core.package_identification:_identify(img_capture_split/train/images) by extensions ['python_setup_py']
[0.152s] Level 1:colcon.colcon_core.package_identification:_identify(img_capture_split/train/images) by extension 'python_setup_py'
[0.152s] Level 1:colcon.colcon_core.package_identification:_identify(img_capture_split/train/labels) by extensions ['ignore', 'ignore_ament_install']
[0.152s] Level 1:colcon.colcon_core.package_identification:_identify(img_capture_split/train/labels) by extension 'ignore'
[0.152s] Level 1:colcon.colcon_core.package_identification:_identify(img_capture_split/train/labels) by extension 'ignore_ament_install'
[0.152s] Level 1:colcon.colcon_core.package_identification:_identify(img_capture_split/train/labels) by extensions ['colcon_pkg']
[0.152s] Level 1:colcon.colcon_core.package_identification:_identify(img_capture_split/train/labels) by extension 'colcon_pkg'
[0.152s] Level 1:colcon.colcon_core.package_identification:_identify(img_capture_split/train/labels) by extensions ['colcon_meta']
[0.152s] Level 1:colcon.colcon_core.package_identification:_identify(img_capture_split/train/labels) by extension 'colcon_meta'
[0.152s] Level 1:colcon.colcon_core.package_identification:_identify(img_capture_split/train/labels) by extensions ['ros']
[0.152s] Level 1:colcon.colcon_core.package_identification:_identify(img_capture_split/train/labels) by extension 'ros'
[0.152s] Level 1:colcon.colcon_core.package_identification:_identify(img_capture_split/train/labels) by extensions ['cmake', 'python']
[0.152s] Level 1:colcon.colcon_core.package_identification:_identify(img_capture_split/train/labels) by extension 'cmake'
[0.152s] Level 1:colcon.colcon_core.package_identification:_identify(img_capture_split/train/labels) by extension 'python'
[0.152s] Level 1:colcon.colcon_core.package_identification:_identify(img_capture_split/train/labels) by extensions ['python_setup_py']
[0.152s] Level 1:colcon.colcon_core.package_identification:_identify(img_capture_split/train/labels) by extension 'python_setup_py'
[0.152s] Level 1:colcon.colcon_core.package_identification:_identify(img_capture_split/val) by extensions ['ignore', 'ignore_ament_install']
[0.153s] Level 1:colcon.colcon_core.package_identification:_identify(img_capture_split/val) by extension 'ignore'
[0.153s] Level 1:colcon.colcon_core.package_identification:_identify(img_capture_split/val) by extension 'ignore_ament_install'
[0.153s] Level 1:colcon.colcon_core.package_identification:_identify(img_capture_split/val) by extensions ['colcon_pkg']
[0.153s] Level 1:colcon.colcon_core.package_identification:_identify(img_capture_split/val) by extension 'colcon_pkg'
[0.153s] Level 1:colcon.colcon_core.package_identification:_identify(img_capture_split/val) by extensions ['colcon_meta']
[0.153s] Level 1:colcon.colcon_core.package_identification:_identify(img_capture_split/val) by extension 'colcon_meta'
[0.153s] Level 1:colcon.colcon_core.package_identification:_identify(img_capture_split/val) by extensions ['ros']
[0.153s] Level 1:colcon.colcon_core.package_identification:_identify(img_capture_split/val) by extension 'ros'
[0.153s] Level 1:colcon.colcon_core.package_identification:_identify(img_capture_split/val) by extensions ['cmake', 'python']
[0.153s] Level 1:colcon.colcon_core.package_identification:_identify(img_capture_split/val) by extension 'cmake'
[0.153s] Level 1:colcon.colcon_core.package_identification:_identify(img_capture_split/val) by extension 'python'
[0.153s] Level 1:colcon.colcon_core.package_identification:_identify(img_capture_split/val) by extensions ['python_setup_py']
[0.153s] Level 1:colcon.colcon_core.package_identification:_identify(img_capture_split/val) by extension 'python_setup_py'
[0.153s] Level 1:colcon.colcon_core.package_identification:_identify(img_capture_split/val/images) by extensions ['ignore', 'ignore_ament_install']
[0.153s] Level 1:colcon.colcon_core.package_identification:_identify(img_capture_split/val/images) by extension 'ignore'
[0.153s] Level 1:colcon.colcon_core.package_identification:_identify(img_capture_split/val/images) by extension 'ignore_ament_install'
[0.153s] Level 1:colcon.colcon_core.package_identification:_identify(img_capture_split/val/images) by extensions ['colcon_pkg']
[0.153s] Level 1:colcon.colcon_core.package_identification:_identify(img_capture_split/val/images) by extension 'colcon_pkg'
[0.153s] Level 1:colcon.colcon_core.package_identification:_identify(img_capture_split/val/images) by extensions ['colcon_meta']
[0.153s] Level 1:colcon.colcon_core.package_identification:_identify(img_capture_split/val/images) by extension 'colcon_meta'
[0.153s] Level 1:colcon.colcon_core.package_identification:_identify(img_capture_split/val/images) by extensions ['ros']
[0.153s] Level 1:colcon.colcon_core.package_identification:_identify(img_capture_split/val/images) by extension 'ros'
[0.153s] Level 1:colcon.colcon_core.package_identification:_identify(img_capture_split/val/images) by extensions ['cmake', 'python']
[0.153s] Level 1:colcon.colcon_core.package_identification:_identify(img_capture_split/val/images) by extension 'cmake'
[0.153s] Level 1:colcon.colcon_core.package_identification:_identify(img_capture_split/val/images) by extension 'python'
[0.153s] Level 1:colcon.colcon_core.package_identification:_identify(img_capture_split/val/images) by extensions ['python_setup_py']
[0.153s] Level 1:colcon.colcon_core.package_identification:_identify(img_capture_split/val/images) by extension 'python_setup_py'
[0.153s] Level 1:colcon.colcon_core.package_identification:_identify(img_capture_split/val/labels) by extensions ['ignore', 'ignore_ament_install']
[0.153s] Level 1:colcon.colcon_core.package_identification:_identify(img_capture_split/val/labels) by extension 'ignore'
[0.153s] Level 1:colcon.colcon_core.package_identification:_identify(img_capture_split/val/labels) by extension 'ignore_ament_install'
[0.153s] Level 1:colcon.colcon_core.package_identification:_identify(img_capture_split/val/labels) by extensions ['colcon_pkg']
[0.153s] Level 1:colcon.colcon_core.package_identification:_identify(img_capture_split/val/labels) by extension 'colcon_pkg'
[0.153s] Level 1:colcon.colcon_core.package_identification:_identify(img_capture_split/val/labels) by extensions ['colcon_meta']
[0.153s] Level 1:colcon.colcon_core.package_identification:_identify(img_capture_split/val/labels) by extension 'colcon_meta'
[0.153s] Level 1:colcon.colcon_core.package_identification:_identify(img_capture_split/val/labels) by extensions ['ros']
[0.153s] Level 1:colcon.colcon_core.package_identification:_identify(img_capture_split/val/labels) by extension 'ros'
[0.153s] Level 1:colcon.colcon_core.package_identification:_identify(img_capture_split/val/labels) by extensions ['cmake', 'python']
[0.153s] Level 1:colcon.colcon_core.package_identification:_identify(img_capture_split/val/labels) by extension 'cmake'
[0.153s] Level 1:colcon.colcon_core.package_identification:_identify(img_capture_split/val/labels) by extension 'python'
[0.153s] Level 1:colcon.colcon_core.package_identification:_identify(img_capture_split/val/labels) by extensions ['python_setup_py']
[0.153s] Level 1:colcon.colcon_core.package_identification:_identify(img_capture_split/val/labels) by extension 'python_setup_py'
[0.153s] Level 1:colcon.colcon_core.package_identification:_identify(img_roboflow) by extensions ['ignore', 'ignore_ament_install']
[0.153s] Level 1:colcon.colcon_core.package_identification:_identify(img_roboflow) by extension 'ignore'
[0.153s] Level 1:colcon.colcon_core.package_identification:_identify(img_roboflow) by extension 'ignore_ament_install'
[0.153s] Level 1:colcon.colcon_core.package_identification:_identify(img_roboflow) by extensions ['colcon_pkg']
[0.153s] Level 1:colcon.colcon_core.package_identification:_identify(img_roboflow) by extension 'colcon_pkg'
[0.153s] Level 1:colcon.colcon_core.package_identification:_identify(img_roboflow) by extensions ['colcon_meta']
[0.153s] Level 1:colcon.colcon_core.package_identification:_identify(img_roboflow) by extension 'colcon_meta'
[0.153s] Level 1:colcon.colcon_core.package_identification:_identify(img_roboflow) by extensions ['ros']
[0.153s] Level 1:colcon.colcon_core.package_identification:_identify(img_roboflow) by extension 'ros'
[0.153s] Level 1:colcon.colcon_core.package_identification:_identify(img_roboflow) by extensions ['cmake', 'python']
[0.153s] Level 1:colcon.colcon_core.package_identification:_identify(img_roboflow) by extension 'cmake'
[0.153s] Level 1:colcon.colcon_core.package_identification:_identify(img_roboflow) by extension 'python'
[0.153s] Level 1:colcon.colcon_core.package_identification:_identify(img_roboflow) by extensions ['python_setup_py']
[0.153s] Level 1:colcon.colcon_core.package_identification:_identify(img_roboflow) by extension 'python_setup_py'
[0.154s] Level 1:colcon.colcon_core.package_identification:_identify(install) by extensions ['ignore', 'ignore_ament_install']
[0.154s] Level 1:colcon.colcon_core.package_identification:_identify(install) by extension 'ignore'
[0.154s] Level 1:colcon.colcon_core.package_identification:_identify(install) ignored
[0.154s] Level 1:colcon.colcon_core.package_identification:_identify(log) by extensions ['ignore', 'ignore_ament_install']
[0.154s] Level 1:colcon.colcon_core.package_identification:_identify(log) by extension 'ignore'
[0.154s] Level 1:colcon.colcon_core.package_identification:_identify(log) ignored
[0.154s] Level 1:colcon.colcon_core.package_identification:_identify(runs) by extensions ['ignore', 'ignore_ament_install']
[0.154s] Level 1:colcon.colcon_core.package_identification:_identify(runs) by extension 'ignore'
[0.154s] Level 1:colcon.colcon_core.package_identification:_identify(runs) by extension 'ignore_ament_install'
[0.154s] Level 1:colcon.colcon_core.package_identification:_identify(runs) by extensions ['colcon_pkg']
[0.154s] Level 1:colcon.colcon_core.package_identification:_identify(runs) by extension 'colcon_pkg'
[0.154s] Level 1:colcon.colcon_core.package_identification:_identify(runs) by extensions ['colcon_meta']
[0.154s] Level 1:colcon.colcon_core.package_identification:_identify(runs) by extension 'colcon_meta'
[0.154s] Level 1:colcon.colcon_core.package_identification:_identify(runs) by extensions ['ros']
[0.154s] Level 1:colcon.colcon_core.package_identification:_identify(runs) by extension 'ros'
[0.154s] Level 1:colcon.colcon_core.package_identification:_identify(runs) by extensions ['cmake', 'python']
[0.154s] Level 1:colcon.colcon_core.package_identification:_identify(runs) by extension 'cmake'
[0.154s] Level 1:colcon.colcon_core.package_identification:_identify(runs) by extension 'python'
[0.154s] Level 1:colcon.colcon_core.package_identification:_identify(runs) by extensions ['python_setup_py']
[0.154s] Level 1:colcon.colcon_core.package_identification:_identify(runs) by extension 'python_setup_py'
[0.154s] Level 1:colcon.colcon_core.package_identification:_identify(runs/detect) by extensions ['ignore', 'ignore_ament_install']
[0.154s] Level 1:colcon.colcon_core.package_identification:_identify(runs/detect) by extension 'ignore'
[0.154s] Level 1:colcon.colcon_core.package_identification:_identify(runs/detect) by extension 'ignore_ament_install'
[0.154s] Level 1:colcon.colcon_core.package_identification:_identify(runs/detect) by extensions ['colcon_pkg']
[0.154s] Level 1:colcon.colcon_core.package_identification:_identify(runs/detect) by extension 'colcon_pkg'
[0.154s] Level 1:colcon.colcon_core.package_identification:_identify(runs/detect) by extensions ['colcon_meta']
[0.154s] Level 1:colcon.colcon_core.package_identification:_identify(runs/detect) by extension 'colcon_meta'
[0.154s] Level 1:colcon.colcon_core.package_identification:_identify(runs/detect) by extensions ['ros']
[0.154s] Level 1:colcon.colcon_core.package_identification:_identify(runs/detect) by extension 'ros'
[0.154s] Level 1:colcon.colcon_core.package_identification:_identify(runs/detect) by extensions ['cmake', 'python']
[0.154s] Level 1:colcon.colcon_core.package_identification:_identify(runs/detect) by extension 'cmake'
[0.154s] Level 1:colcon.colcon_core.package_identification:_identify(runs/detect) by extension 'python'
[0.154s] Level 1:colcon.colcon_core.package_identification:_identify(runs/detect) by extensions ['python_setup_py']
[0.154s] Level 1:colcon.colcon_core.package_identification:_identify(runs/detect) by extension 'python_setup_py'
[0.154s] Level 1:colcon.colcon_core.package_identification:_identify(runs/detect/predict) by extensions ['ignore', 'ignore_ament_install']
[0.154s] Level 1:colcon.colcon_core.package_identification:_identify(runs/detect/predict) by extension 'ignore'
[0.154s] Level 1:colcon.colcon_core.package_identification:_identify(runs/detect/predict) by extension 'ignore_ament_install'
[0.154s] Level 1:colcon.colcon_core.package_identification:_identify(runs/detect/predict) by extensions ['colcon_pkg']
[0.154s] Level 1:colcon.colcon_core.package_identification:_identify(runs/detect/predict) by extension 'colcon_pkg'
[0.154s] Level 1:colcon.colcon_core.package_identification:_identify(runs/detect/predict) by extensions ['colcon_meta']
[0.154s] Level 1:colcon.colcon_core.package_identification:_identify(runs/detect/predict) by extension 'colcon_meta'
[0.154s] Level 1:colcon.colcon_core.package_identification:_identify(runs/detect/predict) by extensions ['ros']
[0.154s] Level 1:colcon.colcon_core.package_identification:_identify(runs/detect/predict) by extension 'ros'
[0.154s] Level 1:colcon.colcon_core.package_identification:_identify(runs/detect/predict) by extensions ['cmake', 'python']
[0.154s] Level 1:colcon.colcon_core.package_identification:_identify(runs/detect/predict) by extension 'cmake'
[0.154s] Level 1:colcon.colcon_core.package_identification:_identify(runs/detect/predict) by extension 'python'
[0.154s] Level 1:colcon.colcon_core.package_identification:_identify(runs/detect/predict) by extensions ['python_setup_py']
[0.154s] Level 1:colcon.colcon_core.package_identification:_identify(runs/detect/predict) by extension 'python_setup_py'
[0.154s] Level 1:colcon.colcon_core.package_identification:_identify(src) by extensions ['ignore', 'ignore_ament_install']
[0.154s] Level 1:colcon.colcon_core.package_identification:_identify(src) by extension 'ignore'
[0.155s] Level 1:colcon.colcon_core.package_identification:_identify(src) by extension 'ignore_ament_install'
[0.155s] Level 1:colcon.colcon_core.package_identification:_identify(src) by extensions ['colcon_pkg']
[0.155s] Level 1:colcon.colcon_core.package_identification:_identify(src) by extension 'colcon_pkg'
[0.155s] Level 1:colcon.colcon_core.package_identification:_identify(src) by extensions ['colcon_meta']
[0.155s] Level 1:colcon.colcon_core.package_identification:_identify(src) by extension 'colcon_meta'
[0.155s] Level 1:colcon.colcon_core.package_identification:_identify(src) by extensions ['ros']
[0.155s] Level 1:colcon.colcon_core.package_identification:_identify(src) by extension 'ros'
[0.155s] Level 1:colcon.colcon_core.package_identification:_identify(src) by extensions ['cmake', 'python']
[0.155s] Level 1:colcon.colcon_core.package_identification:_identify(src) by extension 'cmake'
[0.155s] Level 1:colcon.colcon_core.package_identification:_identify(src) by extension 'python'
[0.155s] Level 1:colcon.colcon_core.package_identification:_identify(src) by extensions ['python_setup_py']
[0.155s] Level 1:colcon.colcon_core.package_identification:_identify(src) by extension 'python_setup_py'
[0.155s] Level 1:colcon.colcon_core.package_identification:_identify(src/rokey_pjt) by extensions ['ignore', 'ignore_ament_install']
[0.155s] Level 1:colcon.colcon_core.package_identification:_identify(src/rokey_pjt) by extension 'ignore'
[0.155s] Level 1:colcon.colcon_core.package_identification:_identify(src/rokey_pjt) by extension 'ignore_ament_install'
[0.155s] Level 1:colcon.colcon_core.package_identification:_identify(src/rokey_pjt) by extensions ['colcon_pkg']
[0.155s] Level 1:colcon.colcon_core.package_identification:_identify(src/rokey_pjt) by extension 'colcon_pkg'
[0.155s] Level 1:colcon.colcon_core.package_identification:_identify(src/rokey_pjt) by extensions ['colcon_meta']
[0.155s] Level 1:colcon.colcon_core.package_identification:_identify(src/rokey_pjt) by extension 'colcon_meta'
[0.155s] Level 1:colcon.colcon_core.package_identification:_identify(src/rokey_pjt) by extensions ['ros']
[0.155s] Level 1:colcon.colcon_core.package_identification:_identify(src/rokey_pjt) by extension 'ros'
[0.156s] DEBUG:colcon.colcon_core.package_identification:Package 'src/rokey_pjt' with type 'ros.ament_python' and name 'rokey_pjt'
[0.156s] Level 1:colcon.colcon_core.package_identification:_identify(src/turtlebot4_beep) by extensions ['ignore', 'ignore_ament_install']
[0.156s] Level 1:colcon.colcon_core.package_identification:_identify(src/turtlebot4_beep) by extension 'ignore'
[0.156s] Level 1:colcon.colcon_core.package_identification:_identify(src/turtlebot4_beep) by extension 'ignore_ament_install'
[0.156s] Level 1:colcon.colcon_core.package_identification:_identify(src/turtlebot4_beep) by extensions ['colcon_pkg']
[0.156s] Level 1:colcon.colcon_core.package_identification:_identify(src/turtlebot4_beep) by extension 'colcon_pkg'
[0.156s] Level 1:colcon.colcon_core.package_identification:_identify(src/turtlebot4_beep) by extensions ['colcon_meta']
[0.156s] Level 1:colcon.colcon_core.package_identification:_identify(src/turtlebot4_beep) by extension 'colcon_meta'
[0.156s] Level 1:colcon.colcon_core.package_identification:_identify(src/turtlebot4_beep) by extensions ['ros']
[0.156s] Level 1:colcon.colcon_core.package_identification:_identify(src/turtlebot4_beep) by extension 'ros'
[0.156s] DEBUG:colcon.colcon_core.package_identification:Package 'src/turtlebot4_beep' with type 'ros.ament_python' and name 'turtlebot4_beep'
[0.156s] Level 1:colcon.colcon_core.package_identification:_identify(src/yolov8_ros) by extensions ['ignore', 'ignore_ament_install']
[0.157s] Level 1:colcon.colcon_core.package_identification:_identify(src/yolov8_ros) by extension 'ignore'
[0.157s] Level 1:colcon.colcon_core.package_identification:_identify(src/yolov8_ros) by extension 'ignore_ament_install'
[0.157s] Level 1:colcon.colcon_core.package_identification:_identify(src/yolov8_ros) by extensions ['colcon_pkg']
[0.157s] Level 1:colcon.colcon_core.package_identification:_identify(src/yolov8_ros) by extension 'colcon_pkg'
[0.157s] Level 1:colcon.colcon_core.package_identification:_identify(src/yolov8_ros) by extensions ['colcon_meta']
[0.157s] Level 1:colcon.colcon_core.package_identification:_identify(src/yolov8_ros) by extension 'colcon_meta'
[0.157s] Level 1:colcon.colcon_core.package_identification:_identify(src/yolov8_ros) by extensions ['ros']
[0.157s] Level 1:colcon.colcon_core.package_identification:_identify(src/yolov8_ros) by extension 'ros'
[0.157s] DEBUG:colcon.colcon_core.package_identification:Package 'src/yolov8_ros' with type 'ros.ament_python' and name 'yolov8_ros'
[0.157s] Level 1:colcon.colcon_core.package_identification:_identify(test__img_42~79) by extensions ['ignore', 'ignore_ament_install']
[0.157s] Level 1:colcon.colcon_core.package_identification:_identify(test__img_42~79) by extension 'ignore'
[0.157s] Level 1:colcon.colcon_core.package_identification:_identify(test__img_42~79) by extension 'ignore_ament_install'
[0.157s] Level 1:colcon.colcon_core.package_identification:_identify(test__img_42~79) by extensions ['colcon_pkg']
[0.157s] Level 1:colcon.colcon_core.package_identification:_identify(test__img_42~79) by extension 'colcon_pkg'
[0.157s] Level 1:colcon.colcon_core.package_identification:_identify(test__img_42~79) by extensions ['colcon_meta']
[0.157s] Level 1:colcon.colcon_core.package_identification:_identify(test__img_42~79) by extension 'colcon_meta'
[0.157s] Level 1:colcon.colcon_core.package_identification:_identify(test__img_42~79) by extensions ['ros']
[0.157s] Level 1:colcon.colcon_core.package_identification:_identify(test__img_42~79) by extension 'ros'
[0.157s] Level 1:colcon.colcon_core.package_identification:_identify(test__img_42~79) by extensions ['cmake', 'python']
[0.157s] Level 1:colcon.colcon_core.package_identification:_identify(test__img_42~79) by extension 'cmake'
[0.157s] Level 1:colcon.colcon_core.package_identification:_identify(test__img_42~79) by extension 'python'
[0.157s] Level 1:colcon.colcon_core.package_identification:_identify(test__img_42~79) by extensions ['python_setup_py']
[0.157s] Level 1:colcon.colcon_core.package_identification:_identify(test__img_42~79) by extension 'python_setup_py'
[0.157s] Level 1:colcon.colcon_core.package_discovery:discover_packages(recursive) using defaults
[0.157s] Level 1:colcon.colcon_core.package_discovery:discover_packages(ignore) discover
[0.157s] Level 1:colcon.colcon_core.package_discovery:discover_packages(ignore) using defaults
[0.157s] Level 1:colcon.colcon_core.package_discovery:discover_packages(path) discover
[0.157s] Level 1:colcon.colcon_core.package_discovery:discover_packages(path) using defaults
[0.167s] INFO:colcon.colcon_core.package_selection:Skipping not selected package 'turtlebot4_beep' in 'src/turtlebot4_beep'
[0.167s] INFO:colcon.colcon_core.package_selection:Skipping not selected package 'yolov8_ros' in 'src/yolov8_ros'
[0.167s] Level 1:colcon.colcon_core.package_discovery:discover_packages(prefix_path) check parameters
[0.167s] Level 1:colcon.colcon_core.package_discovery:discover_packages(prefix_path) discover
[0.169s] DEBUG:colcon.colcon_installed_package_information.package_discovery:Found 447 installed packages in /opt/ros/humble
[0.170s] Level 1:colcon.colcon_core.package_discovery:discover_packages(prefix_path) using defaults
[0.190s] Level 5:colcon.colcon_core.verb:set package 'rokey_pjt' build argument 'cmake_args' from command line to 'None'
[0.190s] Level 5:colcon.colcon_core.verb:set package 'rokey_pjt' build argument 'cmake_target' from command line to 'None'
[0.191s] Level 5:colcon.colcon_core.verb:set package 'rokey_pjt' build argument 'cmake_target_skip_unavailable' from command line to 'False'
[0.191s] Level 5:colcon.colcon_core.verb:set package 'rokey_pjt' build argument 'cmake_clean_cache' from command line to 'False'
[0.191s] Level 5:colcon.colcon_core.verb:set package 'rokey_pjt' build argument 'cmake_clean_first' from command line to 'False'
[0.191s] Level 5:colcon.colcon_core.verb:set package 'rokey_pjt' build argument 'cmake_force_configure' from command line to 'False'
[0.191s] Level 5:colcon.colcon_core.verb:set package 'rokey_pjt' build argument 'ament_cmake_args' from command line to 'None'
[0.191s] Level 5:colcon.colcon_core.verb:set package 'rokey_pjt' build argument 'catkin_cmake_args' from command line to 'None'
[0.191s] Level 5:colcon.colcon_core.verb:set package 'rokey_pjt' build argument 'catkin_skip_building_tests' from command line to 'False'
[0.191s] DEBUG:colcon.colcon_core.verb:Building package 'rokey_pjt' with the following arguments: {'ament_cmake_args': None, 'build_base': '/home/minsuje/rokey_ws/build/rokey_pjt', 'catkin_cmake_args': None, 'catkin_skip_building_tests': False, 'cmake_args': None, 'cmake_clean_cache': False, 'cmake_clean_first': False, 'cmake_force_configure': False, 'cmake_target': None, 'cmake_target_skip_unavailable': False, 'install_base': '/home/minsuje/rokey_ws/install/rokey_pjt', 'merge_install': False, 'path': '/home/minsuje/rokey_ws/src/rokey_pjt', 'symlink_install': True, 'test_result_base': None}
[0.191s] INFO:colcon.colcon_core.executor:Executing jobs using 'parallel' executor
[0.191s] DEBUG:colcon.colcon_parallel_executor.executor.parallel:run_until_complete
[0.192s] INFO:colcon.colcon_ros.task.ament_python.build:Building ROS package in '/home/minsuje/rokey_ws/src/rokey_pjt' with build type 'ament_python'
[0.192s] Level 1:colcon.colcon_core.shell:create_environment_hook('rokey_pjt', 'ament_prefix_path')
[0.193s] INFO:colcon.colcon_core.plugin_system:Skipping extension 'colcon_core.shell.bat': Not used on non-Windows systems
[0.193s] INFO:colcon.colcon_core.shell:Creating environment hook '/home/minsuje/rokey_ws/install/rokey_pjt/share/rokey_pjt/hook/ament_prefix_path.ps1'
[0.193s] INFO:colcon.colcon_core.shell:Creating environment descriptor '/home/minsuje/rokey_ws/install/rokey_pjt/share/rokey_pjt/hook/ament_prefix_path.dsv'
[0.193s] INFO:colcon.colcon_core.shell:Creating environment hook '/home/minsuje/rokey_ws/install/rokey_pjt/share/rokey_pjt/hook/ament_prefix_path.sh'
[0.193s] INFO:colcon.colcon_core.shell:Skip shell extension 'powershell' for command environment: Not usable outside of PowerShell
[0.193s] DEBUG:colcon.colcon_core.shell:Skip shell extension 'dsv' for command environment
[0.332s] INFO:colcon.colcon_core.task.python.build:Building Python package in '/home/minsuje/rokey_ws/src/rokey_pjt'
[0.333s] INFO:colcon.colcon_core.shell:Skip shell extension 'powershell' for command environment: Not usable outside of PowerShell
[0.333s] DEBUG:colcon.colcon_core.shell:Skip shell extension 'dsv' for command environment
[0.514s] DEBUG:colcon.colcon_core.event_handler.log_command:Invoking command in '/home/minsuje/rokey_ws/build/rokey_pjt': PYTHONPATH=/home/minsuje/rokey_ws/build/rokey_pjt/prefix_override:/usr/lib/python3/dist-packages/colcon_core/task/python/colcon_distutils_commands:/home/minsuje/rokey_ws/install/rokey_pjt/lib/python3.10/site-packages:${PYTHONPATH} /usr/bin/python3 -W ignore:setup.py install is deprecated -W ignore:easy_install command is deprecated setup.py develop --editable --build-directory /home/minsuje/rokey_ws/build/rokey_pjt/build --no-deps symlink_data
[0.766s] Level 1:colcon.colcon_core.shell:create_environment_hook('rokey_pjt', 'pythonpath_develop')
[0.766s] INFO:colcon.colcon_core.shell:Creating environment hook '/home/minsuje/rokey_ws/build/rokey_pjt/share/rokey_pjt/hook/pythonpath_develop.ps1'
[0.766s] DEBUG:colcon.colcon_core.event_handler.log_command:Invoked command in '/home/minsuje/rokey_ws/build/rokey_pjt' returned '0': PYTHONPATH=/home/minsuje/rokey_ws/build/rokey_pjt/prefix_override:/usr/lib/python3/dist-packages/colcon_core/task/python/colcon_distutils_commands:/home/minsuje/rokey_ws/install/rokey_pjt/lib/python3.10/site-packages:${PYTHONPATH} /usr/bin/python3 -W ignore:setup.py install is deprecated -W ignore:easy_install command is deprecated setup.py develop --editable --build-directory /home/minsuje/rokey_ws/build/rokey_pjt/build --no-deps symlink_data
[0.766s] INFO:colcon.colcon_core.shell:Creating environment descriptor '/home/minsuje/rokey_ws/build/rokey_pjt/share/rokey_pjt/hook/pythonpath_develop.dsv'
[0.767s] INFO:colcon.colcon_core.shell:Creating environment hook '/home/minsuje/rokey_ws/build/rokey_pjt/share/rokey_pjt/hook/pythonpath_develop.sh'
[0.768s] Level 1:colcon.colcon_core.environment:checking '/home/minsuje/rokey_ws/install/rokey_pjt' for CMake module files
[0.768s] Level 1:colcon.colcon_core.environment:checking '/home/minsuje/rokey_ws/install/rokey_pjt' for CMake config files
[0.768s] Level 1:colcon.colcon_core.environment:checking '/home/minsuje/rokey_ws/install/rokey_pjt/lib'
[0.768s] Level 1:colcon.colcon_core.environment:checking '/home/minsuje/rokey_ws/install/rokey_pjt/bin'
[0.768s] Level 1:colcon.colcon_core.environment:checking '/home/minsuje/rokey_ws/install/rokey_pjt/lib/pkgconfig/rokey_pjt.pc'
[0.768s] Level 1:colcon.colcon_core.environment:checking '/home/minsuje/rokey_ws/install/rokey_pjt/lib/python3.10/site-packages'
[0.768s] Level 1:colcon.colcon_core.shell:create_environment_hook('rokey_pjt', 'pythonpath')
[0.769s] INFO:colcon.colcon_core.shell:Creating environment hook '/home/minsuje/rokey_ws/install/rokey_pjt/share/rokey_pjt/hook/pythonpath.ps1'
[0.769s] INFO:colcon.colcon_core.shell:Creating environment descriptor '/home/minsuje/rokey_ws/install/rokey_pjt/share/rokey_pjt/hook/pythonpath.dsv'
[0.769s] INFO:colcon.colcon_core.shell:Creating environment hook '/home/minsuje/rokey_ws/install/rokey_pjt/share/rokey_pjt/hook/pythonpath.sh'
[0.769s] Level 1:colcon.colcon_core.environment:checking '/home/minsuje/rokey_ws/install/rokey_pjt/bin'
[0.769s] Level 1:colcon.colcon_core.environment:create_environment_scripts_only(rokey_pjt)
[0.769s] INFO:colcon.colcon_core.shell:Creating package script '/home/minsuje/rokey_ws/install/rokey_pjt/share/rokey_pjt/package.ps1'
[0.770s] INFO:colcon.colcon_core.shell:Creating package descriptor '/home/minsuje/rokey_ws/install/rokey_pjt/share/rokey_pjt/package.dsv'
[0.770s] INFO:colcon.colcon_core.shell:Creating package script '/home/minsuje/rokey_ws/install/rokey_pjt/share/rokey_pjt/package.sh'
[0.770s] INFO:colcon.colcon_core.shell:Creating package script '/home/minsuje/rokey_ws/install/rokey_pjt/share/rokey_pjt/package.bash'
[0.770s] INFO:colcon.colcon_core.shell:Creating package script '/home/minsuje/rokey_ws/install/rokey_pjt/share/rokey_pjt/package.zsh'
[0.771s] Level 1:colcon.colcon_core.environment:create_file_with_runtime_dependencies(/home/minsuje/rokey_ws/install/rokey_pjt/share/colcon-core/packages/rokey_pjt)
[0.771s] DEBUG:colcon.colcon_parallel_executor.executor.parallel:closing loop
[0.771s] DEBUG:colcon.colcon_parallel_executor.executor.parallel:loop closed
[0.771s] DEBUG:colcon.colcon_parallel_executor.executor.parallel:run_until_complete finished with '0'
[0.771s] DEBUG:colcon.colcon_core.event_reactor:joining thread
[0.774s] INFO:colcon.colcon_core.plugin_system:Skipping extension 'colcon_notification.desktop_notification.terminal_notifier': Not used on non-Darwin systems
[0.774s] INFO:colcon.colcon_core.plugin_system:Skipping extension 'colcon_notification.desktop_notification.win32': Not used on non-Windows systems
[0.774s] INFO:colcon.colcon_notification.desktop_notification:Sending desktop notification using 'notify2'
[0.779s] DEBUG:colcon.colcon_core.event_reactor:joined thread
[0.779s] INFO:colcon.colcon_core.shell:Creating prefix script '/home/minsuje/rokey_ws/install/local_setup.ps1'
[0.780s] INFO:colcon.colcon_core.shell:Creating prefix util module '/home/minsuje/rokey_ws/install/_local_setup_util_ps1.py'
[0.780s] INFO:colcon.colcon_core.shell:Creating prefix chain script '/home/minsuje/rokey_ws/install/setup.ps1'
[0.781s] INFO:colcon.colcon_core.shell:Creating prefix script '/home/minsuje/rokey_ws/install/local_setup.sh'
[0.781s] INFO:colcon.colcon_core.shell:Creating prefix util module '/home/minsuje/rokey_ws/install/_local_setup_util_sh.py'
[0.781s] INFO:colcon.colcon_core.shell:Creating prefix chain script '/home/minsuje/rokey_ws/install/setup.sh'
[0.782s] INFO:colcon.colcon_core.shell:Creating prefix script '/home/minsuje/rokey_ws/install/local_setup.bash'
[0.782s] INFO:colcon.colcon_core.shell:Creating prefix chain script '/home/minsuje/rokey_ws/install/setup.bash'
[0.782s] INFO:colcon.colcon_core.shell:Creating prefix script '/home/minsuje/rokey_ws/install/local_setup.zsh'
[0.782s] INFO:colcon.colcon_core.shell:Creating prefix chain script '/home/minsuje/rokey_ws/install/setup.zsh'
