[0.035s] Invoking command in '/home/minsuje/ros2_ws/build/dsr_moveit_config_m1013': CMAKE_PREFIX_PATH=/opt/ros/humble /usr/bin/cmake /home/minsuje/ros2_ws/src/DoosanBootcamp3rd/dsr_moveit2/dsr_moveit_config_m1013 -DAMENT_CMAKE_SYMLINK_INSTALL=1 -DCMAKE_INSTALL_PREFIX=/home/minsuje/ros2_ws/install/dsr_moveit_config_m1013
[1.228s] -- The C compiler identification is GNU 11.4.0
[1.228s] -- The CXX compiler identification is GNU 11.4.0
[1.228s] -- Detecting C compiler ABI info
[1.228s] -- Detecting C compiler ABI info - done
[1.228s] -- Check for working C compiler: /usr/bin/cc - skipped
[1.228s] -- Detecting C compile features
[1.228s] -- Detecting C compile features - done
[1.228s] -- Detecting CXX compiler ABI info
[1.228s] -- Detecting CXX compiler ABI info - done
[1.228s] -- Check for working CXX compiler: /usr/bin/c++ - skipped
[1.228s] -- Detecting CXX compile features
[1.228s] -- Detecting CXX compile features - done
[1.228s] -- Found ament_cmake: 1.3.11 (/opt/ros/humble/share/ament_cmake/cmake)
[1.228s] -- Found Python3: /usr/bin/python3 (found version "3.10.12") found components: Interpreter 
[1.228s] -- Override CMake install command with custom implementation using symlinks instead of copying resources
[1.228s] -- Configuring done
[1.228s] -- Generating done
[1.228s] -- Build files have been written to: /home/minsuje/ros2_ws/build/dsr_moveit_config_m1013
[1.533s] Invoked command in '/home/minsuje/ros2_ws/build/dsr_moveit_config_m1013' returned '0': CMAKE_PREFIX_PATH=/opt/ros/humble /usr/bin/cmake /home/minsuje/ros2_ws/src/DoosanBootcamp3rd/dsr_moveit2/dsr_moveit_config_m1013 -DAMENT_CMAKE_SYMLINK_INSTALL=1 -DCMAKE_INSTALL_PREFIX=/home/minsuje/ros2_ws/install/dsr_moveit_config_m1013
[1.534s] Invoking command in '/home/minsuje/ros2_ws/build/dsr_moveit_config_m1013': CMAKE_PREFIX_PATH=/opt/ros/humble /usr/bin/cmake --build /home/minsuje/ros2_ws/build/dsr_moveit_config_m1013 -- -j32 -l32
[1.596s] Invoked command in '/home/minsuje/ros2_ws/build/dsr_moveit_config_m1013' returned '0': CMAKE_PREFIX_PATH=/opt/ros/humble /usr/bin/cmake --build /home/minsuje/ros2_ws/build/dsr_moveit_config_m1013 -- -j32 -l32
[1.598s] Invoking command in '/home/minsuje/ros2_ws/build/dsr_moveit_config_m1013': CMAKE_PREFIX_PATH=/opt/ros/humble /usr/bin/cmake --install /home/minsuje/ros2_ws/build/dsr_moveit_config_m1013
[1.622s] -- Install configuration: ""
[1.623s] -- Execute custom install script
[1.623s] -- Symlinking: /home/minsuje/ros2_ws/install/dsr_moveit_config_m1013/share/ament_index/resource_index/package_run_dependencies/dsr_moveit_config_m1013
[1.623s] -- Symlinking: /home/minsuje/ros2_ws/install/dsr_moveit_config_m1013/share/ament_index/resource_index/parent_prefix_path/dsr_moveit_config_m1013
[1.626s] -- Symlinking: /home/minsuje/ros2_ws/install/dsr_moveit_config_m1013/share/dsr_moveit_config_m1013/environment/ament_prefix_path.sh
[1.635s] -- Symlinking: /home/minsuje/ros2_ws/install/dsr_moveit_config_m1013/share/dsr_moveit_config_m1013/environment/ament_prefix_path.dsv
[1.645s] -- Symlinking: /home/minsuje/ros2_ws/install/dsr_moveit_config_m1013/share/dsr_moveit_config_m1013/environment/path.sh
[1.656s] -- Symlinking: /home/minsuje/ros2_ws/install/dsr_moveit_config_m1013/share/dsr_moveit_config_m1013/environment/path.dsv
[1.666s] -- Symlinking: /home/minsuje/ros2_ws/install/dsr_moveit_config_m1013/share/dsr_moveit_config_m1013/local_setup.bash
[1.676s] -- Symlinking: /home/minsuje/ros2_ws/install/dsr_moveit_config_m1013/share/dsr_moveit_config_m1013/local_setup.sh
[1.687s] -- Symlinking: /home/minsuje/ros2_ws/install/dsr_moveit_config_m1013/share/dsr_moveit_config_m1013/local_setup.zsh
[1.698s] -- Symlinking: /home/minsuje/ros2_ws/install/dsr_moveit_config_m1013/share/dsr_moveit_config_m1013/local_setup.dsv
[1.709s] -- Symlinking: /home/minsuje/ros2_ws/install/dsr_moveit_config_m1013/share/dsr_moveit_config_m1013/package.dsv
[1.720s] -- Symlinking: /home/minsuje/ros2_ws/install/dsr_moveit_config_m1013/share/ament_index/resource_index/packages/dsr_moveit_config_m1013
[1.730s] -- Symlinking: /home/minsuje/ros2_ws/install/dsr_moveit_config_m1013/share/dsr_moveit_config_m1013/cmake/dsr_moveit_config_m1013Config.cmake
[1.742s] -- Symlinking: /home/minsuje/ros2_ws/install/dsr_moveit_config_m1013/share/dsr_moveit_config_m1013/cmake/dsr_moveit_config_m1013Config-version.cmake
[1.751s] -- Symlinking: /home/minsuje/ros2_ws/install/dsr_moveit_config_m1013/share/dsr_moveit_config_m1013/package.xml
[1.761s] -- Symlinking: /home/minsuje/ros2_ws/install/dsr_moveit_config_m1013/share/dsr_moveit_config_m1013/launch/demo.launch.py
[1.777s] -- Symlinking: /home/minsuje/ros2_ws/install/dsr_moveit_config_m1013/share/dsr_moveit_config_m1013/launch/moveit.rviz
[1.783s] -- Symlinking: /home/minsuje/ros2_ws/install/dsr_moveit_config_m1013/share/dsr_moveit_config_m1013/launch/start.launch.py
[1.792s] -- Symlinking: /home/minsuje/ros2_ws/install/dsr_moveit_config_m1013/share/dsr_moveit_config_m1013/config/chomp_planning.yaml
[1.803s] -- Symlinking: /home/minsuje/ros2_ws/install/dsr_moveit_config_m1013/share/dsr_moveit_config_m1013/config/dsr.ros2_control.xacro
[1.814s] -- Symlinking: /home/minsuje/ros2_ws/install/dsr_moveit_config_m1013/share/dsr_moveit_config_m1013/config/dsr.srdf
[1.826s] -- Symlinking: /home/minsuje/ros2_ws/install/dsr_moveit_config_m1013/share/dsr_moveit_config_m1013/config/initial_positions.yaml
[1.840s] -- Symlinking: /home/minsuje/ros2_ws/install/dsr_moveit_config_m1013/share/dsr_moveit_config_m1013/config/joint_limits.yaml
[1.847s] -- Symlinking: /home/minsuje/ros2_ws/install/dsr_moveit_config_m1013/share/dsr_moveit_config_m1013/config/kinematics.yaml
[1.858s] -- Symlinking: /home/minsuje/ros2_ws/install/dsr_moveit_config_m1013/share/dsr_moveit_config_m1013/config/m1013.urdf.xacro
[1.871s] -- Symlinking: /home/minsuje/ros2_ws/install/dsr_moveit_config_m1013/share/dsr_moveit_config_m1013/config/moveit_controllers.yaml
[1.885s] -- Symlinking: /home/minsuje/ros2_ws/install/dsr_moveit_config_m1013/share/dsr_moveit_config_m1013/config/ompl_planning.yaml
[1.891s] -- Symlinking: /home/minsuje/ros2_ws/install/dsr_moveit_config_m1013/share/dsr_moveit_config_m1013/config/pilz_cartesian_limits.yaml
[1.901s] -- Symlinking: /home/minsuje/ros2_ws/install/dsr_moveit_config_m1013/share/dsr_moveit_config_m1013/config/ros2_controllers.yaml
[1.915s] -- Symlinking: /home/minsuje/ros2_ws/install/dsr_moveit_config_m1013/share/dsr_moveit_config_m1013/config/sensors_3d.yaml
[1.924s] -- Symlinking: /home/minsuje/ros2_ws/install/dsr_moveit_config_m1013/share/dsr_moveit_config_m1013/.setup_assistant
[2.263s] Invoked command in '/home/minsuje/ros2_ws/build/dsr_moveit_config_m1013' returned '0': CMAKE_PREFIX_PATH=/opt/ros/humble /usr/bin/cmake --install /home/minsuje/ros2_ws/build/dsr_moveit_config_m1013
