[0.042s] Invoking command in '/home/minsuje/ros2_ws/build/dsr_common2': CMAKE_PREFIX_PATH=/opt/ros/humble /usr/bin/cmake /home/minsuje/ros2_ws/src/DoosanBootcamp3rd/dsr_common2 -DAMENT_CMAKE_SYMLINK_INSTALL=1 -DCMAKE_INSTALL_PREFIX=/home/minsuje/ros2_ws/install/dsr_common2
[1.235s] -- The C compiler identification is GNU 11.4.0
[1.236s] -- The CXX compiler identification is GNU 11.4.0
[1.236s] -- Detecting C compiler ABI info
[1.236s] -- Detecting C compiler ABI info - done
[1.236s] -- Check for working C compiler: /usr/bin/cc - skipped
[1.236s] -- Detecting C compile features
[1.236s] -- Detecting C compile features - done
[1.236s] -- Detecting CXX compiler ABI info
[1.236s] -- Detecting CXX compiler ABI info - done
[1.236s] -- Check for working CXX compiler: /usr/bin/c++ - skipped
[1.236s] -- Detecting CXX compile features
[1.236s] -- Detecting CXX compile features - done
[1.236s] -- Found ament_cmake: 1.3.11 (/opt/ros/humble/share/ament_cmake/cmake)
[1.236s] -- Found Python3: /usr/bin/python3 (found version "3.10.12") found components: Interpreter 
[1.237s] -- Override CMake install command with custom implementation using symlinks instead of copying resources
[1.237s] -- Configuring done
[1.237s] -- Generating done
[1.237s] -- Build files have been written to: /home/minsuje/ros2_ws/build/dsr_common2
[1.543s] Invoked command in '/home/minsuje/ros2_ws/build/dsr_common2' returned '0': CMAKE_PREFIX_PATH=/opt/ros/humble /usr/bin/cmake /home/minsuje/ros2_ws/src/DoosanBootcamp3rd/dsr_common2 -DAMENT_CMAKE_SYMLINK_INSTALL=1 -DCMAKE_INSTALL_PREFIX=/home/minsuje/ros2_ws/install/dsr_common2
[1.544s] Invoking command in '/home/minsuje/ros2_ws/build/dsr_common2': CMAKE_PREFIX_PATH=/opt/ros/humble /usr/bin/cmake --build /home/minsuje/ros2_ws/build/dsr_common2 -- -j32 -l32
[1.596s] Invoked command in '/home/minsuje/ros2_ws/build/dsr_common2' returned '0': CMAKE_PREFIX_PATH=/opt/ros/humble /usr/bin/cmake --build /home/minsuje/ros2_ws/build/dsr_common2 -- -j32 -l32
[1.598s] Invoking command in '/home/minsuje/ros2_ws/build/dsr_common2': CMAKE_PREFIX_PATH=/opt/ros/humble /usr/bin/cmake --install /home/minsuje/ros2_ws/build/dsr_common2
[1.609s] -- Install configuration: ""
[1.609s] -- Execute custom install script
[1.609s] -- Symlinking: /home/minsuje/ros2_ws/install/dsr_common2/share/ament_index/resource_index/package_run_dependencies/dsr_common2
[1.613s] -- Symlinking: /home/minsuje/ros2_ws/install/dsr_common2/share/ament_index/resource_index/parent_prefix_path/dsr_common2
[1.622s] -- Symlinking: /home/minsuje/ros2_ws/install/dsr_common2/share/dsr_common2/environment/ament_prefix_path.sh
[1.633s] -- Symlinking: /home/minsuje/ros2_ws/install/dsr_common2/share/dsr_common2/environment/ament_prefix_path.dsv
[1.643s] -- Symlinking: /home/minsuje/ros2_ws/install/dsr_common2/share/dsr_common2/environment/path.sh
[1.651s] -- Symlinking: /home/minsuje/ros2_ws/install/dsr_common2/share/dsr_common2/environment/path.dsv
[1.662s] -- Symlinking: /home/minsuje/ros2_ws/install/dsr_common2/share/dsr_common2/local_setup.bash
[1.672s] -- Symlinking: /home/minsuje/ros2_ws/install/dsr_common2/share/dsr_common2/local_setup.sh
[1.682s] -- Symlinking: /home/minsuje/ros2_ws/install/dsr_common2/share/dsr_common2/local_setup.zsh
[1.691s] -- Symlinking: /home/minsuje/ros2_ws/install/dsr_common2/share/dsr_common2/local_setup.dsv
[1.702s] -- Symlinking: /home/minsuje/ros2_ws/install/dsr_common2/share/dsr_common2/package.dsv
[1.713s] -- Symlinking: /home/minsuje/ros2_ws/install/dsr_common2/share/ament_index/resource_index/packages/dsr_common2
[1.725s] -- Symlinking: /home/minsuje/ros2_ws/install/dsr_common2/share/dsr_common2/cmake/dsr_common2Config.cmake
[1.735s] -- Symlinking: /home/minsuje/ros2_ws/install/dsr_common2/share/dsr_common2/cmake/dsr_common2Config-version.cmake
[1.744s] -- Symlinking: /home/minsuje/ros2_ws/install/dsr_common2/share/dsr_common2/package.xml
[1.754s] -- Installing: /home/minsuje/ros2_ws/install/dsr_common2/share/dsr_common2/bin
[1.754s] -- Installing: /home/minsuje/ros2_ws/install/dsr_common2/share/dsr_common2/bin/common2
[1.755s] -- Installing: /home/minsuje/ros2_ws/install/dsr_common2/share/dsr_common2/bin/run_drcf.sh
[1.755s] -- Installing: /home/minsuje/ros2_ws/install/dsr_common2/lib/dsr_common2/imp
[1.755s] -- Installing: /home/minsuje/ros2_ws/install/dsr_common2/lib/dsr_common2/imp/DR_error2.py
[1.755s] -- Installing: /home/minsuje/ros2_ws/install/dsr_common2/lib/dsr_common2/imp/DR_init.py
[1.755s] -- Installing: /home/minsuje/ros2_ws/install/dsr_common2/lib/dsr_common2/imp/DRFC.py
[1.755s] -- Installing: /home/minsuje/ros2_ws/install/dsr_common2/lib/dsr_common2/imp/__init__.py
[1.755s] -- Installing: /home/minsuje/ros2_ws/install/dsr_common2/lib/dsr_common2/imp/DR_common2.py
[1.755s] -- Installing: /home/minsuje/ros2_ws/install/dsr_common2/lib/dsr_common2/imp/DR_tcp_client2.py
[1.755s] -- Installing: /home/minsuje/ros2_ws/install/dsr_common2/lib/dsr_common2/imp/DR_tcp_server2.py
[1.755s] -- Installing: /home/minsuje/ros2_ws/install/dsr_common2/lib/dsr_common2/imp/DSR_ROBOT2.py
[1.756s] -- Installing: /home/minsuje/ros2_ws/install/dsr_common2/lib/dsr_common2/imp/DSR_util2.py
[1.759s] Invoked command in '/home/minsuje/ros2_ws/build/dsr_common2' returned '0': CMAKE_PREFIX_PATH=/opt/ros/humble /usr/bin/cmake --install /home/minsuje/ros2_ws/build/dsr_common2
