[0.382s] Invoking command in '/home/minsuje/ros2_ws/build/od_msg': /usr/bin/cmake /home/minsuje/ros2_ws/src/DoosanBootcamp3rd/dsr_rokey/od_msg -DCATKIN_INSTALL_INTO_PREFIX_ROOT=0 -DCATKIN_SYMLINK_INSTALL=ON -DCMAKE_INSTALL_PREFIX=/home/minsuje/ros2_ws/install/od_msg
[1.508s] -- The C compiler identification is GNU 11.4.0
[1.508s] -- The CXX compiler identification is GNU 11.4.0
[1.508s] -- Detecting C compiler ABI info
[1.508s] -- Detecting C compiler ABI info - done
[1.508s] -- Check for working C compiler: /usr/bin/cc - skipped
[1.508s] -- Detecting C compile features
[1.508s] -- Detecting C compile features - done
[1.508s] -- Detecting CXX compiler ABI info
[1.508s] -- Detecting CXX compiler ABI info - done
[1.508s] -- Check for working CXX compiler: /usr/bin/c++ - skipped
[1.508s] -- Detecting CXX compile features
[1.508s] -- Detecting CXX compile features - done
[1.508s] -- Found ament_cmake: 1.3.11 (/opt/ros/humble/share/ament_cmake/cmake)
[1.508s] -- Found Python3: /usr/bin/python3 (found version "3.10.12") found components: Interpreter 
[1.508s] -- Found rosidl_default_generators: 1.2.0 (/opt/ros/humble/share/rosidl_default_generators/cmake)
[1.508s] -- Using all available rosidl_typesupport_c: rosidl_typesupport_fastrtps_c;rosidl_typesupport_introspection_c
[1.509s] -- Found rosidl_adapter: 3.1.6 (/opt/ros/humble/share/rosidl_adapter/cmake)
[1.509s] -- Using all available rosidl_typesupport_cpp: rosidl_typesupport_fastrtps_cpp;rosidl_typesupport_introspection_cpp
[1.509s] -- Found ament_cmake_ros: 0.10.0 (/opt/ros/humble/share/ament_cmake_ros/cmake)
[1.509s] -- Using all available rosidl_typesupport_c: rosidl_typesupport_fastrtps_c;rosidl_typesupport_introspection_c
[1.571s] -- Using all available rosidl_typesupport_cpp: rosidl_typesupport_fastrtps_cpp;rosidl_typesupport_introspection_cpp
[1.602s] -- Found PythonInterp: /usr/bin/python3 (found suitable version "3.10.12", minimum required is "3.6") 
[1.604s] -- Found python_cmake_module: 0.10.0 (/opt/ros/humble/share/python_cmake_module/cmake)
[1.644s] -- Found PythonLibs: /usr/lib/x86_64-linux-gnu/libpython3.10.so (found suitable version "3.10.12", minimum required is "3.5") 
[1.644s] -- Using PYTHON_EXECUTABLE: /usr/bin/python3
[1.645s] -- Using PYTHON_INCLUDE_DIRS: /usr/include/python3.10
[1.645s] -- Using PYTHON_LIBRARIES: /usr/lib/x86_64-linux-gnu/libpython3.10.so
[1.676s] -- Found PythonExtra: .so  
[1.726s] -- Configuring done
[1.759s] -- Generating done
[1.762s] [33mCMake Warning:
[1.762s]   Manually-specified variables were not used by the project:
[1.762s] 
[1.762s]     CATKIN_INSTALL_INTO_PREFIX_ROOT
[1.762s]     CATKIN_SYMLINK_INSTALL
[1.762s] 
[1.762s] [0m
[1.774s] -- Build files have been written to: /home/minsuje/ros2_ws/build/od_msg
[1.794s] Invoked command in '/home/minsuje/ros2_ws/build/od_msg' returned '0': /usr/bin/cmake /home/minsuje/ros2_ws/src/DoosanBootcamp3rd/dsr_rokey/od_msg -DCATKIN_INSTALL_INTO_PREFIX_ROOT=0 -DCATKIN_SYMLINK_INSTALL=ON -DCMAKE_INSTALL_PREFIX=/home/minsuje/ros2_ws/install/od_msg
[1.797s] Invoking command in '/home/minsuje/ros2_ws/build/od_msg': /usr/bin/cmake --build /home/minsuje/ros2_ws/build/od_msg -- -j32 -l32
[1.848s] [  3%] [34m[1mGenerating C code for ROS interfaces[0m
[1.859s] [  6%] [34m[1mGenerating C++ code for ROS interfaces[0m
[1.872s] [  6%] Built target ament_cmake_python_copy_od_msg
[2.176s] [  6%] Built target od_msg__cpp
[2.192s] [  9%] [34m[1mGenerating C++ type support for eProsima Fast-RTPS[0m
[2.192s] [ 12%] [34m[1mGenerating C++ introspection for ROS interfaces[0m
[2.193s] [ 16%] [34m[1mGenerating C++ type support dispatch for ROS interfaces[0m
[2.279s] [ 19%] [32mBuilding C object CMakeFiles/od_msg__rosidl_generator_c.dir/rosidl_generator_c/od_msg/srv/detail/srv_depth_position__functions.c.o[0m
[2.390s] [ 22%] [32m[1mLinking C shared library libod_msg__rosidl_generator_c.so[0m
[2.425s] running egg_info
[2.428s] creating od_msg.egg-info
[2.428s] writing od_msg.egg-info/PKG-INFO
[2.428s] writing dependency_links to od_msg.egg-info/dependency_links.txt
[2.428s] writing top-level names to od_msg.egg-info/top_level.txt
[2.428s] writing manifest file 'od_msg.egg-info/SOURCES.txt'
[2.437s] reading manifest file 'od_msg.egg-info/SOURCES.txt'
[2.437s] writing manifest file 'od_msg.egg-info/SOURCES.txt'
[2.446s] [ 22%] Built target od_msg__rosidl_generator_c
[2.460s] [ 25%] [34m[1mGenerating C type support for eProsima Fast-RTPS[0m
[2.463s] [ 29%] [34m[1mGenerating C introspection for ROS interfaces[0m
[2.481s] [ 32%] [34m[1mGenerating C type support dispatch for ROS interfaces[0m
[2.481s] [ 32%] Built target ament_cmake_python_build_od_msg_egg
[2.551s] [ 35%] [32mBuilding CXX object CMakeFiles/od_msg__rosidl_typesupport_cpp.dir/rosidl_typesupport_cpp/od_msg/srv/srv_depth_position__type_support.cpp.o[0m
[2.614s] [ 38%] [32mBuilding CXX object CMakeFiles/od_msg__rosidl_typesupport_fastrtps_cpp.dir/rosidl_typesupport_fastrtps_cpp/od_msg/srv/detail/dds_fastrtps/srv_depth_position__type_support.cpp.o[0m
[2.627s] [ 41%] [32mBuilding CXX object CMakeFiles/od_msg__rosidl_typesupport_introspection_cpp.dir/rosidl_typesupport_introspection_cpp/od_msg/srv/detail/srv_depth_position__type_support.cpp.o[0m
[2.831s] [ 45%] [32mBuilding CXX object CMakeFiles/od_msg__rosidl_typesupport_c.dir/rosidl_typesupport_c/od_msg/srv/srv_depth_position__type_support.cpp.o[0m
[2.869s] [ 48%] [32mBuilding C object CMakeFiles/od_msg__rosidl_typesupport_introspection_c.dir/rosidl_typesupport_introspection_c/od_msg/srv/detail/srv_depth_position__type_support.c.o[0m
[2.873s] [ 51%] [32m[1mLinking CXX shared library libod_msg__rosidl_typesupport_c.so[0m
[2.889s] [ 54%] [32mBuilding CXX object CMakeFiles/od_msg__rosidl_typesupport_fastrtps_c.dir/rosidl_typesupport_fastrtps_c/od_msg/srv/detail/srv_depth_position__type_support_c.cpp.o[0m
[2.923s] [ 58%] [32m[1mLinking C shared library libod_msg__rosidl_typesupport_introspection_c.so[0m
[2.925s] [ 61%] [32m[1mLinking CXX shared library libod_msg__rosidl_typesupport_cpp.so[0m
[2.928s] [ 61%] Built target od_msg__rosidl_typesupport_c
[2.964s] [ 61%] Built target od_msg__rosidl_typesupport_introspection_c
[2.971s] [ 61%] Built target od_msg__rosidl_typesupport_cpp
[3.118s] [ 64%] [32m[1mLinking CXX shared library libod_msg__rosidl_typesupport_fastrtps_cpp.so[0m
[3.187s] [ 64%] Built target od_msg__rosidl_typesupport_fastrtps_cpp
[3.202s] [ 67%] [32m[1mLinking CXX shared library libod_msg__rosidl_typesupport_introspection_cpp.so[0m
[3.270s] [ 67%] Built target od_msg__rosidl_typesupport_introspection_cpp
[3.361s] [ 70%] [32m[1mLinking CXX shared library libod_msg__rosidl_typesupport_fastrtps_c.so[0m
[3.426s] [ 70%] Built target od_msg__rosidl_typesupport_fastrtps_c
[3.442s] [ 70%] Built target od_msg
[3.459s] [ 74%] [34m[1mGenerating Python code for ROS interfaces[0m
[3.740s] [ 74%] Built target od_msg__py
[3.755s] [ 77%] [32mBuilding C object CMakeFiles/od_msg__rosidl_generator_py.dir/rosidl_generator_py/od_msg/srv/_srv_depth_position_s.c.o[0m
[3.855s] [ 80%] [32m[1mLinking C shared library rosidl_generator_py/od_msg/libod_msg__rosidl_generator_py.so[0m
[3.887s] [ 80%] Built target od_msg__rosidl_generator_py
[3.904s] [ 83%] [32mBuilding C object CMakeFiles/od_msg__rosidl_typesupport_fastrtps_c__pyext.dir/rosidl_generator_py/od_msg/_od_msg_s.ep.rosidl_typesupport_fastrtps_c.c.o[0m
[3.905s] [ 87%] [32mBuilding C object CMakeFiles/od_msg__rosidl_typesupport_c__pyext.dir/rosidl_generator_py/od_msg/_od_msg_s.ep.rosidl_typesupport_c.c.o[0m
[3.905s] [ 90%] [32mBuilding C object CMakeFiles/od_msg__rosidl_typesupport_introspection_c__pyext.dir/rosidl_generator_py/od_msg/_od_msg_s.ep.rosidl_typesupport_introspection_c.c.o[0m
[3.974s] [ 93%] [32m[1mLinking C shared library rosidl_generator_py/od_msg/od_msg_s__rosidl_typesupport_c.cpython-310-x86_64-linux-gnu.so[0m
[3.974s] [ 96%] [32m[1mLinking C shared library rosidl_generator_py/od_msg/od_msg_s__rosidl_typesupport_fastrtps_c.cpython-310-x86_64-linux-gnu.so[0m
[3.983s] [100%] [32m[1mLinking C shared library rosidl_generator_py/od_msg/od_msg_s__rosidl_typesupport_introspection_c.cpython-310-x86_64-linux-gnu.so[0m
[4.001s] [100%] Built target od_msg__rosidl_typesupport_c__pyext
[4.002s] [100%] Built target od_msg__rosidl_typesupport_fastrtps_c__pyext
[4.011s] [100%] Built target od_msg__rosidl_typesupport_introspection_c__pyext
[4.020s] Invoked command in '/home/minsuje/ros2_ws/build/od_msg' returned '0': /usr/bin/cmake --build /home/minsuje/ros2_ws/build/od_msg -- -j32 -l32
[4.022s] Invoking command in '/home/minsuje/ros2_ws/build/od_msg': /usr/bin/cmake --install /home/minsuje/ros2_ws/build/od_msg
[4.029s] -- Install configuration: ""
[4.029s] -- Installing: /home/minsuje/ros2_ws/install/od_msg/share/ament_index/resource_index/rosidl_interfaces/od_msg
[4.029s] -- Installing: /home/minsuje/ros2_ws/install/od_msg/include/od_msg/od_msg
[4.029s] -- Installing: /home/minsuje/ros2_ws/install/od_msg/include/od_msg/od_msg/srv
[4.029s] -- Installing: /home/minsuje/ros2_ws/install/od_msg/include/od_msg/od_msg/srv/srv_depth_position.h
[4.029s] -- Installing: /home/minsuje/ros2_ws/install/od_msg/include/od_msg/od_msg/srv/detail
[4.029s] -- Installing: /home/minsuje/ros2_ws/install/od_msg/include/od_msg/od_msg/srv/detail/srv_depth_position__struct.h
[4.029s] -- Installing: /home/minsuje/ros2_ws/install/od_msg/include/od_msg/od_msg/srv/detail/srv_depth_position__type_support.h
[4.030s] -- Installing: /home/minsuje/ros2_ws/install/od_msg/include/od_msg/od_msg/srv/detail/srv_depth_position__functions.c
[4.030s] -- Installing: /home/minsuje/ros2_ws/install/od_msg/include/od_msg/od_msg/srv/detail/srv_depth_position__functions.h
[4.030s] -- Installing: /home/minsuje/ros2_ws/install/od_msg/include/od_msg/od_msg/msg
[4.030s] -- Installing: /home/minsuje/ros2_ws/install/od_msg/include/od_msg/od_msg/msg/rosidl_generator_c__visibility_control.h
[4.030s] -- Installing: /home/minsuje/ros2_ws/install/od_msg/share/od_msg/environment/library_path.sh
[4.030s] -- Installing: /home/minsuje/ros2_ws/install/od_msg/share/od_msg/environment/library_path.dsv
[4.030s] -- Installing: /home/minsuje/ros2_ws/install/od_msg/lib/libod_msg__rosidl_generator_c.so
[4.031s] -- Set runtime path of "/home/minsuje/ros2_ws/install/od_msg/lib/libod_msg__rosidl_generator_c.so" to ""
[4.031s] -- Up-to-date: /home/minsuje/ros2_ws/install/od_msg/include/od_msg/od_msg
[4.031s] -- Up-to-date: /home/minsuje/ros2_ws/install/od_msg/include/od_msg/od_msg/srv
[4.031s] -- Up-to-date: /home/minsuje/ros2_ws/install/od_msg/include/od_msg/od_msg/srv/detail
[4.031s] -- Installing: /home/minsuje/ros2_ws/install/od_msg/include/od_msg/od_msg/srv/detail/srv_depth_position__rosidl_typesupport_fastrtps_c.h
[4.031s] -- Up-to-date: /home/minsuje/ros2_ws/install/od_msg/include/od_msg/od_msg/msg
[4.031s] -- Installing: /home/minsuje/ros2_ws/install/od_msg/include/od_msg/od_msg/msg/rosidl_typesupport_fastrtps_c__visibility_control.h
[4.031s] -- Installing: /home/minsuje/ros2_ws/install/od_msg/lib/libod_msg__rosidl_typesupport_fastrtps_c.so
[4.032s] -- Set runtime path of "/home/minsuje/ros2_ws/install/od_msg/lib/libod_msg__rosidl_typesupport_fastrtps_c.so" to ""
[4.032s] -- Up-to-date: /home/minsuje/ros2_ws/install/od_msg/include/od_msg/od_msg
[4.032s] -- Up-to-date: /home/minsuje/ros2_ws/install/od_msg/include/od_msg/od_msg/srv
[4.032s] -- Up-to-date: /home/minsuje/ros2_ws/install/od_msg/include/od_msg/od_msg/srv/detail
[4.032s] -- Installing: /home/minsuje/ros2_ws/install/od_msg/include/od_msg/od_msg/srv/detail/srv_depth_position__type_support.c
[4.032s] -- Installing: /home/minsuje/ros2_ws/install/od_msg/include/od_msg/od_msg/srv/detail/srv_depth_position__rosidl_typesupport_introspection_c.h
[4.032s] -- Up-to-date: /home/minsuje/ros2_ws/install/od_msg/include/od_msg/od_msg/msg
[4.032s] -- Installing: /home/minsuje/ros2_ws/install/od_msg/include/od_msg/od_msg/msg/rosidl_typesupport_introspection_c__visibility_control.h
[4.032s] -- Installing: /home/minsuje/ros2_ws/install/od_msg/lib/libod_msg__rosidl_typesupport_introspection_c.so
[4.032s] -- Set runtime path of "/home/minsuje/ros2_ws/install/od_msg/lib/libod_msg__rosidl_typesupport_introspection_c.so" to ""
[4.032s] -- Installing: /home/minsuje/ros2_ws/install/od_msg/lib/libod_msg__rosidl_typesupport_c.so
[4.033s] -- Set runtime path of "/home/minsuje/ros2_ws/install/od_msg/lib/libod_msg__rosidl_typesupport_c.so" to ""
[4.033s] -- Up-to-date: /home/minsuje/ros2_ws/install/od_msg/include/od_msg/od_msg
[4.033s] -- Up-to-date: /home/minsuje/ros2_ws/install/od_msg/include/od_msg/od_msg/srv
[4.033s] -- Installing: /home/minsuje/ros2_ws/install/od_msg/include/od_msg/od_msg/srv/srv_depth_position.hpp
[4.033s] -- Up-to-date: /home/minsuje/ros2_ws/install/od_msg/include/od_msg/od_msg/srv/detail
[4.033s] -- Installing: /home/minsuje/ros2_ws/install/od_msg/include/od_msg/od_msg/srv/detail/srv_depth_position__struct.hpp
[4.033s] -- Installing: /home/minsuje/ros2_ws/install/od_msg/include/od_msg/od_msg/srv/detail/srv_depth_position__builder.hpp
[4.033s] -- Installing: /home/minsuje/ros2_ws/install/od_msg/include/od_msg/od_msg/srv/detail/srv_depth_position__traits.hpp
[4.033s] -- Installing: /home/minsuje/ros2_ws/install/od_msg/include/od_msg/od_msg/srv/detail/srv_depth_position__type_support.hpp
[4.033s] -- Up-to-date: /home/minsuje/ros2_ws/install/od_msg/include/od_msg/od_msg/msg
[4.034s] -- Installing: /home/minsuje/ros2_ws/install/od_msg/include/od_msg/od_msg/msg/rosidl_generator_cpp__visibility_control.hpp
[4.034s] -- Up-to-date: /home/minsuje/ros2_ws/install/od_msg/include/od_msg/od_msg
[4.034s] -- Up-to-date: /home/minsuje/ros2_ws/install/od_msg/include/od_msg/od_msg/srv
[4.034s] -- Up-to-date: /home/minsuje/ros2_ws/install/od_msg/include/od_msg/od_msg/srv/detail
[4.034s] -- Installing: /home/minsuje/ros2_ws/install/od_msg/include/od_msg/od_msg/srv/detail/dds_fastrtps
[4.034s] -- Installing: /home/minsuje/ros2_ws/install/od_msg/include/od_msg/od_msg/srv/detail/srv_depth_position__rosidl_typesupport_fastrtps_cpp.hpp
[4.034s] -- Up-to-date: /home/minsuje/ros2_ws/install/od_msg/include/od_msg/od_msg/msg
[4.034s] -- Installing: /home/minsuje/ros2_ws/install/od_msg/include/od_msg/od_msg/msg/rosidl_typesupport_fastrtps_cpp__visibility_control.h
[4.034s] -- Installing: /home/minsuje/ros2_ws/install/od_msg/lib/libod_msg__rosidl_typesupport_fastrtps_cpp.so
[4.034s] -- Set runtime path of "/home/minsuje/ros2_ws/install/od_msg/lib/libod_msg__rosidl_typesupport_fastrtps_cpp.so" to ""
[4.034s] -- Up-to-date: /home/minsuje/ros2_ws/install/od_msg/include/od_msg/od_msg
[4.035s] -- Up-to-date: /home/minsuje/ros2_ws/install/od_msg/include/od_msg/od_msg/srv
[4.035s] -- Up-to-date: /home/minsuje/ros2_ws/install/od_msg/include/od_msg/od_msg/srv/detail
[4.035s] -- Installing: /home/minsuje/ros2_ws/install/od_msg/include/od_msg/od_msg/srv/detail/srv_depth_position__rosidl_typesupport_introspection_cpp.hpp
[4.035s] -- Installing: /home/minsuje/ros2_ws/install/od_msg/include/od_msg/od_msg/srv/detail/srv_depth_position__type_support.cpp
[4.035s] -- Installing: /home/minsuje/ros2_ws/install/od_msg/lib/libod_msg__rosidl_typesupport_introspection_cpp.so
[4.035s] -- Set runtime path of "/home/minsuje/ros2_ws/install/od_msg/lib/libod_msg__rosidl_typesupport_introspection_cpp.so" to ""
[4.035s] -- Installing: /home/minsuje/ros2_ws/install/od_msg/lib/libod_msg__rosidl_typesupport_cpp.so
[4.036s] -- Set runtime path of "/home/minsuje/ros2_ws/install/od_msg/lib/libod_msg__rosidl_typesupport_cpp.so" to ""
[4.036s] -- Installing: /home/minsuje/ros2_ws/install/od_msg/share/od_msg/environment/pythonpath.sh
[4.036s] -- Installing: /home/minsuje/ros2_ws/install/od_msg/share/od_msg/environment/pythonpath.dsv
[4.036s] -- Installing: /home/minsuje/ros2_ws/install/od_msg/local/lib/python3.10/dist-packages/od_msg-0.0.0-py3.10.egg-info
[4.036s] -- Installing: /home/minsuje/ros2_ws/install/od_msg/local/lib/python3.10/dist-packages/od_msg-0.0.0-py3.10.egg-info/dependency_links.txt
[4.036s] -- Installing: /home/minsuje/ros2_ws/install/od_msg/local/lib/python3.10/dist-packages/od_msg-0.0.0-py3.10.egg-info/top_level.txt
[4.036s] -- Installing: /home/minsuje/ros2_ws/install/od_msg/local/lib/python3.10/dist-packages/od_msg-0.0.0-py3.10.egg-info/SOURCES.txt
[4.036s] -- Installing: /home/minsuje/ros2_ws/install/od_msg/local/lib/python3.10/dist-packages/od_msg-0.0.0-py3.10.egg-info/PKG-INFO
[4.036s] -- Installing: /home/minsuje/ros2_ws/install/od_msg/local/lib/python3.10/dist-packages/od_msg
[4.037s] -- Installing: /home/minsuje/ros2_ws/install/od_msg/local/lib/python3.10/dist-packages/od_msg/od_msg_s__rosidl_typesupport_introspection_c.cpython-310-x86_64-linux-gnu.so
[4.037s] -- Installing: /home/minsuje/ros2_ws/install/od_msg/local/lib/python3.10/dist-packages/od_msg/_od_msg_s.ep.rosidl_typesupport_fastrtps_c.c
[4.037s] -- Installing: /home/minsuje/ros2_ws/install/od_msg/local/lib/python3.10/dist-packages/od_msg/od_msg_s__rosidl_typesupport_c.cpython-310-x86_64-linux-gnu.so
[4.037s] -- Installing: /home/minsuje/ros2_ws/install/od_msg/local/lib/python3.10/dist-packages/od_msg/srv
[4.037s] -- Installing: /home/minsuje/ros2_ws/install/od_msg/local/lib/python3.10/dist-packages/od_msg/srv/__init__.py
[4.037s] -- Installing: /home/minsuje/ros2_ws/install/od_msg/local/lib/python3.10/dist-packages/od_msg/srv/_srv_depth_position.py
[4.038s] -- Installing: /home/minsuje/ros2_ws/install/od_msg/local/lib/python3.10/dist-packages/od_msg/srv/_srv_depth_position_s.c
[4.038s] -- Installing: /home/minsuje/ros2_ws/install/od_msg/local/lib/python3.10/dist-packages/od_msg/_od_msg_s.ep.rosidl_typesupport_c.c
[4.038s] -- Installing: /home/minsuje/ros2_ws/install/od_msg/local/lib/python3.10/dist-packages/od_msg/__init__.py
[4.038s] -- Installing: /home/minsuje/ros2_ws/install/od_msg/local/lib/python3.10/dist-packages/od_msg/od_msg_s__rosidl_typesupport_fastrtps_c.cpython-310-x86_64-linux-gnu.so
[4.038s] -- Installing: /home/minsuje/ros2_ws/install/od_msg/local/lib/python3.10/dist-packages/od_msg/_od_msg_s.ep.rosidl_typesupport_introspection_c.c
[4.038s] -- Installing: /home/minsuje/ros2_ws/install/od_msg/local/lib/python3.10/dist-packages/od_msg/libod_msg__rosidl_generator_py.so
[4.067s] Listing '/home/minsuje/ros2_ws/install/od_msg/local/lib/python3.10/dist-packages/od_msg'...
[4.067s] Compiling '/home/minsuje/ros2_ws/install/od_msg/local/lib/python3.10/dist-packages/od_msg/__init__.py'...
[4.067s] Listing '/home/minsuje/ros2_ws/install/od_msg/local/lib/python3.10/dist-packages/od_msg/srv'...
[4.067s] Compiling '/home/minsuje/ros2_ws/install/od_msg/local/lib/python3.10/dist-packages/od_msg/srv/__init__.py'...
[4.067s] Compiling '/home/minsuje/ros2_ws/install/od_msg/local/lib/python3.10/dist-packages/od_msg/srv/_srv_depth_position.py'...
[4.072s] -- Installing: /home/minsuje/ros2_ws/install/od_msg/local/lib/python3.10/dist-packages/od_msg/od_msg_s__rosidl_typesupport_fastrtps_c.cpython-310-x86_64-linux-gnu.so
[4.072s] -- Set runtime path of "/home/minsuje/ros2_ws/install/od_msg/local/lib/python3.10/dist-packages/od_msg/od_msg_s__rosidl_typesupport_fastrtps_c.cpython-310-x86_64-linux-gnu.so" to ""
[4.072s] -- Installing: /home/minsuje/ros2_ws/install/od_msg/local/lib/python3.10/dist-packages/od_msg/od_msg_s__rosidl_typesupport_introspection_c.cpython-310-x86_64-linux-gnu.so
[4.072s] -- Set runtime path of "/home/minsuje/ros2_ws/install/od_msg/local/lib/python3.10/dist-packages/od_msg/od_msg_s__rosidl_typesupport_introspection_c.cpython-310-x86_64-linux-gnu.so" to ""
[4.072s] -- Installing: /home/minsuje/ros2_ws/install/od_msg/local/lib/python3.10/dist-packages/od_msg/od_msg_s__rosidl_typesupport_c.cpython-310-x86_64-linux-gnu.so
[4.073s] -- Set runtime path of "/home/minsuje/ros2_ws/install/od_msg/local/lib/python3.10/dist-packages/od_msg/od_msg_s__rosidl_typesupport_c.cpython-310-x86_64-linux-gnu.so" to ""
[4.073s] -- Installing: /home/minsuje/ros2_ws/install/od_msg/lib/libod_msg__rosidl_generator_py.so
[4.073s] -- Set runtime path of "/home/minsuje/ros2_ws/install/od_msg/lib/libod_msg__rosidl_generator_py.so" to ""
[4.073s] -- Installing: /home/minsuje/ros2_ws/install/od_msg/share/od_msg/srv/SrvDepthPosition.idl
[4.073s] -- Installing: /home/minsuje/ros2_ws/install/od_msg/share/od_msg/srv/SrvDepthPosition.srv
[4.074s] -- Installing: /home/minsuje/ros2_ws/install/od_msg/share/od_msg/srv/SrvDepthPosition_Request.msg
[4.074s] -- Installing: /home/minsuje/ros2_ws/install/od_msg/share/od_msg/srv/SrvDepthPosition_Response.msg
[4.074s] -- Installing: /home/minsuje/ros2_ws/install/od_msg/share/ament_index/resource_index/package_run_dependencies/od_msg
[4.074s] -- Installing: /home/minsuje/ros2_ws/install/od_msg/share/ament_index/resource_index/parent_prefix_path/od_msg
[4.074s] -- Installing: /home/minsuje/ros2_ws/install/od_msg/share/od_msg/environment/ament_prefix_path.sh
[4.074s] -- Installing: /home/minsuje/ros2_ws/install/od_msg/share/od_msg/environment/ament_prefix_path.dsv
[4.074s] -- Installing: /home/minsuje/ros2_ws/install/od_msg/share/od_msg/environment/path.sh
[4.075s] -- Installing: /home/minsuje/ros2_ws/install/od_msg/share/od_msg/environment/path.dsv
[4.075s] -- Installing: /home/minsuje/ros2_ws/install/od_msg/share/od_msg/local_setup.bash
[4.075s] -- Installing: /home/minsuje/ros2_ws/install/od_msg/share/od_msg/local_setup.sh
[4.075s] -- Installing: /home/minsuje/ros2_ws/install/od_msg/share/od_msg/local_setup.zsh
[4.075s] -- Installing: /home/minsuje/ros2_ws/install/od_msg/share/od_msg/local_setup.dsv
[4.075s] -- Installing: /home/minsuje/ros2_ws/install/od_msg/share/od_msg/package.dsv
[4.075s] -- Installing: /home/minsuje/ros2_ws/install/od_msg/share/ament_index/resource_index/packages/od_msg
[4.076s] -- Installing: /home/minsuje/ros2_ws/install/od_msg/share/od_msg/cmake/export_od_msg__rosidl_generator_cExport.cmake
[4.076s] -- Installing: /home/minsuje/ros2_ws/install/od_msg/share/od_msg/cmake/export_od_msg__rosidl_generator_cExport-noconfig.cmake
[4.076s] -- Installing: /home/minsuje/ros2_ws/install/od_msg/share/od_msg/cmake/export_od_msg__rosidl_typesupport_fastrtps_cExport.cmake
[4.076s] -- Installing: /home/minsuje/ros2_ws/install/od_msg/share/od_msg/cmake/export_od_msg__rosidl_typesupport_fastrtps_cExport-noconfig.cmake
[4.076s] -- Installing: /home/minsuje/ros2_ws/install/od_msg/share/od_msg/cmake/od_msg__rosidl_typesupport_introspection_cExport.cmake
[4.076s] -- Installing: /home/minsuje/ros2_ws/install/od_msg/share/od_msg/cmake/od_msg__rosidl_typesupport_introspection_cExport-noconfig.cmake
[4.076s] -- Installing: /home/minsuje/ros2_ws/install/od_msg/share/od_msg/cmake/od_msg__rosidl_typesupport_cExport.cmake
[4.076s] -- Installing: /home/minsuje/ros2_ws/install/od_msg/share/od_msg/cmake/od_msg__rosidl_typesupport_cExport-noconfig.cmake
[4.077s] -- Installing: /home/minsuje/ros2_ws/install/od_msg/share/od_msg/cmake/export_od_msg__rosidl_generator_cppExport.cmake
[4.077s] -- Installing: /home/minsuje/ros2_ws/install/od_msg/share/od_msg/cmake/export_od_msg__rosidl_typesupport_fastrtps_cppExport.cmake
[4.077s] -- Installing: /home/minsuje/ros2_ws/install/od_msg/share/od_msg/cmake/export_od_msg__rosidl_typesupport_fastrtps_cppExport-noconfig.cmake
[4.077s] -- Installing: /home/minsuje/ros2_ws/install/od_msg/share/od_msg/cmake/od_msg__rosidl_typesupport_introspection_cppExport.cmake
[4.077s] -- Installing: /home/minsuje/ros2_ws/install/od_msg/share/od_msg/cmake/od_msg__rosidl_typesupport_introspection_cppExport-noconfig.cmake
[4.077s] -- Installing: /home/minsuje/ros2_ws/install/od_msg/share/od_msg/cmake/od_msg__rosidl_typesupport_cppExport.cmake
[4.077s] -- Installing: /home/minsuje/ros2_ws/install/od_msg/share/od_msg/cmake/od_msg__rosidl_typesupport_cppExport-noconfig.cmake
[4.078s] -- Installing: /home/minsuje/ros2_ws/install/od_msg/share/od_msg/cmake/export_od_msg__rosidl_generator_pyExport.cmake
[4.078s] -- Installing: /home/minsuje/ros2_ws/install/od_msg/share/od_msg/cmake/export_od_msg__rosidl_generator_pyExport-noconfig.cmake
[4.078s] -- Installing: /home/minsuje/ros2_ws/install/od_msg/share/od_msg/cmake/rosidl_cmake-extras.cmake
[4.078s] -- Installing: /home/minsuje/ros2_ws/install/od_msg/share/od_msg/cmake/ament_cmake_export_include_directories-extras.cmake
[4.078s] -- Installing: /home/minsuje/ros2_ws/install/od_msg/share/od_msg/cmake/ament_cmake_export_libraries-extras.cmake
[4.078s] -- Installing: /home/minsuje/ros2_ws/install/od_msg/share/od_msg/cmake/ament_cmake_export_targets-extras.cmake
[4.078s] -- Installing: /home/minsuje/ros2_ws/install/od_msg/share/od_msg/cmake/rosidl_cmake_export_typesupport_targets-extras.cmake
[4.079s] -- Installing: /home/minsuje/ros2_ws/install/od_msg/share/od_msg/cmake/ament_cmake_export_dependencies-extras.cmake
[4.079s] -- Installing: /home/minsuje/ros2_ws/install/od_msg/share/od_msg/cmake/rosidl_cmake_export_typesupport_libraries-extras.cmake
[4.079s] -- Installing: /home/minsuje/ros2_ws/install/od_msg/share/od_msg/cmake/od_msgConfig.cmake
[4.079s] -- Installing: /home/minsuje/ros2_ws/install/od_msg/share/od_msg/cmake/od_msgConfig-version.cmake
[4.079s] -- Installing: /home/minsuje/ros2_ws/install/od_msg/share/od_msg/package.xml
[4.081s] Invoked command in '/home/minsuje/ros2_ws/build/od_msg' returned '0': /usr/bin/cmake --install /home/minsuje/ros2_ws/build/od_msg
