running develop
running egg_info
creating yolov8_ros.egg-info
writing yolov8_ros.egg-info/PKG-INFO
writing dependency_links to yolov8_ros.egg-info/dependency_links.txt
writing entry points to yolov8_ros.egg-info/entry_points.txt
writing requirements to yolov8_ros.egg-info/requires.txt
writing top-level names to yolov8_ros.egg-info/top_level.txt
writing manifest file 'yolov8_ros.egg-info/SOURCES.txt'
reading manifest file 'yolov8_ros.egg-info/SOURCES.txt'
writing manifest file 'yolov8_ros.egg-info/SOURCES.txt'
running build_ext
Creating /home/minsuje/rokey_ws/install/yolov8_ros/lib/python3.10/site-packages/yolov8-ros.egg-link (link to .)
Installing capture_image script to /home/minsuje/rokey_ws/install/yolov8_ros/lib/yolov8_ros
Installing cont_cap_image script to /home/minsuje/rokey_ws/install/yolov8_ros/lib/yolov8_ros
Installing data_pub script to /home/minsuje/rokey_ws/install/yolov8_ros/lib/yolov8_ros
Installing data_sub script to /home/minsuje/rokey_ws/install/yolov8_ros/lib/yolov8_ros
Installing det_obj script to /home/minsuje/rokey_ws/install/yolov8_ros/lib/yolov8_ros
Installing det_obj_thread script to /home/minsuje/rokey_ws/install/yolov8_ros/lib/yolov8_ros
Installing det_obj_track script to /home/minsuje/rokey_ws/install/yolov8_ros/lib/yolov8_ros
Installing image_pub script to /home/minsuje/rokey_ws/install/yolov8_ros/lib/yolov8_ros
Installing image_sub script to /home/minsuje/rokey_ws/install/yolov8_ros/lib/yolov8_ros
Installing yolo_pub script to /home/minsuje/rokey_ws/install/yolov8_ros/lib/yolov8_ros
Installing yolo_sub script to /home/minsuje/rokey_ws/install/yolov8_ros/lib/yolov8_ros

Installed /home/minsuje/rokey_ws/build/yolov8_ros
running symlink_data
creating /home/minsuje/rokey_ws/install/yolov8_ros/share/ament_index
creating /home/minsuje/rokey_ws/install/yolov8_ros/share/ament_index/resource_index
creating /home/minsuje/rokey_ws/install/yolov8_ros/share/ament_index/resource_index/packages
symbolically linking /home/minsuje/rokey_ws/build/yolov8_ros/resource/yolov8_ros -> /home/minsuje/rokey_ws/install/yolov8_ros/share/ament_index/resource_index/packages
symbolically linking /home/minsuje/rokey_ws/build/yolov8_ros/package.xml -> /home/minsuje/rokey_ws/install/yolov8_ros/share/yolov8_ros
