[0.662s] Invoking command in '/home/minsuje/rokey_ws/build/yolov8_ros': PYTHONPATH=/home/minsuje/rokey_ws/build/yolov8_ros/prefix_override:/usr/lib/python3/dist-packages/colcon_core/task/python/colcon_distutils_commands:/home/minsuje/rokey_ws/install/yolov8_ros/lib/python3.10/site-packages:${PYTHONPATH} /usr/bin/python3 -W ignore:setup.py install is deprecated -W ignore:easy_install command is deprecated setup.py develop --editable --build-directory /home/minsuje/rokey_ws/build/yolov8_ros/build --no-deps symlink_data
[0.818s] running develop
[0.933s] running egg_info
[0.933s] creating yolov8_ros.egg-info
[0.933s] writing yolov8_ros.egg-info/PKG-INFO
[0.934s] writing dependency_links to yolov8_ros.egg-info/dependency_links.txt
[0.934s] writing entry points to yolov8_ros.egg-info/entry_points.txt
[0.934s] writing requirements to yolov8_ros.egg-info/requires.txt
[0.934s] writing top-level names to yolov8_ros.egg-info/top_level.txt
[0.934s] writing manifest file 'yolov8_ros.egg-info/SOURCES.txt'
[0.935s] reading manifest file 'yolov8_ros.egg-info/SOURCES.txt'
[0.935s] writing manifest file 'yolov8_ros.egg-info/SOURCES.txt'
[0.936s] running build_ext
[0.936s] Creating /home/minsuje/rokey_ws/install/yolov8_ros/lib/python3.10/site-packages/yolov8-ros.egg-link (link to .)
[0.937s] Installing capture_image script to /home/minsuje/rokey_ws/install/yolov8_ros/lib/yolov8_ros
[0.937s] Installing cont_cap_image script to /home/minsuje/rokey_ws/install/yolov8_ros/lib/yolov8_ros
[0.938s] Installing data_pub script to /home/minsuje/rokey_ws/install/yolov8_ros/lib/yolov8_ros
[0.938s] Installing data_sub script to /home/minsuje/rokey_ws/install/yolov8_ros/lib/yolov8_ros
[0.938s] Installing det_obj script to /home/minsuje/rokey_ws/install/yolov8_ros/lib/yolov8_ros
[0.938s] Installing det_obj_thread script to /home/minsuje/rokey_ws/install/yolov8_ros/lib/yolov8_ros
[0.938s] Installing det_obj_track script to /home/minsuje/rokey_ws/install/yolov8_ros/lib/yolov8_ros
[0.938s] Installing image_pub script to /home/minsuje/rokey_ws/install/yolov8_ros/lib/yolov8_ros
[0.938s] Installing image_sub script to /home/minsuje/rokey_ws/install/yolov8_ros/lib/yolov8_ros
[0.938s] Installing yolo_pub script to /home/minsuje/rokey_ws/install/yolov8_ros/lib/yolov8_ros
[0.938s] Installing yolo_sub script to /home/minsuje/rokey_ws/install/yolov8_ros/lib/yolov8_ros
[0.938s] 
[0.938s] Installed /home/minsuje/rokey_ws/build/yolov8_ros
[0.938s] running symlink_data
[0.938s] creating /home/minsuje/rokey_ws/install/yolov8_ros/share/ament_index
[0.938s] creating /home/minsuje/rokey_ws/install/yolov8_ros/share/ament_index/resource_index
[0.938s] creating /home/minsuje/rokey_ws/install/yolov8_ros/share/ament_index/resource_index/packages
[0.938s] symbolically linking /home/minsuje/rokey_ws/build/yolov8_ros/resource/yolov8_ros -> /home/minsuje/rokey_ws/install/yolov8_ros/share/ament_index/resource_index/packages
[0.939s] symbolically linking /home/minsuje/rokey_ws/build/yolov8_ros/package.xml -> /home/minsuje/rokey_ws/install/yolov8_ros/share/yolov8_ros
[0.957s] Invoked command in '/home/minsuje/rokey_ws/build/yolov8_ros' returned '0': PYTHONPATH=/home/minsuje/rokey_ws/build/yolov8_ros/prefix_override:/usr/lib/python3/dist-packages/colcon_core/task/python/colcon_distutils_commands:/home/minsuje/rokey_ws/install/yolov8_ros/lib/python3.10/site-packages:${PYTHONPATH} /usr/bin/python3 -W ignore:setup.py install is deprecated -W ignore:easy_install command is deprecated setup.py develop --editable --build-directory /home/minsuje/rokey_ws/build/yolov8_ros/build --no-deps symlink_data
