running develop
running egg_info
creating sim_tutorial.egg-info
writing sim_tutorial.egg-info/PKG-INFO
writing dependency_links to sim_tutorial.egg-info/dependency_links.txt
writing entry points to sim_tutorial.egg-info/entry_points.txt
writing requirements to sim_tutorial.egg-info/requires.txt
writing top-level names to sim_tutorial.egg-info/top_level.txt
writing manifest file 'sim_tutorial.egg-info/SOURCES.txt'
reading manifest file 'sim_tutorial.egg-info/SOURCES.txt'
writing manifest file 'sim_tutorial.egg-info/SOURCES.txt'
running build_ext
Creating /home/minsuje/turtlebot3_ws/install/sim_tutorial/lib/python3.10/site-packages/sim-tutorial.egg-link (link to .)

Installed /home/minsuje/turtlebot3_ws/build/sim_tutorial
running symlink_data
creating /home/minsuje/turtlebot3_ws/install/sim_tutorial/share/ament_index
creating /home/minsuje/turtlebot3_ws/install/sim_tutorial/share/ament_index/resource_index
creating /home/minsuje/turtlebot3_ws/install/sim_tutorial/share/ament_index/resource_index/packages
symbolically linking /home/minsuje/turtlebot3_ws/build/sim_tutorial/resource/sim_tutorial -> /home/minsuje/turtlebot3_ws/install/sim_tutorial/share/ament_index/resource_index/packages
symbolically linking /home/minsuje/turtlebot3_ws/build/sim_tutorial/package.xml -> /home/minsuje/turtlebot3_ws/install/sim_tutorial/share/sim_tutorial
creating /home/minsuje/turtlebot3_ws/install/sim_tutorial/share/sim_tutorial/launch
symbolically linking /home/minsuje/turtlebot3_ws/build/sim_tutorial/launch/robot_5.launch.py -> /home/minsuje/turtlebot3_ws/install/sim_tutorial/share/sim_tutorial/launch
symbolically linking /home/minsuje/turtlebot3_ws/build/sim_tutorial/launch/robot_4.launch.py -> /home/minsuje/turtlebot3_ws/install/sim_tutorial/share/sim_tutorial/launch
symbolically linking /home/minsuje/turtlebot3_ws/build/sim_tutorial/launch/lidar.launch.py -> /home/minsuje/turtlebot3_ws/install/sim_tutorial/share/sim_tutorial/launch
symbolically linking /home/minsuje/turtlebot3_ws/build/sim_tutorial/launch/camera.launch.py -> /home/minsuje/turtlebot3_ws/install/sim_tutorial/share/sim_tutorial/launch
symbolically linking /home/minsuje/turtlebot3_ws/build/sim_tutorial/launch/multi.launch.py -> /home/minsuje/turtlebot3_ws/install/sim_tutorial/share/sim_tutorial/launch
symbolically linking /home/minsuje/turtlebot3_ws/build/sim_tutorial/launch/robot_3.launch.py -> /home/minsuje/turtlebot3_ws/install/sim_tutorial/share/sim_tutorial/launch
creating /home/minsuje/turtlebot3_ws/install/sim_tutorial/share/sim_tutorial/urdf
symbolically linking /home/minsuje/turtlebot3_ws/build/sim_tutorial/urdf/camera.xacro -> /home/minsuje/turtlebot3_ws/install/sim_tutorial/share/sim_tutorial/urdf
symbolically linking /home/minsuje/turtlebot3_ws/build/sim_tutorial/urdf/gazebo.xacro -> /home/minsuje/turtlebot3_ws/install/sim_tutorial/share/sim_tutorial/urdf
symbolically linking /home/minsuje/turtlebot3_ws/build/sim_tutorial/urdf/sim_lidar.xacro -> /home/minsuje/turtlebot3_ws/install/sim_tutorial/share/sim_tutorial/urdf
symbolically linking /home/minsuje/turtlebot3_ws/build/sim_tutorial/urdf/lidar_4.xacro -> /home/minsuje/turtlebot3_ws/install/sim_tutorial/share/sim_tutorial/urdf
symbolically linking /home/minsuje/turtlebot3_ws/build/sim_tutorial/urdf/gazebo_4.xacro -> /home/minsuje/turtlebot3_ws/install/sim_tutorial/share/sim_tutorial/urdf
symbolically linking /home/minsuje/turtlebot3_ws/build/sim_tutorial/urdf/macros.xacro -> /home/minsuje/turtlebot3_ws/install/sim_tutorial/share/sim_tutorial/urdf
symbolically linking /home/minsuje/turtlebot3_ws/build/sim_tutorial/urdf/robot_3.xacro -> /home/minsuje/turtlebot3_ws/install/sim_tutorial/share/sim_tutorial/urdf
symbolically linking /home/minsuje/turtlebot3_ws/build/sim_tutorial/urdf/robot_5.xacro -> /home/minsuje/turtlebot3_ws/install/sim_tutorial/share/sim_tutorial/urdf
symbolically linking /home/minsuje/turtlebot3_ws/build/sim_tutorial/urdf/lidar_3.xacro -> /home/minsuje/turtlebot3_ws/install/sim_tutorial/share/sim_tutorial/urdf
symbolically linking /home/minsuje/turtlebot3_ws/build/sim_tutorial/urdf/lidar.xacro -> /home/minsuje/turtlebot3_ws/install/sim_tutorial/share/sim_tutorial/urdf
symbolically linking /home/minsuje/turtlebot3_ws/build/sim_tutorial/urdf/robot_4.xacro -> /home/minsuje/turtlebot3_ws/install/sim_tutorial/share/sim_tutorial/urdf
symbolically linking /home/minsuje/turtlebot3_ws/build/sim_tutorial/urdf/gazebo_3.xacro -> /home/minsuje/turtlebot3_ws/install/sim_tutorial/share/sim_tutorial/urdf
creating /home/minsuje/turtlebot3_ws/install/sim_tutorial/share/sim_tutorial/config
symbolically linking /home/minsuje/turtlebot3_ws/build/sim_tutorial/config/with_robot.world -> /home/minsuje/turtlebot3_ws/install/sim_tutorial/share/sim_tutorial/config
creating /home/minsuje/turtlebot3_ws/install/sim_tutorial/share/sim_tutorial/worlds
symbolically linking /home/minsuje/turtlebot3_ws/build/sim_tutorial/worlds/with_robot.world -> /home/minsuje/turtlebot3_ws/install/sim_tutorial/share/sim_tutorial/worlds
symbolically linking /home/minsuje/turtlebot3_ws/build/sim_tutorial/worlds/construction.world -> /home/minsuje/turtlebot3_ws/install/sim_tutorial/share/sim_tutorial/worlds
