[2.459s] Invoking command in '/home/minsuje/turtlebot3_ws/build/sim_tutorial': PYTHONPATH=/home/minsuje/turtlebot3_ws/build/sim_tutorial/prefix_override:/usr/lib/python3/dist-packages/colcon_core/task/python/colcon_distutils_commands:/home/minsuje/turtlebot3_ws/install/sim_tutorial/lib/python3.10/site-packages:${PYTHONPATH} /usr/bin/python3 -W ignore:setup.py install is deprecated -W ignore:easy_install command is deprecated setup.py develop --editable --build-directory /home/minsuje/turtlebot3_ws/build/sim_tutorial/build --no-deps symlink_data
[2.910s] running develop
[3.261s] running egg_info
[3.261s] creating sim_tutorial.egg-info
[3.267s] writing sim_tutorial.egg-info/PKG-INFO
[3.267s] writing dependency_links to sim_tutorial.egg-info/dependency_links.txt
[3.268s] writing entry points to sim_tutorial.egg-info/entry_points.txt
[3.268s] writing requirements to sim_tutorial.egg-info/requires.txt
[3.268s] writing top-level names to sim_tutorial.egg-info/top_level.txt
[3.274s] writing manifest file 'sim_tutorial.egg-info/SOURCES.txt'
[3.274s] reading manifest file 'sim_tutorial.egg-info/SOURCES.txt'
[3.274s] writing manifest file 'sim_tutorial.egg-info/SOURCES.txt'
[3.319s] running build_ext
[3.319s] Creating /home/minsuje/turtlebot3_ws/install/sim_tutorial/lib/python3.10/site-packages/sim-tutorial.egg-link (link to .)
[3.319s] 
[3.320s] Installed /home/minsuje/turtlebot3_ws/build/sim_tutorial
[3.320s] running symlink_data
[3.320s] creating /home/minsuje/turtlebot3_ws/install/sim_tutorial/share/ament_index
[3.320s] creating /home/minsuje/turtlebot3_ws/install/sim_tutorial/share/ament_index/resource_index
[3.320s] creating /home/minsuje/turtlebot3_ws/install/sim_tutorial/share/ament_index/resource_index/packages
[3.320s] symbolically linking /home/minsuje/turtlebot3_ws/build/sim_tutorial/resource/sim_tutorial -> /home/minsuje/turtlebot3_ws/install/sim_tutorial/share/ament_index/resource_index/packages
[3.320s] symbolically linking /home/minsuje/turtlebot3_ws/build/sim_tutorial/package.xml -> /home/minsuje/turtlebot3_ws/install/sim_tutorial/share/sim_tutorial
[3.320s] creating /home/minsuje/turtlebot3_ws/install/sim_tutorial/share/sim_tutorial/launch
[3.320s] symbolically linking /home/minsuje/turtlebot3_ws/build/sim_tutorial/launch/robot_5.launch.py -> /home/minsuje/turtlebot3_ws/install/sim_tutorial/share/sim_tutorial/launch
[3.323s] symbolically linking /home/minsuje/turtlebot3_ws/build/sim_tutorial/launch/robot_4.launch.py -> /home/minsuje/turtlebot3_ws/install/sim_tutorial/share/sim_tutorial/launch
[3.324s] symbolically linking /home/minsuje/turtlebot3_ws/build/sim_tutorial/launch/lidar.launch.py -> /home/minsuje/turtlebot3_ws/install/sim_tutorial/share/sim_tutorial/launch
[3.324s] symbolically linking /home/minsuje/turtlebot3_ws/build/sim_tutorial/launch/camera.launch.py -> /home/minsuje/turtlebot3_ws/install/sim_tutorial/share/sim_tutorial/launch
[3.324s] symbolically linking /home/minsuje/turtlebot3_ws/build/sim_tutorial/launch/multi.launch.py -> /home/minsuje/turtlebot3_ws/install/sim_tutorial/share/sim_tutorial/launch
[3.324s] symbolically linking /home/minsuje/turtlebot3_ws/build/sim_tutorial/launch/robot_3.launch.py -> /home/minsuje/turtlebot3_ws/install/sim_tutorial/share/sim_tutorial/launch
[3.324s] creating /home/minsuje/turtlebot3_ws/install/sim_tutorial/share/sim_tutorial/urdf
[3.324s] symbolically linking /home/minsuje/turtlebot3_ws/build/sim_tutorial/urdf/camera.xacro -> /home/minsuje/turtlebot3_ws/install/sim_tutorial/share/sim_tutorial/urdf
[3.324s] symbolically linking /home/minsuje/turtlebot3_ws/build/sim_tutorial/urdf/gazebo.xacro -> /home/minsuje/turtlebot3_ws/install/sim_tutorial/share/sim_tutorial/urdf
[3.324s] symbolically linking /home/minsuje/turtlebot3_ws/build/sim_tutorial/urdf/sim_lidar.xacro -> /home/minsuje/turtlebot3_ws/install/sim_tutorial/share/sim_tutorial/urdf
[3.324s] symbolically linking /home/minsuje/turtlebot3_ws/build/sim_tutorial/urdf/lidar_4.xacro -> /home/minsuje/turtlebot3_ws/install/sim_tutorial/share/sim_tutorial/urdf
[3.324s] symbolically linking /home/minsuje/turtlebot3_ws/build/sim_tutorial/urdf/gazebo_4.xacro -> /home/minsuje/turtlebot3_ws/install/sim_tutorial/share/sim_tutorial/urdf
[3.324s] symbolically linking /home/minsuje/turtlebot3_ws/build/sim_tutorial/urdf/macros.xacro -> /home/minsuje/turtlebot3_ws/install/sim_tutorial/share/sim_tutorial/urdf
[3.324s] symbolically linking /home/minsuje/turtlebot3_ws/build/sim_tutorial/urdf/robot_3.xacro -> /home/minsuje/turtlebot3_ws/install/sim_tutorial/share/sim_tutorial/urdf
[3.324s] symbolically linking /home/minsuje/turtlebot3_ws/build/sim_tutorial/urdf/robot_5.xacro -> /home/minsuje/turtlebot3_ws/install/sim_tutorial/share/sim_tutorial/urdf
[3.324s] symbolically linking /home/minsuje/turtlebot3_ws/build/sim_tutorial/urdf/lidar_3.xacro -> /home/minsuje/turtlebot3_ws/install/sim_tutorial/share/sim_tutorial/urdf
[3.324s] symbolically linking /home/minsuje/turtlebot3_ws/build/sim_tutorial/urdf/lidar.xacro -> /home/minsuje/turtlebot3_ws/install/sim_tutorial/share/sim_tutorial/urdf
[3.325s] symbolically linking /home/minsuje/turtlebot3_ws/build/sim_tutorial/urdf/robot_4.xacro -> /home/minsuje/turtlebot3_ws/install/sim_tutorial/share/sim_tutorial/urdf
[3.329s] symbolically linking /home/minsuje/turtlebot3_ws/build/sim_tutorial/urdf/gazebo_3.xacro -> /home/minsuje/turtlebot3_ws/install/sim_tutorial/share/sim_tutorial/urdf
[3.329s] creating /home/minsuje/turtlebot3_ws/install/sim_tutorial/share/sim_tutorial/config
[3.329s] symbolically linking /home/minsuje/turtlebot3_ws/build/sim_tutorial/config/with_robot.world -> /home/minsuje/turtlebot3_ws/install/sim_tutorial/share/sim_tutorial/config
[3.329s] creating /home/minsuje/turtlebot3_ws/install/sim_tutorial/share/sim_tutorial/worlds
[3.329s] symbolically linking /home/minsuje/turtlebot3_ws/build/sim_tutorial/worlds/with_robot.world -> /home/minsuje/turtlebot3_ws/install/sim_tutorial/share/sim_tutorial/worlds
[3.329s] symbolically linking /home/minsuje/turtlebot3_ws/build/sim_tutorial/worlds/construction.world -> /home/minsuje/turtlebot3_ws/install/sim_tutorial/share/sim_tutorial/worlds
[3.417s] Invoked command in '/home/minsuje/turtlebot3_ws/build/sim_tutorial' returned '0': PYTHONPATH=/home/minsuje/turtlebot3_ws/build/sim_tutorial/prefix_override:/usr/lib/python3/dist-packages/colcon_core/task/python/colcon_distutils_commands:/home/minsuje/turtlebot3_ws/install/sim_tutorial/lib/python3.10/site-packages:${PYTHONPATH} /usr/bin/python3 -W ignore:setup.py install is deprecated -W ignore:easy_install command is deprecated setup.py develop --editable --build-directory /home/minsuje/turtlebot3_ws/build/sim_tutorial/build --no-deps symlink_data
