[0.008s] Invoking command in '/home/minsuje/ros2_ws/build/dsr_hardware2': AMENT_PREFIX_PATH=/home/minsuje/ros2_ws/install/dsr_msgs2:${AMENT_PREFIX_PATH} CMAKE_PREFIX_PATH=/home/minsuje/ros2_ws/install/dsr_msgs2:/opt/ros/humble LD_LIBRARY_PATH=/home/minsuje/ros2_ws/install/dsr_msgs2/lib:${LD_LIBRARY_PATH} PYTHONPATH=/home/minsuje/ros2_ws/install/dsr_msgs2/local/lib/python3.10/dist-packages:${PYTHONPATH} /usr/bin/cmake /home/minsuje/ros2_ws/src/DoosanBootcamInt1/dsr_hardware2 -DCMAKE_INSTALL_PREFIX=/home/minsuje/ros2_ws/install/dsr_hardware2
[0.045s] -- The CXX compiler identification is GNU 11.4.0
[0.049s] -- Detecting CXX compiler ABI info
[0.098s] -- Detecting CXX compiler ABI info - done
[0.104s] -- Check for working CXX compiler: /usr/bin/c++ - skipped
[0.104s] -- Detecting CXX compile features
[0.104s] -- Detecting CXX compile features - done
[0.106s] -- Found ament_cmake: 1.3.11 (/opt/ros/humble/share/ament_cmake/cmake)
[0.195s] -- Found Python3: /usr/bin/python3 (found version "3.10.12") found components: Interpreter 
[0.251s] -- Found pluginlib: 5.1.0 (/opt/ros/humble/share/pluginlib/cmake)
[0.283s] -- Found hardware_interface: 2.50.0 (/opt/ros/humble/share/hardware_interface/cmake)
[0.304s] -- Found rosidl_generator_c: 3.1.6 (/opt/ros/humble/share/rosidl_generator_c/cmake)
[0.307s] -- Found rosidl_adapter: 3.1.6 (/opt/ros/humble/share/rosidl_adapter/cmake)
[0.312s] -- Found rosidl_generator_cpp: 3.1.6 (/opt/ros/humble/share/rosidl_generator_cpp/cmake)
[0.319s] -- Using all available rosidl_typesupport_c: rosidl_typesupport_fastrtps_c;rosidl_typesupport_introspection_c
[0.326s] -- Using all available rosidl_typesupport_cpp: rosidl_typesupport_fastrtps_cpp;rosidl_typesupport_introspection_cpp
[0.446s] -- Found rmw_implementation_cmake: 6.1.2 (/opt/ros/humble/share/rmw_implementation_cmake/cmake)
[0.448s] -- Found rmw_fastrtps_cpp: 6.2.7 (/opt/ros/humble/share/rmw_fastrtps_cpp/cmake)
[0.464s] -- Found TinyXML2 via Config file: TinyXML2_DIR-NOTFOUND
[0.505s] -- Found OpenSSL: /usr/lib/x86_64-linux-gnu/libcrypto.so (found version "3.0.2")  
[0.507s] -- Found TinyXML2 via Config file: TinyXML2_DIR-NOTFOUND
[0.519s] -- Found FastRTPS: /opt/ros/humble/include  
[0.520s] -- Found TinyXML2 via Config file: TinyXML2_DIR-NOTFOUND
[0.526s] -- Found TinyXML2 via Config file: TinyXML2_DIR-NOTFOUND
[0.533s] -- Using RMW implementation 'rmw_fastrtps_cpp' as default
[0.541s] -- Looking for C++ include pthread.h
[0.596s] -- Looking for C++ include pthread.h - found
[0.596s] -- Performing Test CMAKE_HAVE_LIBC_PTHREAD
[0.646s] -- Performing Test CMAKE_HAVE_LIBC_PTHREAD - Success
[0.647s] -- Found Threads: TRUE  
[0.675s] -- Found dsr_msgs2: 1.1.0 (/home/minsuje/ros2_ws/install/dsr_msgs2/share/dsr_msgs2/cmake)
[0.684s] -- Found moveit_msgs: 2.2.1 (/opt/ros/humble/share/moveit_msgs/cmake)
[0.755s] -- Found controller_manager: 2.50.0 (/opt/ros/humble/share/controller_manager/cmake)
[0.793s] -- Found kdl_parser: 2.6.4 (/opt/ros/humble/share/kdl_parser/cmake)
[0.803s] -- Found eigen3_cmake_module: 0.1.1 (/opt/ros/humble/share/eigen3_cmake_module/cmake)
[0.804s] -- Found Eigen3: TRUE (found version "3.4.0") 
[0.804s] -- Ensuring Eigen3 include directory is part of orocos-kdl CMake target
[0.807s] [0mDRCF_VERSION:2[0m
[0.822s] -- Found ament_cmake_pytest: 1.3.11 (/opt/ros/humble/share/ament_cmake_pytest/cmake)
[0.856s] -- Configuring done
[0.917s] -- Generating done
[0.920s] -- Build files have been written to: /home/minsuje/ros2_ws/build/dsr_hardware2
[0.927s] Invoked command in '/home/minsuje/ros2_ws/build/dsr_hardware2' returned '0': AMENT_PREFIX_PATH=/home/minsuje/ros2_ws/install/dsr_msgs2:${AMENT_PREFIX_PATH} CMAKE_PREFIX_PATH=/home/minsuje/ros2_ws/install/dsr_msgs2:/opt/ros/humble LD_LIBRARY_PATH=/home/minsuje/ros2_ws/install/dsr_msgs2/lib:${LD_LIBRARY_PATH} PYTHONPATH=/home/minsuje/ros2_ws/install/dsr_msgs2/local/lib/python3.10/dist-packages:${PYTHONPATH} /usr/bin/cmake /home/minsuje/ros2_ws/src/DoosanBootcamInt1/dsr_hardware2 -DCMAKE_INSTALL_PREFIX=/home/minsuje/ros2_ws/install/dsr_hardware2
[0.927s] Invoking command in '/home/minsuje/ros2_ws/build/dsr_hardware2': AMENT_PREFIX_PATH=/home/minsuje/ros2_ws/install/dsr_msgs2:${AMENT_PREFIX_PATH} CMAKE_PREFIX_PATH=/home/minsuje/ros2_ws/install/dsr_msgs2:/opt/ros/humble LD_LIBRARY_PATH=/home/minsuje/ros2_ws/install/dsr_msgs2/lib:${LD_LIBRARY_PATH} PYTHONPATH=/home/minsuje/ros2_ws/install/dsr_msgs2/local/lib/python3.10/dist-packages:${PYTHONPATH} /usr/bin/cmake --build /home/minsuje/ros2_ws/build/dsr_hardware2 -- -j32 -l32
[0.964s] [ 50%] [32mBuilding CXX object CMakeFiles/dsr_hardware2.dir/src/dsr_hw_interface2.cpp.o[0m
[7.003s] [100%] [32m[1mLinking CXX shared library libdsr_hardware2.so[0m
[7.333s] [100%] Built target dsr_hardware2
[7.341s] Invoked command in '/home/minsuje/ros2_ws/build/dsr_hardware2' returned '0': AMENT_PREFIX_PATH=/home/minsuje/ros2_ws/install/dsr_msgs2:${AMENT_PREFIX_PATH} CMAKE_PREFIX_PATH=/home/minsuje/ros2_ws/install/dsr_msgs2:/opt/ros/humble LD_LIBRARY_PATH=/home/minsuje/ros2_ws/install/dsr_msgs2/lib:${LD_LIBRARY_PATH} PYTHONPATH=/home/minsuje/ros2_ws/install/dsr_msgs2/local/lib/python3.10/dist-packages:${PYTHONPATH} /usr/bin/cmake --build /home/minsuje/ros2_ws/build/dsr_hardware2 -- -j32 -l32
[7.341s] Invoking command in '/home/minsuje/ros2_ws/build/dsr_hardware2': AMENT_PREFIX_PATH=/home/minsuje/ros2_ws/install/dsr_msgs2:${AMENT_PREFIX_PATH} CMAKE_PREFIX_PATH=/home/minsuje/ros2_ws/install/dsr_msgs2:/opt/ros/humble LD_LIBRARY_PATH=/home/minsuje/ros2_ws/install/dsr_msgs2/lib:${LD_LIBRARY_PATH} PYTHONPATH=/home/minsuje/ros2_ws/install/dsr_msgs2/local/lib/python3.10/dist-packages:${PYTHONPATH} /usr/bin/cmake --install /home/minsuje/ros2_ws/build/dsr_hardware2
[7.346s] -- Install configuration: ""
[7.346s] -- Installing: /home/minsuje/ros2_ws/install/dsr_hardware2/share/dsr_hardware2/dsr_hardware2.xml
[7.346s] -- Up-to-date: /home/minsuje/ros2_ws/install/dsr_hardware2/share/dsr_hardware2/dsr_hardware2.xml
[7.346s] -- Installing: /home/minsuje/ros2_ws/install/dsr_hardware2/include/dsr_hardware2
[7.346s] -- Installing: /home/minsuje/ros2_ws/install/dsr_hardware2/include/dsr_hardware2/dsr_hardware2
[7.346s] -- Installing: /home/minsuje/ros2_ws/install/dsr_hardware2/include/dsr_hardware2/dsr_hardware2/dsr_hw_interface2.h
[7.346s] -- Installing: /home/minsuje/ros2_ws/install/dsr_hardware2/include/dsr_hardware2/dsr_hardware2/util.hpp
[7.346s] -- Installing: /home/minsuje/ros2_ws/install/dsr_hardware2/lib/libdsr_hardware2.so
[7.348s] -- Set runtime path of "/home/minsuje/ros2_ws/install/dsr_hardware2/lib/libdsr_hardware2.so" to ""
[7.348s] -- Installing: /home/minsuje/ros2_ws/install/dsr_hardware2/share/dsr_hardware2/environment/library_path.sh
[7.348s] -- Installing: /home/minsuje/ros2_ws/install/dsr_hardware2/share/dsr_hardware2/environment/library_path.dsv
[7.348s] -- Installing: /home/minsuje/ros2_ws/install/dsr_hardware2/share/ament_index/resource_index/package_run_dependencies/dsr_hardware2
[7.348s] -- Installing: /home/minsuje/ros2_ws/install/dsr_hardware2/share/ament_index/resource_index/parent_prefix_path/dsr_hardware2
[7.348s] -- Installing: /home/minsuje/ros2_ws/install/dsr_hardware2/share/dsr_hardware2/environment/ament_prefix_path.sh
[7.348s] -- Installing: /home/minsuje/ros2_ws/install/dsr_hardware2/share/dsr_hardware2/environment/ament_prefix_path.dsv
[7.348s] -- Installing: /home/minsuje/ros2_ws/install/dsr_hardware2/share/dsr_hardware2/environment/path.sh
[7.348s] -- Installing: /home/minsuje/ros2_ws/install/dsr_hardware2/share/dsr_hardware2/environment/path.dsv
[7.348s] -- Installing: /home/minsuje/ros2_ws/install/dsr_hardware2/share/dsr_hardware2/local_setup.bash
[7.348s] -- Installing: /home/minsuje/ros2_ws/install/dsr_hardware2/share/dsr_hardware2/local_setup.sh
[7.348s] -- Installing: /home/minsuje/ros2_ws/install/dsr_hardware2/share/dsr_hardware2/local_setup.zsh
[7.348s] -- Installing: /home/minsuje/ros2_ws/install/dsr_hardware2/share/dsr_hardware2/local_setup.dsv
[7.348s] -- Installing: /home/minsuje/ros2_ws/install/dsr_hardware2/share/dsr_hardware2/package.dsv
[7.348s] -- Installing: /home/minsuje/ros2_ws/install/dsr_hardware2/share/ament_index/resource_index/packages/dsr_hardware2
[7.348s] -- Installing: /home/minsuje/ros2_ws/install/dsr_hardware2/share/ament_index/resource_index/hardware_interface__pluginlib__plugin/dsr_hardware2
[7.348s] -- Installing: /home/minsuje/ros2_ws/install/dsr_hardware2/share/ament_index/resource_index/controller_interface__pluginlib__plugin/dsr_hardware2
[7.348s] -- Installing: /home/minsuje/ros2_ws/install/dsr_hardware2/share/dsr_hardware2/cmake/export_dsr_hardware2Export.cmake
[7.348s] -- Installing: /home/minsuje/ros2_ws/install/dsr_hardware2/share/dsr_hardware2/cmake/export_dsr_hardware2Export-noconfig.cmake
[7.348s] -- Installing: /home/minsuje/ros2_ws/install/dsr_hardware2/share/dsr_hardware2/cmake/ament_cmake_export_targets-extras.cmake
[7.348s] -- Installing: /home/minsuje/ros2_ws/install/dsr_hardware2/share/dsr_hardware2/cmake/ament_cmake_export_dependencies-extras.cmake
[7.348s] -- Installing: /home/minsuje/ros2_ws/install/dsr_hardware2/share/dsr_hardware2/cmake/dsr_hardware2Config.cmake
[7.349s] -- Installing: /home/minsuje/ros2_ws/install/dsr_hardware2/share/dsr_hardware2/cmake/dsr_hardware2Config-version.cmake
[7.349s] -- Installing: /home/minsuje/ros2_ws/install/dsr_hardware2/share/dsr_hardware2/package.xml
[7.350s] Invoked command in '/home/minsuje/ros2_ws/build/dsr_hardware2' returned '0': AMENT_PREFIX_PATH=/home/minsuje/ros2_ws/install/dsr_msgs2:${AMENT_PREFIX_PATH} CMAKE_PREFIX_PATH=/home/minsuje/ros2_ws/install/dsr_msgs2:/opt/ros/humble LD_LIBRARY_PATH=/home/minsuje/ros2_ws/install/dsr_msgs2/lib:${LD_LIBRARY_PATH} PYTHONPATH=/home/minsuje/ros2_ws/install/dsr_msgs2/local/lib/python3.10/dist-packages:${PYTHONPATH} /usr/bin/cmake --install /home/minsuje/ros2_ws/build/dsr_hardware2
