[0.008s] Invoking command in '/home/minsuje/ros2_ws/build/dsr_controller2': AMENT_PREFIX_PATH=/home/minsuje/ros2_ws/install/dsr_hardware2:/home/minsuje/ros2_ws/install/dsr_msgs2:${AMENT_PREFIX_PATH} CMAKE_PREFIX_PATH=/home/minsuje/ros2_ws/install/dsr_hardware2:/home/minsuje/ros2_ws/install/dsr_msgs2:/opt/ros/humble LD_LIBRARY_PATH=/home/minsuje/ros2_ws/install/dsr_hardware2/lib:/home/minsuje/ros2_ws/install/dsr_msgs2/lib:${LD_LIBRARY_PATH} PYTHONPATH=/home/minsuje/ros2_ws/install/dsr_msgs2/local/lib/python3.10/dist-packages:${PYTHONPATH} /usr/bin/cmake /home/minsuje/ros2_ws/src/DoosanBootcamp3rd/dsr_controller2 -DAMENT_CMAKE_SYMLINK_INSTALL=1 -DCMAKE_INSTALL_PREFIX=/home/minsuje/ros2_ws/install/dsr_controller2
[0.048s] -- The CXX compiler identification is GNU 11.4.0
[0.052s] -- Detecting CXX compiler ABI info
[0.101s] -- Detecting CXX compiler ABI info - done
[0.104s] -- Check for working CXX compiler: /usr/bin/c++ - skipped
[0.104s] -- Detecting CXX compile features
[0.104s] -- Detecting CXX compile features - done
[0.106s] -- Found ament_cmake: 1.3.11 (/opt/ros/humble/share/ament_cmake/cmake)
[0.198s] -- Found Python3: /usr/bin/python3 (found version "3.10.12") found components: Interpreter 
[0.230s] -- Override CMake install command with custom implementation using symlinks instead of copying resources
[0.249s] -- Found forward_command_controller: 2.47.0 (/opt/ros/humble/share/forward_command_controller/cmake)
[0.279s] -- Found rosidl_generator_c: 3.1.6 (/opt/ros/humble/share/rosidl_generator_c/cmake)
[0.282s] -- Found rosidl_adapter: 3.1.6 (/opt/ros/humble/share/rosidl_adapter/cmake)
[0.286s] -- Found rosidl_generator_cpp: 3.1.6 (/opt/ros/humble/share/rosidl_generator_cpp/cmake)
[0.292s] -- Using all available rosidl_typesupport_c: rosidl_typesupport_fastrtps_c;rosidl_typesupport_introspection_c
[0.301s] -- Using all available rosidl_typesupport_cpp: rosidl_typesupport_fastrtps_cpp;rosidl_typesupport_introspection_cpp
[0.324s] -- Found rmw_implementation_cmake: 6.1.2 (/opt/ros/humble/share/rmw_implementation_cmake/cmake)
[0.326s] -- Found rmw_fastrtps_cpp: 6.2.7 (/opt/ros/humble/share/rmw_fastrtps_cpp/cmake)
[0.380s] -- Found OpenSSL: /usr/lib/x86_64-linux-gnu/libcrypto.so (found version "3.0.2")  
[0.397s] -- Found FastRTPS: /opt/ros/humble/include  
[0.422s] -- Using RMW implementation 'rmw_fastrtps_cpp' as default
[0.427s] -- Looking for C++ include pthread.h
[0.495s] -- Looking for C++ include pthread.h - found
[0.495s] -- Performing Test CMAKE_HAVE_LIBC_PTHREAD
[0.563s] -- Performing Test CMAKE_HAVE_LIBC_PTHREAD - Success
[0.563s] -- Found Threads: TRUE  
[0.694s] -- Found dsr_msgs2: 1.1.0 (/home/minsuje/ros2_ws/install/dsr_msgs2/share/dsr_msgs2/cmake)
[0.702s] -- Found moveit_msgs: 2.2.1 (/opt/ros/humble/share/moveit_msgs/cmake)
[0.743s] -- Found dsr_hardware2: 0.0.0 (/home/minsuje/ros2_ws/install/dsr_hardware2/share/dsr_hardware2/cmake)
[0.767s] -- Found eigen3_cmake_module: 0.1.1 (/opt/ros/humble/share/eigen3_cmake_module/cmake)
[0.768s] -- Found Eigen3: TRUE (found version "3.4.0") 
[0.768s] -- Ensuring Eigen3 include directory is part of orocos-kdl CMake target
[0.773s] -- Found rclcpp_components: 16.0.12 (/opt/ros/humble/share/rclcpp_components/cmake)
[0.782s] [0mDRCF_VERSION:2[0m
[0.831s] -- Configuring done
[0.861s] -- Generating done
[0.866s] -- Build files have been written to: /home/minsuje/ros2_ws/build/dsr_controller2
[0.873s] Invoked command in '/home/minsuje/ros2_ws/build/dsr_controller2' returned '0': AMENT_PREFIX_PATH=/home/minsuje/ros2_ws/install/dsr_hardware2:/home/minsuje/ros2_ws/install/dsr_msgs2:${AMENT_PREFIX_PATH} CMAKE_PREFIX_PATH=/home/minsuje/ros2_ws/install/dsr_hardware2:/home/minsuje/ros2_ws/install/dsr_msgs2:/opt/ros/humble LD_LIBRARY_PATH=/home/minsuje/ros2_ws/install/dsr_hardware2/lib:/home/minsuje/ros2_ws/install/dsr_msgs2/lib:${LD_LIBRARY_PATH} PYTHONPATH=/home/minsuje/ros2_ws/install/dsr_msgs2/local/lib/python3.10/dist-packages:${PYTHONPATH} /usr/bin/cmake /home/minsuje/ros2_ws/src/DoosanBootcamp3rd/dsr_controller2 -DAMENT_CMAKE_SYMLINK_INSTALL=1 -DCMAKE_INSTALL_PREFIX=/home/minsuje/ros2_ws/install/dsr_controller2
[0.874s] Invoking command in '/home/minsuje/ros2_ws/build/dsr_controller2': AMENT_PREFIX_PATH=/home/minsuje/ros2_ws/install/dsr_hardware2:/home/minsuje/ros2_ws/install/dsr_msgs2:${AMENT_PREFIX_PATH} CMAKE_PREFIX_PATH=/home/minsuje/ros2_ws/install/dsr_hardware2:/home/minsuje/ros2_ws/install/dsr_msgs2:/opt/ros/humble LD_LIBRARY_PATH=/home/minsuje/ros2_ws/install/dsr_hardware2/lib:/home/minsuje/ros2_ws/install/dsr_msgs2/lib:${LD_LIBRARY_PATH} PYTHONPATH=/home/minsuje/ros2_ws/install/dsr_msgs2/local/lib/python3.10/dist-packages:${PYTHONPATH} /usr/bin/cmake --build /home/minsuje/ros2_ws/build/dsr_controller2 -- -j32 -l32
[0.906s] [ 25%] [32mBuilding CXX object CMakeFiles/dsr_joint_trajectory.dir/src/dsr_joint_trajectory.cpp.o[0m
[0.906s] [ 50%] [32mBuilding CXX object CMakeFiles/dsr_controller2.dir/src/dsr_controller2.cpp.o[0m
[2.093s] In file included from [01m[K/home/minsuje/ros2_ws/src/DoosanBootcamp3rd/dsr_controller2/include/dsr_controller2/dsr_joint_trajectory.hpp:30[m[K,
[2.093s]                  from [01m[K/home/minsuje/ros2_ws/src/DoosanBootcamp3rd/dsr_controller2/src/dsr_joint_trajectory.cpp:10[m[K:
[2.093s] [01m[K/opt/ros/humble/include/realtime_tools/realtime_tools/realtime_buffer.h:22:100:[m[K [01;36m[Knote: [m[K‘[01m[K#pragma message: This header include is deprecated. Please update your code to use 'realtime_buffer.hpp' header.[m[K’
[2.093s]    22 |   "This header include is deprecated. Please update your code to use 'realtime_buffer.hpp' header."[01;36m[K)[m[K  //NOLINT
[2.093s]       |                                                                                                    [01;36m[K^[m[K
[2.125s] In file included from [01m[K/home/minsuje/ros2_ws/src/DoosanBootcamp3rd/dsr_controller2/include/dsr_controller2/dsr_controller2.hpp:28[m[K,
[2.125s]                  from [01m[K/home/minsuje/ros2_ws/src/DoosanBootcamp3rd/dsr_controller2/src/dsr_controller2.cpp:10[m[K:
[2.125s] [01m[K/opt/ros/humble/include/realtime_tools/realtime_tools/realtime_buffer.h:22:100:[m[K [01;36m[Knote: [m[K‘[01m[K#pragma message: This header include is deprecated. Please update your code to use 'realtime_buffer.hpp' header.[m[K’
[2.125s]    22 |   "This header include is deprecated. Please update your code to use 'realtime_buffer.hpp' header."[01;36m[K)[m[K  //NOLINT
[2.125s]       |                                                                                                    [01;36m[K^[m[K
[4.908s] [01m[K/home/minsuje/ros2_ws/src/DoosanBootcamp3rd/dsr_controller2/src/dsr_controller2.cpp:[m[K In lambda function:
[4.908s] [01m[K/home/minsuje/ros2_ws/src/DoosanBootcamp3rd/dsr_controller2/src/dsr_controller2.cpp:375:15:[m[K [01;35m[Kwarning: [m[KISO C++ forbids variable length array ‘[01m[Kposb[m[K’ [[01;35m[K]8;;https://gcc.gnu.org/onlinedocs/gcc/Warning-Options.html#index-Wvla-Wvla]8;;[m[K]
[4.908s]   375 |     MOVE_POSB [01;35m[Kposb[m[K[req->pos_cnt];
[4.908s]       |               [01;35m[K^~~~[m[K
[5.146s] [ 75%] [32m[1mLinking CXX shared library libdsr_joint_trajectory.so[0m
[5.396s] [01m[K/home/minsuje/ros2_ws/src/DoosanBootcamp3rd/dsr_controller2/src/dsr_controller2.cpp:[m[K In member function ‘[01m[Kvirtual controller_interface::CallbackReturn dsr_controller2::RobotController::on_activate(const rclcpp_lifecycle::State&)[m[K’:
[5.396s] [01m[K/home/minsuje/ros2_ws/src/DoosanBootcamp3rd/dsr_controller2/src/dsr_controller2.cpp:2123:9:[m[K [01;35m[Kwarning: [m[K‘[01m[Kvoid* memset(void*, int, size_t)[m[K’ clearing an object of type ‘[01m[Kstruct DR_STATE[m[K’ with no trivial copy-assignment; use assignment or value-initialization instead [[01;35m[K]8;;https://gcc.gnu.org/onlinedocs/gcc/Warning-Options.html#index-Wclass-memaccess-Wclass-memaccess]8;;[m[K]
[5.396s]  2123 |   [01;35m[Kmemset(&g_stDrState, 0x00, sizeof(DR_STATE))[m[K;
[5.396s]       |   [01;35m[K~~~~~~^~~~~~~~~~~~~~~~~~~~~~~~~~~~~~~~~~~~~~[m[K
[5.396s] In file included from [01m[K/home/minsuje/ros2_ws/src/DoosanBootcamp3rd/dsr_controller2/src/dsr_controller2.cpp:10[m[K:
[5.396s] [01m[K/home/minsuje/ros2_ws/src/DoosanBootcamp3rd/dsr_controller2/include/dsr_controller2/dsr_controller2.hpp:384:16:[m[K [01;36m[Knote: [m[K‘[01m[Kstruct DR_STATE[m[K’ declared here
[5.397s]   384 | typedef struct [01;36m[K{[m[K
[5.397s]       |                [01;36m[K^[m[K
[5.523s] [ 75%] Built target dsr_joint_trajectory
[47.264s] [100%] [32m[1mLinking CXX shared library libdsr_controller2.so[0m
[53.233s] [100%] Built target dsr_controller2
[53.241s] Invoked command in '/home/minsuje/ros2_ws/build/dsr_controller2' returned '0': AMENT_PREFIX_PATH=/home/minsuje/ros2_ws/install/dsr_hardware2:/home/minsuje/ros2_ws/install/dsr_msgs2:${AMENT_PREFIX_PATH} CMAKE_PREFIX_PATH=/home/minsuje/ros2_ws/install/dsr_hardware2:/home/minsuje/ros2_ws/install/dsr_msgs2:/opt/ros/humble LD_LIBRARY_PATH=/home/minsuje/ros2_ws/install/dsr_hardware2/lib:/home/minsuje/ros2_ws/install/dsr_msgs2/lib:${LD_LIBRARY_PATH} PYTHONPATH=/home/minsuje/ros2_ws/install/dsr_msgs2/local/lib/python3.10/dist-packages:${PYTHONPATH} /usr/bin/cmake --build /home/minsuje/ros2_ws/build/dsr_controller2 -- -j32 -l32
[53.242s] Invoking command in '/home/minsuje/ros2_ws/build/dsr_controller2': AMENT_PREFIX_PATH=/home/minsuje/ros2_ws/install/dsr_hardware2:/home/minsuje/ros2_ws/install/dsr_msgs2:${AMENT_PREFIX_PATH} CMAKE_PREFIX_PATH=/home/minsuje/ros2_ws/install/dsr_hardware2:/home/minsuje/ros2_ws/install/dsr_msgs2:/opt/ros/humble LD_LIBRARY_PATH=/home/minsuje/ros2_ws/install/dsr_hardware2/lib:/home/minsuje/ros2_ws/install/dsr_msgs2/lib:${LD_LIBRARY_PATH} PYTHONPATH=/home/minsuje/ros2_ws/install/dsr_msgs2/local/lib/python3.10/dist-packages:${PYTHONPATH} /usr/bin/cmake --install /home/minsuje/ros2_ws/build/dsr_controller2
[53.247s] -- Install configuration: ""
[53.248s] -- Execute custom install script
[53.248s] -- Symlinking: /home/minsuje/ros2_ws/install/dsr_controller2/share/dsr_controller2//dsr_controller2_plugins.xml
[53.254s] -- Symlinking: /home/minsuje/ros2_ws/install/dsr_controller2/share/dsr_controller2//dsr_joint_trajectory_plugin.xml
[53.260s] -- Symlinking: /home/minsuje/ros2_ws/install/dsr_controller2/include/dsr_controller2/dsr_controller2/dsr_controller2.hpp
[53.266s] -- Symlinking: /home/minsuje/ros2_ws/install/dsr_controller2/include/dsr_controller2/dsr_controller2/dsr_joint_trajectory.hpp
[53.271s] -- Symlinking: /home/minsuje/ros2_ws/install/dsr_controller2/include/dsr_controller2/dsr_controller2/visibility_control.h
[53.277s] -- Symlinking: /home/minsuje/ros2_ws/install/dsr_controller2/share/dsr_controller2/config/console.conf
[53.281s] -- Symlinking: /home/minsuje/ros2_ws/install/dsr_controller2/share/dsr_controller2/config/default.yaml
[53.285s] -- Symlinking: /home/minsuje/ros2_ws/install/dsr_controller2/share/dsr_controller2/config/dsr_controller2.yaml
[53.290s] -- Symlinking: /home/minsuje/ros2_ws/install/dsr_controller2/share/dsr_controller2/config/dsr_controller2_ex.yaml
[53.296s] -- Symlinking: /home/minsuje/ros2_ws/install/dsr_controller2/share/dsr_controller2/config/dsr_controller2_gz.yaml
[53.302s] -- Symlinking: /home/minsuje/ros2_ws/install/dsr_controller2/share/dsr_controller2/config/dsr_controller2_gz_p3020.yaml
[53.309s] -- Symlinking: /home/minsuje/ros2_ws/install/dsr_controller2/share/dsr_controller2/config/dsr_controller2_p3020.yaml
[53.315s] -- Symlinking: /home/minsuje/ros2_ws/install/dsr_controller2/share/dsr_controller2/launch/dsr_control2.launch.py
[53.320s] -- Symlinking: /home/minsuje/ros2_ws/install/dsr_controller2/share/dsr_controller2/launch/dsr_controller2.launch.py
[53.327s] -- Symlinking: /home/minsuje/ros2_ws/install/dsr_controller2/share/dsr_controller2/launch/dsr_moveit2.launch.py
[53.334s] -- Symlinking: /home/minsuje/ros2_ws/install/dsr_controller2/share/dsr_controller2/environment/library_path.sh
[53.339s] -- Symlinking: /home/minsuje/ros2_ws/install/dsr_controller2/share/dsr_controller2/environment/library_path.dsv
[53.343s] -- Symlinking: /home/minsuje/ros2_ws/install/dsr_controller2/share/ament_index/resource_index/package_run_dependencies/dsr_controller2
[53.348s] -- Symlinking: /home/minsuje/ros2_ws/install/dsr_controller2/share/ament_index/resource_index/parent_prefix_path/dsr_controller2
[53.354s] -- Symlinking: /home/minsuje/ros2_ws/install/dsr_controller2/share/dsr_controller2/environment/ament_prefix_path.sh
[53.360s] -- Symlinking: /home/minsuje/ros2_ws/install/dsr_controller2/share/dsr_controller2/environment/ament_prefix_path.dsv
[53.365s] -- Symlinking: /home/minsuje/ros2_ws/install/dsr_controller2/share/dsr_controller2/environment/path.sh
[53.369s] -- Symlinking: /home/minsuje/ros2_ws/install/dsr_controller2/share/dsr_controller2/environment/path.dsv
[53.375s] -- Symlinking: /home/minsuje/ros2_ws/install/dsr_controller2/share/dsr_controller2/local_setup.bash
[53.382s] -- Symlinking: /home/minsuje/ros2_ws/install/dsr_controller2/share/dsr_controller2/local_setup.sh
[53.387s] -- Symlinking: /home/minsuje/ros2_ws/install/dsr_controller2/share/dsr_controller2/local_setup.zsh
[53.394s] -- Symlinking: /home/minsuje/ros2_ws/install/dsr_controller2/share/dsr_controller2/local_setup.dsv
[53.400s] -- Symlinking: /home/minsuje/ros2_ws/install/dsr_controller2/share/dsr_controller2/package.dsv
[53.405s] -- Symlinking: /home/minsuje/ros2_ws/install/dsr_controller2/share/ament_index/resource_index/packages/dsr_controller2
[53.411s] -- Symlinking: /home/minsuje/ros2_ws/install/dsr_controller2/share/ament_index/resource_index/controller_interface__pluginlib__plugin/dsr_controller2
[53.415s] -- Symlinking: /home/minsuje/ros2_ws/install/dsr_controller2/share/dsr_controller2/cmake/ament_cmake_export_targets-extras.cmake
[53.420s] -- Symlinking: /home/minsuje/ros2_ws/install/dsr_controller2/share/dsr_controller2/cmake/ament_cmake_export_dependencies-extras.cmake
[53.425s] -- Symlinking: /home/minsuje/ros2_ws/install/dsr_controller2/share/dsr_controller2/cmake/dsr_controller2Config.cmake
[53.429s] -- Symlinking: /home/minsuje/ros2_ws/install/dsr_controller2/share/dsr_controller2/cmake/dsr_controller2Config-version.cmake
[53.434s] -- Symlinking: /home/minsuje/ros2_ws/install/dsr_controller2/share/dsr_controller2/package.xml
[53.438s] -- Installing: /home/minsuje/ros2_ws/install/dsr_controller2/lib/libdsr_controller2.so
[53.493s] -- Set runtime path of "/home/minsuje/ros2_ws/install/dsr_controller2/lib/libdsr_controller2.so" to ""
[53.493s] -- Installing: /home/minsuje/ros2_ws/install/dsr_controller2/lib/libdsr_joint_trajectory.so
[53.497s] -- Set runtime path of "/home/minsuje/ros2_ws/install/dsr_controller2/lib/libdsr_joint_trajectory.so" to ""
[53.497s] -- Installing: /home/minsuje/ros2_ws/install/dsr_controller2/share/dsr_controller2/cmake/export_dsr_controller2Export.cmake
[53.497s] -- Installing: /home/minsuje/ros2_ws/install/dsr_controller2/share/dsr_controller2/cmake/export_dsr_controller2Export-noconfig.cmake
[53.497s] -- Installing: /home/minsuje/ros2_ws/install/dsr_controller2/share/dsr_controller2/cmake/export_dsr_joint_trajectoryExport.cmake
[53.497s] -- Installing: /home/minsuje/ros2_ws/install/dsr_controller2/share/dsr_controller2/cmake/export_dsr_joint_trajectoryExport-noconfig.cmake
[53.498s] Invoked command in '/home/minsuje/ros2_ws/build/dsr_controller2' returned '0': AMENT_PREFIX_PATH=/home/minsuje/ros2_ws/install/dsr_hardware2:/home/minsuje/ros2_ws/install/dsr_msgs2:${AMENT_PREFIX_PATH} CMAKE_PREFIX_PATH=/home/minsuje/ros2_ws/install/dsr_hardware2:/home/minsuje/ros2_ws/install/dsr_msgs2:/opt/ros/humble LD_LIBRARY_PATH=/home/minsuje/ros2_ws/install/dsr_hardware2/lib:/home/minsuje/ros2_ws/install/dsr_msgs2/lib:${LD_LIBRARY_PATH} PYTHONPATH=/home/minsuje/ros2_ws/install/dsr_msgs2/local/lib/python3.10/dist-packages:${PYTHONPATH} /usr/bin/cmake --install /home/minsuje/ros2_ws/build/dsr_controller2
