[0.051s] DEBUG:colcon:Command line arguments: ['/usr/bin/colcon', 'build', '--symlink-install']
[0.051s] DEBUG:colcon:Parsed command line arguments: Namespace(log_base=None, log_level=None, verb_name='build', build_base='build', install_base='install', merge_install=False, symlink_install=True, test_result_base=None, continue_on_error=False, executor='parallel', parallel_workers=32, event_handlers=None, ignore_user_meta=False, metas=['./colcon.meta'], base_paths=['.'], packages_ignore=None, packages_ignore_regex=None, paths=None, packages_up_to=None, packages_up_to_regex=None, packages_above=None, packages_above_and_dependencies=None, packages_above_depth=None, packages_select_by_dep=None, packages_skip_by_dep=None, packages_skip_up_to=None, packages_select_build_failed=False, packages_skip_build_finished=False, packages_select_test_failures=False, packages_skip_test_passed=False, packages_select=None, packages_skip=None, packages_select_regex=None, packages_skip_regex=None, packages_start=None, packages_end=None, allow_overriding=[], cmake_args=None, cmake_target=None, cmake_target_skip_unavailable=False, cmake_clean_cache=False, cmake_clean_first=False, cmake_force_configure=False, ament_cmake_args=None, catkin_cmake_args=None, catkin_skip_building_tests=False, verb_parser=<colcon_defaults.argument_parser.defaults.DefaultArgumentsDecorator object at 0x756d3cb2f970>, verb_extension=<colcon_core.verb.build.BuildVerb object at 0x756d3cca5420>, main=<bound method BuildVerb.main of <colcon_core.verb.build.BuildVerb object at 0x756d3cca5420>>)
[0.150s] Level 1:colcon.colcon_core.package_discovery:discover_packages(colcon_meta) check parameters
[0.150s] Level 1:colcon.colcon_core.package_discovery:discover_packages(recursive) check parameters
[0.150s] Level 1:colcon.colcon_core.package_discovery:discover_packages(ignore) check parameters
[0.150s] Level 1:colcon.colcon_core.package_discovery:discover_packages(path) check parameters
[0.150s] Level 1:colcon.colcon_core.package_discovery:discover_packages(colcon_meta) discover
[0.150s] Level 1:colcon.colcon_core.package_discovery:discover_packages(recursive) discover
[0.150s] INFO:colcon.colcon_core.package_discovery:Crawling recursively for packages in '/home/minsuje/rokey_ws'
[0.150s] Level 1:colcon.colcon_core.package_identification:_identify(.) by extensions ['ignore', 'ignore_ament_install']
[0.150s] Level 1:colcon.colcon_core.package_identification:_identify(.) by extension 'ignore'
[0.150s] Level 1:colcon.colcon_core.package_identification:_identify(.) by extension 'ignore_ament_install'
[0.151s] Level 1:colcon.colcon_core.package_identification:_identify(.) by extensions ['colcon_pkg']
[0.151s] Level 1:colcon.colcon_core.package_identification:_identify(.) by extension 'colcon_pkg'
[0.151s] Level 1:colcon.colcon_core.package_identification:_identify(.) by extensions ['colcon_meta']
[0.151s] Level 1:colcon.colcon_core.package_identification:_identify(.) by extension 'colcon_meta'
[0.151s] Level 1:colcon.colcon_core.package_identification:_identify(.) by extensions ['ros']
[0.151s] Level 1:colcon.colcon_core.package_identification:_identify(.) by extension 'ros'
[0.160s] Level 1:colcon.colcon_core.package_identification:_identify(.) by extensions ['cmake', 'python']
[0.160s] Level 1:colcon.colcon_core.package_identification:_identify(.) by extension 'cmake'
[0.160s] Level 1:colcon.colcon_core.package_identification:_identify(.) by extension 'python'
[0.160s] Level 1:colcon.colcon_core.package_identification:_identify(.) by extensions ['python_setup_py']
[0.160s] Level 1:colcon.colcon_core.package_identification:_identify(.) by extension 'python_setup_py'
[0.160s] Level 1:colcon.colcon_core.package_identification:_identify(build) by extensions ['ignore', 'ignore_ament_install']
[0.160s] Level 1:colcon.colcon_core.package_identification:_identify(build) by extension 'ignore'
[0.160s] Level 1:colcon.colcon_core.package_identification:_identify(build) ignored
[0.160s] Level 1:colcon.colcon_core.package_identification:_identify(images) by extensions ['ignore', 'ignore_ament_install']
[0.161s] Level 1:colcon.colcon_core.package_identification:_identify(images) by extension 'ignore'
[0.161s] Level 1:colcon.colcon_core.package_identification:_identify(images) by extension 'ignore_ament_install'
[0.161s] Level 1:colcon.colcon_core.package_identification:_identify(images) by extensions ['colcon_pkg']
[0.161s] Level 1:colcon.colcon_core.package_identification:_identify(images) by extension 'colcon_pkg'
[0.161s] Level 1:colcon.colcon_core.package_identification:_identify(images) by extensions ['colcon_meta']
[0.161s] Level 1:colcon.colcon_core.package_identification:_identify(images) by extension 'colcon_meta'
[0.161s] Level 1:colcon.colcon_core.package_identification:_identify(images) by extensions ['ros']
[0.161s] Level 1:colcon.colcon_core.package_identification:_identify(images) by extension 'ros'
[0.161s] Level 1:colcon.colcon_core.package_identification:_identify(images) by extensions ['cmake', 'python']
[0.161s] Level 1:colcon.colcon_core.package_identification:_identify(images) by extension 'cmake'
[0.161s] Level 1:colcon.colcon_core.package_identification:_identify(images) by extension 'python'
[0.161s] Level 1:colcon.colcon_core.package_identification:_identify(images) by extensions ['python_setup_py']
[0.161s] Level 1:colcon.colcon_core.package_identification:_identify(images) by extension 'python_setup_py'
[0.161s] Level 1:colcon.colcon_core.package_identification:_identify(img_640) by extensions ['ignore', 'ignore_ament_install']
[0.161s] Level 1:colcon.colcon_core.package_identification:_identify(img_640) by extension 'ignore'
[0.161s] Level 1:colcon.colcon_core.package_identification:_identify(img_640) by extension 'ignore_ament_install'
[0.161s] Level 1:colcon.colcon_core.package_identification:_identify(img_640) by extensions ['colcon_pkg']
[0.161s] Level 1:colcon.colcon_core.package_identification:_identify(img_640) by extension 'colcon_pkg'
[0.161s] Level 1:colcon.colcon_core.package_identification:_identify(img_640) by extensions ['colcon_meta']
[0.161s] Level 1:colcon.colcon_core.package_identification:_identify(img_640) by extension 'colcon_meta'
[0.161s] Level 1:colcon.colcon_core.package_identification:_identify(img_640) by extensions ['ros']
[0.161s] Level 1:colcon.colcon_core.package_identification:_identify(img_640) by extension 'ros'
[0.161s] Level 1:colcon.colcon_core.package_identification:_identify(img_640) by extensions ['cmake', 'python']
[0.161s] Level 1:colcon.colcon_core.package_identification:_identify(img_640) by extension 'cmake'
[0.161s] Level 1:colcon.colcon_core.package_identification:_identify(img_640) by extension 'python'
[0.161s] Level 1:colcon.colcon_core.package_identification:_identify(img_640) by extensions ['python_setup_py']
[0.161s] Level 1:colcon.colcon_core.package_identification:_identify(img_640) by extension 'python_setup_py'
[0.161s] Level 1:colcon.colcon_core.package_identification:_identify(img_capture) by extensions ['ignore', 'ignore_ament_install']
[0.161s] Level 1:colcon.colcon_core.package_identification:_identify(img_capture) by extension 'ignore'
[0.161s] Level 1:colcon.colcon_core.package_identification:_identify(img_capture) by extension 'ignore_ament_install'
[0.161s] Level 1:colcon.colcon_core.package_identification:_identify(img_capture) by extensions ['colcon_pkg']
[0.161s] Level 1:colcon.colcon_core.package_identification:_identify(img_capture) by extension 'colcon_pkg'
[0.161s] Level 1:colcon.colcon_core.package_identification:_identify(img_capture) by extensions ['colcon_meta']
[0.161s] Level 1:colcon.colcon_core.package_identification:_identify(img_capture) by extension 'colcon_meta'
[0.161s] Level 1:colcon.colcon_core.package_identification:_identify(img_capture) by extensions ['ros']
[0.161s] Level 1:colcon.colcon_core.package_identification:_identify(img_capture) by extension 'ros'
[0.161s] Level 1:colcon.colcon_core.package_identification:_identify(img_capture) by extensions ['cmake', 'python']
[0.161s] Level 1:colcon.colcon_core.package_identification:_identify(img_capture) by extension 'cmake'
[0.161s] Level 1:colcon.colcon_core.package_identification:_identify(img_capture) by extension 'python'
[0.161s] Level 1:colcon.colcon_core.package_identification:_identify(img_capture) by extensions ['python_setup_py']
[0.161s] Level 1:colcon.colcon_core.package_identification:_identify(img_capture) by extension 'python_setup_py'
[0.161s] Level 1:colcon.colcon_core.package_identification:_identify(img_capture_split) by extensions ['ignore', 'ignore_ament_install']
[0.161s] Level 1:colcon.colcon_core.package_identification:_identify(img_capture_split) by extension 'ignore'
[0.161s] Level 1:colcon.colcon_core.package_identification:_identify(img_capture_split) by extension 'ignore_ament_install'
[0.161s] Level 1:colcon.colcon_core.package_identification:_identify(img_capture_split) by extensions ['colcon_pkg']
[0.161s] Level 1:colcon.colcon_core.package_identification:_identify(img_capture_split) by extension 'colcon_pkg'
[0.161s] Level 1:colcon.colcon_core.package_identification:_identify(img_capture_split) by extensions ['colcon_meta']
[0.161s] Level 1:colcon.colcon_core.package_identification:_identify(img_capture_split) by extension 'colcon_meta'
[0.162s] Level 1:colcon.colcon_core.package_identification:_identify(img_capture_split) by extensions ['ros']
[0.162s] Level 1:colcon.colcon_core.package_identification:_identify(img_capture_split) by extension 'ros'
[0.162s] Level 1:colcon.colcon_core.package_identification:_identify(img_capture_split) by extensions ['cmake', 'python']
[0.162s] Level 1:colcon.colcon_core.package_identification:_identify(img_capture_split) by extension 'cmake'
[0.162s] Level 1:colcon.colcon_core.package_identification:_identify(img_capture_split) by extension 'python'
[0.162s] Level 1:colcon.colcon_core.package_identification:_identify(img_capture_split) by extensions ['python_setup_py']
[0.162s] Level 1:colcon.colcon_core.package_identification:_identify(img_capture_split) by extension 'python_setup_py'
[0.162s] Level 1:colcon.colcon_core.package_identification:_identify(img_capture_split/test) by extensions ['ignore', 'ignore_ament_install']
[0.162s] Level 1:colcon.colcon_core.package_identification:_identify(img_capture_split/test) by extension 'ignore'
[0.162s] Level 1:colcon.colcon_core.package_identification:_identify(img_capture_split/test) by extension 'ignore_ament_install'
[0.162s] Level 1:colcon.colcon_core.package_identification:_identify(img_capture_split/test) by extensions ['colcon_pkg']
[0.162s] Level 1:colcon.colcon_core.package_identification:_identify(img_capture_split/test) by extension 'colcon_pkg'
[0.162s] Level 1:colcon.colcon_core.package_identification:_identify(img_capture_split/test) by extensions ['colcon_meta']
[0.162s] Level 1:colcon.colcon_core.package_identification:_identify(img_capture_split/test) by extension 'colcon_meta'
[0.162s] Level 1:colcon.colcon_core.package_identification:_identify(img_capture_split/test) by extensions ['ros']
[0.162s] Level 1:colcon.colcon_core.package_identification:_identify(img_capture_split/test) by extension 'ros'
[0.162s] Level 1:colcon.colcon_core.package_identification:_identify(img_capture_split/test) by extensions ['cmake', 'python']
[0.162s] Level 1:colcon.colcon_core.package_identification:_identify(img_capture_split/test) by extension 'cmake'
[0.162s] Level 1:colcon.colcon_core.package_identification:_identify(img_capture_split/test) by extension 'python'
[0.162s] Level 1:colcon.colcon_core.package_identification:_identify(img_capture_split/test) by extensions ['python_setup_py']
[0.162s] Level 1:colcon.colcon_core.package_identification:_identify(img_capture_split/test) by extension 'python_setup_py'
[0.162s] Level 1:colcon.colcon_core.package_identification:_identify(img_capture_split/test/images) by extensions ['ignore', 'ignore_ament_install']
[0.162s] Level 1:colcon.colcon_core.package_identification:_identify(img_capture_split/test/images) by extension 'ignore'
[0.162s] Level 1:colcon.colcon_core.package_identification:_identify(img_capture_split/test/images) by extension 'ignore_ament_install'
[0.162s] Level 1:colcon.colcon_core.package_identification:_identify(img_capture_split/test/images) by extensions ['colcon_pkg']
[0.162s] Level 1:colcon.colcon_core.package_identification:_identify(img_capture_split/test/images) by extension 'colcon_pkg'
[0.162s] Level 1:colcon.colcon_core.package_identification:_identify(img_capture_split/test/images) by extensions ['colcon_meta']
[0.162s] Level 1:colcon.colcon_core.package_identification:_identify(img_capture_split/test/images) by extension 'colcon_meta'
[0.162s] Level 1:colcon.colcon_core.package_identification:_identify(img_capture_split/test/images) by extensions ['ros']
[0.162s] Level 1:colcon.colcon_core.package_identification:_identify(img_capture_split/test/images) by extension 'ros'
[0.162s] Level 1:colcon.colcon_core.package_identification:_identify(img_capture_split/test/images) by extensions ['cmake', 'python']
[0.162s] Level 1:colcon.colcon_core.package_identification:_identify(img_capture_split/test/images) by extension 'cmake'
[0.162s] Level 1:colcon.colcon_core.package_identification:_identify(img_capture_split/test/images) by extension 'python'
[0.162s] Level 1:colcon.colcon_core.package_identification:_identify(img_capture_split/test/images) by extensions ['python_setup_py']
[0.162s] Level 1:colcon.colcon_core.package_identification:_identify(img_capture_split/test/images) by extension 'python_setup_py'
[0.162s] Level 1:colcon.colcon_core.package_identification:_identify(img_capture_split/test/labels) by extensions ['ignore', 'ignore_ament_install']
[0.162s] Level 1:colcon.colcon_core.package_identification:_identify(img_capture_split/test/labels) by extension 'ignore'
[0.162s] Level 1:colcon.colcon_core.package_identification:_identify(img_capture_split/test/labels) by extension 'ignore_ament_install'
[0.162s] Level 1:colcon.colcon_core.package_identification:_identify(img_capture_split/test/labels) by extensions ['colcon_pkg']
[0.162s] Level 1:colcon.colcon_core.package_identification:_identify(img_capture_split/test/labels) by extension 'colcon_pkg'
[0.162s] Level 1:colcon.colcon_core.package_identification:_identify(img_capture_split/test/labels) by extensions ['colcon_meta']
[0.162s] Level 1:colcon.colcon_core.package_identification:_identify(img_capture_split/test/labels) by extension 'colcon_meta'
[0.162s] Level 1:colcon.colcon_core.package_identification:_identify(img_capture_split/test/labels) by extensions ['ros']
[0.162s] Level 1:colcon.colcon_core.package_identification:_identify(img_capture_split/test/labels) by extension 'ros'
[0.162s] Level 1:colcon.colcon_core.package_identification:_identify(img_capture_split/test/labels) by extensions ['cmake', 'python']
[0.162s] Level 1:colcon.colcon_core.package_identification:_identify(img_capture_split/test/labels) by extension 'cmake'
[0.162s] Level 1:colcon.colcon_core.package_identification:_identify(img_capture_split/test/labels) by extension 'python'
[0.162s] Level 1:colcon.colcon_core.package_identification:_identify(img_capture_split/test/labels) by extensions ['python_setup_py']
[0.162s] Level 1:colcon.colcon_core.package_identification:_identify(img_capture_split/test/labels) by extension 'python_setup_py'
[0.162s] Level 1:colcon.colcon_core.package_identification:_identify(img_capture_split/train) by extensions ['ignore', 'ignore_ament_install']
[0.163s] Level 1:colcon.colcon_core.package_identification:_identify(img_capture_split/train) by extension 'ignore'
[0.163s] Level 1:colcon.colcon_core.package_identification:_identify(img_capture_split/train) by extension 'ignore_ament_install'
[0.163s] Level 1:colcon.colcon_core.package_identification:_identify(img_capture_split/train) by extensions ['colcon_pkg']
[0.163s] Level 1:colcon.colcon_core.package_identification:_identify(img_capture_split/train) by extension 'colcon_pkg'
[0.163s] Level 1:colcon.colcon_core.package_identification:_identify(img_capture_split/train) by extensions ['colcon_meta']
[0.163s] Level 1:colcon.colcon_core.package_identification:_identify(img_capture_split/train) by extension 'colcon_meta'
[0.163s] Level 1:colcon.colcon_core.package_identification:_identify(img_capture_split/train) by extensions ['ros']
[0.163s] Level 1:colcon.colcon_core.package_identification:_identify(img_capture_split/train) by extension 'ros'
[0.163s] Level 1:colcon.colcon_core.package_identification:_identify(img_capture_split/train) by extensions ['cmake', 'python']
[0.163s] Level 1:colcon.colcon_core.package_identification:_identify(img_capture_split/train) by extension 'cmake'
[0.163s] Level 1:colcon.colcon_core.package_identification:_identify(img_capture_split/train) by extension 'python'
[0.163s] Level 1:colcon.colcon_core.package_identification:_identify(img_capture_split/train) by extensions ['python_setup_py']
[0.163s] Level 1:colcon.colcon_core.package_identification:_identify(img_capture_split/train) by extension 'python_setup_py'
[0.163s] Level 1:colcon.colcon_core.package_identification:_identify(img_capture_split/train/images) by extensions ['ignore', 'ignore_ament_install']
[0.163s] Level 1:colcon.colcon_core.package_identification:_identify(img_capture_split/train/images) by extension 'ignore'
[0.163s] Level 1:colcon.colcon_core.package_identification:_identify(img_capture_split/train/images) by extension 'ignore_ament_install'
[0.163s] Level 1:colcon.colcon_core.package_identification:_identify(img_capture_split/train/images) by extensions ['colcon_pkg']
[0.163s] Level 1:colcon.colcon_core.package_identification:_identify(img_capture_split/train/images) by extension 'colcon_pkg'
[0.163s] Level 1:colcon.colcon_core.package_identification:_identify(img_capture_split/train/images) by extensions ['colcon_meta']
[0.163s] Level 1:colcon.colcon_core.package_identification:_identify(img_capture_split/train/images) by extension 'colcon_meta'
[0.163s] Level 1:colcon.colcon_core.package_identification:_identify(img_capture_split/train/images) by extensions ['ros']
[0.163s] Level 1:colcon.colcon_core.package_identification:_identify(img_capture_split/train/images) by extension 'ros'
[0.163s] Level 1:colcon.colcon_core.package_identification:_identify(img_capture_split/train/images) by extensions ['cmake', 'python']
[0.163s] Level 1:colcon.colcon_core.package_identification:_identify(img_capture_split/train/images) by extension 'cmake'
[0.163s] Level 1:colcon.colcon_core.package_identification:_identify(img_capture_split/train/images) by extension 'python'
[0.163s] Level 1:colcon.colcon_core.package_identification:_identify(img_capture_split/train/images) by extensions ['python_setup_py']
[0.163s] Level 1:colcon.colcon_core.package_identification:_identify(img_capture_split/train/images) by extension 'python_setup_py'
[0.163s] Level 1:colcon.colcon_core.package_identification:_identify(img_capture_split/train/labels) by extensions ['ignore', 'ignore_ament_install']
[0.163s] Level 1:colcon.colcon_core.package_identification:_identify(img_capture_split/train/labels) by extension 'ignore'
[0.163s] Level 1:colcon.colcon_core.package_identification:_identify(img_capture_split/train/labels) by extension 'ignore_ament_install'
[0.163s] Level 1:colcon.colcon_core.package_identification:_identify(img_capture_split/train/labels) by extensions ['colcon_pkg']
[0.163s] Level 1:colcon.colcon_core.package_identification:_identify(img_capture_split/train/labels) by extension 'colcon_pkg'
[0.163s] Level 1:colcon.colcon_core.package_identification:_identify(img_capture_split/train/labels) by extensions ['colcon_meta']
[0.163s] Level 1:colcon.colcon_core.package_identification:_identify(img_capture_split/train/labels) by extension 'colcon_meta'
[0.163s] Level 1:colcon.colcon_core.package_identification:_identify(img_capture_split/train/labels) by extensions ['ros']
[0.163s] Level 1:colcon.colcon_core.package_identification:_identify(img_capture_split/train/labels) by extension 'ros'
[0.163s] Level 1:colcon.colcon_core.package_identification:_identify(img_capture_split/train/labels) by extensions ['cmake', 'python']
[0.163s] Level 1:colcon.colcon_core.package_identification:_identify(img_capture_split/train/labels) by extension 'cmake'
[0.163s] Level 1:colcon.colcon_core.package_identification:_identify(img_capture_split/train/labels) by extension 'python'
[0.163s] Level 1:colcon.colcon_core.package_identification:_identify(img_capture_split/train/labels) by extensions ['python_setup_py']
[0.163s] Level 1:colcon.colcon_core.package_identification:_identify(img_capture_split/train/labels) by extension 'python_setup_py'
[0.163s] Level 1:colcon.colcon_core.package_identification:_identify(img_capture_split/val) by extensions ['ignore', 'ignore_ament_install']
[0.163s] Level 1:colcon.colcon_core.package_identification:_identify(img_capture_split/val) by extension 'ignore'
[0.163s] Level 1:colcon.colcon_core.package_identification:_identify(img_capture_split/val) by extension 'ignore_ament_install'
[0.163s] Level 1:colcon.colcon_core.package_identification:_identify(img_capture_split/val) by extensions ['colcon_pkg']
[0.163s] Level 1:colcon.colcon_core.package_identification:_identify(img_capture_split/val) by extension 'colcon_pkg'
[0.163s] Level 1:colcon.colcon_core.package_identification:_identify(img_capture_split/val) by extensions ['colcon_meta']
[0.163s] Level 1:colcon.colcon_core.package_identification:_identify(img_capture_split/val) by extension 'colcon_meta'
[0.163s] Level 1:colcon.colcon_core.package_identification:_identify(img_capture_split/val) by extensions ['ros']
[0.163s] Level 1:colcon.colcon_core.package_identification:_identify(img_capture_split/val) by extension 'ros'
[0.163s] Level 1:colcon.colcon_core.package_identification:_identify(img_capture_split/val) by extensions ['cmake', 'python']
[0.163s] Level 1:colcon.colcon_core.package_identification:_identify(img_capture_split/val) by extension 'cmake'
[0.163s] Level 1:colcon.colcon_core.package_identification:_identify(img_capture_split/val) by extension 'python'
[0.163s] Level 1:colcon.colcon_core.package_identification:_identify(img_capture_split/val) by extensions ['python_setup_py']
[0.164s] Level 1:colcon.colcon_core.package_identification:_identify(img_capture_split/val) by extension 'python_setup_py'
[0.164s] Level 1:colcon.colcon_core.package_identification:_identify(img_capture_split/val/images) by extensions ['ignore', 'ignore_ament_install']
[0.164s] Level 1:colcon.colcon_core.package_identification:_identify(img_capture_split/val/images) by extension 'ignore'
[0.164s] Level 1:colcon.colcon_core.package_identification:_identify(img_capture_split/val/images) by extension 'ignore_ament_install'
[0.164s] Level 1:colcon.colcon_core.package_identification:_identify(img_capture_split/val/images) by extensions ['colcon_pkg']
[0.164s] Level 1:colcon.colcon_core.package_identification:_identify(img_capture_split/val/images) by extension 'colcon_pkg'
[0.164s] Level 1:colcon.colcon_core.package_identification:_identify(img_capture_split/val/images) by extensions ['colcon_meta']
[0.164s] Level 1:colcon.colcon_core.package_identification:_identify(img_capture_split/val/images) by extension 'colcon_meta'
[0.164s] Level 1:colcon.colcon_core.package_identification:_identify(img_capture_split/val/images) by extensions ['ros']
[0.164s] Level 1:colcon.colcon_core.package_identification:_identify(img_capture_split/val/images) by extension 'ros'
[0.164s] Level 1:colcon.colcon_core.package_identification:_identify(img_capture_split/val/images) by extensions ['cmake', 'python']
[0.164s] Level 1:colcon.colcon_core.package_identification:_identify(img_capture_split/val/images) by extension 'cmake'
[0.164s] Level 1:colcon.colcon_core.package_identification:_identify(img_capture_split/val/images) by extension 'python'
[0.164s] Level 1:colcon.colcon_core.package_identification:_identify(img_capture_split/val/images) by extensions ['python_setup_py']
[0.164s] Level 1:colcon.colcon_core.package_identification:_identify(img_capture_split/val/images) by extension 'python_setup_py'
[0.164s] Level 1:colcon.colcon_core.package_identification:_identify(img_capture_split/val/labels) by extensions ['ignore', 'ignore_ament_install']
[0.164s] Level 1:colcon.colcon_core.package_identification:_identify(img_capture_split/val/labels) by extension 'ignore'
[0.164s] Level 1:colcon.colcon_core.package_identification:_identify(img_capture_split/val/labels) by extension 'ignore_ament_install'
[0.164s] Level 1:colcon.colcon_core.package_identification:_identify(img_capture_split/val/labels) by extensions ['colcon_pkg']
[0.164s] Level 1:colcon.colcon_core.package_identification:_identify(img_capture_split/val/labels) by extension 'colcon_pkg'
[0.164s] Level 1:colcon.colcon_core.package_identification:_identify(img_capture_split/val/labels) by extensions ['colcon_meta']
[0.164s] Level 1:colcon.colcon_core.package_identification:_identify(img_capture_split/val/labels) by extension 'colcon_meta'
[0.164s] Level 1:colcon.colcon_core.package_identification:_identify(img_capture_split/val/labels) by extensions ['ros']
[0.164s] Level 1:colcon.colcon_core.package_identification:_identify(img_capture_split/val/labels) by extension 'ros'
[0.164s] Level 1:colcon.colcon_core.package_identification:_identify(img_capture_split/val/labels) by extensions ['cmake', 'python']
[0.164s] Level 1:colcon.colcon_core.package_identification:_identify(img_capture_split/val/labels) by extension 'cmake'
[0.164s] Level 1:colcon.colcon_core.package_identification:_identify(img_capture_split/val/labels) by extension 'python'
[0.164s] Level 1:colcon.colcon_core.package_identification:_identify(img_capture_split/val/labels) by extensions ['python_setup_py']
[0.164s] Level 1:colcon.colcon_core.package_identification:_identify(img_capture_split/val/labels) by extension 'python_setup_py'
[0.164s] Level 1:colcon.colcon_core.package_identification:_identify(img_roboflow) by extensions ['ignore', 'ignore_ament_install']
[0.164s] Level 1:colcon.colcon_core.package_identification:_identify(img_roboflow) by extension 'ignore'
[0.164s] Level 1:colcon.colcon_core.package_identification:_identify(img_roboflow) by extension 'ignore_ament_install'
[0.164s] Level 1:colcon.colcon_core.package_identification:_identify(img_roboflow) by extensions ['colcon_pkg']
[0.164s] Level 1:colcon.colcon_core.package_identification:_identify(img_roboflow) by extension 'colcon_pkg'
[0.164s] Level 1:colcon.colcon_core.package_identification:_identify(img_roboflow) by extensions ['colcon_meta']
[0.164s] Level 1:colcon.colcon_core.package_identification:_identify(img_roboflow) by extension 'colcon_meta'
[0.164s] Level 1:colcon.colcon_core.package_identification:_identify(img_roboflow) by extensions ['ros']
[0.164s] Level 1:colcon.colcon_core.package_identification:_identify(img_roboflow) by extension 'ros'
[0.164s] Level 1:colcon.colcon_core.package_identification:_identify(img_roboflow) by extensions ['cmake', 'python']
[0.164s] Level 1:colcon.colcon_core.package_identification:_identify(img_roboflow) by extension 'cmake'
[0.164s] Level 1:colcon.colcon_core.package_identification:_identify(img_roboflow) by extension 'python'
[0.164s] Level 1:colcon.colcon_core.package_identification:_identify(img_roboflow) by extensions ['python_setup_py']
[0.164s] Level 1:colcon.colcon_core.package_identification:_identify(img_roboflow) by extension 'python_setup_py'
[0.164s] Level 1:colcon.colcon_core.package_identification:_identify(install) by extensions ['ignore', 'ignore_ament_install']
[0.164s] Level 1:colcon.colcon_core.package_identification:_identify(install) by extension 'ignore'
[0.164s] Level 1:colcon.colcon_core.package_identification:_identify(install) ignored
[0.164s] Level 1:colcon.colcon_core.package_identification:_identify(log) by extensions ['ignore', 'ignore_ament_install']
[0.164s] Level 1:colcon.colcon_core.package_identification:_identify(log) by extension 'ignore'
[0.164s] Level 1:colcon.colcon_core.package_identification:_identify(log) ignored
[0.164s] Level 1:colcon.colcon_core.package_identification:_identify(runs) by extensions ['ignore', 'ignore_ament_install']
[0.165s] Level 1:colcon.colcon_core.package_identification:_identify(runs) by extension 'ignore'
[0.165s] Level 1:colcon.colcon_core.package_identification:_identify(runs) by extension 'ignore_ament_install'
[0.165s] Level 1:colcon.colcon_core.package_identification:_identify(runs) by extensions ['colcon_pkg']
[0.165s] Level 1:colcon.colcon_core.package_identification:_identify(runs) by extension 'colcon_pkg'
[0.165s] Level 1:colcon.colcon_core.package_identification:_identify(runs) by extensions ['colcon_meta']
[0.165s] Level 1:colcon.colcon_core.package_identification:_identify(runs) by extension 'colcon_meta'
[0.165s] Level 1:colcon.colcon_core.package_identification:_identify(runs) by extensions ['ros']
[0.165s] Level 1:colcon.colcon_core.package_identification:_identify(runs) by extension 'ros'
[0.165s] Level 1:colcon.colcon_core.package_identification:_identify(runs) by extensions ['cmake', 'python']
[0.165s] Level 1:colcon.colcon_core.package_identification:_identify(runs) by extension 'cmake'
[0.165s] Level 1:colcon.colcon_core.package_identification:_identify(runs) by extension 'python'
[0.165s] Level 1:colcon.colcon_core.package_identification:_identify(runs) by extensions ['python_setup_py']
[0.165s] Level 1:colcon.colcon_core.package_identification:_identify(runs) by extension 'python_setup_py'
[0.165s] Level 1:colcon.colcon_core.package_identification:_identify(runs/detect) by extensions ['ignore', 'ignore_ament_install']
[0.165s] Level 1:colcon.colcon_core.package_identification:_identify(runs/detect) by extension 'ignore'
[0.165s] Level 1:colcon.colcon_core.package_identification:_identify(runs/detect) by extension 'ignore_ament_install'
[0.165s] Level 1:colcon.colcon_core.package_identification:_identify(runs/detect) by extensions ['colcon_pkg']
[0.165s] Level 1:colcon.colcon_core.package_identification:_identify(runs/detect) by extension 'colcon_pkg'
[0.165s] Level 1:colcon.colcon_core.package_identification:_identify(runs/detect) by extensions ['colcon_meta']
[0.165s] Level 1:colcon.colcon_core.package_identification:_identify(runs/detect) by extension 'colcon_meta'
[0.165s] Level 1:colcon.colcon_core.package_identification:_identify(runs/detect) by extensions ['ros']
[0.165s] Level 1:colcon.colcon_core.package_identification:_identify(runs/detect) by extension 'ros'
[0.165s] Level 1:colcon.colcon_core.package_identification:_identify(runs/detect) by extensions ['cmake', 'python']
[0.165s] Level 1:colcon.colcon_core.package_identification:_identify(runs/detect) by extension 'cmake'
[0.165s] Level 1:colcon.colcon_core.package_identification:_identify(runs/detect) by extension 'python'
[0.165s] Level 1:colcon.colcon_core.package_identification:_identify(runs/detect) by extensions ['python_setup_py']
[0.165s] Level 1:colcon.colcon_core.package_identification:_identify(runs/detect) by extension 'python_setup_py'
[0.165s] Level 1:colcon.colcon_core.package_identification:_identify(runs/detect/predict) by extensions ['ignore', 'ignore_ament_install']
[0.165s] Level 1:colcon.colcon_core.package_identification:_identify(runs/detect/predict) by extension 'ignore'
[0.165s] Level 1:colcon.colcon_core.package_identification:_identify(runs/detect/predict) by extension 'ignore_ament_install'
[0.165s] Level 1:colcon.colcon_core.package_identification:_identify(runs/detect/predict) by extensions ['colcon_pkg']
[0.165s] Level 1:colcon.colcon_core.package_identification:_identify(runs/detect/predict) by extension 'colcon_pkg'
[0.165s] Level 1:colcon.colcon_core.package_identification:_identify(runs/detect/predict) by extensions ['colcon_meta']
[0.165s] Level 1:colcon.colcon_core.package_identification:_identify(runs/detect/predict) by extension 'colcon_meta'
[0.165s] Level 1:colcon.colcon_core.package_identification:_identify(runs/detect/predict) by extensions ['ros']
[0.165s] Level 1:colcon.colcon_core.package_identification:_identify(runs/detect/predict) by extension 'ros'
[0.165s] Level 1:colcon.colcon_core.package_identification:_identify(runs/detect/predict) by extensions ['cmake', 'python']
[0.165s] Level 1:colcon.colcon_core.package_identification:_identify(runs/detect/predict) by extension 'cmake'
[0.165s] Level 1:colcon.colcon_core.package_identification:_identify(runs/detect/predict) by extension 'python'
[0.165s] Level 1:colcon.colcon_core.package_identification:_identify(runs/detect/predict) by extensions ['python_setup_py']
[0.165s] Level 1:colcon.colcon_core.package_identification:_identify(runs/detect/predict) by extension 'python_setup_py'
[0.165s] Level 1:colcon.colcon_core.package_identification:_identify(src) by extensions ['ignore', 'ignore_ament_install']
[0.165s] Level 1:colcon.colcon_core.package_identification:_identify(src) by extension 'ignore'
[0.165s] Level 1:colcon.colcon_core.package_identification:_identify(src) by extension 'ignore_ament_install'
[0.165s] Level 1:colcon.colcon_core.package_identification:_identify(src) by extensions ['colcon_pkg']
[0.165s] Level 1:colcon.colcon_core.package_identification:_identify(src) by extension 'colcon_pkg'
[0.165s] Level 1:colcon.colcon_core.package_identification:_identify(src) by extensions ['colcon_meta']
[0.165s] Level 1:colcon.colcon_core.package_identification:_identify(src) by extension 'colcon_meta'
[0.165s] Level 1:colcon.colcon_core.package_identification:_identify(src) by extensions ['ros']
[0.165s] Level 1:colcon.colcon_core.package_identification:_identify(src) by extension 'ros'
[0.165s] Level 1:colcon.colcon_core.package_identification:_identify(src) by extensions ['cmake', 'python']
[0.165s] Level 1:colcon.colcon_core.package_identification:_identify(src) by extension 'cmake'
[0.165s] Level 1:colcon.colcon_core.package_identification:_identify(src) by extension 'python'
[0.165s] Level 1:colcon.colcon_core.package_identification:_identify(src) by extensions ['python_setup_py']
[0.166s] Level 1:colcon.colcon_core.package_identification:_identify(src) by extension 'python_setup_py'
[0.166s] Level 1:colcon.colcon_core.package_identification:_identify(src/rokey_pjt) by extensions ['ignore', 'ignore_ament_install']
[0.166s] Level 1:colcon.colcon_core.package_identification:_identify(src/rokey_pjt) by extension 'ignore'
[0.166s] Level 1:colcon.colcon_core.package_identification:_identify(src/rokey_pjt) by extension 'ignore_ament_install'
[0.166s] Level 1:colcon.colcon_core.package_identification:_identify(src/rokey_pjt) by extensions ['colcon_pkg']
[0.166s] Level 1:colcon.colcon_core.package_identification:_identify(src/rokey_pjt) by extension 'colcon_pkg'
[0.166s] Level 1:colcon.colcon_core.package_identification:_identify(src/rokey_pjt) by extensions ['colcon_meta']
[0.166s] Level 1:colcon.colcon_core.package_identification:_identify(src/rokey_pjt) by extension 'colcon_meta'
[0.166s] Level 1:colcon.colcon_core.package_identification:_identify(src/rokey_pjt) by extensions ['ros']
[0.166s] Level 1:colcon.colcon_core.package_identification:_identify(src/rokey_pjt) by extension 'ros'
[0.167s] DEBUG:colcon.colcon_core.package_identification:Package 'src/rokey_pjt' with type 'ros.ament_python' and name 'rokey_pjt'
[0.167s] Level 1:colcon.colcon_core.package_identification:_identify(src/turtlebot4_beep) by extensions ['ignore', 'ignore_ament_install']
[0.167s] Level 1:colcon.colcon_core.package_identification:_identify(src/turtlebot4_beep) by extension 'ignore'
[0.167s] Level 1:colcon.colcon_core.package_identification:_identify(src/turtlebot4_beep) by extension 'ignore_ament_install'
[0.167s] Level 1:colcon.colcon_core.package_identification:_identify(src/turtlebot4_beep) by extensions ['colcon_pkg']
[0.167s] Level 1:colcon.colcon_core.package_identification:_identify(src/turtlebot4_beep) by extension 'colcon_pkg'
[0.167s] Level 1:colcon.colcon_core.package_identification:_identify(src/turtlebot4_beep) by extensions ['colcon_meta']
[0.167s] Level 1:colcon.colcon_core.package_identification:_identify(src/turtlebot4_beep) by extension 'colcon_meta'
[0.167s] Level 1:colcon.colcon_core.package_identification:_identify(src/turtlebot4_beep) by extensions ['ros']
[0.167s] Level 1:colcon.colcon_core.package_identification:_identify(src/turtlebot4_beep) by extension 'ros'
[0.167s] DEBUG:colcon.colcon_core.package_identification:Package 'src/turtlebot4_beep' with type 'ros.ament_python' and name 'turtlebot4_beep'
[0.167s] Level 1:colcon.colcon_core.package_identification:_identify(src/yolov8_ros) by extensions ['ignore', 'ignore_ament_install']
[0.167s] Level 1:colcon.colcon_core.package_identification:_identify(src/yolov8_ros) by extension 'ignore'
[0.167s] Level 1:colcon.colcon_core.package_identification:_identify(src/yolov8_ros) by extension 'ignore_ament_install'
[0.168s] Level 1:colcon.colcon_core.package_identification:_identify(src/yolov8_ros) by extensions ['colcon_pkg']
[0.168s] Level 1:colcon.colcon_core.package_identification:_identify(src/yolov8_ros) by extension 'colcon_pkg'
[0.168s] Level 1:colcon.colcon_core.package_identification:_identify(src/yolov8_ros) by extensions ['colcon_meta']
[0.168s] Level 1:colcon.colcon_core.package_identification:_identify(src/yolov8_ros) by extension 'colcon_meta'
[0.168s] Level 1:colcon.colcon_core.package_identification:_identify(src/yolov8_ros) by extensions ['ros']
[0.168s] Level 1:colcon.colcon_core.package_identification:_identify(src/yolov8_ros) by extension 'ros'
[0.168s] DEBUG:colcon.colcon_core.package_identification:Package 'src/yolov8_ros' with type 'ros.ament_python' and name 'yolov8_ros'
[0.168s] Level 1:colcon.colcon_core.package_identification:_identify(test__img_42~79) by extensions ['ignore', 'ignore_ament_install']
[0.168s] Level 1:colcon.colcon_core.package_identification:_identify(test__img_42~79) by extension 'ignore'
[0.168s] Level 1:colcon.colcon_core.package_identification:_identify(test__img_42~79) by extension 'ignore_ament_install'
[0.168s] Level 1:colcon.colcon_core.package_identification:_identify(test__img_42~79) by extensions ['colcon_pkg']
[0.168s] Level 1:colcon.colcon_core.package_identification:_identify(test__img_42~79) by extension 'colcon_pkg'
[0.168s] Level 1:colcon.colcon_core.package_identification:_identify(test__img_42~79) by extensions ['colcon_meta']
[0.168s] Level 1:colcon.colcon_core.package_identification:_identify(test__img_42~79) by extension 'colcon_meta'
[0.168s] Level 1:colcon.colcon_core.package_identification:_identify(test__img_42~79) by extensions ['ros']
[0.168s] Level 1:colcon.colcon_core.package_identification:_identify(test__img_42~79) by extension 'ros'
[0.168s] Level 1:colcon.colcon_core.package_identification:_identify(test__img_42~79) by extensions ['cmake', 'python']
[0.168s] Level 1:colcon.colcon_core.package_identification:_identify(test__img_42~79) by extension 'cmake'
[0.168s] Level 1:colcon.colcon_core.package_identification:_identify(test__img_42~79) by extension 'python'
[0.168s] Level 1:colcon.colcon_core.package_identification:_identify(test__img_42~79) by extensions ['python_setup_py']
[0.168s] Level 1:colcon.colcon_core.package_identification:_identify(test__img_42~79) by extension 'python_setup_py'
[0.168s] Level 1:colcon.colcon_core.package_discovery:discover_packages(recursive) using defaults
[0.168s] Level 1:colcon.colcon_core.package_discovery:discover_packages(ignore) discover
[0.168s] Level 1:colcon.colcon_core.package_discovery:discover_packages(ignore) using defaults
[0.168s] Level 1:colcon.colcon_core.package_discovery:discover_packages(path) discover
[0.168s] Level 1:colcon.colcon_core.package_discovery:discover_packages(path) using defaults
[0.178s] Level 1:colcon.colcon_core.package_discovery:discover_packages(prefix_path) check parameters
[0.178s] Level 1:colcon.colcon_core.package_discovery:discover_packages(prefix_path) discover
[0.179s] WARNING:colcon.colcon_ros.prefix_path.ament:The path '/home/minsuje/rokey_ws/install/yolov8_ros' in the environment variable AMENT_PREFIX_PATH doesn't exist
[0.179s] WARNING:colcon.colcon_ros.prefix_path.ament:The path '/home/minsuje/rokey_ws/install/turtlebot4_beep' in the environment variable AMENT_PREFIX_PATH doesn't exist
[0.179s] DEBUG:colcon.colcon_installed_package_information.package_discovery:Found 1 installed packages in /home/minsuje/rokey_ws/install
[0.180s] DEBUG:colcon.colcon_installed_package_information.package_discovery:Found 447 installed packages in /opt/ros/humble
[0.181s] Level 1:colcon.colcon_core.package_discovery:discover_packages(prefix_path) using defaults
[0.203s] Level 5:colcon.colcon_core.verb:set package 'rokey_pjt' build argument 'cmake_args' from command line to 'None'
[0.203s] Level 5:colcon.colcon_core.verb:set package 'rokey_pjt' build argument 'cmake_target' from command line to 'None'
[0.203s] Level 5:colcon.colcon_core.verb:set package 'rokey_pjt' build argument 'cmake_target_skip_unavailable' from command line to 'False'
[0.203s] Level 5:colcon.colcon_core.verb:set package 'rokey_pjt' build argument 'cmake_clean_cache' from command line to 'False'
[0.203s] Level 5:colcon.colcon_core.verb:set package 'rokey_pjt' build argument 'cmake_clean_first' from command line to 'False'
[0.203s] Level 5:colcon.colcon_core.verb:set package 'rokey_pjt' build argument 'cmake_force_configure' from command line to 'False'
[0.203s] Level 5:colcon.colcon_core.verb:set package 'rokey_pjt' build argument 'ament_cmake_args' from command line to 'None'
[0.203s] Level 5:colcon.colcon_core.verb:set package 'rokey_pjt' build argument 'catkin_cmake_args' from command line to 'None'
[0.203s] Level 5:colcon.colcon_core.verb:set package 'rokey_pjt' build argument 'catkin_skip_building_tests' from command line to 'False'
[0.203s] DEBUG:colcon.colcon_core.verb:Building package 'rokey_pjt' with the following arguments: {'ament_cmake_args': None, 'build_base': '/home/minsuje/rokey_ws/build/rokey_pjt', 'catkin_cmake_args': None, 'catkin_skip_building_tests': False, 'cmake_args': None, 'cmake_clean_cache': False, 'cmake_clean_first': False, 'cmake_force_configure': False, 'cmake_target': None, 'cmake_target_skip_unavailable': False, 'install_base': '/home/minsuje/rokey_ws/install/rokey_pjt', 'merge_install': False, 'path': '/home/minsuje/rokey_ws/src/rokey_pjt', 'symlink_install': True, 'test_result_base': None}
[0.203s] Level 5:colcon.colcon_core.verb:set package 'turtlebot4_beep' build argument 'cmake_args' from command line to 'None'
[0.203s] Level 5:colcon.colcon_core.verb:set package 'turtlebot4_beep' build argument 'cmake_target' from command line to 'None'
[0.203s] Level 5:colcon.colcon_core.verb:set package 'turtlebot4_beep' build argument 'cmake_target_skip_unavailable' from command line to 'False'
[0.203s] Level 5:colcon.colcon_core.verb:set package 'turtlebot4_beep' build argument 'cmake_clean_cache' from command line to 'False'
[0.203s] Level 5:colcon.colcon_core.verb:set package 'turtlebot4_beep' build argument 'cmake_clean_first' from command line to 'False'
[0.203s] Level 5:colcon.colcon_core.verb:set package 'turtlebot4_beep' build argument 'cmake_force_configure' from command line to 'False'
[0.203s] Level 5:colcon.colcon_core.verb:set package 'turtlebot4_beep' build argument 'ament_cmake_args' from command line to 'None'
[0.203s] Level 5:colcon.colcon_core.verb:set package 'turtlebot4_beep' build argument 'catkin_cmake_args' from command line to 'None'
[0.203s] Level 5:colcon.colcon_core.verb:set package 'turtlebot4_beep' build argument 'catkin_skip_building_tests' from command line to 'False'
[0.203s] DEBUG:colcon.colcon_core.verb:Building package 'turtlebot4_beep' with the following arguments: {'ament_cmake_args': None, 'build_base': '/home/minsuje/rokey_ws/build/turtlebot4_beep', 'catkin_cmake_args': None, 'catkin_skip_building_tests': False, 'cmake_args': None, 'cmake_clean_cache': False, 'cmake_clean_first': False, 'cmake_force_configure': False, 'cmake_target': None, 'cmake_target_skip_unavailable': False, 'install_base': '/home/minsuje/rokey_ws/install/turtlebot4_beep', 'merge_install': False, 'path': '/home/minsuje/rokey_ws/src/turtlebot4_beep', 'symlink_install': True, 'test_result_base': None}
[0.203s] Level 5:colcon.colcon_core.verb:set package 'yolov8_ros' build argument 'cmake_args' from command line to 'None'
[0.203s] Level 5:colcon.colcon_core.verb:set package 'yolov8_ros' build argument 'cmake_target' from command line to 'None'
[0.203s] Level 5:colcon.colcon_core.verb:set package 'yolov8_ros' build argument 'cmake_target_skip_unavailable' from command line to 'False'
[0.203s] Level 5:colcon.colcon_core.verb:set package 'yolov8_ros' build argument 'cmake_clean_cache' from command line to 'False'
[0.203s] Level 5:colcon.colcon_core.verb:set package 'yolov8_ros' build argument 'cmake_clean_first' from command line to 'False'
[0.203s] Level 5:colcon.colcon_core.verb:set package 'yolov8_ros' build argument 'cmake_force_configure' from command line to 'False'
[0.203s] Level 5:colcon.colcon_core.verb:set package 'yolov8_ros' build argument 'ament_cmake_args' from command line to 'None'
[0.203s] Level 5:colcon.colcon_core.verb:set package 'yolov8_ros' build argument 'catkin_cmake_args' from command line to 'None'
[0.203s] Level 5:colcon.colcon_core.verb:set package 'yolov8_ros' build argument 'catkin_skip_building_tests' from command line to 'False'
[0.203s] DEBUG:colcon.colcon_core.verb:Building package 'yolov8_ros' with the following arguments: {'ament_cmake_args': None, 'build_base': '/home/minsuje/rokey_ws/build/yolov8_ros', 'catkin_cmake_args': None, 'catkin_skip_building_tests': False, 'cmake_args': None, 'cmake_clean_cache': False, 'cmake_clean_first': False, 'cmake_force_configure': False, 'cmake_target': None, 'cmake_target_skip_unavailable': False, 'install_base': '/home/minsuje/rokey_ws/install/yolov8_ros', 'merge_install': False, 'path': '/home/minsuje/rokey_ws/src/yolov8_ros', 'symlink_install': True, 'test_result_base': None}
[0.203s] INFO:colcon.colcon_core.executor:Executing jobs using 'parallel' executor
[0.204s] DEBUG:colcon.colcon_parallel_executor.executor.parallel:run_until_complete
[0.204s] INFO:colcon.colcon_ros.task.ament_python.build:Building ROS package in '/home/minsuje/rokey_ws/src/rokey_pjt' with build type 'ament_python'
[0.204s] Level 1:colcon.colcon_core.shell:create_environment_hook('rokey_pjt', 'ament_prefix_path')
[0.205s] INFO:colcon.colcon_core.plugin_system:Skipping extension 'colcon_core.shell.bat': Not used on non-Windows systems
[0.205s] INFO:colcon.colcon_core.shell:Creating environment hook '/home/minsuje/rokey_ws/install/rokey_pjt/share/rokey_pjt/hook/ament_prefix_path.ps1'
[0.206s] INFO:colcon.colcon_core.shell:Creating environment descriptor '/home/minsuje/rokey_ws/install/rokey_pjt/share/rokey_pjt/hook/ament_prefix_path.dsv'
[0.206s] INFO:colcon.colcon_core.shell:Creating environment hook '/home/minsuje/rokey_ws/install/rokey_pjt/share/rokey_pjt/hook/ament_prefix_path.sh'
[0.206s] INFO:colcon.colcon_core.shell:Skip shell extension 'powershell' for command environment: Not usable outside of PowerShell
[0.206s] DEBUG:colcon.colcon_core.shell:Skip shell extension 'dsv' for command environment
[0.208s] INFO:colcon.colcon_ros.task.ament_python.build:Building ROS package in '/home/minsuje/rokey_ws/src/turtlebot4_beep' with build type 'ament_python'
[0.208s] Level 1:colcon.colcon_core.shell:create_environment_hook('turtlebot4_beep', 'ament_prefix_path')
[0.208s] INFO:colcon.colcon_core.shell:Creating environment hook '/home/minsuje/rokey_ws/install/turtlebot4_beep/share/turtlebot4_beep/hook/ament_prefix_path.ps1'
[0.208s] INFO:colcon.colcon_core.shell:Creating environment descriptor '/home/minsuje/rokey_ws/install/turtlebot4_beep/share/turtlebot4_beep/hook/ament_prefix_path.dsv'
[0.209s] INFO:colcon.colcon_core.shell:Creating environment hook '/home/minsuje/rokey_ws/install/turtlebot4_beep/share/turtlebot4_beep/hook/ament_prefix_path.sh'
[0.209s] INFO:colcon.colcon_core.shell:Skip shell extension 'powershell' for command environment: Not usable outside of PowerShell
[0.209s] DEBUG:colcon.colcon_core.shell:Skip shell extension 'dsv' for command environment
[0.210s] INFO:colcon.colcon_ros.task.ament_python.build:Building ROS package in '/home/minsuje/rokey_ws/src/yolov8_ros' with build type 'ament_python'
[0.210s] Level 1:colcon.colcon_core.shell:create_environment_hook('yolov8_ros', 'ament_prefix_path')
[0.210s] INFO:colcon.colcon_core.shell:Creating environment hook '/home/minsuje/rokey_ws/install/yolov8_ros/share/yolov8_ros/hook/ament_prefix_path.ps1'
[0.211s] INFO:colcon.colcon_core.shell:Creating environment descriptor '/home/minsuje/rokey_ws/install/yolov8_ros/share/yolov8_ros/hook/ament_prefix_path.dsv'
[0.211s] INFO:colcon.colcon_core.shell:Creating environment hook '/home/minsuje/rokey_ws/install/yolov8_ros/share/yolov8_ros/hook/ament_prefix_path.sh'
[0.212s] INFO:colcon.colcon_core.shell:Skip shell extension 'powershell' for command environment: Not usable outside of PowerShell
[0.212s] DEBUG:colcon.colcon_core.shell:Skip shell extension 'dsv' for command environment
[0.358s] INFO:colcon.colcon_core.task.python.build:Building Python package in '/home/minsuje/rokey_ws/src/rokey_pjt'
[0.358s] INFO:colcon.colcon_core.shell:Skip shell extension 'powershell' for command environment: Not usable outside of PowerShell
[0.358s] DEBUG:colcon.colcon_core.shell:Skip shell extension 'dsv' for command environment
[0.504s] INFO:colcon.colcon_core.task.python.build:Building Python package in '/home/minsuje/rokey_ws/src/turtlebot4_beep'
[0.504s] INFO:colcon.colcon_core.shell:Skip shell extension 'powershell' for command environment: Not usable outside of PowerShell
[0.505s] DEBUG:colcon.colcon_core.shell:Skip shell extension 'dsv' for command environment
[0.652s] INFO:colcon.colcon_core.task.python.build:Building Python package in '/home/minsuje/rokey_ws/src/yolov8_ros'
[0.653s] INFO:colcon.colcon_core.shell:Skip shell extension 'powershell' for command environment: Not usable outside of PowerShell
[0.653s] DEBUG:colcon.colcon_core.shell:Skip shell extension 'dsv' for command environment
[0.856s] DEBUG:colcon.colcon_core.event_handler.log_command:Invoking command in '/home/minsuje/rokey_ws/build/turtlebot4_beep': PYTHONPATH=/home/minsuje/rokey_ws/build/turtlebot4_beep/prefix_override:/usr/lib/python3/dist-packages/colcon_core/task/python/colcon_distutils_commands:/home/minsuje/rokey_ws/install/turtlebot4_beep/lib/python3.10/site-packages:${PYTHONPATH} /usr/bin/python3 -W ignore:setup.py install is deprecated -W ignore:easy_install command is deprecated setup.py develop --editable --build-directory /home/minsuje/rokey_ws/build/turtlebot4_beep/build --no-deps symlink_data
[0.858s] DEBUG:colcon.colcon_core.event_handler.log_command:Invoking command in '/home/minsuje/rokey_ws/build/rokey_pjt': PYTHONPATH=/home/minsuje/rokey_ws/build/rokey_pjt/prefix_override:/usr/lib/python3/dist-packages/colcon_core/task/python/colcon_distutils_commands:/home/minsuje/rokey_ws/install/rokey_pjt/lib/python3.10/site-packages:${PYTHONPATH} /usr/bin/python3 -W ignore:setup.py install is deprecated -W ignore:easy_install command is deprecated setup.py develop --editable --build-directory /home/minsuje/rokey_ws/build/rokey_pjt/build --no-deps symlink_data
[0.873s] DEBUG:colcon.colcon_core.event_handler.log_command:Invoking command in '/home/minsuje/rokey_ws/build/yolov8_ros': PYTHONPATH=/home/minsuje/rokey_ws/build/yolov8_ros/prefix_override:/usr/lib/python3/dist-packages/colcon_core/task/python/colcon_distutils_commands:/home/minsuje/rokey_ws/install/yolov8_ros/lib/python3.10/site-packages:${PYTHONPATH} /usr/bin/python3 -W ignore:setup.py install is deprecated -W ignore:easy_install command is deprecated setup.py develop --editable --build-directory /home/minsuje/rokey_ws/build/yolov8_ros/build --no-deps symlink_data
[1.145s] Level 1:colcon.colcon_core.shell:create_environment_hook('rokey_pjt', 'pythonpath_develop')
[1.145s] DEBUG:colcon.colcon_core.event_handler.log_command:Invoked command in '/home/minsuje/rokey_ws/build/rokey_pjt' returned '0': PYTHONPATH=/home/minsuje/rokey_ws/build/rokey_pjt/prefix_override:/usr/lib/python3/dist-packages/colcon_core/task/python/colcon_distutils_commands:/home/minsuje/rokey_ws/install/rokey_pjt/lib/python3.10/site-packages:${PYTHONPATH} /usr/bin/python3 -W ignore:setup.py install is deprecated -W ignore:easy_install command is deprecated setup.py develop --editable --build-directory /home/minsuje/rokey_ws/build/rokey_pjt/build --no-deps symlink_data
[1.146s] INFO:colcon.colcon_core.shell:Creating environment hook '/home/minsuje/rokey_ws/build/rokey_pjt/share/rokey_pjt/hook/pythonpath_develop.ps1'
[1.147s] INFO:colcon.colcon_core.shell:Creating environment descriptor '/home/minsuje/rokey_ws/build/rokey_pjt/share/rokey_pjt/hook/pythonpath_develop.dsv'
[1.147s] INFO:colcon.colcon_core.shell:Creating environment hook '/home/minsuje/rokey_ws/build/rokey_pjt/share/rokey_pjt/hook/pythonpath_develop.sh'
[1.150s] Level 1:colcon.colcon_core.environment:checking '/home/minsuje/rokey_ws/install/rokey_pjt' for CMake module files
[1.150s] Level 1:colcon.colcon_core.environment:checking '/home/minsuje/rokey_ws/install/rokey_pjt' for CMake config files
[1.150s] Level 1:colcon.colcon_core.environment:checking '/home/minsuje/rokey_ws/install/rokey_pjt/lib'
[1.151s] Level 1:colcon.colcon_core.environment:checking '/home/minsuje/rokey_ws/install/rokey_pjt/bin'
[1.151s] Level 1:colcon.colcon_core.environment:checking '/home/minsuje/rokey_ws/install/rokey_pjt/lib/pkgconfig/rokey_pjt.pc'
[1.151s] Level 1:colcon.colcon_core.environment:checking '/home/minsuje/rokey_ws/install/rokey_pjt/lib/python3.10/site-packages'
[1.151s] Level 1:colcon.colcon_core.shell:create_environment_hook('rokey_pjt', 'pythonpath')
[1.151s] INFO:colcon.colcon_core.shell:Creating environment hook '/home/minsuje/rokey_ws/install/rokey_pjt/share/rokey_pjt/hook/pythonpath.ps1'
[1.151s] INFO:colcon.colcon_core.shell:Creating environment descriptor '/home/minsuje/rokey_ws/install/rokey_pjt/share/rokey_pjt/hook/pythonpath.dsv'
[1.151s] INFO:colcon.colcon_core.shell:Creating environment hook '/home/minsuje/rokey_ws/install/rokey_pjt/share/rokey_pjt/hook/pythonpath.sh'
[1.152s] Level 1:colcon.colcon_core.environment:checking '/home/minsuje/rokey_ws/install/rokey_pjt/bin'
[1.152s] Level 1:colcon.colcon_core.environment:create_environment_scripts_only(rokey_pjt)
[1.152s] INFO:colcon.colcon_core.shell:Creating package script '/home/minsuje/rokey_ws/install/rokey_pjt/share/rokey_pjt/package.ps1'
[1.152s] INFO:colcon.colcon_core.shell:Creating package descriptor '/home/minsuje/rokey_ws/install/rokey_pjt/share/rokey_pjt/package.dsv'
[1.153s] INFO:colcon.colcon_core.shell:Creating package script '/home/minsuje/rokey_ws/install/rokey_pjt/share/rokey_pjt/package.sh'
[1.153s] INFO:colcon.colcon_core.shell:Creating package script '/home/minsuje/rokey_ws/install/rokey_pjt/share/rokey_pjt/package.bash'
[1.154s] INFO:colcon.colcon_core.shell:Creating package script '/home/minsuje/rokey_ws/install/rokey_pjt/share/rokey_pjt/package.zsh'
[1.154s] Level 1:colcon.colcon_core.environment:create_file_with_runtime_dependencies(/home/minsuje/rokey_ws/install/rokey_pjt/share/colcon-core/packages/rokey_pjt)
[1.160s] Level 1:colcon.colcon_core.shell:create_environment_hook('turtlebot4_beep', 'pythonpath_develop')
[1.160s] INFO:colcon.colcon_core.shell:Creating environment hook '/home/minsuje/rokey_ws/build/turtlebot4_beep/share/turtlebot4_beep/hook/pythonpath_develop.ps1'
[1.161s] DEBUG:colcon.colcon_core.event_handler.log_command:Invoked command in '/home/minsuje/rokey_ws/build/turtlebot4_beep' returned '0': PYTHONPATH=/home/minsuje/rokey_ws/build/turtlebot4_beep/prefix_override:/usr/lib/python3/dist-packages/colcon_core/task/python/colcon_distutils_commands:/home/minsuje/rokey_ws/install/turtlebot4_beep/lib/python3.10/site-packages:${PYTHONPATH} /usr/bin/python3 -W ignore:setup.py install is deprecated -W ignore:easy_install command is deprecated setup.py develop --editable --build-directory /home/minsuje/rokey_ws/build/turtlebot4_beep/build --no-deps symlink_data
[1.161s] INFO:colcon.colcon_core.shell:Creating environment descriptor '/home/minsuje/rokey_ws/build/turtlebot4_beep/share/turtlebot4_beep/hook/pythonpath_develop.dsv'
[1.161s] INFO:colcon.colcon_core.shell:Creating environment hook '/home/minsuje/rokey_ws/build/turtlebot4_beep/share/turtlebot4_beep/hook/pythonpath_develop.sh'
[1.161s] Level 1:colcon.colcon_core.environment:checking '/home/minsuje/rokey_ws/install/turtlebot4_beep' for CMake module files
[1.162s] Level 1:colcon.colcon_core.environment:checking '/home/minsuje/rokey_ws/install/turtlebot4_beep' for CMake config files
[1.162s] Level 1:colcon.colcon_core.environment:checking '/home/minsuje/rokey_ws/install/turtlebot4_beep/lib'
[1.162s] Level 1:colcon.colcon_core.environment:checking '/home/minsuje/rokey_ws/install/turtlebot4_beep/bin'
[1.162s] Level 1:colcon.colcon_core.environment:checking '/home/minsuje/rokey_ws/install/turtlebot4_beep/lib/pkgconfig/turtlebot4_beep.pc'
[1.162s] Level 1:colcon.colcon_core.environment:checking '/home/minsuje/rokey_ws/install/turtlebot4_beep/lib/python3.10/site-packages'
[1.162s] Level 1:colcon.colcon_core.shell:create_environment_hook('turtlebot4_beep', 'pythonpath')
[1.162s] INFO:colcon.colcon_core.shell:Creating environment hook '/home/minsuje/rokey_ws/install/turtlebot4_beep/share/turtlebot4_beep/hook/pythonpath.ps1'
[1.162s] INFO:colcon.colcon_core.shell:Creating environment descriptor '/home/minsuje/rokey_ws/install/turtlebot4_beep/share/turtlebot4_beep/hook/pythonpath.dsv'
[1.163s] INFO:colcon.colcon_core.shell:Creating environment hook '/home/minsuje/rokey_ws/install/turtlebot4_beep/share/turtlebot4_beep/hook/pythonpath.sh'
[1.163s] Level 1:colcon.colcon_core.environment:checking '/home/minsuje/rokey_ws/install/turtlebot4_beep/bin'
[1.163s] Level 1:colcon.colcon_core.environment:create_environment_scripts_only(turtlebot4_beep)
[1.163s] INFO:colcon.colcon_core.shell:Creating package script '/home/minsuje/rokey_ws/install/turtlebot4_beep/share/turtlebot4_beep/package.ps1'
[1.163s] INFO:colcon.colcon_core.shell:Creating package descriptor '/home/minsuje/rokey_ws/install/turtlebot4_beep/share/turtlebot4_beep/package.dsv'
[1.163s] INFO:colcon.colcon_core.shell:Creating package script '/home/minsuje/rokey_ws/install/turtlebot4_beep/share/turtlebot4_beep/package.sh'
[1.164s] INFO:colcon.colcon_core.shell:Creating package script '/home/minsuje/rokey_ws/install/turtlebot4_beep/share/turtlebot4_beep/package.bash'
[1.164s] INFO:colcon.colcon_core.shell:Creating package script '/home/minsuje/rokey_ws/install/turtlebot4_beep/share/turtlebot4_beep/package.zsh'
[1.164s] Level 1:colcon.colcon_core.environment:create_file_with_runtime_dependencies(/home/minsuje/rokey_ws/install/turtlebot4_beep/share/colcon-core/packages/turtlebot4_beep)
[1.167s] Level 1:colcon.colcon_core.shell:create_environment_hook('yolov8_ros', 'pythonpath_develop')
[1.167s] INFO:colcon.colcon_core.shell:Creating environment hook '/home/minsuje/rokey_ws/build/yolov8_ros/share/yolov8_ros/hook/pythonpath_develop.ps1'
[1.168s] DEBUG:colcon.colcon_core.event_handler.log_command:Invoked command in '/home/minsuje/rokey_ws/build/yolov8_ros' returned '0': PYTHONPATH=/home/minsuje/rokey_ws/build/yolov8_ros/prefix_override:/usr/lib/python3/dist-packages/colcon_core/task/python/colcon_distutils_commands:/home/minsuje/rokey_ws/install/yolov8_ros/lib/python3.10/site-packages:${PYTHONPATH} /usr/bin/python3 -W ignore:setup.py install is deprecated -W ignore:easy_install command is deprecated setup.py develop --editable --build-directory /home/minsuje/rokey_ws/build/yolov8_ros/build --no-deps symlink_data
[1.168s] INFO:colcon.colcon_core.shell:Creating environment descriptor '/home/minsuje/rokey_ws/build/yolov8_ros/share/yolov8_ros/hook/pythonpath_develop.dsv'
[1.168s] INFO:colcon.colcon_core.shell:Creating environment hook '/home/minsuje/rokey_ws/build/yolov8_ros/share/yolov8_ros/hook/pythonpath_develop.sh'
[1.168s] Level 1:colcon.colcon_core.environment:checking '/home/minsuje/rokey_ws/install/yolov8_ros' for CMake module files
[1.169s] Level 1:colcon.colcon_core.environment:checking '/home/minsuje/rokey_ws/install/yolov8_ros' for CMake config files
[1.169s] Level 1:colcon.colcon_core.environment:checking '/home/minsuje/rokey_ws/install/yolov8_ros/lib'
[1.169s] Level 1:colcon.colcon_core.environment:checking '/home/minsuje/rokey_ws/install/yolov8_ros/bin'
[1.169s] Level 1:colcon.colcon_core.environment:checking '/home/minsuje/rokey_ws/install/yolov8_ros/lib/pkgconfig/yolov8_ros.pc'
[1.169s] Level 1:colcon.colcon_core.environment:checking '/home/minsuje/rokey_ws/install/yolov8_ros/lib/python3.10/site-packages'
[1.169s] Level 1:colcon.colcon_core.shell:create_environment_hook('yolov8_ros', 'pythonpath')
[1.169s] INFO:colcon.colcon_core.shell:Creating environment hook '/home/minsuje/rokey_ws/install/yolov8_ros/share/yolov8_ros/hook/pythonpath.ps1'
[1.169s] INFO:colcon.colcon_core.shell:Creating environment descriptor '/home/minsuje/rokey_ws/install/yolov8_ros/share/yolov8_ros/hook/pythonpath.dsv'
[1.169s] INFO:colcon.colcon_core.shell:Creating environment hook '/home/minsuje/rokey_ws/install/yolov8_ros/share/yolov8_ros/hook/pythonpath.sh'
[1.170s] Level 1:colcon.colcon_core.environment:checking '/home/minsuje/rokey_ws/install/yolov8_ros/bin'
[1.170s] Level 1:colcon.colcon_core.environment:create_environment_scripts_only(yolov8_ros)
[1.170s] INFO:colcon.colcon_core.shell:Creating package script '/home/minsuje/rokey_ws/install/yolov8_ros/share/yolov8_ros/package.ps1'
[1.170s] INFO:colcon.colcon_core.shell:Creating package descriptor '/home/minsuje/rokey_ws/install/yolov8_ros/share/yolov8_ros/package.dsv'
[1.170s] INFO:colcon.colcon_core.shell:Creating package script '/home/minsuje/rokey_ws/install/yolov8_ros/share/yolov8_ros/package.sh'
[1.170s] INFO:colcon.colcon_core.shell:Creating package script '/home/minsuje/rokey_ws/install/yolov8_ros/share/yolov8_ros/package.bash'
[1.171s] INFO:colcon.colcon_core.shell:Creating package script '/home/minsuje/rokey_ws/install/yolov8_ros/share/yolov8_ros/package.zsh'
[1.171s] Level 1:colcon.colcon_core.environment:create_file_with_runtime_dependencies(/home/minsuje/rokey_ws/install/yolov8_ros/share/colcon-core/packages/yolov8_ros)
[1.171s] DEBUG:colcon.colcon_parallel_executor.executor.parallel:closing loop
[1.171s] DEBUG:colcon.colcon_parallel_executor.executor.parallel:loop closed
[1.171s] DEBUG:colcon.colcon_parallel_executor.executor.parallel:run_until_complete finished with '0'
[1.171s] DEBUG:colcon.colcon_core.event_reactor:joining thread
[1.174s] INFO:colcon.colcon_core.plugin_system:Skipping extension 'colcon_notification.desktop_notification.terminal_notifier': Not used on non-Darwin systems
[1.174s] INFO:colcon.colcon_core.plugin_system:Skipping extension 'colcon_notification.desktop_notification.win32': Not used on non-Windows systems
[1.174s] INFO:colcon.colcon_notification.desktop_notification:Sending desktop notification using 'notify2'
[1.180s] DEBUG:colcon.colcon_core.event_reactor:joined thread
[1.180s] INFO:colcon.colcon_core.shell:Creating prefix script '/home/minsuje/rokey_ws/install/local_setup.ps1'
[1.180s] INFO:colcon.colcon_core.shell:Creating prefix util module '/home/minsuje/rokey_ws/install/_local_setup_util_ps1.py'
[1.181s] INFO:colcon.colcon_core.shell:Creating prefix chain script '/home/minsuje/rokey_ws/install/setup.ps1'
[1.182s] INFO:colcon.colcon_core.shell:Creating prefix script '/home/minsuje/rokey_ws/install/local_setup.sh'
[1.182s] INFO:colcon.colcon_core.shell:Creating prefix util module '/home/minsuje/rokey_ws/install/_local_setup_util_sh.py'
[1.182s] INFO:colcon.colcon_core.shell:Creating prefix chain script '/home/minsuje/rokey_ws/install/setup.sh'
[1.183s] INFO:colcon.colcon_core.shell:Creating prefix script '/home/minsuje/rokey_ws/install/local_setup.bash'
[1.183s] INFO:colcon.colcon_core.shell:Creating prefix chain script '/home/minsuje/rokey_ws/install/setup.bash'
[1.183s] INFO:colcon.colcon_core.shell:Creating prefix script '/home/minsuje/rokey_ws/install/local_setup.zsh'
[1.183s] INFO:colcon.colcon_core.shell:Creating prefix chain script '/home/minsuje/rokey_ws/install/setup.zsh'
