[1.443s] Invoking command in '/home/minsuje/ros2_ws/build/rokey': PYTHONPATH=/home/minsuje/ros2_ws/build/rokey/prefix_override:/usr/lib/python3/dist-packages/colcon_core/task/python/colcon_distutils_commands:/home/minsuje/ros2_ws/install/rokey/lib/python3.10/site-packages:${PYTHONPATH} /usr/bin/python3 -W ignore:setup.py install is deprecated -W ignore:easy_install command is deprecated setup.py develop --editable --build-directory /home/minsuje/ros2_ws/build/rokey/build --no-deps symlink_data
[1.667s] running develop
[1.839s] running egg_info
[1.839s] writing rokey.egg-info/PKG-INFO
[1.839s] writing dependency_links to rokey.egg-info/dependency_links.txt
[1.839s] writing entry points to rokey.egg-info/entry_points.txt
[1.839s] writing requirements to rokey.egg-info/requires.txt
[1.839s] writing top-level names to rokey.egg-info/top_level.txt
[1.841s] reading manifest file 'rokey.egg-info/SOURCES.txt'
[1.841s] writing manifest file 'rokey.egg-info/SOURCES.txt'
[1.866s] running build_ext
[1.866s] Creating /home/minsuje/ros2_ws/install/rokey/lib/python3.10/site-packages/rokey.egg-link (link to .)
[1.867s] Installing data_recording script to /home/minsuje/ros2_ws/install/rokey/lib/rokey
[1.867s] Installing force_control script to /home/minsuje/ros2_ws/install/rokey/lib/rokey
[1.867s] Installing get_current_pos script to /home/minsuje/ros2_ws/install/rokey/lib/rokey
[1.867s] Installing getting_position script to /home/minsuje/ros2_ws/install/rokey/lib/rokey
[1.867s] Installing grip script to /home/minsuje/ros2_ws/install/rokey/lib/rokey
[1.867s] Installing jog script to /home/minsuje/ros2_ws/install/rokey/lib/rokey
[1.867s] Installing move_periodic script to /home/minsuje/ros2_ws/install/rokey/lib/rokey
[1.867s] Installing simple_amove script to /home/minsuje/ros2_ws/install/rokey/lib/rokey
[1.867s] Installing simple_move script to /home/minsuje/ros2_ws/install/rokey/lib/rokey
[1.867s] Installing simple_movesx script to /home/minsuje/ros2_ws/install/rokey/lib/rokey
[1.867s] 
[1.867s] Installed /home/minsuje/ros2_ws/build/rokey
[1.867s] running symlink_data
[2.090s] Invoked command in '/home/minsuje/ros2_ws/build/rokey' returned '0': PYTHONPATH=/home/minsuje/ros2_ws/build/rokey/prefix_override:/usr/lib/python3/dist-packages/colcon_core/task/python/colcon_distutils_commands:/home/minsuje/ros2_ws/install/rokey/lib/python3.10/site-packages:${PYTHONPATH} /usr/bin/python3 -W ignore:setup.py install is deprecated -W ignore:easy_install command is deprecated setup.py develop --editable --build-directory /home/minsuje/ros2_ws/build/rokey/build --no-deps symlink_data
