[0.161s] Invoking command in '/home/minsuje/ros2_ws/build/dsr_realtime_control': AMENT_PREFIX_PATH=/home/minsuje/ros2_ws/install/dsr_msgs2:${AMENT_PREFIX_PATH} CMAKE_PREFIX_PATH=/home/minsuje/ros2_ws/install/dsr_msgs2:/opt/ros/humble LD_LIBRARY_PATH=/home/minsuje/ros2_ws/install/dsr_msgs2/lib:${LD_LIBRARY_PATH} PYTHONPATH=/home/minsuje/ros2_ws/install/dsr_msgs2/local/lib/python3.10/dist-packages:${PYTHONPATH} /usr/bin/cmake /home/minsuje/ros2_ws/src/DoosanBootcamInt1/dsr_example2/dsr_realtime_control -DCMAKE_INSTALL_PREFIX=/home/minsuje/ros2_ws/install/dsr_realtime_control
[0.195s] -- The C compiler identification is GNU 11.4.0
[0.230s] -- The CXX compiler identification is GNU 11.4.0
[0.235s] -- Detecting C compiler ABI info
[0.282s] -- Detecting C compiler ABI info - done
[0.288s] -- Check for working C compiler: /usr/bin/cc - skipped
[0.288s] -- Detecting C compile features
[0.288s] -- Detecting C compile features - done
[0.290s] -- Detecting CXX compiler ABI info
[0.344s] -- Detecting CXX compiler ABI info - done
[0.350s] -- Check for working CXX compiler: /usr/bin/c++ - skipped
[0.350s] -- Detecting CXX compile features
[0.350s] -- Detecting CXX compile features - done
[0.353s] -- Found ament_cmake: 1.3.11 (/opt/ros/humble/share/ament_cmake/cmake)
[0.443s] -- Found Python3: /usr/bin/python3 (found version "3.10.12") found components: Interpreter 
[0.499s] -- Found rclcpp: 16.0.12 (/opt/ros/humble/share/rclcpp/cmake)
[0.527s] -- Found rosidl_generator_c: 3.1.6 (/opt/ros/humble/share/rosidl_generator_c/cmake)
[0.530s] -- Found rosidl_adapter: 3.1.6 (/opt/ros/humble/share/rosidl_adapter/cmake)
[0.535s] -- Found rosidl_generator_cpp: 3.1.6 (/opt/ros/humble/share/rosidl_generator_cpp/cmake)
[0.542s] -- Using all available rosidl_typesupport_c: rosidl_typesupport_fastrtps_c;rosidl_typesupport_introspection_c
[0.551s] -- Using all available rosidl_typesupport_cpp: rosidl_typesupport_fastrtps_cpp;rosidl_typesupport_introspection_cpp
[0.576s] -- Found rmw_implementation_cmake: 6.1.2 (/opt/ros/humble/share/rmw_implementation_cmake/cmake)
[0.577s] -- Found rmw_fastrtps_cpp: 6.2.7 (/opt/ros/humble/share/rmw_fastrtps_cpp/cmake)
[0.633s] -- Found OpenSSL: /usr/lib/x86_64-linux-gnu/libcrypto.so (found version "3.0.2")  
[0.650s] -- Found FastRTPS: /opt/ros/humble/include  
[0.677s] -- Using RMW implementation 'rmw_fastrtps_cpp' as default
[0.681s] -- Looking for pthread.h
[0.725s] -- Looking for pthread.h - found
[0.725s] -- Performing Test CMAKE_HAVE_LIBC_PTHREAD
[0.771s] -- Performing Test CMAKE_HAVE_LIBC_PTHREAD - Success
[0.771s] -- Found Threads: TRUE  
[0.799s] -- Found example_interfaces: 0.9.3 (/opt/ros/humble/share/example_interfaces/cmake)
[0.823s] -- Found dsr_msgs2: 1.1.0 (/home/minsuje/ros2_ws/install/dsr_msgs2/share/dsr_msgs2/cmake)
[0.868s] -- Configuring done
[0.876s] -- Generating done
[0.880s] -- Build files have been written to: /home/minsuje/ros2_ws/build/dsr_realtime_control
[0.886s] Invoked command in '/home/minsuje/ros2_ws/build/dsr_realtime_control' returned '0': AMENT_PREFIX_PATH=/home/minsuje/ros2_ws/install/dsr_msgs2:${AMENT_PREFIX_PATH} CMAKE_PREFIX_PATH=/home/minsuje/ros2_ws/install/dsr_msgs2:/opt/ros/humble LD_LIBRARY_PATH=/home/minsuje/ros2_ws/install/dsr_msgs2/lib:${LD_LIBRARY_PATH} PYTHONPATH=/home/minsuje/ros2_ws/install/dsr_msgs2/local/lib/python3.10/dist-packages:${PYTHONPATH} /usr/bin/cmake /home/minsuje/ros2_ws/src/DoosanBootcamInt1/dsr_example2/dsr_realtime_control -DCMAKE_INSTALL_PREFIX=/home/minsuje/ros2_ws/install/dsr_realtime_control
[0.886s] Invoking command in '/home/minsuje/ros2_ws/build/dsr_realtime_control': AMENT_PREFIX_PATH=/home/minsuje/ros2_ws/install/dsr_msgs2:${AMENT_PREFIX_PATH} CMAKE_PREFIX_PATH=/home/minsuje/ros2_ws/install/dsr_msgs2:/opt/ros/humble LD_LIBRARY_PATH=/home/minsuje/ros2_ws/install/dsr_msgs2/lib:${LD_LIBRARY_PATH} PYTHONPATH=/home/minsuje/ros2_ws/install/dsr_msgs2/local/lib/python3.10/dist-packages:${PYTHONPATH} /usr/bin/cmake --build /home/minsuje/ros2_ws/build/dsr_realtime_control -- -j32 -l32
[0.917s] [ 12%] [32mBuilding CXX object CMakeFiles/rt_init.dir/src/rt_init.cpp.o[0m
[0.917s] [ 25%] [32mBuilding CXX object CMakeFiles/dsr_realtime_api.dir/src/realtime_api.cpp.o[0m
[0.917s] [ 50%] [32mBuilding CXX object CMakeFiles/rt_shutdown.dir/src/rt_shutdown.cpp.o[0m
[0.917s] [ 50%] [32mBuilding CXX object CMakeFiles/dsr_realtime_control.dir/src/realtime_control.cpp.o[0m
[3.038s] [ 62%] [32m[1mLinking CXX executable rt_shutdown[0m
[3.107s] [ 75%] [32m[1mLinking CXX executable dsr_realtime_api[0m
[3.174s] [ 75%] Built target rt_shutdown
[3.235s] [ 75%] Built target dsr_realtime_api
[3.341s] [ 87%] [32m[1mLinking CXX executable rt_init[0m
[3.462s] [ 87%] Built target rt_init
[4.332s] [100%] [32m[1mLinking CXX executable dsr_realtime_control[0m
[4.520s] [100%] Built target dsr_realtime_control
[4.527s] Invoked command in '/home/minsuje/ros2_ws/build/dsr_realtime_control' returned '0': AMENT_PREFIX_PATH=/home/minsuje/ros2_ws/install/dsr_msgs2:${AMENT_PREFIX_PATH} CMAKE_PREFIX_PATH=/home/minsuje/ros2_ws/install/dsr_msgs2:/opt/ros/humble LD_LIBRARY_PATH=/home/minsuje/ros2_ws/install/dsr_msgs2/lib:${LD_LIBRARY_PATH} PYTHONPATH=/home/minsuje/ros2_ws/install/dsr_msgs2/local/lib/python3.10/dist-packages:${PYTHONPATH} /usr/bin/cmake --build /home/minsuje/ros2_ws/build/dsr_realtime_control -- -j32 -l32
[4.527s] Invoking command in '/home/minsuje/ros2_ws/build/dsr_realtime_control': AMENT_PREFIX_PATH=/home/minsuje/ros2_ws/install/dsr_msgs2:${AMENT_PREFIX_PATH} CMAKE_PREFIX_PATH=/home/minsuje/ros2_ws/install/dsr_msgs2:/opt/ros/humble LD_LIBRARY_PATH=/home/minsuje/ros2_ws/install/dsr_msgs2/lib:${LD_LIBRARY_PATH} PYTHONPATH=/home/minsuje/ros2_ws/install/dsr_msgs2/local/lib/python3.10/dist-packages:${PYTHONPATH} /usr/bin/cmake --install /home/minsuje/ros2_ws/build/dsr_realtime_control
[4.532s] -- Install configuration: ""
[4.532s] -- Installing: /home/minsuje/ros2_ws/install/dsr_realtime_control/lib/dsr_realtime_control/rt_init
[4.533s] -- Set runtime path of "/home/minsuje/ros2_ws/install/dsr_realtime_control/lib/dsr_realtime_control/rt_init" to ""
[4.533s] -- Installing: /home/minsuje/ros2_ws/install/dsr_realtime_control/lib/dsr_realtime_control/dsr_realtime_control
[4.534s] -- Set runtime path of "/home/minsuje/ros2_ws/install/dsr_realtime_control/lib/dsr_realtime_control/dsr_realtime_control" to ""
[4.534s] -- Installing: /home/minsuje/ros2_ws/install/dsr_realtime_control/lib/dsr_realtime_control/rt_shutdown
[4.534s] -- Set runtime path of "/home/minsuje/ros2_ws/install/dsr_realtime_control/lib/dsr_realtime_control/rt_shutdown" to ""
[4.534s] -- Installing: /home/minsuje/ros2_ws/install/dsr_realtime_control/lib/dsr_realtime_control/dsr_realtime_api
[4.535s] -- Set runtime path of "/home/minsuje/ros2_ws/install/dsr_realtime_control/lib/dsr_realtime_control/dsr_realtime_api" to ""
[4.535s] -- Installing: /home/minsuje/ros2_ws/install/dsr_realtime_control/include/dsr_realtime_control
[4.535s] -- Installing: /home/minsuje/ros2_ws/install/dsr_realtime_control/include/dsr_realtime_control/dsr_realtime_control
[4.535s] -- Installing: /home/minsuje/ros2_ws/install/dsr_realtime_control/include/dsr_realtime_control/dsr_realtime_control/burn_cpu_cycles.hpp
[4.535s] -- Installing: /home/minsuje/ros2_ws/install/dsr_realtime_control/include/dsr_realtime_control/dsr_realtime_control/rt_init.hpp
[4.535s] -- Installing: /home/minsuje/ros2_ws/install/dsr_realtime_control/include/dsr_realtime_control/dsr_realtime_control/command_line_options.hpp
[4.535s] -- Installing: /home/minsuje/ros2_ws/install/dsr_realtime_control/include/dsr_realtime_control/dsr_realtime_control/rt_shutdown.hpp
[4.535s] -- Installing: /home/minsuje/ros2_ws/install/dsr_realtime_control/include/dsr_realtime_control/dsr_realtime_control/sched_utils.hpp
[4.535s] -- Installing: /home/minsuje/ros2_ws/install/dsr_realtime_control/include/dsr_realtime_control/dsr_realtime_control/realtime_control.hpp
[4.535s] -- Installing: /home/minsuje/ros2_ws/install/dsr_realtime_control/include/dsr_realtime_control/dsr_realtime_control/realtime_api.hpp
[4.535s] -- Installing: /home/minsuje/ros2_ws/install/dsr_realtime_control/include/dsr_realtime_control/dsr_realtime_control/rusage_utils.hpp
[4.535s] -- Installing: /home/minsuje/ros2_ws/install/dsr_realtime_control/share/ament_index/resource_index/package_run_dependencies/dsr_realtime_control
[4.535s] -- Installing: /home/minsuje/ros2_ws/install/dsr_realtime_control/share/ament_index/resource_index/parent_prefix_path/dsr_realtime_control
[4.535s] -- Installing: /home/minsuje/ros2_ws/install/dsr_realtime_control/share/dsr_realtime_control/environment/ament_prefix_path.sh
[4.535s] -- Installing: /home/minsuje/ros2_ws/install/dsr_realtime_control/share/dsr_realtime_control/environment/ament_prefix_path.dsv
[4.535s] -- Installing: /home/minsuje/ros2_ws/install/dsr_realtime_control/share/dsr_realtime_control/environment/path.sh
[4.535s] -- Installing: /home/minsuje/ros2_ws/install/dsr_realtime_control/share/dsr_realtime_control/environment/path.dsv
[4.535s] -- Installing: /home/minsuje/ros2_ws/install/dsr_realtime_control/share/dsr_realtime_control/local_setup.bash
[4.535s] -- Installing: /home/minsuje/ros2_ws/install/dsr_realtime_control/share/dsr_realtime_control/local_setup.sh
[4.535s] -- Installing: /home/minsuje/ros2_ws/install/dsr_realtime_control/share/dsr_realtime_control/local_setup.zsh
[4.535s] -- Installing: /home/minsuje/ros2_ws/install/dsr_realtime_control/share/dsr_realtime_control/local_setup.dsv
[4.535s] -- Installing: /home/minsuje/ros2_ws/install/dsr_realtime_control/share/dsr_realtime_control/package.dsv
[4.535s] -- Installing: /home/minsuje/ros2_ws/install/dsr_realtime_control/share/ament_index/resource_index/packages/dsr_realtime_control
[4.535s] -- Installing: /home/minsuje/ros2_ws/install/dsr_realtime_control/share/dsr_realtime_control/cmake/dsr_realtime_controlConfig.cmake
[4.535s] -- Installing: /home/minsuje/ros2_ws/install/dsr_realtime_control/share/dsr_realtime_control/cmake/dsr_realtime_controlConfig-version.cmake
[4.535s] -- Installing: /home/minsuje/ros2_ws/install/dsr_realtime_control/share/dsr_realtime_control/package.xml
[4.537s] Invoked command in '/home/minsuje/ros2_ws/build/dsr_realtime_control' returned '0': AMENT_PREFIX_PATH=/home/minsuje/ros2_ws/install/dsr_msgs2:${AMENT_PREFIX_PATH} CMAKE_PREFIX_PATH=/home/minsuje/ros2_ws/install/dsr_msgs2:/opt/ros/humble LD_LIBRARY_PATH=/home/minsuje/ros2_ws/install/dsr_msgs2/lib:${LD_LIBRARY_PATH} PYTHONPATH=/home/minsuje/ros2_ws/install/dsr_msgs2/local/lib/python3.10/dist-packages:${PYTHONPATH} /usr/bin/cmake --install /home/minsuje/ros2_ws/build/dsr_realtime_control
