[2.606s] Invoking command in '/home/minsuje/ros2_ws/build/pick_and_place_voice': PYTHONPATH=/home/minsuje/ros2_ws/build/pick_and_place_voice/prefix_override:/usr/lib/python3/dist-packages/colcon_core/task/python/colcon_distutils_commands:/home/minsuje/ros2_ws/install/pick_and_place_voice/lib/python3.10/site-packages:${PYTHONPATH} /usr/bin/python3 -W ignore:setup.py install is deprecated -W ignore:easy_install command is deprecated setup.py develop --editable --build-directory /home/minsuje/ros2_ws/build/pick_and_place_voice/build --no-deps symlink_data
[3.183s] running develop
[3.523s] running egg_info
[3.523s] creating pick_and_place_voice.egg-info
[3.523s] writing pick_and_place_voice.egg-info/PKG-INFO
[3.523s] writing dependency_links to pick_and_place_voice.egg-info/dependency_links.txt
[3.524s] writing entry points to pick_and_place_voice.egg-info/entry_points.txt
[3.524s] writing requirements to pick_and_place_voice.egg-info/requires.txt
[3.524s] writing top-level names to pick_and_place_voice.egg-info/top_level.txt
[3.524s] writing manifest file 'pick_and_place_voice.egg-info/SOURCES.txt'
[3.527s] reading manifest file 'pick_and_place_voice.egg-info/SOURCES.txt'
[3.528s] writing manifest file 'pick_and_place_voice.egg-info/SOURCES.txt'
[3.582s] running build_ext
[3.582s] Creating /home/minsuje/ros2_ws/install/pick_and_place_voice/lib/python3.10/site-packages/pick-and-place-voice.egg-link (link to .)
[3.583s] Installing ciga_obj_detect script to /home/minsuje/ros2_ws/install/pick_and_place_voice/lib/pick_and_place_voice
[3.584s] Installing ciga_robo_ctrl script to /home/minsuje/ros2_ws/install/pick_and_place_voice/lib/pick_and_place_voice
[3.584s] Installing get_keyword script to /home/minsuje/ros2_ws/install/pick_and_place_voice/lib/pick_and_place_voice
[3.584s] Installing object_detection script to /home/minsuje/ros2_ws/install/pick_and_place_voice/lib/pick_and_place_voice
[3.584s] Installing robot_control script to /home/minsuje/ros2_ws/install/pick_and_place_voice/lib/pick_and_place_voice
[3.584s] Installing voice_order_ciga script to /home/minsuje/ros2_ws/install/pick_and_place_voice/lib/pick_and_place_voice
[3.584s] 
[3.584s] Installed /home/minsuje/ros2_ws/build/pick_and_place_voice
[3.585s] running symlink_data
[3.585s] symbolically linking /home/minsuje/ros2_ws/build/pick_and_place_voice/package.xml -> /home/minsuje/ros2_ws/install/pick_and_place_voice/share/pick_and_place_voice
[3.585s] creating /home/minsuje/ros2_ws/install/pick_and_place_voice/share/pick_and_place_voice/resource
[3.585s] symbolically linking /home/minsuje/ros2_ws/build/pick_and_place_voice/resource/hello_rokey_8332_32.tflite -> /home/minsuje/ros2_ws/install/pick_and_place_voice/share/pick_and_place_voice/resource
[3.585s] symbolically linking /home/minsuje/ros2_ws/build/pick_and_place_voice/resource/pick_and_place_voice -> /home/minsuje/ros2_ws/install/pick_and_place_voice/share/pick_and_place_voice/resource
[3.585s] symbolically linking /home/minsuje/ros2_ws/build/pick_and_place_voice/resource/class_name_tool.json -> /home/minsuje/ros2_ws/install/pick_and_place_voice/share/pick_and_place_voice/resource
[3.585s] symbolically linking /home/minsuje/ros2_ws/build/pick_and_place_voice/resource/.env -> /home/minsuje/ros2_ws/install/pick_and_place_voice/share/pick_and_place_voice/resource
[3.651s] Invoked command in '/home/minsuje/ros2_ws/build/pick_and_place_voice' returned '0': PYTHONPATH=/home/minsuje/ros2_ws/build/pick_and_place_voice/prefix_override:/usr/lib/python3/dist-packages/colcon_core/task/python/colcon_distutils_commands:/home/minsuje/ros2_ws/install/pick_and_place_voice/lib/python3.10/site-packages:${PYTHONPATH} /usr/bin/python3 -W ignore:setup.py install is deprecated -W ignore:easy_install command is deprecated setup.py develop --editable --build-directory /home/minsuje/ros2_ws/build/pick_and_place_voice/build --no-deps symlink_data
