[2.618s] Invoking command in '/home/minsuje/ros2_ws/build/dsr_visualservoing': PYTHONPATH=/home/minsuje/ros2_ws/build/dsr_visualservoing/prefix_override:/usr/lib/python3/dist-packages/colcon_core/task/python/colcon_distutils_commands:/home/minsuje/ros2_ws/install/dsr_visualservoing/lib/python3.10/site-packages:${PYTHONPATH} /usr/bin/python3 -W ignore:setup.py install is deprecated -W ignore:easy_install command is deprecated setup.py develop --editable --build-directory /home/minsuje/ros2_ws/build/dsr_visualservoing/build --no-deps symlink_data
[3.189s] running develop
[3.517s] running egg_info
[3.517s] creating dsr_visualservoing.egg-info
[3.517s] writing dsr_visualservoing.egg-info/PKG-INFO
[3.517s] writing dependency_links to dsr_visualservoing.egg-info/dependency_links.txt
[3.518s] writing entry points to dsr_visualservoing.egg-info/entry_points.txt
[3.518s] writing requirements to dsr_visualservoing.egg-info/requires.txt
[3.518s] writing top-level names to dsr_visualservoing.egg-info/top_level.txt
[3.518s] writing manifest file 'dsr_visualservoing.egg-info/SOURCES.txt'
[3.521s] reading manifest file 'dsr_visualservoing.egg-info/SOURCES.txt'
[3.522s] writing manifest file 'dsr_visualservoing.egg-info/SOURCES.txt'
[3.558s] running build_ext
[3.558s] Creating /home/minsuje/ros2_ws/install/dsr_visualservoing/lib/python3.10/site-packages/dsr-visualservoing.egg-link (link to .)
[3.559s] Installing camera_publisher script to /home/minsuje/ros2_ws/install/dsr_visualservoing/lib/dsr_visualservoing
[3.559s] Installing detect_marker_gz script to /home/minsuje/ros2_ws/install/dsr_visualservoing/lib/dsr_visualservoing
[3.559s] Installing joint90 script to /home/minsuje/ros2_ws/install/dsr_visualservoing/lib/dsr_visualservoing
[3.559s] Installing send_pose_servol_gz script to /home/minsuje/ros2_ws/install/dsr_visualservoing/lib/dsr_visualservoing
[3.559s] 
[3.560s] Installed /home/minsuje/ros2_ws/build/dsr_visualservoing
[3.560s] running symlink_data
[3.560s] creating /home/minsuje/ros2_ws/install/dsr_visualservoing/share/ament_index
[3.560s] creating /home/minsuje/ros2_ws/install/dsr_visualservoing/share/ament_index/resource_index
[3.560s] creating /home/minsuje/ros2_ws/install/dsr_visualservoing/share/ament_index/resource_index/packages
[3.560s] symbolically linking /home/minsuje/ros2_ws/build/dsr_visualservoing/resource/dsr_visualservoing -> /home/minsuje/ros2_ws/install/dsr_visualservoing/share/ament_index/resource_index/packages
[3.560s] symbolically linking /home/minsuje/ros2_ws/build/dsr_visualservoing/package.xml -> /home/minsuje/ros2_ws/install/dsr_visualservoing/share/dsr_visualservoing
[3.560s] creating /home/minsuje/ros2_ws/install/dsr_visualservoing/share/dsr_visualservoing/launch
[3.560s] symbolically linking /home/minsuje/ros2_ws/build/dsr_visualservoing/launch/dsr_gazebo_visual_servoing.launch.py -> /home/minsuje/ros2_ws/install/dsr_visualservoing/share/dsr_visualservoing/launch
[3.560s] symbolically linking /home/minsuje/ros2_ws/build/dsr_visualservoing/launch/camera_calibration.launch.py -> /home/minsuje/ros2_ws/install/dsr_visualservoing/share/dsr_visualservoing/launch
[3.561s] symbolically linking /home/minsuje/ros2_ws/build/dsr_visualservoing/launch/visual_servoing_gz.launch.py -> /home/minsuje/ros2_ws/install/dsr_visualservoing/share/dsr_visualservoing/launch
[3.561s] symbolically linking /home/minsuje/ros2_ws/build/dsr_visualservoing/launch/rgbd_camera.launch.py -> /home/minsuje/ros2_ws/install/dsr_visualservoing/share/dsr_visualservoing/launch
[3.561s] symbolically linking /home/minsuje/ros2_ws/build/dsr_visualservoing/launch/dsr_bringup2_visual_servoing_gazebo.launch.py -> /home/minsuje/ros2_ws/install/dsr_visualservoing/share/dsr_visualservoing/launch
[3.561s] creating /home/minsuje/ros2_ws/install/dsr_visualservoing/share/dsr_visualservoing/config
[3.561s] symbolically linking /home/minsuje/ros2_ws/build/dsr_visualservoing/config/real_camera.yaml -> /home/minsuje/ros2_ws/install/dsr_visualservoing/share/dsr_visualservoing/config
[3.561s] symbolically linking /home/minsuje/ros2_ws/build/dsr_visualservoing/config/rgbd_camera_gz.yaml -> /home/minsuje/ros2_ws/install/dsr_visualservoing/share/dsr_visualservoing/config
[3.561s] creating /home/minsuje/ros2_ws/install/dsr_visualservoing/share/dsr_visualservoing/description
[3.561s] symbolically linking /home/minsuje/ros2_ws/build/dsr_visualservoing/description/camera_calibration.sdf -> /home/minsuje/ros2_ws/install/dsr_visualservoing/share/dsr_visualservoing/description
[3.561s] symbolically linking /home/minsuje/ros2_ws/build/dsr_visualservoing/description/markerbox2.sdf -> /home/minsuje/ros2_ws/install/dsr_visualservoing/share/dsr_visualservoing/description
[3.561s] symbolically linking /home/minsuje/ros2_ws/build/dsr_visualservoing/description/visual_servoing.sdf -> /home/minsuje/ros2_ws/install/dsr_visualservoing/share/dsr_visualservoing/description
[3.561s] symbolically linking /home/minsuje/ros2_ws/build/dsr_visualservoing/description/checker_board.sdf -> /home/minsuje/ros2_ws/install/dsr_visualservoing/share/dsr_visualservoing/description
[3.562s] symbolically linking /home/minsuje/ros2_ws/build/dsr_visualservoing/description/markerbox1.sdf -> /home/minsuje/ros2_ws/install/dsr_visualservoing/share/dsr_visualservoing/description
[3.562s] symbolically linking /home/minsuje/ros2_ws/build/dsr_visualservoing/description/markerbox3.sdf -> /home/minsuje/ros2_ws/install/dsr_visualservoing/share/dsr_visualservoing/description
[3.562s] creating /home/minsuje/ros2_ws/install/dsr_visualservoing/share/dsr_visualservoing/description/textures
[3.562s] symbolically linking /home/minsuje/ros2_ws/build/dsr_visualservoing/description/textures/4x4_1000-1_115.png -> /home/minsuje/ros2_ws/install/dsr_visualservoing/share/dsr_visualservoing/description/textures
[3.562s] symbolically linking /home/minsuje/ros2_ws/build/dsr_visualservoing/description/textures/4x4_1000-3_115.png -> /home/minsuje/ros2_ws/install/dsr_visualservoing/share/dsr_visualservoing/description/textures
[3.562s] symbolically linking /home/minsuje/ros2_ws/build/dsr_visualservoing/description/textures/4x4_1000-2_115.png -> /home/minsuje/ros2_ws/install/dsr_visualservoing/share/dsr_visualservoing/description/textures
[3.562s] symbolically linking /home/minsuje/ros2_ws/build/dsr_visualservoing/description/textures/4x4_1000-0.png -> /home/minsuje/ros2_ws/install/dsr_visualservoing/share/dsr_visualservoing/description/textures
[3.595s] Invoked command in '/home/minsuje/ros2_ws/build/dsr_visualservoing' returned '0': PYTHONPATH=/home/minsuje/ros2_ws/build/dsr_visualservoing/prefix_override:/usr/lib/python3/dist-packages/colcon_core/task/python/colcon_distutils_commands:/home/minsuje/ros2_ws/install/dsr_visualservoing/lib/python3.10/site-packages:${PYTHONPATH} /usr/bin/python3 -W ignore:setup.py install is deprecated -W ignore:easy_install command is deprecated setup.py develop --editable --build-directory /home/minsuje/ros2_ws/build/dsr_visualservoing/build --no-deps symlink_data
