[0.387s] Invoking command in '/home/minsuje/ros2_ws/src/DoosanBootcamInt1/dsr_bringup2': AMENT_PREFIX_PATH=/home/minsuje/ros2_ws/install/dsr_msgs2:${AMENT_PREFIX_PATH} CMAKE_PREFIX_PATH=/home/minsuje/ros2_ws/install/dsr_msgs2 LD_LIBRARY_PATH=/home/minsuje/ros2_ws/install/dsr_msgs2/lib:${LD_LIBRARY_PATH} PYTHONPATH=/home/minsuje/ros2_ws/build/dsr_bringup2/prefix_override:/usr/lib/python3/dist-packages/colcon_core/task/python/colcon_distutils_commands:/home/minsuje/ros2_ws/install/dsr_bringup2/lib/python3.10/site-packages:/home/minsuje/ros2_ws/install/dsr_msgs2/local/lib/python3.10/dist-packages:${PYTHONPATH} /usr/bin/python3 -W ignore:setup.py install is deprecated -W ignore:easy_install command is deprecated setup.py egg_info --egg-base ../../../build/dsr_bringup2 build --build-base /home/minsuje/ros2_ws/build/dsr_bringup2/build install --record /home/minsuje/ros2_ws/build/dsr_bringup2/install.log --single-version-externally-managed install_data
[0.550s] running egg_info
[0.550s] creating ../../../build/dsr_bringup2/dsr_bringup2.egg-info
[0.550s] writing ../../../build/dsr_bringup2/dsr_bringup2.egg-info/PKG-INFO
[0.551s] writing dependency_links to ../../../build/dsr_bringup2/dsr_bringup2.egg-info/dependency_links.txt
[0.551s] writing entry points to ../../../build/dsr_bringup2/dsr_bringup2.egg-info/entry_points.txt
[0.551s] writing requirements to ../../../build/dsr_bringup2/dsr_bringup2.egg-info/requires.txt
[0.551s] writing top-level names to ../../../build/dsr_bringup2/dsr_bringup2.egg-info/top_level.txt
[0.551s] writing manifest file '../../../build/dsr_bringup2/dsr_bringup2.egg-info/SOURCES.txt'
[0.552s] reading manifest file '../../../build/dsr_bringup2/dsr_bringup2.egg-info/SOURCES.txt'
[0.552s] writing manifest file '../../../build/dsr_bringup2/dsr_bringup2.egg-info/SOURCES.txt'
[0.552s] running build
[0.552s] running build_py
[0.552s] creating /home/minsuje/ros2_ws/build/dsr_bringup2/build
[0.552s] creating /home/minsuje/ros2_ws/build/dsr_bringup2/build/lib
[0.552s] creating /home/minsuje/ros2_ws/build/dsr_bringup2/build/lib/dsr_bringup2
[0.552s] copying dsr_bringup2/set_config.py -> /home/minsuje/ros2_ws/build/dsr_bringup2/build/lib/dsr_bringup2
[0.552s] copying dsr_bringup2/run_emulator.py -> /home/minsuje/ros2_ws/build/dsr_bringup2/build/lib/dsr_bringup2
[0.552s] copying dsr_bringup2/__init__.py -> /home/minsuje/ros2_ws/build/dsr_bringup2/build/lib/dsr_bringup2
[0.553s] copying dsr_bringup2/moveit_connection.py -> /home/minsuje/ros2_ws/build/dsr_bringup2/build/lib/dsr_bringup2
[0.553s] copying dsr_bringup2/gazebo_connection_pos.py -> /home/minsuje/ros2_ws/build/dsr_bringup2/build/lib/dsr_bringup2
[0.553s] copying dsr_bringup2/gazebo_connection.py -> /home/minsuje/ros2_ws/build/dsr_bringup2/build/lib/dsr_bringup2
[0.553s] running install
[0.553s] running install_lib
[0.553s] creating /home/minsuje/ros2_ws/install/dsr_bringup2/lib/python3.10/site-packages/dsr_bringup2
[0.553s] copying /home/minsuje/ros2_ws/build/dsr_bringup2/build/lib/dsr_bringup2/set_config.py -> /home/minsuje/ros2_ws/install/dsr_bringup2/lib/python3.10/site-packages/dsr_bringup2
[0.553s] copying /home/minsuje/ros2_ws/build/dsr_bringup2/build/lib/dsr_bringup2/run_emulator.py -> /home/minsuje/ros2_ws/install/dsr_bringup2/lib/python3.10/site-packages/dsr_bringup2
[0.553s] copying /home/minsuje/ros2_ws/build/dsr_bringup2/build/lib/dsr_bringup2/__init__.py -> /home/minsuje/ros2_ws/install/dsr_bringup2/lib/python3.10/site-packages/dsr_bringup2
[0.553s] copying /home/minsuje/ros2_ws/build/dsr_bringup2/build/lib/dsr_bringup2/moveit_connection.py -> /home/minsuje/ros2_ws/install/dsr_bringup2/lib/python3.10/site-packages/dsr_bringup2
[0.553s] copying /home/minsuje/ros2_ws/build/dsr_bringup2/build/lib/dsr_bringup2/gazebo_connection_pos.py -> /home/minsuje/ros2_ws/install/dsr_bringup2/lib/python3.10/site-packages/dsr_bringup2
[0.553s] copying /home/minsuje/ros2_ws/build/dsr_bringup2/build/lib/dsr_bringup2/gazebo_connection.py -> /home/minsuje/ros2_ws/install/dsr_bringup2/lib/python3.10/site-packages/dsr_bringup2
[0.553s] byte-compiling /home/minsuje/ros2_ws/install/dsr_bringup2/lib/python3.10/site-packages/dsr_bringup2/set_config.py to set_config.cpython-310.pyc
[0.554s] byte-compiling /home/minsuje/ros2_ws/install/dsr_bringup2/lib/python3.10/site-packages/dsr_bringup2/run_emulator.py to run_emulator.cpython-310.pyc
[0.554s] byte-compiling /home/minsuje/ros2_ws/install/dsr_bringup2/lib/python3.10/site-packages/dsr_bringup2/__init__.py to __init__.cpython-310.pyc
[0.554s] byte-compiling /home/minsuje/ros2_ws/install/dsr_bringup2/lib/python3.10/site-packages/dsr_bringup2/moveit_connection.py to moveit_connection.cpython-310.pyc
[0.554s] byte-compiling /home/minsuje/ros2_ws/install/dsr_bringup2/lib/python3.10/site-packages/dsr_bringup2/gazebo_connection_pos.py to gazebo_connection_pos.cpython-310.pyc
[0.554s] byte-compiling /home/minsuje/ros2_ws/install/dsr_bringup2/lib/python3.10/site-packages/dsr_bringup2/gazebo_connection.py to gazebo_connection.cpython-310.pyc
[0.555s] running install_data
[0.555s] creating /home/minsuje/ros2_ws/install/dsr_bringup2/share/ament_index
[0.555s] creating /home/minsuje/ros2_ws/install/dsr_bringup2/share/ament_index/resource_index
[0.555s] creating /home/minsuje/ros2_ws/install/dsr_bringup2/share/ament_index/resource_index/packages
[0.555s] copying resource/dsr_bringup2 -> /home/minsuje/ros2_ws/install/dsr_bringup2/share/ament_index/resource_index/packages
[0.555s] copying package.xml -> /home/minsuje/ros2_ws/install/dsr_bringup2/share/dsr_bringup2
[0.555s] creating /home/minsuje/ros2_ws/install/dsr_bringup2/share/dsr_bringup2/launch
[0.555s] copying launch/dsr_bringup2_rviz.launch.py -> /home/minsuje/ros2_ws/install/dsr_bringup2/share/dsr_bringup2/launch
[0.555s] copying launch/dsr_bringup2_moveit.launch.py -> /home/minsuje/ros2_ws/install/dsr_bringup2/share/dsr_bringup2/launch
[0.555s] copying launch/dsr_bringup2_gazebo.launch.py -> /home/minsuje/ros2_ws/install/dsr_bringup2/share/dsr_bringup2/launch
[0.555s] copying launch/dsr_bringup2_spawn_on_gazebo.launch.py -> /home/minsuje/ros2_ws/install/dsr_bringup2/share/dsr_bringup2/launch
[0.555s] creating /home/minsuje/ros2_ws/install/dsr_bringup2/share/dsr_bringup2/rviz
[0.555s] copying rviz/default.rviz -> /home/minsuje/ros2_ws/install/dsr_bringup2/share/dsr_bringup2/rviz
[0.555s] running install_egg_info
[0.556s] Copying ../../../build/dsr_bringup2/dsr_bringup2.egg-info to /home/minsuje/ros2_ws/install/dsr_bringup2/lib/python3.10/site-packages/dsr_bringup2-0.1.2-py3.10.egg-info
[0.556s] running install_scripts
[0.567s] Installing gazebo_connection script to /home/minsuje/ros2_ws/install/dsr_bringup2/lib/dsr_bringup2
[0.567s] Installing moveit_connection script to /home/minsuje/ros2_ws/install/dsr_bringup2/lib/dsr_bringup2
[0.568s] Installing run_emulator script to /home/minsuje/ros2_ws/install/dsr_bringup2/lib/dsr_bringup2
[0.568s] Installing set_config script to /home/minsuje/ros2_ws/install/dsr_bringup2/lib/dsr_bringup2
[0.568s] writing list of installed files to '/home/minsuje/ros2_ws/build/dsr_bringup2/install.log'
[0.581s] Invoked command in '/home/minsuje/ros2_ws/src/DoosanBootcamInt1/dsr_bringup2' returned '0': AMENT_PREFIX_PATH=/home/minsuje/ros2_ws/install/dsr_msgs2:${AMENT_PREFIX_PATH} CMAKE_PREFIX_PATH=/home/minsuje/ros2_ws/install/dsr_msgs2 LD_LIBRARY_PATH=/home/minsuje/ros2_ws/install/dsr_msgs2/lib:${LD_LIBRARY_PATH} PYTHONPATH=/home/minsuje/ros2_ws/build/dsr_bringup2/prefix_override:/usr/lib/python3/dist-packages/colcon_core/task/python/colcon_distutils_commands:/home/minsuje/ros2_ws/install/dsr_bringup2/lib/python3.10/site-packages:/home/minsuje/ros2_ws/install/dsr_msgs2/local/lib/python3.10/dist-packages:${PYTHONPATH} /usr/bin/python3 -W ignore:setup.py install is deprecated -W ignore:easy_install command is deprecated setup.py egg_info --egg-base ../../../build/dsr_bringup2 build --build-base /home/minsuje/ros2_ws/build/dsr_bringup2/build install --record /home/minsuje/ros2_ws/build/dsr_bringup2/install.log --single-version-externally-managed install_data
