[0.074s] Invoking command in '/home/minsuje/turtlebot3_ws/build/turtlebot3_msgs': CMAKE_PREFIX_PATH=/home/minsuje/turtlebot3_ws/install/turtlebot3:/home/minsuje/turtlebot3_ws/install/turtlebot3_simulations:/home/minsuje/turtlebot3_ws/install/turtlebot3_bringup:/home/minsuje/turtlebot3_ws/install/turtlebot3_node:/home/minsuje/turtlebot3_ws/install/turtlebot3_navigation2:/home/minsuje/turtlebot3_ws/install/turtlebot3_fake_node:/home/minsuje/turtlebot3_ws/install/turtlebot3_msgs:/home/minsuje/turtlebot3_ws/install/turtlebot3_manipulation:/home/minsuje/turtlebot3_ws/install/turtlebot3_manipulation_teleop:/home/minsuje/turtlebot3_ws/install/turtlebot3_manipulation_navigation2:/home/minsuje/turtlebot3_ws/install/turtlebot3_manipulation_moveit_config:/home/minsuje/turtlebot3_ws/install/turtlebot3_manipulation_hardware:/home/minsuje/turtlebot3_ws/install/turtlebot3_manipulation_gazebo:/home/minsuje/turtlebot3_ws/install/turtlebot3_manipulation_bringup:/home/minsuje/turtlebot3_ws/install/turtlebot3_manipulation_description:/home/minsuje/turtlebot3_ws/install/turtlebot3_manipulation_cartographer:/home/minsuje/turtlebot3_ws/install/turtlebot3_gazebo:/home/minsuje/turtlebot3_ws/install/turtlebot3_description:/home/minsuje/turtlebot3_ws/install/turtlebot3_cartographer:/home/minsuje/turtlebot3_ws/install/turtlebot3_autorace:/home/minsuje/turtlebot3_ws/install/open_manipulator:/home/minsuje/turtlebot3_ws/install/open_manipulator_x_teleop:/home/minsuje/turtlebot3_ws/install/open_manipulator_x_playground:/home/minsuje/turtlebot3_ws/install/open_manipulator_x_moveit_config:/home/minsuje/turtlebot3_ws/install/open_manipulator_x_gui:/home/minsuje/turtlebot3_ws/install/open_manipulator_x_bringup:/home/minsuje/turtlebot3_ws/install/open_manipulator_x_description:/home/minsuje/turtlebot3_ws/install/dynamixel_sdk_examples:/home/minsuje/turtlebot3_ws/install/dynamixel_sdk_custom_interfaces:/home/minsuje/turtlebot3_ws/install/dynamixel_sdk:/home/minsuje/turtlebot3_ws/install/car_odom:/home/minsuje/turtlebot3_ws/install/arm_odom:/home/minsuje/turtlebot3_ws/install/urdf_tutorial:/home/minsuje/turtlebot3_ws/install/turtlebot3_teleop:/home/minsuje/turtlebot3_ws/install/turtlebot3_example:/home/minsuje/turtlebot3_ws/install/turtlebot3_autorace_mission:/home/minsuje/turtlebot3_ws/install/turtlebot3_autorace_detect:/home/minsuje/turtlebot3_ws/install/turtlebot3_autorace_camera:/home/minsuje/turtlebot3_ws/install/sim_tutorial:/home/minsuje/turtlebot3_ws/install/car_tutorial:/home/minsuje/turtlebot3_ws/install/arm_tutorial:/home/minsuje/ws_urdf/install/urdf_tutorial:/home/minsuje/ros2_ws/install/rokey:/home/minsuje/ros2_ws/install/pick_and_place_voice:/home/minsuje/ros2_ws/install/pick_and_place_text:/home/minsuje/ros2_ws/install/my_service_pkg:/home/minsuje/ros2_ws/install/dsr_visualservoing:/home/minsuje/ros2_ws/install/dsr_tests:/home/minsuje/ros2_ws/install/dsr_bringup2:/home/minsuje/ros2_ws/install/dsr_example:/opt/ros/humble:/home/minsuje/ros2_ws/install/od_msg:/home/minsuje/ros2_ws/install/my_interfaces:/home/minsuje/ros2_ws/install/dsr_realtime_control:/home/minsuje/ros2_ws/install/dsr_controller2:/home/minsuje/ros2_ws/install/dsr_msgs2:/home/minsuje/ros2_ws/install/dsr_moveit_config_p3020:/home/minsuje/ros2_ws/install/dsr_moveit_config_m1509:/home/minsuje/ros2_ws/install/dsr_moveit_config_m1013:/home/minsuje/ros2_ws/install/dsr_moveit_config_m0617:/home/minsuje/ros2_ws/install/dsr_moveit_config_m0609:/home/minsuje/ros2_ws/install/dsr_moveit_config_h2515:/home/minsuje/ros2_ws/install/dsr_moveit_config_h2017:/home/minsuje/ros2_ws/install/dsr_moveit_config_e0509:/home/minsuje/ros2_ws/install/dsr_moveit_config_a0912:/home/minsuje/ros2_ws/install/dsr_moveit_config_a0509:/home/minsuje/ros2_ws/install/dsr_hardware2:/home/minsuje/ros2_ws/install/dsr_gazebo2:/home/minsuje/ros2_ws/install/dsr_description2:/home/minsuje/ros2_ws/install/dsr_common2:/home/minsuje/ros2_ws/install/custom_pkg_srv_test:/home/minsuje/ros2_ws/install/custom_msgs /usr/bin/cmake /home/minsuje/turtlebot3_ws/src/turtlebot3_msgs -DAMENT_CMAKE_SYMLINK_INSTALL=1 -DCMAKE_INSTALL_PREFIX=/home/minsuje/turtlebot3_ws/install/turtlebot3_msgs
[1.846s] -- The C compiler identification is GNU 11.4.0
[1.847s] -- The CXX compiler identification is GNU 11.4.0
[1.847s] -- Detecting C compiler ABI info
[1.847s] -- Detecting C compiler ABI info - done
[1.847s] -- Check for working C compiler: /usr/bin/cc - skipped
[1.847s] -- Detecting C compile features
[1.847s] -- Detecting C compile features - done
[1.847s] -- Detecting CXX compiler ABI info
[1.847s] -- Detecting CXX compiler ABI info - done
[1.847s] -- Check for working CXX compiler: /usr/bin/c++ - skipped
[1.847s] -- Detecting CXX compile features
[1.848s] -- Detecting CXX compile features - done
[1.848s] -- Found action_msgs: 1.2.1 (/opt/ros/humble/share/action_msgs/cmake)
[1.848s] -- Found Python3: /usr/bin/python3 (found version "3.10.12") found components: Interpreter 
[1.848s] -- Override CMake install command with custom implementation using symlinks instead of copying resources
[1.848s] -- Found rosidl_generator_c: 3.1.6 (/opt/ros/humble/share/rosidl_generator_c/cmake)
[1.848s] -- Found rosidl_adapter: 3.1.6 (/opt/ros/humble/share/rosidl_adapter/cmake)
[1.848s] -- Found rosidl_generator_cpp: 3.1.6 (/opt/ros/humble/share/rosidl_generator_cpp/cmake)
[1.848s] -- Using all available rosidl_typesupport_c: rosidl_typesupport_fastrtps_c;rosidl_typesupport_introspection_c
[1.848s] -- Using all available rosidl_typesupport_cpp: rosidl_typesupport_fastrtps_cpp;rosidl_typesupport_introspection_cpp
[1.848s] -- Found rosidl_default_generators: 1.2.0 (/opt/ros/humble/share/rosidl_default_generators/cmake)
[1.848s] -- Found std_msgs: 4.9.0 (/opt/ros/humble/share/std_msgs/cmake)
[1.848s] -- Found geometry_msgs: 4.9.0 (/opt/ros/humble/share/geometry_msgs/cmake)
[1.848s] -- Found ament_cmake_cppcheck: 0.12.12 (/opt/ros/humble/share/ament_cmake_cppcheck/cmake)
[1.848s] -- Found ament_cmake_cpplint: 0.12.12 (/opt/ros/humble/share/ament_cmake_cpplint/cmake)
[1.848s] -- Found ament_cmake_uncrustify: 0.12.12 (/opt/ros/humble/share/ament_cmake_uncrustify/cmake)
[1.848s] -- Found ament_cmake_ros: 0.10.0 (/opt/ros/humble/share/ament_cmake_ros/cmake)
[1.848s] -- Using all available rosidl_typesupport_c: rosidl_typesupport_fastrtps_c;rosidl_typesupport_introspection_c
[1.848s] -- Using all available rosidl_typesupport_cpp: rosidl_typesupport_fastrtps_cpp;rosidl_typesupport_introspection_cpp
[1.848s] -- Found PythonInterp: /usr/bin/python3 (found suitable version "3.10.12", minimum required is "3.6") 
[1.848s] -- Found python_cmake_module: 0.10.0 (/opt/ros/humble/share/python_cmake_module/cmake)
[1.849s] -- Found PythonLibs: /usr/lib/x86_64-linux-gnu/libpython3.10.so (found suitable version "3.10.12", minimum required is "3.5") 
[1.849s] -- Using PYTHON_EXECUTABLE: /usr/bin/python3
[1.849s] -- Using PYTHON_INCLUDE_DIRS: /usr/include/python3.10
[1.849s] -- Using PYTHON_LIBRARIES: /usr/lib/x86_64-linux-gnu/libpython3.10.so
[1.849s] -- Found PythonExtra: .so  
[1.849s] -- Found ament_cmake_flake8: 0.12.12 (/opt/ros/humble/share/ament_cmake_flake8/cmake)
[1.849s] -- Found ament_cmake_pep257: 0.12.12 (/opt/ros/humble/share/ament_cmake_pep257/cmake)
[1.849s] -- Configuring done
[1.849s] -- Generating done
[1.849s] -- Build files have been written to: /home/minsuje/turtlebot3_ws/build/turtlebot3_msgs
[1.887s] Invoked command in '/home/minsuje/turtlebot3_ws/build/turtlebot3_msgs' returned '0': CMAKE_PREFIX_PATH=/home/minsuje/turtlebot3_ws/install/turtlebot3:/home/minsuje/turtlebot3_ws/install/turtlebot3_simulations:/home/minsuje/turtlebot3_ws/install/turtlebot3_bringup:/home/minsuje/turtlebot3_ws/install/turtlebot3_node:/home/minsuje/turtlebot3_ws/install/turtlebot3_navigation2:/home/minsuje/turtlebot3_ws/install/turtlebot3_fake_node:/home/minsuje/turtlebot3_ws/install/turtlebot3_msgs:/home/minsuje/turtlebot3_ws/install/turtlebot3_manipulation:/home/minsuje/turtlebot3_ws/install/turtlebot3_manipulation_teleop:/home/minsuje/turtlebot3_ws/install/turtlebot3_manipulation_navigation2:/home/minsuje/turtlebot3_ws/install/turtlebot3_manipulation_moveit_config:/home/minsuje/turtlebot3_ws/install/turtlebot3_manipulation_hardware:/home/minsuje/turtlebot3_ws/install/turtlebot3_manipulation_gazebo:/home/minsuje/turtlebot3_ws/install/turtlebot3_manipulation_bringup:/home/minsuje/turtlebot3_ws/install/turtlebot3_manipulation_description:/home/minsuje/turtlebot3_ws/install/turtlebot3_manipulation_cartographer:/home/minsuje/turtlebot3_ws/install/turtlebot3_gazebo:/home/minsuje/turtlebot3_ws/install/turtlebot3_description:/home/minsuje/turtlebot3_ws/install/turtlebot3_cartographer:/home/minsuje/turtlebot3_ws/install/turtlebot3_autorace:/home/minsuje/turtlebot3_ws/install/open_manipulator:/home/minsuje/turtlebot3_ws/install/open_manipulator_x_teleop:/home/minsuje/turtlebot3_ws/install/open_manipulator_x_playground:/home/minsuje/turtlebot3_ws/install/open_manipulator_x_moveit_config:/home/minsuje/turtlebot3_ws/install/open_manipulator_x_gui:/home/minsuje/turtlebot3_ws/install/open_manipulator_x_bringup:/home/minsuje/turtlebot3_ws/install/open_manipulator_x_description:/home/minsuje/turtlebot3_ws/install/dynamixel_sdk_examples:/home/minsuje/turtlebot3_ws/install/dynamixel_sdk_custom_interfaces:/home/minsuje/turtlebot3_ws/install/dynamixel_sdk:/home/minsuje/turtlebot3_ws/install/car_odom:/home/minsuje/turtlebot3_ws/install/arm_odom:/home/minsuje/turtlebot3_ws/install/urdf_tutorial:/home/minsuje/turtlebot3_ws/install/turtlebot3_teleop:/home/minsuje/turtlebot3_ws/install/turtlebot3_example:/home/minsuje/turtlebot3_ws/install/turtlebot3_autorace_mission:/home/minsuje/turtlebot3_ws/install/turtlebot3_autorace_detect:/home/minsuje/turtlebot3_ws/install/turtlebot3_autorace_camera:/home/minsuje/turtlebot3_ws/install/sim_tutorial:/home/minsuje/turtlebot3_ws/install/car_tutorial:/home/minsuje/turtlebot3_ws/install/arm_tutorial:/home/minsuje/ws_urdf/install/urdf_tutorial:/home/minsuje/ros2_ws/install/rokey:/home/minsuje/ros2_ws/install/pick_and_place_voice:/home/minsuje/ros2_ws/install/pick_and_place_text:/home/minsuje/ros2_ws/install/my_service_pkg:/home/minsuje/ros2_ws/install/dsr_visualservoing:/home/minsuje/ros2_ws/install/dsr_tests:/home/minsuje/ros2_ws/install/dsr_bringup2:/home/minsuje/ros2_ws/install/dsr_example:/opt/ros/humble:/home/minsuje/ros2_ws/install/od_msg:/home/minsuje/ros2_ws/install/my_interfaces:/home/minsuje/ros2_ws/install/dsr_realtime_control:/home/minsuje/ros2_ws/install/dsr_controller2:/home/minsuje/ros2_ws/install/dsr_msgs2:/home/minsuje/ros2_ws/install/dsr_moveit_config_p3020:/home/minsuje/ros2_ws/install/dsr_moveit_config_m1509:/home/minsuje/ros2_ws/install/dsr_moveit_config_m1013:/home/minsuje/ros2_ws/install/dsr_moveit_config_m0617:/home/minsuje/ros2_ws/install/dsr_moveit_config_m0609:/home/minsuje/ros2_ws/install/dsr_moveit_config_h2515:/home/minsuje/ros2_ws/install/dsr_moveit_config_h2017:/home/minsuje/ros2_ws/install/dsr_moveit_config_e0509:/home/minsuje/ros2_ws/install/dsr_moveit_config_a0912:/home/minsuje/ros2_ws/install/dsr_moveit_config_a0509:/home/minsuje/ros2_ws/install/dsr_hardware2:/home/minsuje/ros2_ws/install/dsr_gazebo2:/home/minsuje/ros2_ws/install/dsr_description2:/home/minsuje/ros2_ws/install/dsr_common2:/home/minsuje/ros2_ws/install/custom_pkg_srv_test:/home/minsuje/ros2_ws/install/custom_msgs /usr/bin/cmake /home/minsuje/turtlebot3_ws/src/turtlebot3_msgs -DAMENT_CMAKE_SYMLINK_INSTALL=1 -DCMAKE_INSTALL_PREFIX=/home/minsuje/turtlebot3_ws/install/turtlebot3_msgs
[1.888s] Invoking command in '/home/minsuje/turtlebot3_ws/build/turtlebot3_msgs': CMAKE_PREFIX_PATH=/home/minsuje/turtlebot3_ws/install/turtlebot3:/home/minsuje/turtlebot3_ws/install/turtlebot3_simulations:/home/minsuje/turtlebot3_ws/install/turtlebot3_bringup:/home/minsuje/turtlebot3_ws/install/turtlebot3_node:/home/minsuje/turtlebot3_ws/install/turtlebot3_navigation2:/home/minsuje/turtlebot3_ws/install/turtlebot3_fake_node:/home/minsuje/turtlebot3_ws/install/turtlebot3_msgs:/home/minsuje/turtlebot3_ws/install/turtlebot3_manipulation:/home/minsuje/turtlebot3_ws/install/turtlebot3_manipulation_teleop:/home/minsuje/turtlebot3_ws/install/turtlebot3_manipulation_navigation2:/home/minsuje/turtlebot3_ws/install/turtlebot3_manipulation_moveit_config:/home/minsuje/turtlebot3_ws/install/turtlebot3_manipulation_hardware:/home/minsuje/turtlebot3_ws/install/turtlebot3_manipulation_gazebo:/home/minsuje/turtlebot3_ws/install/turtlebot3_manipulation_bringup:/home/minsuje/turtlebot3_ws/install/turtlebot3_manipulation_description:/home/minsuje/turtlebot3_ws/install/turtlebot3_manipulation_cartographer:/home/minsuje/turtlebot3_ws/install/turtlebot3_gazebo:/home/minsuje/turtlebot3_ws/install/turtlebot3_description:/home/minsuje/turtlebot3_ws/install/turtlebot3_cartographer:/home/minsuje/turtlebot3_ws/install/turtlebot3_autorace:/home/minsuje/turtlebot3_ws/install/open_manipulator:/home/minsuje/turtlebot3_ws/install/open_manipulator_x_teleop:/home/minsuje/turtlebot3_ws/install/open_manipulator_x_playground:/home/minsuje/turtlebot3_ws/install/open_manipulator_x_moveit_config:/home/minsuje/turtlebot3_ws/install/open_manipulator_x_gui:/home/minsuje/turtlebot3_ws/install/open_manipulator_x_bringup:/home/minsuje/turtlebot3_ws/install/open_manipulator_x_description:/home/minsuje/turtlebot3_ws/install/dynamixel_sdk_examples:/home/minsuje/turtlebot3_ws/install/dynamixel_sdk_custom_interfaces:/home/minsuje/turtlebot3_ws/install/dynamixel_sdk:/home/minsuje/turtlebot3_ws/install/car_odom:/home/minsuje/turtlebot3_ws/install/arm_odom:/home/minsuje/turtlebot3_ws/install/urdf_tutorial:/home/minsuje/turtlebot3_ws/install/turtlebot3_teleop:/home/minsuje/turtlebot3_ws/install/turtlebot3_example:/home/minsuje/turtlebot3_ws/install/turtlebot3_autorace_mission:/home/minsuje/turtlebot3_ws/install/turtlebot3_autorace_detect:/home/minsuje/turtlebot3_ws/install/turtlebot3_autorace_camera:/home/minsuje/turtlebot3_ws/install/sim_tutorial:/home/minsuje/turtlebot3_ws/install/car_tutorial:/home/minsuje/turtlebot3_ws/install/arm_tutorial:/home/minsuje/ws_urdf/install/urdf_tutorial:/home/minsuje/ros2_ws/install/rokey:/home/minsuje/ros2_ws/install/pick_and_place_voice:/home/minsuje/ros2_ws/install/pick_and_place_text:/home/minsuje/ros2_ws/install/my_service_pkg:/home/minsuje/ros2_ws/install/dsr_visualservoing:/home/minsuje/ros2_ws/install/dsr_tests:/home/minsuje/ros2_ws/install/dsr_bringup2:/home/minsuje/ros2_ws/install/dsr_example:/opt/ros/humble:/home/minsuje/ros2_ws/install/od_msg:/home/minsuje/ros2_ws/install/my_interfaces:/home/minsuje/ros2_ws/install/dsr_realtime_control:/home/minsuje/ros2_ws/install/dsr_controller2:/home/minsuje/ros2_ws/install/dsr_msgs2:/home/minsuje/ros2_ws/install/dsr_moveit_config_p3020:/home/minsuje/ros2_ws/install/dsr_moveit_config_m1509:/home/minsuje/ros2_ws/install/dsr_moveit_config_m1013:/home/minsuje/ros2_ws/install/dsr_moveit_config_m0617:/home/minsuje/ros2_ws/install/dsr_moveit_config_m0609:/home/minsuje/ros2_ws/install/dsr_moveit_config_h2515:/home/minsuje/ros2_ws/install/dsr_moveit_config_h2017:/home/minsuje/ros2_ws/install/dsr_moveit_config_e0509:/home/minsuje/ros2_ws/install/dsr_moveit_config_a0912:/home/minsuje/ros2_ws/install/dsr_moveit_config_a0509:/home/minsuje/ros2_ws/install/dsr_hardware2:/home/minsuje/ros2_ws/install/dsr_gazebo2:/home/minsuje/ros2_ws/install/dsr_description2:/home/minsuje/ros2_ws/install/dsr_common2:/home/minsuje/ros2_ws/install/custom_pkg_srv_test:/home/minsuje/ros2_ws/install/custom_msgs /usr/bin/cmake --build /home/minsuje/turtlebot3_ws/build/turtlebot3_msgs -- -j32 -l32
[1.926s] [  1%] [34m[1mGenerating C code for ROS interfaces[0m
[1.935s] [  2%] [34m[1mGenerating C++ code for ROS interfaces[0m
[1.961s] [  2%] Built target ament_cmake_python_symlink_turtlebot3_msgs
[2.402s] running egg_info
[2.403s] creating turtlebot3_msgs.egg-info
[2.403s] writing turtlebot3_msgs.egg-info/PKG-INFO
[2.403s] writing dependency_links to turtlebot3_msgs.egg-info/dependency_links.txt
[2.404s] writing top-level names to turtlebot3_msgs.egg-info/top_level.txt
[2.404s] writing manifest file 'turtlebot3_msgs.egg-info/SOURCES.txt'
[2.407s] reading manifest file 'turtlebot3_msgs.egg-info/SOURCES.txt'
[2.407s] writing manifest file 'turtlebot3_msgs.egg-info/SOURCES.txt'
[2.448s] [  2%] Built target ament_cmake_python_build_turtlebot3_msgs_egg
[3.107s] [  2%] Built target turtlebot3_msgs__cpp
[3.112s] [  3%] [32mBuilding C object CMakeFiles/turtlebot3_msgs__rosidl_generator_c.dir/rosidl_generator_c/turtlebot3_msgs/msg/detail/sensor_state__functions.c.o[0m
[3.113s] [  5%] [32mBuilding C object CMakeFiles/turtlebot3_msgs__rosidl_generator_c.dir/rosidl_generator_c/turtlebot3_msgs/msg/detail/sound__functions.c.o[0m
[3.120s] [  7%] [32mBuilding C object CMakeFiles/turtlebot3_msgs__rosidl_generator_c.dir/rosidl_generator_c/turtlebot3_msgs/srv/detail/goal__functions.c.o[0m
[3.120s] [  7%] [32mBuilding C object CMakeFiles/turtlebot3_msgs__rosidl_generator_c.dir/rosidl_generator_c/turtlebot3_msgs/msg/detail/version_info__functions.c.o[0m
[3.121s] [  8%] [32mBuilding C object CMakeFiles/turtlebot3_msgs__rosidl_generator_c.dir/rosidl_generator_c/turtlebot3_msgs/srv/detail/sound__functions.c.o[0m
[3.125s] [ 10%] [34m[1mGenerating C++ type support for eProsima Fast-RTPS[0m
[3.129s] [ 11%] [34m[1mGenerating C++ introspection for ROS interfaces[0m
[3.133s] [ 12%] [34m[1mGenerating C++ type support dispatch for ROS interfaces[0m
[3.133s] [ 13%] [32mBuilding C object CMakeFiles/turtlebot3_msgs__rosidl_generator_c.dir/rosidl_generator_c/turtlebot3_msgs/action/detail/patrol__functions.c.o[0m
[3.133s] [ 15%] [32mBuilding C object CMakeFiles/turtlebot3_msgs__rosidl_generator_c.dir/rosidl_generator_c/turtlebot3_msgs/srv/detail/dqn__functions.c.o[0m
[3.283s] [ 16%] [32m[1mLinking C shared library libturtlebot3_msgs__rosidl_generator_c.so[0m
[3.341s] [ 16%] Built target turtlebot3_msgs__rosidl_generator_c
[3.359s] [ 18%] [34m[1mGenerating C introspection for ROS interfaces[0m
[3.359s] [ 18%] [34m[1mGenerating C type support dispatch for ROS interfaces[0m
[3.366s] [ 20%] [34m[1mGenerating C type support for eProsima Fast-RTPS[0m
[3.870s] [ 22%] [32mBuilding CXX object CMakeFiles/turtlebot3_msgs__rosidl_typesupport_cpp.dir/rosidl_typesupport_cpp/turtlebot3_msgs/msg/sound__type_support.cpp.o[0m
[3.871s] [ 22%] [32mBuilding CXX object CMakeFiles/turtlebot3_msgs__rosidl_typesupport_cpp.dir/rosidl_typesupport_cpp/turtlebot3_msgs/srv/sound__type_support.cpp.o[0m
[3.871s] [ 24%] [32mBuilding CXX object CMakeFiles/turtlebot3_msgs__rosidl_typesupport_cpp.dir/rosidl_typesupport_cpp/turtlebot3_msgs/msg/version_info__type_support.cpp.o[0m
[3.871s] [ 25%] [32mBuilding CXX object CMakeFiles/turtlebot3_msgs__rosidl_typesupport_cpp.dir/rosidl_typesupport_cpp/turtlebot3_msgs/srv/dqn__type_support.cpp.o[0m
[3.872s] [ 26%] [32mBuilding CXX object CMakeFiles/turtlebot3_msgs__rosidl_typesupport_cpp.dir/rosidl_typesupport_cpp/turtlebot3_msgs/srv/goal__type_support.cpp.o[0m
[3.876s] [ 29%] [32mBuilding CXX object CMakeFiles/turtlebot3_msgs__rosidl_typesupport_cpp.dir/rosidl_typesupport_cpp/turtlebot3_msgs/action/patrol__type_support.cpp.o[0m
[3.880s] [ 29%] [32mBuilding CXX object CMakeFiles/turtlebot3_msgs__rosidl_typesupport_cpp.dir/rosidl_typesupport_cpp/turtlebot3_msgs/msg/sensor_state__type_support.cpp.o[0m
[4.054s] [ 30%] [32mBuilding CXX object CMakeFiles/turtlebot3_msgs__rosidl_typesupport_introspection_cpp.dir/rosidl_typesupport_introspection_cpp/turtlebot3_msgs/msg/detail/sensor_state__type_support.cpp.o[0m
[4.057s] [ 31%] [32mBuilding CXX object CMakeFiles/turtlebot3_msgs__rosidl_typesupport_introspection_cpp.dir/rosidl_typesupport_introspection_cpp/turtlebot3_msgs/msg/detail/sound__type_support.cpp.o[0m
[4.059s] [ 32%] [32mBuilding CXX object CMakeFiles/turtlebot3_msgs__rosidl_typesupport_introspection_cpp.dir/rosidl_typesupport_introspection_cpp/turtlebot3_msgs/srv/detail/sound__type_support.cpp.o[0m
[4.062s] [ 34%] [32mBuilding CXX object CMakeFiles/turtlebot3_msgs__rosidl_typesupport_introspection_cpp.dir/rosidl_typesupport_introspection_cpp/turtlebot3_msgs/msg/detail/version_info__type_support.cpp.o[0m
[4.063s] [ 35%] [32mBuilding CXX object CMakeFiles/turtlebot3_msgs__rosidl_typesupport_introspection_cpp.dir/rosidl_typesupport_introspection_cpp/turtlebot3_msgs/srv/detail/goal__type_support.cpp.o[0m
[4.063s] [ 36%] [32mBuilding CXX object CMakeFiles/turtlebot3_msgs__rosidl_typesupport_introspection_cpp.dir/rosidl_typesupport_introspection_cpp/turtlebot3_msgs/action/detail/patrol__type_support.cpp.o[0m
[4.069s] [ 37%] [32mBuilding CXX object CMakeFiles/turtlebot3_msgs__rosidl_typesupport_introspection_cpp.dir/rosidl_typesupport_introspection_cpp/turtlebot3_msgs/srv/detail/dqn__type_support.cpp.o[0m
[4.085s] [ 39%] [32mBuilding CXX object CMakeFiles/turtlebot3_msgs__rosidl_typesupport_c.dir/rosidl_typesupport_c/turtlebot3_msgs/msg/sensor_state__type_support.cpp.o[0m
[4.087s] [ 40%] [32mBuilding CXX object CMakeFiles/turtlebot3_msgs__rosidl_typesupport_c.dir/rosidl_typesupport_c/turtlebot3_msgs/msg/version_info__type_support.cpp.o[0m
[4.090s] [ 41%] [32mBuilding CXX object CMakeFiles/turtlebot3_msgs__rosidl_typesupport_c.dir/rosidl_typesupport_c/turtlebot3_msgs/msg/sound__type_support.cpp.o[0m
[4.094s] [ 43%] [32mBuilding CXX object CMakeFiles/turtlebot3_msgs__rosidl_typesupport_c.dir/rosidl_typesupport_c/turtlebot3_msgs/srv/sound__type_support.cpp.o[0m
[4.102s] [ 44%] [32mBuilding CXX object CMakeFiles/turtlebot3_msgs__rosidl_typesupport_c.dir/rosidl_typesupport_c/turtlebot3_msgs/srv/dqn__type_support.cpp.o[0m
[4.105s] [ 45%] [32mBuilding CXX object CMakeFiles/turtlebot3_msgs__rosidl_typesupport_c.dir/rosidl_typesupport_c/turtlebot3_msgs/action/patrol__type_support.cpp.o[0m
[4.106s] [ 46%] [32mBuilding CXX object CMakeFiles/turtlebot3_msgs__rosidl_typesupport_c.dir/rosidl_typesupport_c/turtlebot3_msgs/srv/goal__type_support.cpp.o[0m
[4.127s] [ 48%] [32mBuilding CXX object CMakeFiles/turtlebot3_msgs__rosidl_typesupport_fastrtps_cpp.dir/rosidl_typesupport_fastrtps_cpp/turtlebot3_msgs/msg/detail/dds_fastrtps/sensor_state__type_support.cpp.o[0m
[4.137s] [ 49%] [32mBuilding CXX object CMakeFiles/turtlebot3_msgs__rosidl_typesupport_fastrtps_cpp.dir/rosidl_typesupport_fastrtps_cpp/turtlebot3_msgs/msg/detail/dds_fastrtps/sound__type_support.cpp.o[0m
[4.140s] [ 50%] [32mBuilding CXX object CMakeFiles/turtlebot3_msgs__rosidl_typesupport_fastrtps_cpp.dir/rosidl_typesupport_fastrtps_cpp/turtlebot3_msgs/srv/detail/dds_fastrtps/sound__type_support.cpp.o[0m
[4.142s] [ 51%] [32mBuilding CXX object CMakeFiles/turtlebot3_msgs__rosidl_typesupport_fastrtps_cpp.dir/rosidl_typesupport_fastrtps_cpp/turtlebot3_msgs/msg/detail/dds_fastrtps/version_info__type_support.cpp.o[0m
[4.144s] [ 53%] [32mBuilding CXX object CMakeFiles/turtlebot3_msgs__rosidl_typesupport_fastrtps_cpp.dir/rosidl_typesupport_fastrtps_cpp/turtlebot3_msgs/srv/detail/dds_fastrtps/goal__type_support.cpp.o[0m
[4.144s] [ 54%] [32mBuilding CXX object CMakeFiles/turtlebot3_msgs__rosidl_typesupport_fastrtps_cpp.dir/rosidl_typesupport_fastrtps_cpp/turtlebot3_msgs/srv/detail/dds_fastrtps/dqn__type_support.cpp.o[0m
[4.156s] [ 55%] [32mBuilding CXX object CMakeFiles/turtlebot3_msgs__rosidl_typesupport_fastrtps_cpp.dir/rosidl_typesupport_fastrtps_cpp/turtlebot3_msgs/action/detail/dds_fastrtps/patrol__type_support.cpp.o[0m
[4.205s] [ 56%] [32m[1mLinking CXX shared library libturtlebot3_msgs__rosidl_typesupport_c.so[0m
[4.228s] [ 58%] [32mBuilding C object CMakeFiles/turtlebot3_msgs__rosidl_typesupport_introspection_c.dir/rosidl_typesupport_introspection_c/turtlebot3_msgs/msg/detail/sensor_state__type_support.c.o[0m
[4.237s] [ 59%] [32mBuilding C object CMakeFiles/turtlebot3_msgs__rosidl_typesupport_introspection_c.dir/rosidl_typesupport_introspection_c/turtlebot3_msgs/msg/detail/version_info__type_support.c.o[0m
[4.241s] [ 60%] [32mBuilding C object CMakeFiles/turtlebot3_msgs__rosidl_typesupport_introspection_c.dir/rosidl_typesupport_introspection_c/turtlebot3_msgs/msg/detail/sound__type_support.c.o[0m
[4.241s] [ 62%] [32mBuilding C object CMakeFiles/turtlebot3_msgs__rosidl_typesupport_introspection_c.dir/rosidl_typesupport_introspection_c/turtlebot3_msgs/srv/detail/sound__type_support.c.o[0m
[4.250s] [ 63%] [32mBuilding C object CMakeFiles/turtlebot3_msgs__rosidl_typesupport_introspection_c.dir/rosidl_typesupport_introspection_c/turtlebot3_msgs/srv/detail/goal__type_support.c.o[0m
[4.258s] [ 64%] [32mBuilding CXX object CMakeFiles/turtlebot3_msgs__rosidl_typesupport_fastrtps_c.dir/rosidl_typesupport_fastrtps_c/turtlebot3_msgs/msg/detail/sensor_state__type_support_c.cpp.o[0m
[4.258s] [ 67%] [32mBuilding CXX object CMakeFiles/turtlebot3_msgs__rosidl_typesupport_fastrtps_c.dir/rosidl_typesupport_fastrtps_c/turtlebot3_msgs/msg/detail/sound__type_support_c.cpp.o[0m
[4.259s] [ 68%] [32mBuilding C object CMakeFiles/turtlebot3_msgs__rosidl_typesupport_introspection_c.dir/rosidl_typesupport_introspection_c/turtlebot3_msgs/srv/detail/dqn__type_support.c.o[0m
[4.260s] [ 69%] [32mBuilding CXX object CMakeFiles/turtlebot3_msgs__rosidl_typesupport_fastrtps_c.dir/rosidl_typesupport_fastrtps_c/turtlebot3_msgs/msg/detail/version_info__type_support_c.cpp.o[0m
[4.265s] [ 70%] [32mBuilding CXX object CMakeFiles/turtlebot3_msgs__rosidl_typesupport_fastrtps_c.dir/rosidl_typesupport_fastrtps_c/turtlebot3_msgs/srv/detail/sound__type_support_c.cpp.o[0m
[4.272s] [ 70%] [32mBuilding C object CMakeFiles/turtlebot3_msgs__rosidl_typesupport_introspection_c.dir/rosidl_typesupport_introspection_c/turtlebot3_msgs/action/detail/patrol__type_support.c.o[0m
[4.278s] [ 72%] [32mBuilding CXX object CMakeFiles/turtlebot3_msgs__rosidl_typesupport_fastrtps_c.dir/rosidl_typesupport_fastrtps_c/turtlebot3_msgs/srv/detail/dqn__type_support_c.cpp.o[0m
[4.278s] [ 73%] [32mBuilding CXX object CMakeFiles/turtlebot3_msgs__rosidl_typesupport_fastrtps_c.dir/rosidl_typesupport_fastrtps_c/turtlebot3_msgs/action/detail/patrol__type_support_c.cpp.o[0m
[4.280s] [ 74%] [32mBuilding CXX object CMakeFiles/turtlebot3_msgs__rosidl_typesupport_fastrtps_c.dir/rosidl_typesupport_fastrtps_c/turtlebot3_msgs/srv/detail/goal__type_support_c.cpp.o[0m
[4.303s] [ 74%] Built target turtlebot3_msgs__rosidl_typesupport_c
[4.329s] [ 75%] [32m[1mLinking CXX shared library libturtlebot3_msgs__rosidl_typesupport_cpp.so[0m
[4.342s] [ 77%] [32m[1mLinking C shared library libturtlebot3_msgs__rosidl_typesupport_introspection_c.so[0m
[4.402s] [ 77%] Built target turtlebot3_msgs__rosidl_typesupport_introspection_c
[4.403s] [ 77%] Built target turtlebot3_msgs__rosidl_typesupport_cpp
[4.758s] [ 78%] [32m[1mLinking CXX shared library libturtlebot3_msgs__rosidl_typesupport_introspection_cpp.so[0m
[4.789s] [ 79%] [32m[1mLinking CXX shared library libturtlebot3_msgs__rosidl_typesupport_fastrtps_cpp.so[0m
[4.804s] [ 81%] [32m[1mLinking CXX shared library libturtlebot3_msgs__rosidl_typesupport_fastrtps_c.so[0m
[4.805s] [ 81%] Built target turtlebot3_msgs__rosidl_typesupport_introspection_cpp
[4.840s] [ 81%] Built target turtlebot3_msgs__rosidl_typesupport_fastrtps_cpp
[4.852s] [ 81%] Built target turtlebot3_msgs__rosidl_typesupport_fastrtps_c
[4.865s] [ 81%] Built target turtlebot3_msgs
[4.881s] [ 82%] [34m[1mGenerating Python code for ROS interfaces[0m
[5.997s] [ 82%] Built target turtlebot3_msgs__py
[6.018s] [ 87%] [32mBuilding C object CMakeFiles/turtlebot3_msgs__rosidl_generator_py.dir/rosidl_generator_py/turtlebot3_msgs/srv/_sound_s.c.o[0m
[6.018s] [ 87%] [32mBuilding C object CMakeFiles/turtlebot3_msgs__rosidl_generator_py.dir/rosidl_generator_py/turtlebot3_msgs/msg/_version_info_s.c.o[0m
[6.018s] [ 87%] [32mBuilding C object CMakeFiles/turtlebot3_msgs__rosidl_generator_py.dir/rosidl_generator_py/turtlebot3_msgs/srv/_goal_s.c.o[0m
[6.018s] [ 87%] [32mBuilding C object CMakeFiles/turtlebot3_msgs__rosidl_generator_py.dir/rosidl_generator_py/turtlebot3_msgs/msg/_sensor_state_s.c.o[0m
[6.018s] [ 88%] [32mBuilding C object CMakeFiles/turtlebot3_msgs__rosidl_generator_py.dir/rosidl_generator_py/turtlebot3_msgs/srv/_dqn_s.c.o[0m
[6.018s] [ 89%] [32mBuilding C object CMakeFiles/turtlebot3_msgs__rosidl_generator_py.dir/rosidl_generator_py/turtlebot3_msgs/action/_patrol_s.c.o[0m
[6.023s] [ 91%] [32mBuilding C object CMakeFiles/turtlebot3_msgs__rosidl_generator_py.dir/rosidl_generator_py/turtlebot3_msgs/msg/_sound_s.c.o[0m
[6.147s] [ 92%] [32m[1mLinking C shared library rosidl_generator_py/turtlebot3_msgs/libturtlebot3_msgs__rosidl_generator_py.so[0m
[6.180s] [ 92%] Built target turtlebot3_msgs__rosidl_generator_py
[6.194s] [ 93%] [32mBuilding C object CMakeFiles/turtlebot3_msgs__rosidl_typesupport_introspection_c__pyext.dir/rosidl_generator_py/turtlebot3_msgs/_turtlebot3_msgs_s.ep.rosidl_typesupport_introspection_c.c.o[0m
[6.201s] [ 96%] [32mBuilding C object CMakeFiles/turtlebot3_msgs__rosidl_typesupport_c__pyext.dir/rosidl_generator_py/turtlebot3_msgs/_turtlebot3_msgs_s.ep.rosidl_typesupport_c.c.o[0m
[6.201s] [ 96%] [32mBuilding C object CMakeFiles/turtlebot3_msgs__rosidl_typesupport_fastrtps_c__pyext.dir/rosidl_generator_py/turtlebot3_msgs/_turtlebot3_msgs_s.ep.rosidl_typesupport_fastrtps_c.c.o[0m
[6.275s] [ 97%] [32m[1mLinking C shared library rosidl_generator_py/turtlebot3_msgs/turtlebot3_msgs_s__rosidl_typesupport_introspection_c.cpython-310-x86_64-linux-gnu.so[0m
[6.302s] [ 97%] Built target turtlebot3_msgs__rosidl_typesupport_introspection_c__pyext
[6.327s] [ 98%] [32m[1mLinking C shared library rosidl_generator_py/turtlebot3_msgs/turtlebot3_msgs_s__rosidl_typesupport_fastrtps_c.cpython-310-x86_64-linux-gnu.so[0m
[6.332s] [100%] [32m[1mLinking C shared library rosidl_generator_py/turtlebot3_msgs/turtlebot3_msgs_s__rosidl_typesupport_c.cpython-310-x86_64-linux-gnu.so[0m
[6.361s] [100%] Built target turtlebot3_msgs__rosidl_typesupport_fastrtps_c__pyext
[6.370s] [100%] Built target turtlebot3_msgs__rosidl_typesupport_c__pyext
[6.380s] Invoked command in '/home/minsuje/turtlebot3_ws/build/turtlebot3_msgs' returned '0': CMAKE_PREFIX_PATH=/home/minsuje/turtlebot3_ws/install/turtlebot3:/home/minsuje/turtlebot3_ws/install/turtlebot3_simulations:/home/minsuje/turtlebot3_ws/install/turtlebot3_bringup:/home/minsuje/turtlebot3_ws/install/turtlebot3_node:/home/minsuje/turtlebot3_ws/install/turtlebot3_navigation2:/home/minsuje/turtlebot3_ws/install/turtlebot3_fake_node:/home/minsuje/turtlebot3_ws/install/turtlebot3_msgs:/home/minsuje/turtlebot3_ws/install/turtlebot3_manipulation:/home/minsuje/turtlebot3_ws/install/turtlebot3_manipulation_teleop:/home/minsuje/turtlebot3_ws/install/turtlebot3_manipulation_navigation2:/home/minsuje/turtlebot3_ws/install/turtlebot3_manipulation_moveit_config:/home/minsuje/turtlebot3_ws/install/turtlebot3_manipulation_hardware:/home/minsuje/turtlebot3_ws/install/turtlebot3_manipulation_gazebo:/home/minsuje/turtlebot3_ws/install/turtlebot3_manipulation_bringup:/home/minsuje/turtlebot3_ws/install/turtlebot3_manipulation_description:/home/minsuje/turtlebot3_ws/install/turtlebot3_manipulation_cartographer:/home/minsuje/turtlebot3_ws/install/turtlebot3_gazebo:/home/minsuje/turtlebot3_ws/install/turtlebot3_description:/home/minsuje/turtlebot3_ws/install/turtlebot3_cartographer:/home/minsuje/turtlebot3_ws/install/turtlebot3_autorace:/home/minsuje/turtlebot3_ws/install/open_manipulator:/home/minsuje/turtlebot3_ws/install/open_manipulator_x_teleop:/home/minsuje/turtlebot3_ws/install/open_manipulator_x_playground:/home/minsuje/turtlebot3_ws/install/open_manipulator_x_moveit_config:/home/minsuje/turtlebot3_ws/install/open_manipulator_x_gui:/home/minsuje/turtlebot3_ws/install/open_manipulator_x_bringup:/home/minsuje/turtlebot3_ws/install/open_manipulator_x_description:/home/minsuje/turtlebot3_ws/install/dynamixel_sdk_examples:/home/minsuje/turtlebot3_ws/install/dynamixel_sdk_custom_interfaces:/home/minsuje/turtlebot3_ws/install/dynamixel_sdk:/home/minsuje/turtlebot3_ws/install/car_odom:/home/minsuje/turtlebot3_ws/install/arm_odom:/home/minsuje/turtlebot3_ws/install/urdf_tutorial:/home/minsuje/turtlebot3_ws/install/turtlebot3_teleop:/home/minsuje/turtlebot3_ws/install/turtlebot3_example:/home/minsuje/turtlebot3_ws/install/turtlebot3_autorace_mission:/home/minsuje/turtlebot3_ws/install/turtlebot3_autorace_detect:/home/minsuje/turtlebot3_ws/install/turtlebot3_autorace_camera:/home/minsuje/turtlebot3_ws/install/sim_tutorial:/home/minsuje/turtlebot3_ws/install/car_tutorial:/home/minsuje/turtlebot3_ws/install/arm_tutorial:/home/minsuje/ws_urdf/install/urdf_tutorial:/home/minsuje/ros2_ws/install/rokey:/home/minsuje/ros2_ws/install/pick_and_place_voice:/home/minsuje/ros2_ws/install/pick_and_place_text:/home/minsuje/ros2_ws/install/my_service_pkg:/home/minsuje/ros2_ws/install/dsr_visualservoing:/home/minsuje/ros2_ws/install/dsr_tests:/home/minsuje/ros2_ws/install/dsr_bringup2:/home/minsuje/ros2_ws/install/dsr_example:/opt/ros/humble:/home/minsuje/ros2_ws/install/od_msg:/home/minsuje/ros2_ws/install/my_interfaces:/home/minsuje/ros2_ws/install/dsr_realtime_control:/home/minsuje/ros2_ws/install/dsr_controller2:/home/minsuje/ros2_ws/install/dsr_msgs2:/home/minsuje/ros2_ws/install/dsr_moveit_config_p3020:/home/minsuje/ros2_ws/install/dsr_moveit_config_m1509:/home/minsuje/ros2_ws/install/dsr_moveit_config_m1013:/home/minsuje/ros2_ws/install/dsr_moveit_config_m0617:/home/minsuje/ros2_ws/install/dsr_moveit_config_m0609:/home/minsuje/ros2_ws/install/dsr_moveit_config_h2515:/home/minsuje/ros2_ws/install/dsr_moveit_config_h2017:/home/minsuje/ros2_ws/install/dsr_moveit_config_e0509:/home/minsuje/ros2_ws/install/dsr_moveit_config_a0912:/home/minsuje/ros2_ws/install/dsr_moveit_config_a0509:/home/minsuje/ros2_ws/install/dsr_hardware2:/home/minsuje/ros2_ws/install/dsr_gazebo2:/home/minsuje/ros2_ws/install/dsr_description2:/home/minsuje/ros2_ws/install/dsr_common2:/home/minsuje/ros2_ws/install/custom_pkg_srv_test:/home/minsuje/ros2_ws/install/custom_msgs /usr/bin/cmake --build /home/minsuje/turtlebot3_ws/build/turtlebot3_msgs -- -j32 -l32
[6.382s] Invoking command in '/home/minsuje/turtlebot3_ws/build/turtlebot3_msgs': CMAKE_PREFIX_PATH=/home/minsuje/turtlebot3_ws/install/turtlebot3:/home/minsuje/turtlebot3_ws/install/turtlebot3_simulations:/home/minsuje/turtlebot3_ws/install/turtlebot3_bringup:/home/minsuje/turtlebot3_ws/install/turtlebot3_node:/home/minsuje/turtlebot3_ws/install/turtlebot3_navigation2:/home/minsuje/turtlebot3_ws/install/turtlebot3_fake_node:/home/minsuje/turtlebot3_ws/install/turtlebot3_msgs:/home/minsuje/turtlebot3_ws/install/turtlebot3_manipulation:/home/minsuje/turtlebot3_ws/install/turtlebot3_manipulation_teleop:/home/minsuje/turtlebot3_ws/install/turtlebot3_manipulation_navigation2:/home/minsuje/turtlebot3_ws/install/turtlebot3_manipulation_moveit_config:/home/minsuje/turtlebot3_ws/install/turtlebot3_manipulation_hardware:/home/minsuje/turtlebot3_ws/install/turtlebot3_manipulation_gazebo:/home/minsuje/turtlebot3_ws/install/turtlebot3_manipulation_bringup:/home/minsuje/turtlebot3_ws/install/turtlebot3_manipulation_description:/home/minsuje/turtlebot3_ws/install/turtlebot3_manipulation_cartographer:/home/minsuje/turtlebot3_ws/install/turtlebot3_gazebo:/home/minsuje/turtlebot3_ws/install/turtlebot3_description:/home/minsuje/turtlebot3_ws/install/turtlebot3_cartographer:/home/minsuje/turtlebot3_ws/install/turtlebot3_autorace:/home/minsuje/turtlebot3_ws/install/open_manipulator:/home/minsuje/turtlebot3_ws/install/open_manipulator_x_teleop:/home/minsuje/turtlebot3_ws/install/open_manipulator_x_playground:/home/minsuje/turtlebot3_ws/install/open_manipulator_x_moveit_config:/home/minsuje/turtlebot3_ws/install/open_manipulator_x_gui:/home/minsuje/turtlebot3_ws/install/open_manipulator_x_bringup:/home/minsuje/turtlebot3_ws/install/open_manipulator_x_description:/home/minsuje/turtlebot3_ws/install/dynamixel_sdk_examples:/home/minsuje/turtlebot3_ws/install/dynamixel_sdk_custom_interfaces:/home/minsuje/turtlebot3_ws/install/dynamixel_sdk:/home/minsuje/turtlebot3_ws/install/car_odom:/home/minsuje/turtlebot3_ws/install/arm_odom:/home/minsuje/turtlebot3_ws/install/urdf_tutorial:/home/minsuje/turtlebot3_ws/install/turtlebot3_teleop:/home/minsuje/turtlebot3_ws/install/turtlebot3_example:/home/minsuje/turtlebot3_ws/install/turtlebot3_autorace_mission:/home/minsuje/turtlebot3_ws/install/turtlebot3_autorace_detect:/home/minsuje/turtlebot3_ws/install/turtlebot3_autorace_camera:/home/minsuje/turtlebot3_ws/install/sim_tutorial:/home/minsuje/turtlebot3_ws/install/car_tutorial:/home/minsuje/turtlebot3_ws/install/arm_tutorial:/home/minsuje/ws_urdf/install/urdf_tutorial:/home/minsuje/ros2_ws/install/rokey:/home/minsuje/ros2_ws/install/pick_and_place_voice:/home/minsuje/ros2_ws/install/pick_and_place_text:/home/minsuje/ros2_ws/install/my_service_pkg:/home/minsuje/ros2_ws/install/dsr_visualservoing:/home/minsuje/ros2_ws/install/dsr_tests:/home/minsuje/ros2_ws/install/dsr_bringup2:/home/minsuje/ros2_ws/install/dsr_example:/opt/ros/humble:/home/minsuje/ros2_ws/install/od_msg:/home/minsuje/ros2_ws/install/my_interfaces:/home/minsuje/ros2_ws/install/dsr_realtime_control:/home/minsuje/ros2_ws/install/dsr_controller2:/home/minsuje/ros2_ws/install/dsr_msgs2:/home/minsuje/ros2_ws/install/dsr_moveit_config_p3020:/home/minsuje/ros2_ws/install/dsr_moveit_config_m1509:/home/minsuje/ros2_ws/install/dsr_moveit_config_m1013:/home/minsuje/ros2_ws/install/dsr_moveit_config_m0617:/home/minsuje/ros2_ws/install/dsr_moveit_config_m0609:/home/minsuje/ros2_ws/install/dsr_moveit_config_h2515:/home/minsuje/ros2_ws/install/dsr_moveit_config_h2017:/home/minsuje/ros2_ws/install/dsr_moveit_config_e0509:/home/minsuje/ros2_ws/install/dsr_moveit_config_a0912:/home/minsuje/ros2_ws/install/dsr_moveit_config_a0509:/home/minsuje/ros2_ws/install/dsr_hardware2:/home/minsuje/ros2_ws/install/dsr_gazebo2:/home/minsuje/ros2_ws/install/dsr_description2:/home/minsuje/ros2_ws/install/dsr_common2:/home/minsuje/ros2_ws/install/custom_pkg_srv_test:/home/minsuje/ros2_ws/install/custom_msgs /usr/bin/cmake --install /home/minsuje/turtlebot3_ws/build/turtlebot3_msgs
[6.390s] -- Install configuration: ""
[6.390s] -- Execute custom install script
[6.390s] -- Symlinking: /home/minsuje/turtlebot3_ws/install/turtlebot3_msgs/share/ament_index/resource_index/rosidl_interfaces/turtlebot3_msgs
[6.400s] -- Symlinking: /home/minsuje/turtlebot3_ws/install/turtlebot3_msgs/include/turtlebot3_msgs/turtlebot3_msgs/action/detail/patrol__functions.h
[6.406s] -- Symlinking: /home/minsuje/turtlebot3_ws/install/turtlebot3_msgs/include/turtlebot3_msgs/turtlebot3_msgs/action/detail/patrol__struct.h
[6.415s] -- Symlinking: /home/minsuje/turtlebot3_ws/install/turtlebot3_msgs/include/turtlebot3_msgs/turtlebot3_msgs/action/detail/patrol__type_support.h
[6.424s] -- Symlinking: /home/minsuje/turtlebot3_ws/install/turtlebot3_msgs/include/turtlebot3_msgs/turtlebot3_msgs/action/patrol.h
[6.432s] -- Symlinking: /home/minsuje/turtlebot3_ws/install/turtlebot3_msgs/include/turtlebot3_msgs/turtlebot3_msgs/msg/detail/sensor_state__functions.h
[6.441s] -- Symlinking: /home/minsuje/turtlebot3_ws/install/turtlebot3_msgs/include/turtlebot3_msgs/turtlebot3_msgs/msg/detail/sensor_state__struct.h
[6.447s] -- Symlinking: /home/minsuje/turtlebot3_ws/install/turtlebot3_msgs/include/turtlebot3_msgs/turtlebot3_msgs/msg/detail/sensor_state__type_support.h
[6.456s] -- Symlinking: /home/minsuje/turtlebot3_ws/install/turtlebot3_msgs/include/turtlebot3_msgs/turtlebot3_msgs/msg/detail/sound__functions.h
[6.464s] -- Symlinking: /home/minsuje/turtlebot3_ws/install/turtlebot3_msgs/include/turtlebot3_msgs/turtlebot3_msgs/msg/detail/sound__struct.h
[6.471s] -- Symlinking: /home/minsuje/turtlebot3_ws/install/turtlebot3_msgs/include/turtlebot3_msgs/turtlebot3_msgs/msg/detail/sound__type_support.h
[6.478s] -- Symlinking: /home/minsuje/turtlebot3_ws/install/turtlebot3_msgs/include/turtlebot3_msgs/turtlebot3_msgs/msg/detail/version_info__functions.h
[6.486s] -- Symlinking: /home/minsuje/turtlebot3_ws/install/turtlebot3_msgs/include/turtlebot3_msgs/turtlebot3_msgs/msg/detail/version_info__struct.h
[6.495s] -- Symlinking: /home/minsuje/turtlebot3_ws/install/turtlebot3_msgs/include/turtlebot3_msgs/turtlebot3_msgs/msg/detail/version_info__type_support.h
[6.502s] -- Symlinking: /home/minsuje/turtlebot3_ws/install/turtlebot3_msgs/include/turtlebot3_msgs/turtlebot3_msgs/msg/rosidl_generator_c__visibility_control.h
[6.510s] -- Symlinking: /home/minsuje/turtlebot3_ws/install/turtlebot3_msgs/include/turtlebot3_msgs/turtlebot3_msgs/msg/sensor_state.h
[6.519s] -- Symlinking: /home/minsuje/turtlebot3_ws/install/turtlebot3_msgs/include/turtlebot3_msgs/turtlebot3_msgs/msg/sound.h
[6.527s] -- Symlinking: /home/minsuje/turtlebot3_ws/install/turtlebot3_msgs/include/turtlebot3_msgs/turtlebot3_msgs/msg/version_info.h
[6.534s] -- Symlinking: /home/minsuje/turtlebot3_ws/install/turtlebot3_msgs/include/turtlebot3_msgs/turtlebot3_msgs/srv/detail/dqn__functions.h
[6.543s] -- Symlinking: /home/minsuje/turtlebot3_ws/install/turtlebot3_msgs/include/turtlebot3_msgs/turtlebot3_msgs/srv/detail/dqn__struct.h
[6.552s] -- Symlinking: /home/minsuje/turtlebot3_ws/install/turtlebot3_msgs/include/turtlebot3_msgs/turtlebot3_msgs/srv/detail/dqn__type_support.h
[6.561s] -- Symlinking: /home/minsuje/turtlebot3_ws/install/turtlebot3_msgs/include/turtlebot3_msgs/turtlebot3_msgs/srv/detail/goal__functions.h
[6.567s] -- Symlinking: /home/minsuje/turtlebot3_ws/install/turtlebot3_msgs/include/turtlebot3_msgs/turtlebot3_msgs/srv/detail/goal__struct.h
[6.575s] -- Symlinking: /home/minsuje/turtlebot3_ws/install/turtlebot3_msgs/include/turtlebot3_msgs/turtlebot3_msgs/srv/detail/goal__type_support.h
[6.584s] -- Symlinking: /home/minsuje/turtlebot3_ws/install/turtlebot3_msgs/include/turtlebot3_msgs/turtlebot3_msgs/srv/detail/sound__functions.h
[6.590s] -- Symlinking: /home/minsuje/turtlebot3_ws/install/turtlebot3_msgs/include/turtlebot3_msgs/turtlebot3_msgs/srv/detail/sound__struct.h
[6.598s] -- Symlinking: /home/minsuje/turtlebot3_ws/install/turtlebot3_msgs/include/turtlebot3_msgs/turtlebot3_msgs/srv/detail/sound__type_support.h
[6.607s] -- Symlinking: /home/minsuje/turtlebot3_ws/install/turtlebot3_msgs/include/turtlebot3_msgs/turtlebot3_msgs/srv/dqn.h
[6.612s] -- Symlinking: /home/minsuje/turtlebot3_ws/install/turtlebot3_msgs/include/turtlebot3_msgs/turtlebot3_msgs/srv/goal.h
[6.621s] -- Symlinking: /home/minsuje/turtlebot3_ws/install/turtlebot3_msgs/include/turtlebot3_msgs/turtlebot3_msgs/srv/sound.h
[6.630s] -- Symlinking: /home/minsuje/turtlebot3_ws/install/turtlebot3_msgs/share/turtlebot3_msgs/environment/library_path.sh
[6.639s] -- Symlinking: /home/minsuje/turtlebot3_ws/install/turtlebot3_msgs/share/turtlebot3_msgs/environment/library_path.dsv
[6.649s] -- Symlinking: /home/minsuje/turtlebot3_ws/install/turtlebot3_msgs/include/turtlebot3_msgs/turtlebot3_msgs/action/detail/patrol__rosidl_typesupport_fastrtps_c.h
[6.658s] -- Symlinking: /home/minsuje/turtlebot3_ws/install/turtlebot3_msgs/include/turtlebot3_msgs/turtlebot3_msgs/msg/detail/sensor_state__rosidl_typesupport_fastrtps_c.h
[6.667s] -- Symlinking: /home/minsuje/turtlebot3_ws/install/turtlebot3_msgs/include/turtlebot3_msgs/turtlebot3_msgs/msg/detail/sound__rosidl_typesupport_fastrtps_c.h
[6.676s] -- Symlinking: /home/minsuje/turtlebot3_ws/install/turtlebot3_msgs/include/turtlebot3_msgs/turtlebot3_msgs/msg/detail/version_info__rosidl_typesupport_fastrtps_c.h
[6.685s] -- Symlinking: /home/minsuje/turtlebot3_ws/install/turtlebot3_msgs/include/turtlebot3_msgs/turtlebot3_msgs/msg/rosidl_typesupport_fastrtps_c__visibility_control.h
[6.694s] -- Symlinking: /home/minsuje/turtlebot3_ws/install/turtlebot3_msgs/include/turtlebot3_msgs/turtlebot3_msgs/srv/detail/dqn__rosidl_typesupport_fastrtps_c.h
[6.702s] -- Symlinking: /home/minsuje/turtlebot3_ws/install/turtlebot3_msgs/include/turtlebot3_msgs/turtlebot3_msgs/srv/detail/goal__rosidl_typesupport_fastrtps_c.h
[6.711s] -- Symlinking: /home/minsuje/turtlebot3_ws/install/turtlebot3_msgs/include/turtlebot3_msgs/turtlebot3_msgs/srv/detail/sound__rosidl_typesupport_fastrtps_c.h
[6.720s] -- Symlinking: /home/minsuje/turtlebot3_ws/install/turtlebot3_msgs/include/turtlebot3_msgs/turtlebot3_msgs/action/detail/patrol__builder.hpp
[6.729s] -- Symlinking: /home/minsuje/turtlebot3_ws/install/turtlebot3_msgs/include/turtlebot3_msgs/turtlebot3_msgs/action/detail/patrol__struct.hpp
[6.738s] -- Symlinking: /home/minsuje/turtlebot3_ws/install/turtlebot3_msgs/include/turtlebot3_msgs/turtlebot3_msgs/action/detail/patrol__traits.hpp
[6.747s] -- Symlinking: /home/minsuje/turtlebot3_ws/install/turtlebot3_msgs/include/turtlebot3_msgs/turtlebot3_msgs/action/detail/patrol__type_support.hpp
[6.755s] -- Symlinking: /home/minsuje/turtlebot3_ws/install/turtlebot3_msgs/include/turtlebot3_msgs/turtlebot3_msgs/action/patrol.hpp
[6.764s] -- Symlinking: /home/minsuje/turtlebot3_ws/install/turtlebot3_msgs/include/turtlebot3_msgs/turtlebot3_msgs/msg/detail/sensor_state__builder.hpp
[6.773s] -- Symlinking: /home/minsuje/turtlebot3_ws/install/turtlebot3_msgs/include/turtlebot3_msgs/turtlebot3_msgs/msg/detail/sensor_state__struct.hpp
[6.781s] -- Symlinking: /home/minsuje/turtlebot3_ws/install/turtlebot3_msgs/include/turtlebot3_msgs/turtlebot3_msgs/msg/detail/sensor_state__traits.hpp
[6.790s] -- Symlinking: /home/minsuje/turtlebot3_ws/install/turtlebot3_msgs/include/turtlebot3_msgs/turtlebot3_msgs/msg/detail/sensor_state__type_support.hpp
[6.798s] -- Symlinking: /home/minsuje/turtlebot3_ws/install/turtlebot3_msgs/include/turtlebot3_msgs/turtlebot3_msgs/msg/detail/sound__builder.hpp
[6.807s] -- Symlinking: /home/minsuje/turtlebot3_ws/install/turtlebot3_msgs/include/turtlebot3_msgs/turtlebot3_msgs/msg/detail/sound__struct.hpp
[6.815s] -- Symlinking: /home/minsuje/turtlebot3_ws/install/turtlebot3_msgs/include/turtlebot3_msgs/turtlebot3_msgs/msg/detail/sound__traits.hpp
[6.821s] -- Symlinking: /home/minsuje/turtlebot3_ws/install/turtlebot3_msgs/include/turtlebot3_msgs/turtlebot3_msgs/msg/detail/sound__type_support.hpp
[6.830s] -- Symlinking: /home/minsuje/turtlebot3_ws/install/turtlebot3_msgs/include/turtlebot3_msgs/turtlebot3_msgs/msg/detail/version_info__builder.hpp
[6.839s] -- Symlinking: /home/minsuje/turtlebot3_ws/install/turtlebot3_msgs/include/turtlebot3_msgs/turtlebot3_msgs/msg/detail/version_info__struct.hpp
[6.847s] -- Symlinking: /home/minsuje/turtlebot3_ws/install/turtlebot3_msgs/include/turtlebot3_msgs/turtlebot3_msgs/msg/detail/version_info__traits.hpp
[6.853s] -- Symlinking: /home/minsuje/turtlebot3_ws/install/turtlebot3_msgs/include/turtlebot3_msgs/turtlebot3_msgs/msg/detail/version_info__type_support.hpp
[6.859s] -- Symlinking: /home/minsuje/turtlebot3_ws/install/turtlebot3_msgs/include/turtlebot3_msgs/turtlebot3_msgs/msg/rosidl_generator_cpp__visibility_control.hpp
[6.868s] -- Symlinking: /home/minsuje/turtlebot3_ws/install/turtlebot3_msgs/include/turtlebot3_msgs/turtlebot3_msgs/msg/sensor_state.hpp
[6.874s] -- Symlinking: /home/minsuje/turtlebot3_ws/install/turtlebot3_msgs/include/turtlebot3_msgs/turtlebot3_msgs/msg/sound.hpp
[6.882s] -- Symlinking: /home/minsuje/turtlebot3_ws/install/turtlebot3_msgs/include/turtlebot3_msgs/turtlebot3_msgs/msg/version_info.hpp
[6.891s] -- Symlinking: /home/minsuje/turtlebot3_ws/install/turtlebot3_msgs/include/turtlebot3_msgs/turtlebot3_msgs/srv/detail/dqn__builder.hpp
[6.897s] -- Symlinking: /home/minsuje/turtlebot3_ws/install/turtlebot3_msgs/include/turtlebot3_msgs/turtlebot3_msgs/srv/detail/dqn__struct.hpp
[6.904s] -- Symlinking: /home/minsuje/turtlebot3_ws/install/turtlebot3_msgs/include/turtlebot3_msgs/turtlebot3_msgs/srv/detail/dqn__traits.hpp
[6.913s] -- Symlinking: /home/minsuje/turtlebot3_ws/install/turtlebot3_msgs/include/turtlebot3_msgs/turtlebot3_msgs/srv/detail/dqn__type_support.hpp
[6.920s] -- Symlinking: /home/minsuje/turtlebot3_ws/install/turtlebot3_msgs/include/turtlebot3_msgs/turtlebot3_msgs/srv/detail/goal__builder.hpp
[6.927s] -- Symlinking: /home/minsuje/turtlebot3_ws/install/turtlebot3_msgs/include/turtlebot3_msgs/turtlebot3_msgs/srv/detail/goal__struct.hpp
[6.936s] -- Symlinking: /home/minsuje/turtlebot3_ws/install/turtlebot3_msgs/include/turtlebot3_msgs/turtlebot3_msgs/srv/detail/goal__traits.hpp
[6.945s] -- Symlinking: /home/minsuje/turtlebot3_ws/install/turtlebot3_msgs/include/turtlebot3_msgs/turtlebot3_msgs/srv/detail/goal__type_support.hpp
[6.952s] -- Symlinking: /home/minsuje/turtlebot3_ws/install/turtlebot3_msgs/include/turtlebot3_msgs/turtlebot3_msgs/srv/detail/sound__builder.hpp
[6.961s] -- Symlinking: /home/minsuje/turtlebot3_ws/install/turtlebot3_msgs/include/turtlebot3_msgs/turtlebot3_msgs/srv/detail/sound__struct.hpp
[6.969s] -- Symlinking: /home/minsuje/turtlebot3_ws/install/turtlebot3_msgs/include/turtlebot3_msgs/turtlebot3_msgs/srv/detail/sound__traits.hpp
[6.978s] -- Symlinking: /home/minsuje/turtlebot3_ws/install/turtlebot3_msgs/include/turtlebot3_msgs/turtlebot3_msgs/srv/detail/sound__type_support.hpp
[6.984s] -- Symlinking: /home/minsuje/turtlebot3_ws/install/turtlebot3_msgs/include/turtlebot3_msgs/turtlebot3_msgs/srv/dqn.hpp
[6.993s] -- Symlinking: /home/minsuje/turtlebot3_ws/install/turtlebot3_msgs/include/turtlebot3_msgs/turtlebot3_msgs/srv/goal.hpp
[7.001s] -- Symlinking: /home/minsuje/turtlebot3_ws/install/turtlebot3_msgs/include/turtlebot3_msgs/turtlebot3_msgs/srv/sound.hpp
[7.010s] -- Symlinking: /home/minsuje/turtlebot3_ws/install/turtlebot3_msgs/include/turtlebot3_msgs/turtlebot3_msgs/action/detail/patrol__rosidl_typesupport_fastrtps_cpp.hpp
[7.017s] -- Symlinking: /home/minsuje/turtlebot3_ws/install/turtlebot3_msgs/include/turtlebot3_msgs/turtlebot3_msgs/msg/detail/sensor_state__rosidl_typesupport_fastrtps_cpp.hpp
[7.026s] -- Symlinking: /home/minsuje/turtlebot3_ws/install/turtlebot3_msgs/include/turtlebot3_msgs/turtlebot3_msgs/msg/detail/sound__rosidl_typesupport_fastrtps_cpp.hpp
[7.034s] -- Symlinking: /home/minsuje/turtlebot3_ws/install/turtlebot3_msgs/include/turtlebot3_msgs/turtlebot3_msgs/msg/detail/version_info__rosidl_typesupport_fastrtps_cpp.hpp
[7.043s] -- Symlinking: /home/minsuje/turtlebot3_ws/install/turtlebot3_msgs/include/turtlebot3_msgs/turtlebot3_msgs/msg/rosidl_typesupport_fastrtps_cpp__visibility_control.h
[7.052s] -- Symlinking: /home/minsuje/turtlebot3_ws/install/turtlebot3_msgs/include/turtlebot3_msgs/turtlebot3_msgs/srv/detail/dqn__rosidl_typesupport_fastrtps_cpp.hpp
[7.061s] -- Symlinking: /home/minsuje/turtlebot3_ws/install/turtlebot3_msgs/include/turtlebot3_msgs/turtlebot3_msgs/srv/detail/goal__rosidl_typesupport_fastrtps_cpp.hpp
[7.070s] -- Symlinking: /home/minsuje/turtlebot3_ws/install/turtlebot3_msgs/include/turtlebot3_msgs/turtlebot3_msgs/srv/detail/sound__rosidl_typesupport_fastrtps_cpp.hpp
[7.077s] -- Symlinking: /home/minsuje/turtlebot3_ws/install/turtlebot3_msgs/include/turtlebot3_msgs/turtlebot3_msgs/action/detail/patrol__rosidl_typesupport_introspection_c.h
[7.086s] -- Symlinking: /home/minsuje/turtlebot3_ws/install/turtlebot3_msgs/include/turtlebot3_msgs/turtlebot3_msgs/msg/detail/sensor_state__rosidl_typesupport_introspection_c.h
[7.095s] -- Symlinking: /home/minsuje/turtlebot3_ws/install/turtlebot3_msgs/include/turtlebot3_msgs/turtlebot3_msgs/msg/detail/sound__rosidl_typesupport_introspection_c.h
[7.102s] -- Symlinking: /home/minsuje/turtlebot3_ws/install/turtlebot3_msgs/include/turtlebot3_msgs/turtlebot3_msgs/msg/detail/version_info__rosidl_typesupport_introspection_c.h
[7.111s] -- Symlinking: /home/minsuje/turtlebot3_ws/install/turtlebot3_msgs/include/turtlebot3_msgs/turtlebot3_msgs/msg/rosidl_typesupport_introspection_c__visibility_control.h
[7.120s] -- Symlinking: /home/minsuje/turtlebot3_ws/install/turtlebot3_msgs/include/turtlebot3_msgs/turtlebot3_msgs/srv/detail/dqn__rosidl_typesupport_introspection_c.h
[7.128s] -- Symlinking: /home/minsuje/turtlebot3_ws/install/turtlebot3_msgs/include/turtlebot3_msgs/turtlebot3_msgs/srv/detail/goal__rosidl_typesupport_introspection_c.h
[7.137s] -- Symlinking: /home/minsuje/turtlebot3_ws/install/turtlebot3_msgs/include/turtlebot3_msgs/turtlebot3_msgs/srv/detail/sound__rosidl_typesupport_introspection_c.h
[7.145s] -- Symlinking: /home/minsuje/turtlebot3_ws/install/turtlebot3_msgs/include/turtlebot3_msgs/turtlebot3_msgs/action/detail/patrol__rosidl_typesupport_introspection_cpp.hpp
[7.154s] -- Symlinking: /home/minsuje/turtlebot3_ws/install/turtlebot3_msgs/include/turtlebot3_msgs/turtlebot3_msgs/msg/detail/sensor_state__rosidl_typesupport_introspection_cpp.hpp
[7.163s] -- Symlinking: /home/minsuje/turtlebot3_ws/install/turtlebot3_msgs/include/turtlebot3_msgs/turtlebot3_msgs/msg/detail/sound__rosidl_typesupport_introspection_cpp.hpp
[7.171s] -- Symlinking: /home/minsuje/turtlebot3_ws/install/turtlebot3_msgs/include/turtlebot3_msgs/turtlebot3_msgs/msg/detail/version_info__rosidl_typesupport_introspection_cpp.hpp
[7.178s] -- Symlinking: /home/minsuje/turtlebot3_ws/install/turtlebot3_msgs/include/turtlebot3_msgs/turtlebot3_msgs/srv/detail/dqn__rosidl_typesupport_introspection_cpp.hpp
[7.187s] -- Symlinking: /home/minsuje/turtlebot3_ws/install/turtlebot3_msgs/include/turtlebot3_msgs/turtlebot3_msgs/srv/detail/goal__rosidl_typesupport_introspection_cpp.hpp
[7.195s] -- Symlinking: /home/minsuje/turtlebot3_ws/install/turtlebot3_msgs/include/turtlebot3_msgs/turtlebot3_msgs/srv/detail/sound__rosidl_typesupport_introspection_cpp.hpp
[7.204s] -- Symlinking: /home/minsuje/turtlebot3_ws/install/turtlebot3_msgs/share/turtlebot3_msgs/environment/pythonpath.sh
[7.213s] -- Symlinking: /home/minsuje/turtlebot3_ws/install/turtlebot3_msgs/share/turtlebot3_msgs/environment/pythonpath.dsv
[7.222s] -- Symlinking: /home/minsuje/turtlebot3_ws/install/turtlebot3_msgs/local/lib/python3.10/dist-packages/turtlebot3_msgs-2.4.0-py3.10.egg-info/PKG-INFO
[7.230s] -- Symlinking: /home/minsuje/turtlebot3_ws/install/turtlebot3_msgs/local/lib/python3.10/dist-packages/turtlebot3_msgs-2.4.0-py3.10.egg-info/SOURCES.txt
[7.239s] -- Symlinking: /home/minsuje/turtlebot3_ws/install/turtlebot3_msgs/local/lib/python3.10/dist-packages/turtlebot3_msgs-2.4.0-py3.10.egg-info/dependency_links.txt
[7.248s] -- Symlinking: /home/minsuje/turtlebot3_ws/install/turtlebot3_msgs/local/lib/python3.10/dist-packages/turtlebot3_msgs-2.4.0-py3.10.egg-info/top_level.txt
[7.258s] -- Symlinking: /home/minsuje/turtlebot3_ws/install/turtlebot3_msgs/local/lib/python3.10/dist-packages/turtlebot3_msgs/__init__.py
[7.267s] -- Symlinking: /home/minsuje/turtlebot3_ws/install/turtlebot3_msgs/local/lib/python3.10/dist-packages/turtlebot3_msgs/_turtlebot3_msgs_s.ep.rosidl_typesupport_c.c
[7.276s] -- Symlinking: /home/minsuje/turtlebot3_ws/install/turtlebot3_msgs/local/lib/python3.10/dist-packages/turtlebot3_msgs/_turtlebot3_msgs_s.ep.rosidl_typesupport_fastrtps_c.c
[7.285s] -- Symlinking: /home/minsuje/turtlebot3_ws/install/turtlebot3_msgs/local/lib/python3.10/dist-packages/turtlebot3_msgs/_turtlebot3_msgs_s.ep.rosidl_typesupport_introspection_c.c
[7.294s] -- Symlinking: /home/minsuje/turtlebot3_ws/install/turtlebot3_msgs/local/lib/python3.10/dist-packages/turtlebot3_msgs/action/__init__.py
[7.303s] -- Symlinking: /home/minsuje/turtlebot3_ws/install/turtlebot3_msgs/local/lib/python3.10/dist-packages/turtlebot3_msgs/action/_patrol.py
[7.312s] -- Symlinking: /home/minsuje/turtlebot3_ws/install/turtlebot3_msgs/local/lib/python3.10/dist-packages/turtlebot3_msgs/action/_patrol_s.c
[7.321s] -- Symlinking: /home/minsuje/turtlebot3_ws/install/turtlebot3_msgs/local/lib/python3.10/dist-packages/turtlebot3_msgs/libturtlebot3_msgs__rosidl_generator_py.so
[7.330s] -- Symlinking: /home/minsuje/turtlebot3_ws/install/turtlebot3_msgs/local/lib/python3.10/dist-packages/turtlebot3_msgs/msg/__init__.py
[7.339s] -- Symlinking: /home/minsuje/turtlebot3_ws/install/turtlebot3_msgs/local/lib/python3.10/dist-packages/turtlebot3_msgs/msg/_sensor_state.py
[7.348s] -- Symlinking: /home/minsuje/turtlebot3_ws/install/turtlebot3_msgs/local/lib/python3.10/dist-packages/turtlebot3_msgs/msg/_sensor_state_s.c
[7.357s] -- Symlinking: /home/minsuje/turtlebot3_ws/install/turtlebot3_msgs/local/lib/python3.10/dist-packages/turtlebot3_msgs/msg/_sound.py
[7.366s] -- Symlinking: /home/minsuje/turtlebot3_ws/install/turtlebot3_msgs/local/lib/python3.10/dist-packages/turtlebot3_msgs/msg/_sound_s.c
[7.375s] -- Symlinking: /home/minsuje/turtlebot3_ws/install/turtlebot3_msgs/local/lib/python3.10/dist-packages/turtlebot3_msgs/msg/_version_info.py
[7.384s] -- Symlinking: /home/minsuje/turtlebot3_ws/install/turtlebot3_msgs/local/lib/python3.10/dist-packages/turtlebot3_msgs/msg/_version_info_s.c
[7.393s] -- Symlinking: /home/minsuje/turtlebot3_ws/install/turtlebot3_msgs/local/lib/python3.10/dist-packages/turtlebot3_msgs/srv/__init__.py
[7.402s] -- Symlinking: /home/minsuje/turtlebot3_ws/install/turtlebot3_msgs/local/lib/python3.10/dist-packages/turtlebot3_msgs/srv/_dqn.py
[7.411s] -- Symlinking: /home/minsuje/turtlebot3_ws/install/turtlebot3_msgs/local/lib/python3.10/dist-packages/turtlebot3_msgs/srv/_dqn_s.c
[7.420s] -- Symlinking: /home/minsuje/turtlebot3_ws/install/turtlebot3_msgs/local/lib/python3.10/dist-packages/turtlebot3_msgs/srv/_goal.py
[7.429s] -- Symlinking: /home/minsuje/turtlebot3_ws/install/turtlebot3_msgs/local/lib/python3.10/dist-packages/turtlebot3_msgs/srv/_goal_s.c
[7.439s] -- Symlinking: /home/minsuje/turtlebot3_ws/install/turtlebot3_msgs/local/lib/python3.10/dist-packages/turtlebot3_msgs/srv/_sound.py
[7.448s] -- Symlinking: /home/minsuje/turtlebot3_ws/install/turtlebot3_msgs/local/lib/python3.10/dist-packages/turtlebot3_msgs/srv/_sound_s.c
[7.457s] -- Symlinking: /home/minsuje/turtlebot3_ws/install/turtlebot3_msgs/local/lib/python3.10/dist-packages/turtlebot3_msgs/turtlebot3_msgs_s__rosidl_typesupport_c.cpython-310-x86_64-linux-gnu.so
[7.466s] -- Symlinking: /home/minsuje/turtlebot3_ws/install/turtlebot3_msgs/local/lib/python3.10/dist-packages/turtlebot3_msgs/turtlebot3_msgs_s__rosidl_typesupport_fastrtps_c.cpython-310-x86_64-linux-gnu.so
[7.476s] -- Symlinking: /home/minsuje/turtlebot3_ws/install/turtlebot3_msgs/local/lib/python3.10/dist-packages/turtlebot3_msgs/turtlebot3_msgs_s__rosidl_typesupport_introspection_c.cpython-310-x86_64-linux-gnu.so
[7.485s] -- Up-to-date symlink: /home/minsuje/turtlebot3_ws/install/turtlebot3_msgs/local/lib/python3.10/dist-packages/turtlebot3_msgs/turtlebot3_msgs_s__rosidl_typesupport_fastrtps_c.cpython-310-x86_64-linux-gnu.so
[7.485s] -- Up-to-date symlink: /home/minsuje/turtlebot3_ws/install/turtlebot3_msgs/local/lib/python3.10/dist-packages/turtlebot3_msgs/turtlebot3_msgs_s__rosidl_typesupport_introspection_c.cpython-310-x86_64-linux-gnu.so
[7.485s] -- Up-to-date symlink: /home/minsuje/turtlebot3_ws/install/turtlebot3_msgs/local/lib/python3.10/dist-packages/turtlebot3_msgs/turtlebot3_msgs_s__rosidl_typesupport_c.cpython-310-x86_64-linux-gnu.so
[7.485s] -- Symlinking: /home/minsuje/turtlebot3_ws/install/turtlebot3_msgs/share/turtlebot3_msgs/msg/SensorState.idl
[7.494s] -- Symlinking: /home/minsuje/turtlebot3_ws/install/turtlebot3_msgs/share/turtlebot3_msgs/msg/Sound.idl
[7.503s] -- Symlinking: /home/minsuje/turtlebot3_ws/install/turtlebot3_msgs/share/turtlebot3_msgs/msg/VersionInfo.idl
[7.512s] -- Symlinking: /home/minsuje/turtlebot3_ws/install/turtlebot3_msgs/share/turtlebot3_msgs/srv/Sound.idl
[7.521s] -- Symlinking: /home/minsuje/turtlebot3_ws/install/turtlebot3_msgs/share/turtlebot3_msgs/srv/Dqn.idl
[7.530s] -- Symlinking: /home/minsuje/turtlebot3_ws/install/turtlebot3_msgs/share/turtlebot3_msgs/srv/Goal.idl
[7.535s] -- Symlinking: /home/minsuje/turtlebot3_ws/install/turtlebot3_msgs/share/turtlebot3_msgs/action/Patrol.idl
[7.543s] -- Symlinking: /home/minsuje/turtlebot3_ws/install/turtlebot3_msgs/share/turtlebot3_msgs/msg/SensorState.msg
[7.551s] -- Symlinking: /home/minsuje/turtlebot3_ws/install/turtlebot3_msgs/share/turtlebot3_msgs/msg/Sound.msg
[7.560s] -- Symlinking: /home/minsuje/turtlebot3_ws/install/turtlebot3_msgs/share/turtlebot3_msgs/msg/VersionInfo.msg
[7.569s] -- Symlinking: /home/minsuje/turtlebot3_ws/install/turtlebot3_msgs/share/turtlebot3_msgs/srv/Sound.srv
[7.578s] -- Symlinking: /home/minsuje/turtlebot3_ws/install/turtlebot3_msgs/share/turtlebot3_msgs/srv/Sound_Request.msg
[7.586s] -- Symlinking: /home/minsuje/turtlebot3_ws/install/turtlebot3_msgs/share/turtlebot3_msgs/srv/Sound_Response.msg
[7.595s] -- Symlinking: /home/minsuje/turtlebot3_ws/install/turtlebot3_msgs/share/turtlebot3_msgs/srv/Dqn.srv
[7.604s] -- Symlinking: /home/minsuje/turtlebot3_ws/install/turtlebot3_msgs/share/turtlebot3_msgs/srv/Dqn_Request.msg
[7.613s] -- Symlinking: /home/minsuje/turtlebot3_ws/install/turtlebot3_msgs/share/turtlebot3_msgs/srv/Dqn_Response.msg
[7.621s] -- Symlinking: /home/minsuje/turtlebot3_ws/install/turtlebot3_msgs/share/turtlebot3_msgs/srv/Goal.srv
[7.630s] -- Symlinking: /home/minsuje/turtlebot3_ws/install/turtlebot3_msgs/share/turtlebot3_msgs/srv/Goal_Request.msg
[7.639s] -- Symlinking: /home/minsuje/turtlebot3_ws/install/turtlebot3_msgs/share/turtlebot3_msgs/srv/Goal_Response.msg
[7.647s] -- Symlinking: /home/minsuje/turtlebot3_ws/install/turtlebot3_msgs/share/turtlebot3_msgs/action/Patrol.action
[7.656s] -- Symlinking: /home/minsuje/turtlebot3_ws/install/turtlebot3_msgs/share/ament_index/resource_index/package_run_dependencies/turtlebot3_msgs
[7.666s] -- Symlinking: /home/minsuje/turtlebot3_ws/install/turtlebot3_msgs/share/ament_index/resource_index/parent_prefix_path/turtlebot3_msgs
[7.675s] -- Symlinking: /home/minsuje/turtlebot3_ws/install/turtlebot3_msgs/share/turtlebot3_msgs/environment/ament_prefix_path.sh
[7.684s] -- Symlinking: /home/minsuje/turtlebot3_ws/install/turtlebot3_msgs/share/turtlebot3_msgs/environment/ament_prefix_path.dsv
[7.692s] -- Symlinking: /home/minsuje/turtlebot3_ws/install/turtlebot3_msgs/share/turtlebot3_msgs/environment/path.sh
[7.701s] -- Symlinking: /home/minsuje/turtlebot3_ws/install/turtlebot3_msgs/share/turtlebot3_msgs/environment/path.dsv
[7.710s] -- Symlinking: /home/minsuje/turtlebot3_ws/install/turtlebot3_msgs/share/turtlebot3_msgs/local_setup.bash
[7.718s] -- Symlinking: /home/minsuje/turtlebot3_ws/install/turtlebot3_msgs/share/turtlebot3_msgs/local_setup.sh
[7.727s] -- Symlinking: /home/minsuje/turtlebot3_ws/install/turtlebot3_msgs/share/turtlebot3_msgs/local_setup.zsh
[7.735s] -- Symlinking: /home/minsuje/turtlebot3_ws/install/turtlebot3_msgs/share/turtlebot3_msgs/local_setup.dsv
[7.744s] -- Symlinking: /home/minsuje/turtlebot3_ws/install/turtlebot3_msgs/share/turtlebot3_msgs/package.dsv
[7.753s] -- Symlinking: /home/minsuje/turtlebot3_ws/install/turtlebot3_msgs/share/ament_index/resource_index/packages/turtlebot3_msgs
[7.761s] -- Symlinking: /home/minsuje/turtlebot3_ws/install/turtlebot3_msgs/share/turtlebot3_msgs/cmake/rosidl_cmake-extras.cmake
[7.770s] -- Symlinking: /home/minsuje/turtlebot3_ws/install/turtlebot3_msgs/share/turtlebot3_msgs/cmake/ament_cmake_export_dependencies-extras.cmake
[7.779s] -- Symlinking: /home/minsuje/turtlebot3_ws/install/turtlebot3_msgs/share/turtlebot3_msgs/cmake/ament_cmake_export_include_directories-extras.cmake
[7.789s] -- Symlinking: /home/minsuje/turtlebot3_ws/install/turtlebot3_msgs/share/turtlebot3_msgs/cmake/ament_cmake_export_libraries-extras.cmake
[7.797s] -- Symlinking: /home/minsuje/turtlebot3_ws/install/turtlebot3_msgs/share/turtlebot3_msgs/cmake/ament_cmake_export_targets-extras.cmake
[7.806s] -- Symlinking: /home/minsuje/turtlebot3_ws/install/turtlebot3_msgs/share/turtlebot3_msgs/cmake/rosidl_cmake_export_typesupport_targets-extras.cmake
[7.815s] -- Symlinking: /home/minsuje/turtlebot3_ws/install/turtlebot3_msgs/share/turtlebot3_msgs/cmake/rosidl_cmake_export_typesupport_libraries-extras.cmake
[7.824s] -- Symlinking: /home/minsuje/turtlebot3_ws/install/turtlebot3_msgs/share/turtlebot3_msgs/cmake/turtlebot3_msgsConfig.cmake
[7.833s] -- Symlinking: /home/minsuje/turtlebot3_ws/install/turtlebot3_msgs/share/turtlebot3_msgs/cmake/turtlebot3_msgsConfig-version.cmake
[7.841s] -- Symlinking: /home/minsuje/turtlebot3_ws/install/turtlebot3_msgs/share/turtlebot3_msgs/package.xml
[7.850s] -- Installing: /home/minsuje/turtlebot3_ws/install/turtlebot3_msgs/lib/libturtlebot3_msgs__rosidl_generator_c.so
[7.850s] -- Set runtime path of "/home/minsuje/turtlebot3_ws/install/turtlebot3_msgs/lib/libturtlebot3_msgs__rosidl_generator_c.so" to ""
[7.850s] -- Installing: /home/minsuje/turtlebot3_ws/install/turtlebot3_msgs/lib/libturtlebot3_msgs__rosidl_typesupport_fastrtps_c.so
[7.851s] -- Set runtime path of "/home/minsuje/turtlebot3_ws/install/turtlebot3_msgs/lib/libturtlebot3_msgs__rosidl_typesupport_fastrtps_c.so" to ""
[7.851s] -- Installing: /home/minsuje/turtlebot3_ws/install/turtlebot3_msgs/lib/libturtlebot3_msgs__rosidl_typesupport_fastrtps_cpp.so
[7.851s] -- Set runtime path of "/home/minsuje/turtlebot3_ws/install/turtlebot3_msgs/lib/libturtlebot3_msgs__rosidl_typesupport_fastrtps_cpp.so" to ""
[7.851s] -- Installing: /home/minsuje/turtlebot3_ws/install/turtlebot3_msgs/lib/libturtlebot3_msgs__rosidl_typesupport_introspection_c.so
[7.852s] -- Set runtime path of "/home/minsuje/turtlebot3_ws/install/turtlebot3_msgs/lib/libturtlebot3_msgs__rosidl_typesupport_introspection_c.so" to ""
[7.852s] -- Installing: /home/minsuje/turtlebot3_ws/install/turtlebot3_msgs/lib/libturtlebot3_msgs__rosidl_typesupport_c.so
[7.852s] -- Set runtime path of "/home/minsuje/turtlebot3_ws/install/turtlebot3_msgs/lib/libturtlebot3_msgs__rosidl_typesupport_c.so" to ""
[7.852s] -- Installing: /home/minsuje/turtlebot3_ws/install/turtlebot3_msgs/lib/libturtlebot3_msgs__rosidl_typesupport_introspection_cpp.so
[7.852s] -- Set runtime path of "/home/minsuje/turtlebot3_ws/install/turtlebot3_msgs/lib/libturtlebot3_msgs__rosidl_typesupport_introspection_cpp.so" to ""
[7.852s] -- Installing: /home/minsuje/turtlebot3_ws/install/turtlebot3_msgs/lib/libturtlebot3_msgs__rosidl_typesupport_cpp.so
[7.853s] -- Set runtime path of "/home/minsuje/turtlebot3_ws/install/turtlebot3_msgs/lib/libturtlebot3_msgs__rosidl_typesupport_cpp.so" to ""
[7.912s] Listing '/home/minsuje/turtlebot3_ws/install/turtlebot3_msgs/local/lib/python3.10/dist-packages/turtlebot3_msgs'...
[7.912s] Compiling '/home/minsuje/turtlebot3_ws/install/turtlebot3_msgs/local/lib/python3.10/dist-packages/turtlebot3_msgs/__init__.py'...
[7.912s] Listing '/home/minsuje/turtlebot3_ws/install/turtlebot3_msgs/local/lib/python3.10/dist-packages/turtlebot3_msgs/action'...
[7.912s] Compiling '/home/minsuje/turtlebot3_ws/install/turtlebot3_msgs/local/lib/python3.10/dist-packages/turtlebot3_msgs/action/__init__.py'...
[7.912s] Compiling '/home/minsuje/turtlebot3_ws/install/turtlebot3_msgs/local/lib/python3.10/dist-packages/turtlebot3_msgs/action/_patrol.py'...
[7.912s] Listing '/home/minsuje/turtlebot3_ws/install/turtlebot3_msgs/local/lib/python3.10/dist-packages/turtlebot3_msgs/msg'...
[7.912s] Compiling '/home/minsuje/turtlebot3_ws/install/turtlebot3_msgs/local/lib/python3.10/dist-packages/turtlebot3_msgs/msg/__init__.py'...
[7.912s] Compiling '/home/minsuje/turtlebot3_ws/install/turtlebot3_msgs/local/lib/python3.10/dist-packages/turtlebot3_msgs/msg/_sensor_state.py'...
[7.912s] Compiling '/home/minsuje/turtlebot3_ws/install/turtlebot3_msgs/local/lib/python3.10/dist-packages/turtlebot3_msgs/msg/_sound.py'...
[7.912s] Compiling '/home/minsuje/turtlebot3_ws/install/turtlebot3_msgs/local/lib/python3.10/dist-packages/turtlebot3_msgs/msg/_version_info.py'...
[7.912s] Listing '/home/minsuje/turtlebot3_ws/install/turtlebot3_msgs/local/lib/python3.10/dist-packages/turtlebot3_msgs/srv'...
[7.912s] Compiling '/home/minsuje/turtlebot3_ws/install/turtlebot3_msgs/local/lib/python3.10/dist-packages/turtlebot3_msgs/srv/__init__.py'...
[7.912s] Compiling '/home/minsuje/turtlebot3_ws/install/turtlebot3_msgs/local/lib/python3.10/dist-packages/turtlebot3_msgs/srv/_dqn.py'...
[7.912s] Compiling '/home/minsuje/turtlebot3_ws/install/turtlebot3_msgs/local/lib/python3.10/dist-packages/turtlebot3_msgs/srv/_goal.py'...
[7.913s] Compiling '/home/minsuje/turtlebot3_ws/install/turtlebot3_msgs/local/lib/python3.10/dist-packages/turtlebot3_msgs/srv/_sound.py'...
[7.915s] -- Installing: /home/minsuje/turtlebot3_ws/install/turtlebot3_msgs/lib/libturtlebot3_msgs__rosidl_generator_py.so
[7.915s] -- Set runtime path of "/home/minsuje/turtlebot3_ws/install/turtlebot3_msgs/lib/libturtlebot3_msgs__rosidl_generator_py.so" to ""
[7.915s] -- Installing: /home/minsuje/turtlebot3_ws/install/turtlebot3_msgs/share/turtlebot3_msgs/cmake/export_turtlebot3_msgs__rosidl_generator_cExport.cmake
[7.915s] -- Installing: /home/minsuje/turtlebot3_ws/install/turtlebot3_msgs/share/turtlebot3_msgs/cmake/export_turtlebot3_msgs__rosidl_generator_cExport-noconfig.cmake
[7.916s] -- Installing: /home/minsuje/turtlebot3_ws/install/turtlebot3_msgs/share/turtlebot3_msgs/cmake/export_turtlebot3_msgs__rosidl_typesupport_fastrtps_cExport.cmake
[7.916s] -- Installing: /home/minsuje/turtlebot3_ws/install/turtlebot3_msgs/share/turtlebot3_msgs/cmake/export_turtlebot3_msgs__rosidl_typesupport_fastrtps_cExport-noconfig.cmake
[7.916s] -- Installing: /home/minsuje/turtlebot3_ws/install/turtlebot3_msgs/share/turtlebot3_msgs/cmake/export_turtlebot3_msgs__rosidl_generator_cppExport.cmake
[7.916s] -- Installing: /home/minsuje/turtlebot3_ws/install/turtlebot3_msgs/share/turtlebot3_msgs/cmake/export_turtlebot3_msgs__rosidl_typesupport_fastrtps_cppExport.cmake
[7.916s] -- Installing: /home/minsuje/turtlebot3_ws/install/turtlebot3_msgs/share/turtlebot3_msgs/cmake/export_turtlebot3_msgs__rosidl_typesupport_fastrtps_cppExport-noconfig.cmake
[7.916s] -- Installing: /home/minsuje/turtlebot3_ws/install/turtlebot3_msgs/share/turtlebot3_msgs/cmake/turtlebot3_msgs__rosidl_typesupport_introspection_cExport.cmake
[7.916s] -- Installing: /home/minsuje/turtlebot3_ws/install/turtlebot3_msgs/share/turtlebot3_msgs/cmake/turtlebot3_msgs__rosidl_typesupport_introspection_cExport-noconfig.cmake
[7.916s] -- Installing: /home/minsuje/turtlebot3_ws/install/turtlebot3_msgs/share/turtlebot3_msgs/cmake/turtlebot3_msgs__rosidl_typesupport_cExport.cmake
[7.916s] -- Installing: /home/minsuje/turtlebot3_ws/install/turtlebot3_msgs/share/turtlebot3_msgs/cmake/turtlebot3_msgs__rosidl_typesupport_cExport-noconfig.cmake
[7.916s] -- Installing: /home/minsuje/turtlebot3_ws/install/turtlebot3_msgs/share/turtlebot3_msgs/cmake/turtlebot3_msgs__rosidl_typesupport_introspection_cppExport.cmake
[7.917s] -- Installing: /home/minsuje/turtlebot3_ws/install/turtlebot3_msgs/share/turtlebot3_msgs/cmake/turtlebot3_msgs__rosidl_typesupport_introspection_cppExport-noconfig.cmake
[7.917s] -- Installing: /home/minsuje/turtlebot3_ws/install/turtlebot3_msgs/share/turtlebot3_msgs/cmake/turtlebot3_msgs__rosidl_typesupport_cppExport.cmake
[7.917s] -- Installing: /home/minsuje/turtlebot3_ws/install/turtlebot3_msgs/share/turtlebot3_msgs/cmake/turtlebot3_msgs__rosidl_typesupport_cppExport-noconfig.cmake
[7.917s] -- Installing: /home/minsuje/turtlebot3_ws/install/turtlebot3_msgs/share/turtlebot3_msgs/cmake/export_turtlebot3_msgs__rosidl_generator_pyExport.cmake
[7.917s] -- Installing: /home/minsuje/turtlebot3_ws/install/turtlebot3_msgs/share/turtlebot3_msgs/cmake/export_turtlebot3_msgs__rosidl_generator_pyExport-noconfig.cmake
[7.920s] Invoked command in '/home/minsuje/turtlebot3_ws/build/turtlebot3_msgs' returned '0': CMAKE_PREFIX_PATH=/home/minsuje/turtlebot3_ws/install/turtlebot3:/home/minsuje/turtlebot3_ws/install/turtlebot3_simulations:/home/minsuje/turtlebot3_ws/install/turtlebot3_bringup:/home/minsuje/turtlebot3_ws/install/turtlebot3_node:/home/minsuje/turtlebot3_ws/install/turtlebot3_navigation2:/home/minsuje/turtlebot3_ws/install/turtlebot3_fake_node:/home/minsuje/turtlebot3_ws/install/turtlebot3_msgs:/home/minsuje/turtlebot3_ws/install/turtlebot3_manipulation:/home/minsuje/turtlebot3_ws/install/turtlebot3_manipulation_teleop:/home/minsuje/turtlebot3_ws/install/turtlebot3_manipulation_navigation2:/home/minsuje/turtlebot3_ws/install/turtlebot3_manipulation_moveit_config:/home/minsuje/turtlebot3_ws/install/turtlebot3_manipulation_hardware:/home/minsuje/turtlebot3_ws/install/turtlebot3_manipulation_gazebo:/home/minsuje/turtlebot3_ws/install/turtlebot3_manipulation_bringup:/home/minsuje/turtlebot3_ws/install/turtlebot3_manipulation_description:/home/minsuje/turtlebot3_ws/install/turtlebot3_manipulation_cartographer:/home/minsuje/turtlebot3_ws/install/turtlebot3_gazebo:/home/minsuje/turtlebot3_ws/install/turtlebot3_description:/home/minsuje/turtlebot3_ws/install/turtlebot3_cartographer:/home/minsuje/turtlebot3_ws/install/turtlebot3_autorace:/home/minsuje/turtlebot3_ws/install/open_manipulator:/home/minsuje/turtlebot3_ws/install/open_manipulator_x_teleop:/home/minsuje/turtlebot3_ws/install/open_manipulator_x_playground:/home/minsuje/turtlebot3_ws/install/open_manipulator_x_moveit_config:/home/minsuje/turtlebot3_ws/install/open_manipulator_x_gui:/home/minsuje/turtlebot3_ws/install/open_manipulator_x_bringup:/home/minsuje/turtlebot3_ws/install/open_manipulator_x_description:/home/minsuje/turtlebot3_ws/install/dynamixel_sdk_examples:/home/minsuje/turtlebot3_ws/install/dynamixel_sdk_custom_interfaces:/home/minsuje/turtlebot3_ws/install/dynamixel_sdk:/home/minsuje/turtlebot3_ws/install/car_odom:/home/minsuje/turtlebot3_ws/install/arm_odom:/home/minsuje/turtlebot3_ws/install/urdf_tutorial:/home/minsuje/turtlebot3_ws/install/turtlebot3_teleop:/home/minsuje/turtlebot3_ws/install/turtlebot3_example:/home/minsuje/turtlebot3_ws/install/turtlebot3_autorace_mission:/home/minsuje/turtlebot3_ws/install/turtlebot3_autorace_detect:/home/minsuje/turtlebot3_ws/install/turtlebot3_autorace_camera:/home/minsuje/turtlebot3_ws/install/sim_tutorial:/home/minsuje/turtlebot3_ws/install/car_tutorial:/home/minsuje/turtlebot3_ws/install/arm_tutorial:/home/minsuje/ws_urdf/install/urdf_tutorial:/home/minsuje/ros2_ws/install/rokey:/home/minsuje/ros2_ws/install/pick_and_place_voice:/home/minsuje/ros2_ws/install/pick_and_place_text:/home/minsuje/ros2_ws/install/my_service_pkg:/home/minsuje/ros2_ws/install/dsr_visualservoing:/home/minsuje/ros2_ws/install/dsr_tests:/home/minsuje/ros2_ws/install/dsr_bringup2:/home/minsuje/ros2_ws/install/dsr_example:/opt/ros/humble:/home/minsuje/ros2_ws/install/od_msg:/home/minsuje/ros2_ws/install/my_interfaces:/home/minsuje/ros2_ws/install/dsr_realtime_control:/home/minsuje/ros2_ws/install/dsr_controller2:/home/minsuje/ros2_ws/install/dsr_msgs2:/home/minsuje/ros2_ws/install/dsr_moveit_config_p3020:/home/minsuje/ros2_ws/install/dsr_moveit_config_m1509:/home/minsuje/ros2_ws/install/dsr_moveit_config_m1013:/home/minsuje/ros2_ws/install/dsr_moveit_config_m0617:/home/minsuje/ros2_ws/install/dsr_moveit_config_m0609:/home/minsuje/ros2_ws/install/dsr_moveit_config_h2515:/home/minsuje/ros2_ws/install/dsr_moveit_config_h2017:/home/minsuje/ros2_ws/install/dsr_moveit_config_e0509:/home/minsuje/ros2_ws/install/dsr_moveit_config_a0912:/home/minsuje/ros2_ws/install/dsr_moveit_config_a0509:/home/minsuje/ros2_ws/install/dsr_hardware2:/home/minsuje/ros2_ws/install/dsr_gazebo2:/home/minsuje/ros2_ws/install/dsr_description2:/home/minsuje/ros2_ws/install/dsr_common2:/home/minsuje/ros2_ws/install/custom_pkg_srv_test:/home/minsuje/ros2_ws/install/custom_msgs /usr/bin/cmake --install /home/minsuje/turtlebot3_ws/build/turtlebot3_msgs
