[2.604s] Invoking command in '/home/minsuje/ros2_ws/build/pick_and_place_text': PYTHONPATH=/home/minsuje/ros2_ws/build/pick_and_place_text/prefix_override:/usr/lib/python3/dist-packages/colcon_core/task/python/colcon_distutils_commands:/home/minsuje/ros2_ws/install/pick_and_place_text/lib/python3.10/site-packages:${PYTHONPATH} /usr/bin/python3 -W ignore:setup.py install is deprecated -W ignore:easy_install command is deprecated setup.py develop --editable --build-directory /home/minsuje/ros2_ws/build/pick_and_place_text/build --no-deps symlink_data
[3.083s] running develop
[3.325s] running egg_info
[3.325s] creating pick_and_place_text.egg-info
[3.325s] writing pick_and_place_text.egg-info/PKG-INFO
[3.325s] writing dependency_links to pick_and_place_text.egg-info/dependency_links.txt
[3.325s] writing entry points to pick_and_place_text.egg-info/entry_points.txt
[3.325s] writing requirements to pick_and_place_text.egg-info/requires.txt
[3.325s] writing top-level names to pick_and_place_text.egg-info/top_level.txt
[3.325s] writing manifest file 'pick_and_place_text.egg-info/SOURCES.txt'
[3.327s] reading manifest file 'pick_and_place_text.egg-info/SOURCES.txt'
[3.327s] writing manifest file 'pick_and_place_text.egg-info/SOURCES.txt'
[3.361s] running build_ext
[3.361s] Creating /home/minsuje/ros2_ws/install/pick_and_place_text/lib/python3.10/site-packages/pick-and-place-text.egg-link (link to .)
[3.362s] Installing detection script to /home/minsuje/ros2_ws/install/pick_and_place_text/lib/pick_and_place_text
[3.362s] Installing robot_move script to /home/minsuje/ros2_ws/install/pick_and_place_text/lib/pick_and_place_text
[3.362s] 
[3.362s] Installed /home/minsuje/ros2_ws/build/pick_and_place_text
[3.362s] running symlink_data
[3.362s] symbolically linking /home/minsuje/ros2_ws/build/pick_and_place_text/package.xml -> /home/minsuje/ros2_ws/install/pick_and_place_text/share/pick_and_place_text
[3.362s] creating /home/minsuje/ros2_ws/install/pick_and_place_text/share/pick_and_place_text/resource
[3.362s] symbolically linking /home/minsuje/ros2_ws/build/pick_and_place_text/resource/cigarette.pt -> /home/minsuje/ros2_ws/install/pick_and_place_text/share/pick_and_place_text/resource
[3.362s] symbolically linking /home/minsuje/ros2_ws/build/pick_and_place_text/resource/pick_and_place_text -> /home/minsuje/ros2_ws/install/pick_and_place_text/share/pick_and_place_text/resource
[3.362s] symbolically linking /home/minsuje/ros2_ws/build/pick_and_place_text/resource/class_name_tool.json -> /home/minsuje/ros2_ws/install/pick_and_place_text/share/pick_and_place_text/resource
[3.362s] symbolically linking /home/minsuje/ros2_ws/build/pick_and_place_text/resource/T_gripper2camera.npy -> /home/minsuje/ros2_ws/install/pick_and_place_text/share/pick_and_place_text/resource
[3.397s] Invoked command in '/home/minsuje/ros2_ws/build/pick_and_place_text' returned '0': PYTHONPATH=/home/minsuje/ros2_ws/build/pick_and_place_text/prefix_override:/usr/lib/python3/dist-packages/colcon_core/task/python/colcon_distutils_commands:/home/minsuje/ros2_ws/install/pick_and_place_text/lib/python3.10/site-packages:${PYTHONPATH} /usr/bin/python3 -W ignore:setup.py install is deprecated -W ignore:easy_install command is deprecated setup.py develop --editable --build-directory /home/minsuje/ros2_ws/build/pick_and_place_text/build --no-deps symlink_data
