[0.023s] Invoking command in '/home/minsuje/turtlebot3_ws/build/dynamixel_sdk': CMAKE_PREFIX_PATH=/home/minsuje/turtlebot3_ws/install/turtlebot3:/home/minsuje/turtlebot3_ws/install/turtlebot3_simulations:/home/minsuje/turtlebot3_ws/install/turtlebot3_bringup:/home/minsuje/turtlebot3_ws/install/turtlebot3_node:/home/minsuje/turtlebot3_ws/install/turtlebot3_navigation2:/home/minsuje/turtlebot3_ws/install/turtlebot3_fake_node:/home/minsuje/turtlebot3_ws/install/turtlebot3_msgs:/home/minsuje/turtlebot3_ws/install/turtlebot3_manipulation:/home/minsuje/turtlebot3_ws/install/turtlebot3_manipulation_teleop:/home/minsuje/turtlebot3_ws/install/turtlebot3_manipulation_navigation2:/home/minsuje/turtlebot3_ws/install/turtlebot3_manipulation_moveit_config:/home/minsuje/turtlebot3_ws/install/turtlebot3_manipulation_hardware:/home/minsuje/turtlebot3_ws/install/turtlebot3_manipulation_gazebo:/home/minsuje/turtlebot3_ws/install/turtlebot3_manipulation_bringup:/home/minsuje/turtlebot3_ws/install/turtlebot3_manipulation_description:/home/minsuje/turtlebot3_ws/install/turtlebot3_manipulation_cartographer:/home/minsuje/turtlebot3_ws/install/turtlebot3_gazebo:/home/minsuje/turtlebot3_ws/install/turtlebot3_description:/home/minsuje/turtlebot3_ws/install/turtlebot3_cartographer:/home/minsuje/turtlebot3_ws/install/turtlebot3_autorace:/home/minsuje/turtlebot3_ws/install/open_manipulator:/home/minsuje/turtlebot3_ws/install/open_manipulator_x_teleop:/home/minsuje/turtlebot3_ws/install/open_manipulator_x_playground:/home/minsuje/turtlebot3_ws/install/open_manipulator_x_moveit_config:/home/minsuje/turtlebot3_ws/install/open_manipulator_x_gui:/home/minsuje/turtlebot3_ws/install/open_manipulator_x_bringup:/home/minsuje/turtlebot3_ws/install/open_manipulator_x_description:/home/minsuje/turtlebot3_ws/install/dynamixel_sdk_examples:/home/minsuje/turtlebot3_ws/install/dynamixel_sdk_custom_interfaces:/home/minsuje/turtlebot3_ws/install/dynamixel_sdk:/home/minsuje/turtlebot3_ws/install/car_odom:/home/minsuje/turtlebot3_ws/install/arm_odom:/home/minsuje/turtlebot3_ws/install/urdf_tutorial:/home/minsuje/turtlebot3_ws/install/turtlebot3_teleop:/home/minsuje/turtlebot3_ws/install/turtlebot3_example:/home/minsuje/turtlebot3_ws/install/turtlebot3_autorace_mission:/home/minsuje/turtlebot3_ws/install/turtlebot3_autorace_detect:/home/minsuje/turtlebot3_ws/install/turtlebot3_autorace_camera:/home/minsuje/turtlebot3_ws/install/sim_tutorial:/home/minsuje/turtlebot3_ws/install/car_tutorial:/home/minsuje/turtlebot3_ws/install/arm_tutorial:/home/minsuje/ws_urdf/install/urdf_tutorial:/home/minsuje/ros2_ws/install/rokey:/home/minsuje/ros2_ws/install/pick_and_place_voice:/home/minsuje/ros2_ws/install/pick_and_place_text:/home/minsuje/ros2_ws/install/my_service_pkg:/home/minsuje/ros2_ws/install/dsr_visualservoing:/home/minsuje/ros2_ws/install/dsr_tests:/home/minsuje/ros2_ws/install/dsr_bringup2:/home/minsuje/ros2_ws/install/dsr_example:/opt/ros/humble:/home/minsuje/ros2_ws/install/od_msg:/home/minsuje/ros2_ws/install/my_interfaces:/home/minsuje/ros2_ws/install/dsr_realtime_control:/home/minsuje/ros2_ws/install/dsr_controller2:/home/minsuje/ros2_ws/install/dsr_msgs2:/home/minsuje/ros2_ws/install/dsr_moveit_config_p3020:/home/minsuje/ros2_ws/install/dsr_moveit_config_m1509:/home/minsuje/ros2_ws/install/dsr_moveit_config_m1013:/home/minsuje/ros2_ws/install/dsr_moveit_config_m0617:/home/minsuje/ros2_ws/install/dsr_moveit_config_m0609:/home/minsuje/ros2_ws/install/dsr_moveit_config_h2515:/home/minsuje/ros2_ws/install/dsr_moveit_config_h2017:/home/minsuje/ros2_ws/install/dsr_moveit_config_e0509:/home/minsuje/ros2_ws/install/dsr_moveit_config_a0912:/home/minsuje/ros2_ws/install/dsr_moveit_config_a0509:/home/minsuje/ros2_ws/install/dsr_hardware2:/home/minsuje/ros2_ws/install/dsr_gazebo2:/home/minsuje/ros2_ws/install/dsr_description2:/home/minsuje/ros2_ws/install/dsr_common2:/home/minsuje/ros2_ws/install/custom_pkg_srv_test:/home/minsuje/ros2_ws/install/custom_msgs /usr/bin/cmake /home/minsuje/turtlebot3_ws/src/DynamixelSDK/ros/dynamixel_sdk -DAMENT_CMAKE_SYMLINK_INSTALL=1 -DCMAKE_INSTALL_PREFIX=/home/minsuje/turtlebot3_ws/install/dynamixel_sdk
[0.064s] -- The C compiler identification is GNU 11.4.0
[0.098s] -- The CXX compiler identification is GNU 11.4.0
[0.103s] -- Detecting C compiler ABI info
[0.152s] -- Detecting C compiler ABI info - done
[0.156s] -- Check for working C compiler: /usr/bin/cc - skipped
[0.156s] -- Detecting C compile features
[0.156s] -- Detecting C compile features - done
[0.158s] -- Detecting CXX compiler ABI info
[0.202s] -- Detecting CXX compiler ABI info - done
[0.206s] -- Check for working CXX compiler: /usr/bin/c++ - skipped
[0.206s] -- Detecting CXX compile features
[0.206s] -- Detecting CXX compile features - done
[0.208s] -- Found ament_cmake: 1.3.11 (/opt/ros/humble/share/ament_cmake/cmake)
[0.315s] -- Found Python3: /usr/bin/python3 (found version "3.10.12") found components: Interpreter 
[0.355s] -- Override CMake install command with custom implementation using symlinks instead of copying resources
[0.492s] -- Configuring done
[0.495s] -- Generating done
[0.496s] -- Build files have been written to: /home/minsuje/turtlebot3_ws/build/dynamixel_sdk
[0.498s] Invoked command in '/home/minsuje/turtlebot3_ws/build/dynamixel_sdk' returned '0': CMAKE_PREFIX_PATH=/home/minsuje/turtlebot3_ws/install/turtlebot3:/home/minsuje/turtlebot3_ws/install/turtlebot3_simulations:/home/minsuje/turtlebot3_ws/install/turtlebot3_bringup:/home/minsuje/turtlebot3_ws/install/turtlebot3_node:/home/minsuje/turtlebot3_ws/install/turtlebot3_navigation2:/home/minsuje/turtlebot3_ws/install/turtlebot3_fake_node:/home/minsuje/turtlebot3_ws/install/turtlebot3_msgs:/home/minsuje/turtlebot3_ws/install/turtlebot3_manipulation:/home/minsuje/turtlebot3_ws/install/turtlebot3_manipulation_teleop:/home/minsuje/turtlebot3_ws/install/turtlebot3_manipulation_navigation2:/home/minsuje/turtlebot3_ws/install/turtlebot3_manipulation_moveit_config:/home/minsuje/turtlebot3_ws/install/turtlebot3_manipulation_hardware:/home/minsuje/turtlebot3_ws/install/turtlebot3_manipulation_gazebo:/home/minsuje/turtlebot3_ws/install/turtlebot3_manipulation_bringup:/home/minsuje/turtlebot3_ws/install/turtlebot3_manipulation_description:/home/minsuje/turtlebot3_ws/install/turtlebot3_manipulation_cartographer:/home/minsuje/turtlebot3_ws/install/turtlebot3_gazebo:/home/minsuje/turtlebot3_ws/install/turtlebot3_description:/home/minsuje/turtlebot3_ws/install/turtlebot3_cartographer:/home/minsuje/turtlebot3_ws/install/turtlebot3_autorace:/home/minsuje/turtlebot3_ws/install/open_manipulator:/home/minsuje/turtlebot3_ws/install/open_manipulator_x_teleop:/home/minsuje/turtlebot3_ws/install/open_manipulator_x_playground:/home/minsuje/turtlebot3_ws/install/open_manipulator_x_moveit_config:/home/minsuje/turtlebot3_ws/install/open_manipulator_x_gui:/home/minsuje/turtlebot3_ws/install/open_manipulator_x_bringup:/home/minsuje/turtlebot3_ws/install/open_manipulator_x_description:/home/minsuje/turtlebot3_ws/install/dynamixel_sdk_examples:/home/minsuje/turtlebot3_ws/install/dynamixel_sdk_custom_interfaces:/home/minsuje/turtlebot3_ws/install/dynamixel_sdk:/home/minsuje/turtlebot3_ws/install/car_odom:/home/minsuje/turtlebot3_ws/install/arm_odom:/home/minsuje/turtlebot3_ws/install/urdf_tutorial:/home/minsuje/turtlebot3_ws/install/turtlebot3_teleop:/home/minsuje/turtlebot3_ws/install/turtlebot3_example:/home/minsuje/turtlebot3_ws/install/turtlebot3_autorace_mission:/home/minsuje/turtlebot3_ws/install/turtlebot3_autorace_detect:/home/minsuje/turtlebot3_ws/install/turtlebot3_autorace_camera:/home/minsuje/turtlebot3_ws/install/sim_tutorial:/home/minsuje/turtlebot3_ws/install/car_tutorial:/home/minsuje/turtlebot3_ws/install/arm_tutorial:/home/minsuje/ws_urdf/install/urdf_tutorial:/home/minsuje/ros2_ws/install/rokey:/home/minsuje/ros2_ws/install/pick_and_place_voice:/home/minsuje/ros2_ws/install/pick_and_place_text:/home/minsuje/ros2_ws/install/my_service_pkg:/home/minsuje/ros2_ws/install/dsr_visualservoing:/home/minsuje/ros2_ws/install/dsr_tests:/home/minsuje/ros2_ws/install/dsr_bringup2:/home/minsuje/ros2_ws/install/dsr_example:/opt/ros/humble:/home/minsuje/ros2_ws/install/od_msg:/home/minsuje/ros2_ws/install/my_interfaces:/home/minsuje/ros2_ws/install/dsr_realtime_control:/home/minsuje/ros2_ws/install/dsr_controller2:/home/minsuje/ros2_ws/install/dsr_msgs2:/home/minsuje/ros2_ws/install/dsr_moveit_config_p3020:/home/minsuje/ros2_ws/install/dsr_moveit_config_m1509:/home/minsuje/ros2_ws/install/dsr_moveit_config_m1013:/home/minsuje/ros2_ws/install/dsr_moveit_config_m0617:/home/minsuje/ros2_ws/install/dsr_moveit_config_m0609:/home/minsuje/ros2_ws/install/dsr_moveit_config_h2515:/home/minsuje/ros2_ws/install/dsr_moveit_config_h2017:/home/minsuje/ros2_ws/install/dsr_moveit_config_e0509:/home/minsuje/ros2_ws/install/dsr_moveit_config_a0912:/home/minsuje/ros2_ws/install/dsr_moveit_config_a0509:/home/minsuje/ros2_ws/install/dsr_hardware2:/home/minsuje/ros2_ws/install/dsr_gazebo2:/home/minsuje/ros2_ws/install/dsr_description2:/home/minsuje/ros2_ws/install/dsr_common2:/home/minsuje/ros2_ws/install/custom_pkg_srv_test:/home/minsuje/ros2_ws/install/custom_msgs /usr/bin/cmake /home/minsuje/turtlebot3_ws/src/DynamixelSDK/ros/dynamixel_sdk -DAMENT_CMAKE_SYMLINK_INSTALL=1 -DCMAKE_INSTALL_PREFIX=/home/minsuje/turtlebot3_ws/install/dynamixel_sdk
[0.499s] Invoking command in '/home/minsuje/turtlebot3_ws/build/dynamixel_sdk': CMAKE_PREFIX_PATH=/home/minsuje/turtlebot3_ws/install/turtlebot3:/home/minsuje/turtlebot3_ws/install/turtlebot3_simulations:/home/minsuje/turtlebot3_ws/install/turtlebot3_bringup:/home/minsuje/turtlebot3_ws/install/turtlebot3_node:/home/minsuje/turtlebot3_ws/install/turtlebot3_navigation2:/home/minsuje/turtlebot3_ws/install/turtlebot3_fake_node:/home/minsuje/turtlebot3_ws/install/turtlebot3_msgs:/home/minsuje/turtlebot3_ws/install/turtlebot3_manipulation:/home/minsuje/turtlebot3_ws/install/turtlebot3_manipulation_teleop:/home/minsuje/turtlebot3_ws/install/turtlebot3_manipulation_navigation2:/home/minsuje/turtlebot3_ws/install/turtlebot3_manipulation_moveit_config:/home/minsuje/turtlebot3_ws/install/turtlebot3_manipulation_hardware:/home/minsuje/turtlebot3_ws/install/turtlebot3_manipulation_gazebo:/home/minsuje/turtlebot3_ws/install/turtlebot3_manipulation_bringup:/home/minsuje/turtlebot3_ws/install/turtlebot3_manipulation_description:/home/minsuje/turtlebot3_ws/install/turtlebot3_manipulation_cartographer:/home/minsuje/turtlebot3_ws/install/turtlebot3_gazebo:/home/minsuje/turtlebot3_ws/install/turtlebot3_description:/home/minsuje/turtlebot3_ws/install/turtlebot3_cartographer:/home/minsuje/turtlebot3_ws/install/turtlebot3_autorace:/home/minsuje/turtlebot3_ws/install/open_manipulator:/home/minsuje/turtlebot3_ws/install/open_manipulator_x_teleop:/home/minsuje/turtlebot3_ws/install/open_manipulator_x_playground:/home/minsuje/turtlebot3_ws/install/open_manipulator_x_moveit_config:/home/minsuje/turtlebot3_ws/install/open_manipulator_x_gui:/home/minsuje/turtlebot3_ws/install/open_manipulator_x_bringup:/home/minsuje/turtlebot3_ws/install/open_manipulator_x_description:/home/minsuje/turtlebot3_ws/install/dynamixel_sdk_examples:/home/minsuje/turtlebot3_ws/install/dynamixel_sdk_custom_interfaces:/home/minsuje/turtlebot3_ws/install/dynamixel_sdk:/home/minsuje/turtlebot3_ws/install/car_odom:/home/minsuje/turtlebot3_ws/install/arm_odom:/home/minsuje/turtlebot3_ws/install/urdf_tutorial:/home/minsuje/turtlebot3_ws/install/turtlebot3_teleop:/home/minsuje/turtlebot3_ws/install/turtlebot3_example:/home/minsuje/turtlebot3_ws/install/turtlebot3_autorace_mission:/home/minsuje/turtlebot3_ws/install/turtlebot3_autorace_detect:/home/minsuje/turtlebot3_ws/install/turtlebot3_autorace_camera:/home/minsuje/turtlebot3_ws/install/sim_tutorial:/home/minsuje/turtlebot3_ws/install/car_tutorial:/home/minsuje/turtlebot3_ws/install/arm_tutorial:/home/minsuje/ws_urdf/install/urdf_tutorial:/home/minsuje/ros2_ws/install/rokey:/home/minsuje/ros2_ws/install/pick_and_place_voice:/home/minsuje/ros2_ws/install/pick_and_place_text:/home/minsuje/ros2_ws/install/my_service_pkg:/home/minsuje/ros2_ws/install/dsr_visualservoing:/home/minsuje/ros2_ws/install/dsr_tests:/home/minsuje/ros2_ws/install/dsr_bringup2:/home/minsuje/ros2_ws/install/dsr_example:/opt/ros/humble:/home/minsuje/ros2_ws/install/od_msg:/home/minsuje/ros2_ws/install/my_interfaces:/home/minsuje/ros2_ws/install/dsr_realtime_control:/home/minsuje/ros2_ws/install/dsr_controller2:/home/minsuje/ros2_ws/install/dsr_msgs2:/home/minsuje/ros2_ws/install/dsr_moveit_config_p3020:/home/minsuje/ros2_ws/install/dsr_moveit_config_m1509:/home/minsuje/ros2_ws/install/dsr_moveit_config_m1013:/home/minsuje/ros2_ws/install/dsr_moveit_config_m0617:/home/minsuje/ros2_ws/install/dsr_moveit_config_m0609:/home/minsuje/ros2_ws/install/dsr_moveit_config_h2515:/home/minsuje/ros2_ws/install/dsr_moveit_config_h2017:/home/minsuje/ros2_ws/install/dsr_moveit_config_e0509:/home/minsuje/ros2_ws/install/dsr_moveit_config_a0912:/home/minsuje/ros2_ws/install/dsr_moveit_config_a0509:/home/minsuje/ros2_ws/install/dsr_hardware2:/home/minsuje/ros2_ws/install/dsr_gazebo2:/home/minsuje/ros2_ws/install/dsr_description2:/home/minsuje/ros2_ws/install/dsr_common2:/home/minsuje/ros2_ws/install/custom_pkg_srv_test:/home/minsuje/ros2_ws/install/custom_msgs /usr/bin/cmake --build /home/minsuje/turtlebot3_ws/build/dynamixel_sdk -- -j32 -l32
[0.532s] [  7%] [32mBuilding CXX object CMakeFiles/dynamixel_sdk.dir/src/dynamixel_sdk/packet_handler.cpp.o[0m
[0.533s] [ 15%] [32mBuilding CXX object CMakeFiles/dynamixel_sdk.dir/src/dynamixel_sdk/group_sync_write.cpp.o[0m
[0.533s] [ 23%] [32mBuilding CXX object CMakeFiles/dynamixel_sdk.dir/src/dynamixel_sdk/group_bulk_read.cpp.o[0m
[0.534s] [ 30%] [32mBuilding CXX object CMakeFiles/dynamixel_sdk.dir/src/dynamixel_sdk/protocol1_packet_handler.cpp.o[0m
[0.534s] [ 38%] [32mBuilding CXX object CMakeFiles/dynamixel_sdk.dir/src/dynamixel_sdk/protocol2_packet_handler.cpp.o[0m
[0.534s] [ 46%] [32mBuilding CXX object CMakeFiles/dynamixel_sdk.dir/src/dynamixel_sdk/port_handler_linux.cpp.o[0m
[0.535s] [ 53%] [32mBuilding CXX object CMakeFiles/dynamixel_sdk.dir/src/dynamixel_sdk/group_sync_read.cpp.o[0m
[0.536s] [ 61%] [32mBuilding CXX object CMakeFiles/dynamixel_sdk.dir/src/dynamixel_sdk/group_bulk_write.cpp.o[0m
[0.536s] [ 69%] [32mBuilding CXX object CMakeFiles/dynamixel_sdk.dir/src/dynamixel_sdk/group_fast_bulk_read.cpp.o[0m
[0.536s] [ 76%] [32mBuilding CXX object CMakeFiles/dynamixel_sdk.dir/src/dynamixel_sdk/group_fast_sync_read.cpp.o[0m
[0.536s] [ 84%] [32mBuilding CXX object CMakeFiles/dynamixel_sdk.dir/src/dynamixel_sdk/group_handler.cpp.o[0m
[0.536s] [ 92%] [32mBuilding CXX object CMakeFiles/dynamixel_sdk.dir/src/dynamixel_sdk/port_handler.cpp.o[0m
[0.539s] [ 92%] Built target ament_cmake_python_symlink_dynamixel_sdk
[0.767s] running egg_info
[0.767s] creating dynamixel_sdk.egg-info
[0.767s] writing dynamixel_sdk.egg-info/PKG-INFO
[0.767s] writing dependency_links to dynamixel_sdk.egg-info/dependency_links.txt
[0.768s] writing top-level names to dynamixel_sdk.egg-info/top_level.txt
[0.768s] writing manifest file 'dynamixel_sdk.egg-info/SOURCES.txt'
[0.769s] reading manifest file 'dynamixel_sdk.egg-info/SOURCES.txt'
[0.769s] writing manifest file 'dynamixel_sdk.egg-info/SOURCES.txt'
[0.786s] [ 92%] Built target ament_cmake_python_build_dynamixel_sdk_egg
[0.845s] [100%] [32m[1mLinking CXX shared library libdynamixel_sdk.so[0m
[0.897s] [100%] Built target dynamixel_sdk
[0.904s] Invoked command in '/home/minsuje/turtlebot3_ws/build/dynamixel_sdk' returned '0': CMAKE_PREFIX_PATH=/home/minsuje/turtlebot3_ws/install/turtlebot3:/home/minsuje/turtlebot3_ws/install/turtlebot3_simulations:/home/minsuje/turtlebot3_ws/install/turtlebot3_bringup:/home/minsuje/turtlebot3_ws/install/turtlebot3_node:/home/minsuje/turtlebot3_ws/install/turtlebot3_navigation2:/home/minsuje/turtlebot3_ws/install/turtlebot3_fake_node:/home/minsuje/turtlebot3_ws/install/turtlebot3_msgs:/home/minsuje/turtlebot3_ws/install/turtlebot3_manipulation:/home/minsuje/turtlebot3_ws/install/turtlebot3_manipulation_teleop:/home/minsuje/turtlebot3_ws/install/turtlebot3_manipulation_navigation2:/home/minsuje/turtlebot3_ws/install/turtlebot3_manipulation_moveit_config:/home/minsuje/turtlebot3_ws/install/turtlebot3_manipulation_hardware:/home/minsuje/turtlebot3_ws/install/turtlebot3_manipulation_gazebo:/home/minsuje/turtlebot3_ws/install/turtlebot3_manipulation_bringup:/home/minsuje/turtlebot3_ws/install/turtlebot3_manipulation_description:/home/minsuje/turtlebot3_ws/install/turtlebot3_manipulation_cartographer:/home/minsuje/turtlebot3_ws/install/turtlebot3_gazebo:/home/minsuje/turtlebot3_ws/install/turtlebot3_description:/home/minsuje/turtlebot3_ws/install/turtlebot3_cartographer:/home/minsuje/turtlebot3_ws/install/turtlebot3_autorace:/home/minsuje/turtlebot3_ws/install/open_manipulator:/home/minsuje/turtlebot3_ws/install/open_manipulator_x_teleop:/home/minsuje/turtlebot3_ws/install/open_manipulator_x_playground:/home/minsuje/turtlebot3_ws/install/open_manipulator_x_moveit_config:/home/minsuje/turtlebot3_ws/install/open_manipulator_x_gui:/home/minsuje/turtlebot3_ws/install/open_manipulator_x_bringup:/home/minsuje/turtlebot3_ws/install/open_manipulator_x_description:/home/minsuje/turtlebot3_ws/install/dynamixel_sdk_examples:/home/minsuje/turtlebot3_ws/install/dynamixel_sdk_custom_interfaces:/home/minsuje/turtlebot3_ws/install/dynamixel_sdk:/home/minsuje/turtlebot3_ws/install/car_odom:/home/minsuje/turtlebot3_ws/install/arm_odom:/home/minsuje/turtlebot3_ws/install/urdf_tutorial:/home/minsuje/turtlebot3_ws/install/turtlebot3_teleop:/home/minsuje/turtlebot3_ws/install/turtlebot3_example:/home/minsuje/turtlebot3_ws/install/turtlebot3_autorace_mission:/home/minsuje/turtlebot3_ws/install/turtlebot3_autorace_detect:/home/minsuje/turtlebot3_ws/install/turtlebot3_autorace_camera:/home/minsuje/turtlebot3_ws/install/sim_tutorial:/home/minsuje/turtlebot3_ws/install/car_tutorial:/home/minsuje/turtlebot3_ws/install/arm_tutorial:/home/minsuje/ws_urdf/install/urdf_tutorial:/home/minsuje/ros2_ws/install/rokey:/home/minsuje/ros2_ws/install/pick_and_place_voice:/home/minsuje/ros2_ws/install/pick_and_place_text:/home/minsuje/ros2_ws/install/my_service_pkg:/home/minsuje/ros2_ws/install/dsr_visualservoing:/home/minsuje/ros2_ws/install/dsr_tests:/home/minsuje/ros2_ws/install/dsr_bringup2:/home/minsuje/ros2_ws/install/dsr_example:/opt/ros/humble:/home/minsuje/ros2_ws/install/od_msg:/home/minsuje/ros2_ws/install/my_interfaces:/home/minsuje/ros2_ws/install/dsr_realtime_control:/home/minsuje/ros2_ws/install/dsr_controller2:/home/minsuje/ros2_ws/install/dsr_msgs2:/home/minsuje/ros2_ws/install/dsr_moveit_config_p3020:/home/minsuje/ros2_ws/install/dsr_moveit_config_m1509:/home/minsuje/ros2_ws/install/dsr_moveit_config_m1013:/home/minsuje/ros2_ws/install/dsr_moveit_config_m0617:/home/minsuje/ros2_ws/install/dsr_moveit_config_m0609:/home/minsuje/ros2_ws/install/dsr_moveit_config_h2515:/home/minsuje/ros2_ws/install/dsr_moveit_config_h2017:/home/minsuje/ros2_ws/install/dsr_moveit_config_e0509:/home/minsuje/ros2_ws/install/dsr_moveit_config_a0912:/home/minsuje/ros2_ws/install/dsr_moveit_config_a0509:/home/minsuje/ros2_ws/install/dsr_hardware2:/home/minsuje/ros2_ws/install/dsr_gazebo2:/home/minsuje/ros2_ws/install/dsr_description2:/home/minsuje/ros2_ws/install/dsr_common2:/home/minsuje/ros2_ws/install/custom_pkg_srv_test:/home/minsuje/ros2_ws/install/custom_msgs /usr/bin/cmake --build /home/minsuje/turtlebot3_ws/build/dynamixel_sdk -- -j32 -l32
[0.905s] Invoking command in '/home/minsuje/turtlebot3_ws/build/dynamixel_sdk': CMAKE_PREFIX_PATH=/home/minsuje/turtlebot3_ws/install/turtlebot3:/home/minsuje/turtlebot3_ws/install/turtlebot3_simulations:/home/minsuje/turtlebot3_ws/install/turtlebot3_bringup:/home/minsuje/turtlebot3_ws/install/turtlebot3_node:/home/minsuje/turtlebot3_ws/install/turtlebot3_navigation2:/home/minsuje/turtlebot3_ws/install/turtlebot3_fake_node:/home/minsuje/turtlebot3_ws/install/turtlebot3_msgs:/home/minsuje/turtlebot3_ws/install/turtlebot3_manipulation:/home/minsuje/turtlebot3_ws/install/turtlebot3_manipulation_teleop:/home/minsuje/turtlebot3_ws/install/turtlebot3_manipulation_navigation2:/home/minsuje/turtlebot3_ws/install/turtlebot3_manipulation_moveit_config:/home/minsuje/turtlebot3_ws/install/turtlebot3_manipulation_hardware:/home/minsuje/turtlebot3_ws/install/turtlebot3_manipulation_gazebo:/home/minsuje/turtlebot3_ws/install/turtlebot3_manipulation_bringup:/home/minsuje/turtlebot3_ws/install/turtlebot3_manipulation_description:/home/minsuje/turtlebot3_ws/install/turtlebot3_manipulation_cartographer:/home/minsuje/turtlebot3_ws/install/turtlebot3_gazebo:/home/minsuje/turtlebot3_ws/install/turtlebot3_description:/home/minsuje/turtlebot3_ws/install/turtlebot3_cartographer:/home/minsuje/turtlebot3_ws/install/turtlebot3_autorace:/home/minsuje/turtlebot3_ws/install/open_manipulator:/home/minsuje/turtlebot3_ws/install/open_manipulator_x_teleop:/home/minsuje/turtlebot3_ws/install/open_manipulator_x_playground:/home/minsuje/turtlebot3_ws/install/open_manipulator_x_moveit_config:/home/minsuje/turtlebot3_ws/install/open_manipulator_x_gui:/home/minsuje/turtlebot3_ws/install/open_manipulator_x_bringup:/home/minsuje/turtlebot3_ws/install/open_manipulator_x_description:/home/minsuje/turtlebot3_ws/install/dynamixel_sdk_examples:/home/minsuje/turtlebot3_ws/install/dynamixel_sdk_custom_interfaces:/home/minsuje/turtlebot3_ws/install/dynamixel_sdk:/home/minsuje/turtlebot3_ws/install/car_odom:/home/minsuje/turtlebot3_ws/install/arm_odom:/home/minsuje/turtlebot3_ws/install/urdf_tutorial:/home/minsuje/turtlebot3_ws/install/turtlebot3_teleop:/home/minsuje/turtlebot3_ws/install/turtlebot3_example:/home/minsuje/turtlebot3_ws/install/turtlebot3_autorace_mission:/home/minsuje/turtlebot3_ws/install/turtlebot3_autorace_detect:/home/minsuje/turtlebot3_ws/install/turtlebot3_autorace_camera:/home/minsuje/turtlebot3_ws/install/sim_tutorial:/home/minsuje/turtlebot3_ws/install/car_tutorial:/home/minsuje/turtlebot3_ws/install/arm_tutorial:/home/minsuje/ws_urdf/install/urdf_tutorial:/home/minsuje/ros2_ws/install/rokey:/home/minsuje/ros2_ws/install/pick_and_place_voice:/home/minsuje/ros2_ws/install/pick_and_place_text:/home/minsuje/ros2_ws/install/my_service_pkg:/home/minsuje/ros2_ws/install/dsr_visualservoing:/home/minsuje/ros2_ws/install/dsr_tests:/home/minsuje/ros2_ws/install/dsr_bringup2:/home/minsuje/ros2_ws/install/dsr_example:/opt/ros/humble:/home/minsuje/ros2_ws/install/od_msg:/home/minsuje/ros2_ws/install/my_interfaces:/home/minsuje/ros2_ws/install/dsr_realtime_control:/home/minsuje/ros2_ws/install/dsr_controller2:/home/minsuje/ros2_ws/install/dsr_msgs2:/home/minsuje/ros2_ws/install/dsr_moveit_config_p3020:/home/minsuje/ros2_ws/install/dsr_moveit_config_m1509:/home/minsuje/ros2_ws/install/dsr_moveit_config_m1013:/home/minsuje/ros2_ws/install/dsr_moveit_config_m0617:/home/minsuje/ros2_ws/install/dsr_moveit_config_m0609:/home/minsuje/ros2_ws/install/dsr_moveit_config_h2515:/home/minsuje/ros2_ws/install/dsr_moveit_config_h2017:/home/minsuje/ros2_ws/install/dsr_moveit_config_e0509:/home/minsuje/ros2_ws/install/dsr_moveit_config_a0912:/home/minsuje/ros2_ws/install/dsr_moveit_config_a0509:/home/minsuje/ros2_ws/install/dsr_hardware2:/home/minsuje/ros2_ws/install/dsr_gazebo2:/home/minsuje/ros2_ws/install/dsr_description2:/home/minsuje/ros2_ws/install/dsr_common2:/home/minsuje/ros2_ws/install/custom_pkg_srv_test:/home/minsuje/ros2_ws/install/custom_msgs /usr/bin/cmake --install /home/minsuje/turtlebot3_ws/build/dynamixel_sdk
[0.910s] -- Install configuration: ""
[0.911s] -- Execute custom install script
[0.911s] -- Symlinking: /home/minsuje/turtlebot3_ws/install/dynamixel_sdk/include//dynamixel_sdk/dynamixel_sdk.h
[0.918s] -- Symlinking: /home/minsuje/turtlebot3_ws/install/dynamixel_sdk/include//dynamixel_sdk/group_bulk_read.h
[0.924s] -- Symlinking: /home/minsuje/turtlebot3_ws/install/dynamixel_sdk/include//dynamixel_sdk/group_bulk_write.h
[0.930s] -- Symlinking: /home/minsuje/turtlebot3_ws/install/dynamixel_sdk/include//dynamixel_sdk/group_fast_bulk_read.h
[0.936s] -- Symlinking: /home/minsuje/turtlebot3_ws/install/dynamixel_sdk/include//dynamixel_sdk/group_fast_sync_read.h
[0.942s] -- Symlinking: /home/minsuje/turtlebot3_ws/install/dynamixel_sdk/include//dynamixel_sdk/group_handler.h
[0.949s] -- Symlinking: /home/minsuje/turtlebot3_ws/install/dynamixel_sdk/include//dynamixel_sdk/group_sync_read.h
[0.955s] -- Symlinking: /home/minsuje/turtlebot3_ws/install/dynamixel_sdk/include//dynamixel_sdk/group_sync_write.h
[0.960s] -- Symlinking: /home/minsuje/turtlebot3_ws/install/dynamixel_sdk/include//dynamixel_sdk/packet_handler.h
[0.965s] -- Symlinking: /home/minsuje/turtlebot3_ws/install/dynamixel_sdk/include//dynamixel_sdk/port_handler.h
[0.971s] -- Symlinking: /home/minsuje/turtlebot3_ws/install/dynamixel_sdk/include//dynamixel_sdk/port_handler_arduino.h
[0.978s] -- Symlinking: /home/minsuje/turtlebot3_ws/install/dynamixel_sdk/include//dynamixel_sdk/port_handler_linux.h
[0.983s] -- Symlinking: /home/minsuje/turtlebot3_ws/install/dynamixel_sdk/include//dynamixel_sdk/port_handler_mac.h
[0.990s] -- Symlinking: /home/minsuje/turtlebot3_ws/install/dynamixel_sdk/include//dynamixel_sdk/port_handler_windows.h
[0.995s] -- Symlinking: /home/minsuje/turtlebot3_ws/install/dynamixel_sdk/include//dynamixel_sdk/protocol1_packet_handler.h
[1.002s] -- Symlinking: /home/minsuje/turtlebot3_ws/install/dynamixel_sdk/include//dynamixel_sdk/protocol2_packet_handler.h
[1.008s] -- Symlinking: /home/minsuje/turtlebot3_ws/install/dynamixel_sdk/share/dynamixel_sdk/environment/pythonpath.sh
[1.014s] -- Symlinking: /home/minsuje/turtlebot3_ws/install/dynamixel_sdk/share/dynamixel_sdk/environment/pythonpath.dsv
[1.021s] -- Symlinking: /home/minsuje/turtlebot3_ws/install/dynamixel_sdk/local/lib/python3.10/dist-packages/dynamixel_sdk-3.8.4-py3.10.egg-info/PKG-INFO
[1.027s] -- Symlinking: /home/minsuje/turtlebot3_ws/install/dynamixel_sdk/local/lib/python3.10/dist-packages/dynamixel_sdk-3.8.4-py3.10.egg-info/SOURCES.txt
[1.032s] -- Symlinking: /home/minsuje/turtlebot3_ws/install/dynamixel_sdk/local/lib/python3.10/dist-packages/dynamixel_sdk-3.8.4-py3.10.egg-info/dependency_links.txt
[1.038s] -- Symlinking: /home/minsuje/turtlebot3_ws/install/dynamixel_sdk/local/lib/python3.10/dist-packages/dynamixel_sdk-3.8.4-py3.10.egg-info/top_level.txt
[1.045s] -- Symlinking: /home/minsuje/turtlebot3_ws/install/dynamixel_sdk/local/lib/python3.10/dist-packages/dynamixel_sdk/__init__.py
[1.052s] -- Symlinking: /home/minsuje/turtlebot3_ws/install/dynamixel_sdk/local/lib/python3.10/dist-packages/dynamixel_sdk/group_bulk_read.cpp
[1.059s] -- Symlinking: /home/minsuje/turtlebot3_ws/install/dynamixel_sdk/local/lib/python3.10/dist-packages/dynamixel_sdk/group_bulk_read.py
[1.064s] -- Symlinking: /home/minsuje/turtlebot3_ws/install/dynamixel_sdk/local/lib/python3.10/dist-packages/dynamixel_sdk/group_bulk_write.cpp
[1.069s] -- Symlinking: /home/minsuje/turtlebot3_ws/install/dynamixel_sdk/local/lib/python3.10/dist-packages/dynamixel_sdk/group_bulk_write.py
[1.076s] -- Symlinking: /home/minsuje/turtlebot3_ws/install/dynamixel_sdk/local/lib/python3.10/dist-packages/dynamixel_sdk/group_fast_bulk_read.cpp
[1.081s] -- Symlinking: /home/minsuje/turtlebot3_ws/install/dynamixel_sdk/local/lib/python3.10/dist-packages/dynamixel_sdk/group_fast_sync_read.cpp
[1.086s] -- Symlinking: /home/minsuje/turtlebot3_ws/install/dynamixel_sdk/local/lib/python3.10/dist-packages/dynamixel_sdk/group_handler.cpp
[1.092s] -- Symlinking: /home/minsuje/turtlebot3_ws/install/dynamixel_sdk/local/lib/python3.10/dist-packages/dynamixel_sdk/group_sync_read.cpp
[1.096s] -- Symlinking: /home/minsuje/turtlebot3_ws/install/dynamixel_sdk/local/lib/python3.10/dist-packages/dynamixel_sdk/group_sync_read.py
[1.102s] -- Symlinking: /home/minsuje/turtlebot3_ws/install/dynamixel_sdk/local/lib/python3.10/dist-packages/dynamixel_sdk/group_sync_write.cpp
[1.107s] -- Symlinking: /home/minsuje/turtlebot3_ws/install/dynamixel_sdk/local/lib/python3.10/dist-packages/dynamixel_sdk/group_sync_write.py
[1.112s] -- Symlinking: /home/minsuje/turtlebot3_ws/install/dynamixel_sdk/local/lib/python3.10/dist-packages/dynamixel_sdk/packet_handler.cpp
[1.118s] -- Symlinking: /home/minsuje/turtlebot3_ws/install/dynamixel_sdk/local/lib/python3.10/dist-packages/dynamixel_sdk/packet_handler.py
[1.124s] -- Symlinking: /home/minsuje/turtlebot3_ws/install/dynamixel_sdk/local/lib/python3.10/dist-packages/dynamixel_sdk/port_handler.cpp
[1.131s] -- Symlinking: /home/minsuje/turtlebot3_ws/install/dynamixel_sdk/local/lib/python3.10/dist-packages/dynamixel_sdk/port_handler.py
[1.138s] -- Symlinking: /home/minsuje/turtlebot3_ws/install/dynamixel_sdk/local/lib/python3.10/dist-packages/dynamixel_sdk/port_handler_arduino.cpp
[1.145s] -- Symlinking: /home/minsuje/turtlebot3_ws/install/dynamixel_sdk/local/lib/python3.10/dist-packages/dynamixel_sdk/port_handler_linux.cpp
[1.150s] -- Symlinking: /home/minsuje/turtlebot3_ws/install/dynamixel_sdk/local/lib/python3.10/dist-packages/dynamixel_sdk/port_handler_mac.cpp
[1.156s] -- Symlinking: /home/minsuje/turtlebot3_ws/install/dynamixel_sdk/local/lib/python3.10/dist-packages/dynamixel_sdk/port_handler_windows.cpp
[1.161s] -- Symlinking: /home/minsuje/turtlebot3_ws/install/dynamixel_sdk/local/lib/python3.10/dist-packages/dynamixel_sdk/protocol1_packet_handler.cpp
[1.166s] -- Symlinking: /home/minsuje/turtlebot3_ws/install/dynamixel_sdk/local/lib/python3.10/dist-packages/dynamixel_sdk/protocol1_packet_handler.py
[1.171s] -- Symlinking: /home/minsuje/turtlebot3_ws/install/dynamixel_sdk/local/lib/python3.10/dist-packages/dynamixel_sdk/protocol2_packet_handler.cpp
[1.177s] -- Symlinking: /home/minsuje/turtlebot3_ws/install/dynamixel_sdk/local/lib/python3.10/dist-packages/dynamixel_sdk/protocol2_packet_handler.py
[1.183s] -- Symlinking: /home/minsuje/turtlebot3_ws/install/dynamixel_sdk/local/lib/python3.10/dist-packages/dynamixel_sdk/robotis_def.py
[1.188s] -- Symlinking: /home/minsuje/turtlebot3_ws/install/dynamixel_sdk/share/dynamixel_sdk/environment/library_path.sh
[1.193s] -- Symlinking: /home/minsuje/turtlebot3_ws/install/dynamixel_sdk/share/dynamixel_sdk/environment/library_path.dsv
[1.199s] -- Symlinking: /home/minsuje/turtlebot3_ws/install/dynamixel_sdk/share/ament_index/resource_index/package_run_dependencies/dynamixel_sdk
[1.207s] -- Symlinking: /home/minsuje/turtlebot3_ws/install/dynamixel_sdk/share/ament_index/resource_index/parent_prefix_path/dynamixel_sdk
[1.214s] -- Symlinking: /home/minsuje/turtlebot3_ws/install/dynamixel_sdk/share/dynamixel_sdk/environment/ament_prefix_path.sh
[1.219s] -- Symlinking: /home/minsuje/turtlebot3_ws/install/dynamixel_sdk/share/dynamixel_sdk/environment/ament_prefix_path.dsv
[1.226s] -- Symlinking: /home/minsuje/turtlebot3_ws/install/dynamixel_sdk/share/dynamixel_sdk/environment/path.sh
[1.231s] -- Symlinking: /home/minsuje/turtlebot3_ws/install/dynamixel_sdk/share/dynamixel_sdk/environment/path.dsv
[1.239s] -- Symlinking: /home/minsuje/turtlebot3_ws/install/dynamixel_sdk/share/dynamixel_sdk/local_setup.bash
[1.247s] -- Symlinking: /home/minsuje/turtlebot3_ws/install/dynamixel_sdk/share/dynamixel_sdk/local_setup.sh
[1.252s] -- Symlinking: /home/minsuje/turtlebot3_ws/install/dynamixel_sdk/share/dynamixel_sdk/local_setup.zsh
[1.260s] -- Symlinking: /home/minsuje/turtlebot3_ws/install/dynamixel_sdk/share/dynamixel_sdk/local_setup.dsv
[1.267s] -- Symlinking: /home/minsuje/turtlebot3_ws/install/dynamixel_sdk/share/dynamixel_sdk/package.dsv
[1.273s] -- Symlinking: /home/minsuje/turtlebot3_ws/install/dynamixel_sdk/share/ament_index/resource_index/packages/dynamixel_sdk
[1.278s] -- Symlinking: /home/minsuje/turtlebot3_ws/install/dynamixel_sdk/share/dynamixel_sdk/cmake/ament_cmake_export_targets-extras.cmake
[1.284s] -- Symlinking: /home/minsuje/turtlebot3_ws/install/dynamixel_sdk/share/dynamixel_sdk/cmake/ament_cmake_export_include_directories-extras.cmake
[1.291s] -- Symlinking: /home/minsuje/turtlebot3_ws/install/dynamixel_sdk/share/dynamixel_sdk/cmake/ament_cmake_export_libraries-extras.cmake
[1.298s] -- Symlinking: /home/minsuje/turtlebot3_ws/install/dynamixel_sdk/share/dynamixel_sdk/cmake/dynamixel_sdkConfig.cmake
[1.304s] -- Symlinking: /home/minsuje/turtlebot3_ws/install/dynamixel_sdk/share/dynamixel_sdk/cmake/dynamixel_sdkConfig-version.cmake
[1.312s] -- Symlinking: /home/minsuje/turtlebot3_ws/install/dynamixel_sdk/share/dynamixel_sdk/package.xml
[1.317s] -- Installing: /home/minsuje/turtlebot3_ws/install/dynamixel_sdk/lib/libdynamixel_sdk.so
[1.352s] Listing '/home/minsuje/turtlebot3_ws/install/dynamixel_sdk/local/lib/python3.10/dist-packages/dynamixel_sdk'...
[1.352s] Compiling '/home/minsuje/turtlebot3_ws/install/dynamixel_sdk/local/lib/python3.10/dist-packages/dynamixel_sdk/__init__.py'...
[1.352s] Compiling '/home/minsuje/turtlebot3_ws/install/dynamixel_sdk/local/lib/python3.10/dist-packages/dynamixel_sdk/group_bulk_read.py'...
[1.352s] Compiling '/home/minsuje/turtlebot3_ws/install/dynamixel_sdk/local/lib/python3.10/dist-packages/dynamixel_sdk/group_bulk_write.py'...
[1.352s] Compiling '/home/minsuje/turtlebot3_ws/install/dynamixel_sdk/local/lib/python3.10/dist-packages/dynamixel_sdk/group_sync_read.py'...
[1.352s] Compiling '/home/minsuje/turtlebot3_ws/install/dynamixel_sdk/local/lib/python3.10/dist-packages/dynamixel_sdk/group_sync_write.py'...
[1.353s] Compiling '/home/minsuje/turtlebot3_ws/install/dynamixel_sdk/local/lib/python3.10/dist-packages/dynamixel_sdk/packet_handler.py'...
[1.353s] Compiling '/home/minsuje/turtlebot3_ws/install/dynamixel_sdk/local/lib/python3.10/dist-packages/dynamixel_sdk/port_handler.py'...
[1.353s] Compiling '/home/minsuje/turtlebot3_ws/install/dynamixel_sdk/local/lib/python3.10/dist-packages/dynamixel_sdk/protocol1_packet_handler.py'...
[1.353s] Compiling '/home/minsuje/turtlebot3_ws/install/dynamixel_sdk/local/lib/python3.10/dist-packages/dynamixel_sdk/protocol2_packet_handler.py'...
[1.353s] Compiling '/home/minsuje/turtlebot3_ws/install/dynamixel_sdk/local/lib/python3.10/dist-packages/dynamixel_sdk/robotis_def.py'...
[1.355s] -- Installing: /home/minsuje/turtlebot3_ws/install/dynamixel_sdk/share/dynamixel_sdk/cmake/dynamixel_sdkExport.cmake
[1.355s] -- Installing: /home/minsuje/turtlebot3_ws/install/dynamixel_sdk/share/dynamixel_sdk/cmake/dynamixel_sdkExport-noconfig.cmake
[1.358s] Invoked command in '/home/minsuje/turtlebot3_ws/build/dynamixel_sdk' returned '0': CMAKE_PREFIX_PATH=/home/minsuje/turtlebot3_ws/install/turtlebot3:/home/minsuje/turtlebot3_ws/install/turtlebot3_simulations:/home/minsuje/turtlebot3_ws/install/turtlebot3_bringup:/home/minsuje/turtlebot3_ws/install/turtlebot3_node:/home/minsuje/turtlebot3_ws/install/turtlebot3_navigation2:/home/minsuje/turtlebot3_ws/install/turtlebot3_fake_node:/home/minsuje/turtlebot3_ws/install/turtlebot3_msgs:/home/minsuje/turtlebot3_ws/install/turtlebot3_manipulation:/home/minsuje/turtlebot3_ws/install/turtlebot3_manipulation_teleop:/home/minsuje/turtlebot3_ws/install/turtlebot3_manipulation_navigation2:/home/minsuje/turtlebot3_ws/install/turtlebot3_manipulation_moveit_config:/home/minsuje/turtlebot3_ws/install/turtlebot3_manipulation_hardware:/home/minsuje/turtlebot3_ws/install/turtlebot3_manipulation_gazebo:/home/minsuje/turtlebot3_ws/install/turtlebot3_manipulation_bringup:/home/minsuje/turtlebot3_ws/install/turtlebot3_manipulation_description:/home/minsuje/turtlebot3_ws/install/turtlebot3_manipulation_cartographer:/home/minsuje/turtlebot3_ws/install/turtlebot3_gazebo:/home/minsuje/turtlebot3_ws/install/turtlebot3_description:/home/minsuje/turtlebot3_ws/install/turtlebot3_cartographer:/home/minsuje/turtlebot3_ws/install/turtlebot3_autorace:/home/minsuje/turtlebot3_ws/install/open_manipulator:/home/minsuje/turtlebot3_ws/install/open_manipulator_x_teleop:/home/minsuje/turtlebot3_ws/install/open_manipulator_x_playground:/home/minsuje/turtlebot3_ws/install/open_manipulator_x_moveit_config:/home/minsuje/turtlebot3_ws/install/open_manipulator_x_gui:/home/minsuje/turtlebot3_ws/install/open_manipulator_x_bringup:/home/minsuje/turtlebot3_ws/install/open_manipulator_x_description:/home/minsuje/turtlebot3_ws/install/dynamixel_sdk_examples:/home/minsuje/turtlebot3_ws/install/dynamixel_sdk_custom_interfaces:/home/minsuje/turtlebot3_ws/install/dynamixel_sdk:/home/minsuje/turtlebot3_ws/install/car_odom:/home/minsuje/turtlebot3_ws/install/arm_odom:/home/minsuje/turtlebot3_ws/install/urdf_tutorial:/home/minsuje/turtlebot3_ws/install/turtlebot3_teleop:/home/minsuje/turtlebot3_ws/install/turtlebot3_example:/home/minsuje/turtlebot3_ws/install/turtlebot3_autorace_mission:/home/minsuje/turtlebot3_ws/install/turtlebot3_autorace_detect:/home/minsuje/turtlebot3_ws/install/turtlebot3_autorace_camera:/home/minsuje/turtlebot3_ws/install/sim_tutorial:/home/minsuje/turtlebot3_ws/install/car_tutorial:/home/minsuje/turtlebot3_ws/install/arm_tutorial:/home/minsuje/ws_urdf/install/urdf_tutorial:/home/minsuje/ros2_ws/install/rokey:/home/minsuje/ros2_ws/install/pick_and_place_voice:/home/minsuje/ros2_ws/install/pick_and_place_text:/home/minsuje/ros2_ws/install/my_service_pkg:/home/minsuje/ros2_ws/install/dsr_visualservoing:/home/minsuje/ros2_ws/install/dsr_tests:/home/minsuje/ros2_ws/install/dsr_bringup2:/home/minsuje/ros2_ws/install/dsr_example:/opt/ros/humble:/home/minsuje/ros2_ws/install/od_msg:/home/minsuje/ros2_ws/install/my_interfaces:/home/minsuje/ros2_ws/install/dsr_realtime_control:/home/minsuje/ros2_ws/install/dsr_controller2:/home/minsuje/ros2_ws/install/dsr_msgs2:/home/minsuje/ros2_ws/install/dsr_moveit_config_p3020:/home/minsuje/ros2_ws/install/dsr_moveit_config_m1509:/home/minsuje/ros2_ws/install/dsr_moveit_config_m1013:/home/minsuje/ros2_ws/install/dsr_moveit_config_m0617:/home/minsuje/ros2_ws/install/dsr_moveit_config_m0609:/home/minsuje/ros2_ws/install/dsr_moveit_config_h2515:/home/minsuje/ros2_ws/install/dsr_moveit_config_h2017:/home/minsuje/ros2_ws/install/dsr_moveit_config_e0509:/home/minsuje/ros2_ws/install/dsr_moveit_config_a0912:/home/minsuje/ros2_ws/install/dsr_moveit_config_a0509:/home/minsuje/ros2_ws/install/dsr_hardware2:/home/minsuje/ros2_ws/install/dsr_gazebo2:/home/minsuje/ros2_ws/install/dsr_description2:/home/minsuje/ros2_ws/install/dsr_common2:/home/minsuje/ros2_ws/install/custom_pkg_srv_test:/home/minsuje/ros2_ws/install/custom_msgs /usr/bin/cmake --install /home/minsuje/turtlebot3_ws/build/dynamixel_sdk
