[0.005s] Invoking command in '/home/minsuje/rokey_ws/build/explore_lite': CMAKE_PREFIX_PATH=${CMAKE_PREFIX_PATH}:/opt/ros/humble /usr/bin/cmake /home/minsuje/rokey_ws/src/m-explore-ros2/explore -DCMAKE_INSTALL_PREFIX=/home/minsuje/rokey_ws/install/explore_lite
[0.125s] -- The C compiler identification is GNU 11.4.0
[0.205s] -- The CXX compiler identification is GNU 11.4.0
[0.213s] -- Detecting C compiler ABI info
[0.257s] -- Detecting C compiler ABI info - done
[0.261s] -- Check for working C compiler: /usr/bin/cc - skipped
[0.262s] -- Detecting C compile features
[0.262s] -- Detecting C compile features - done
[0.264s] -- Detecting CXX compiler ABI info
[0.316s] -- Detecting CXX compiler ABI info - done
[0.322s] -- Check for working CXX compiler: /usr/bin/c++ - skipped
[0.322s] -- Detecting CXX compile features
[0.322s] -- Detecting CXX compile features - done
[0.323s] -- BuilD for ROS2: humble
[0.331s] -- Found ament_cmake: 1.3.11 (/opt/ros/humble/share/ament_cmake/cmake)
[0.438s] -- Found Python3: /usr/bin/python3 (found version "3.10.12") found components: Interpreter 
[0.509s] -- Found rclcpp: 16.0.12 (/opt/ros/humble/share/rclcpp/cmake)
[0.547s] -- Found rosidl_generator_c: 3.1.6 (/opt/ros/humble/share/rosidl_generator_c/cmake)
[0.551s] -- Found rosidl_adapter: 3.1.6 (/opt/ros/humble/share/rosidl_adapter/cmake)
[0.558s] -- Found rosidl_generator_cpp: 3.1.6 (/opt/ros/humble/share/rosidl_generator_cpp/cmake)
[0.568s] -- Using all available rosidl_typesupport_c: rosidl_typesupport_fastrtps_c;rosidl_typesupport_introspection_c
[0.579s] -- Using all available rosidl_typesupport_cpp: rosidl_typesupport_fastrtps_cpp;rosidl_typesupport_introspection_cpp
[0.615s] -- Found rmw_implementation_cmake: 6.1.2 (/opt/ros/humble/share/rmw_implementation_cmake/cmake)
[0.618s] -- Found rmw_fastrtps_cpp: 6.2.7 (/opt/ros/humble/share/rmw_fastrtps_cpp/cmake)
[0.706s] -- Found OpenSSL: /usr/lib/x86_64-linux-gnu/libcrypto.so (found version "3.0.2")  
[0.736s] -- Found FastRTPS: /opt/ros/humble/include  
[0.780s] -- Using RMW implementation 'rmw_fastrtps_cpp' as default
[0.792s] -- Looking for pthread.h
[0.886s] -- Looking for pthread.h - found
[0.887s] -- Performing Test CMAKE_HAVE_LIBC_PTHREAD
[0.969s] -- Performing Test CMAKE_HAVE_LIBC_PTHREAD - Success
[0.970s] -- Found Threads: TRUE  
[1.029s] -- Found sensor_msgs: 4.8.0 (/opt/ros/humble/share/sensor_msgs/cmake)
[1.054s] -- Found tf2_ros: 0.25.12 (/opt/ros/humble/share/tf2_ros/cmake)
[1.137s] -- Found tf2_geometry_msgs: 0.25.12 (/opt/ros/humble/share/tf2_geometry_msgs/cmake)
[1.147s] -- Found eigen3_cmake_module: 0.1.1 (/opt/ros/humble/share/eigen3_cmake_module/cmake)
[1.148s] -- Found Eigen3: TRUE (found version "3.4.0") 
[1.148s] -- Ensuring Eigen3 include directory is part of orocos-kdl CMake target
[1.150s] -- Found nav2_msgs: 1.1.18 (/opt/ros/humble/share/nav2_msgs/cmake)
[1.179s] -- Found map_msgs: 2.1.0 (/opt/ros/humble/share/map_msgs/cmake)
[1.192s] -- Found visualization_msgs: 4.8.0 (/opt/ros/humble/share/visualization_msgs/cmake)
[1.207s] -- Found nav2_costmap_2d: 1.1.18 (/opt/ros/humble/share/nav2_costmap_2d/cmake)
[1.299s] -- Found ament_lint_auto: 0.12.12 (/opt/ros/humble/share/ament_lint_auto/cmake)
[1.347s] -- Found ament_cmake_gtest: 1.3.11 (/opt/ros/humble/share/ament_cmake_gtest/cmake)
[1.350s] -- Found gtest sources under '/opt/ros/humble/src/gtest_vendor': C++ tests using 'Google Test' will be built
[1.359s] -- Added test 'cppcheck' to perform static code analysis on C / C++ code
[1.359s] -- Configured cppcheck include dirs: /home/minsuje/rokey_ws/src/m-explore-ros2/explore/include;$<BUILD_INTERFACE:/home/minsuje/rokey_ws/src/m-explore-ros2/explore/include>
[1.359s] -- Configured cppcheck exclude dirs and/or files: 
[1.360s] -- Added test 'flake8' to check Python code syntax and style conventions
[1.360s] -- Added test 'lint_cmake' to check CMake code style
[1.360s] -- Added test 'pep257' to check Python code against some of the docstring style conventions in PEP 257
[1.361s] -- Added test 'uncrustify' to check C / C++ code style
[1.361s] -- Configured uncrustify additional arguments: 
[1.361s] -- Added test 'xmllint' to check XML markup files
[1.363s] -- Configuring done
[1.428s] -- Generating done
[1.434s] -- Build files have been written to: /home/minsuje/rokey_ws/build/explore_lite
[1.441s] Invoked command in '/home/minsuje/rokey_ws/build/explore_lite' returned '0': CMAKE_PREFIX_PATH=${CMAKE_PREFIX_PATH}:/opt/ros/humble /usr/bin/cmake /home/minsuje/rokey_ws/src/m-explore-ros2/explore -DCMAKE_INSTALL_PREFIX=/home/minsuje/rokey_ws/install/explore_lite
[1.442s] Invoking command in '/home/minsuje/rokey_ws/build/explore_lite': CMAKE_PREFIX_PATH=${CMAKE_PREFIX_PATH}:/opt/ros/humble /usr/bin/cmake --build /home/minsuje/rokey_ws/build/explore_lite -- -j32 -l32
[1.475s] [ 10%] [32mBuilding CXX object gtest/CMakeFiles/gtest_main.dir/src/gtest_main.cc.o[0m
[1.480s] [ 20%] [32mBuilding CXX object gtest/CMakeFiles/gtest.dir/src/gtest-all.cc.o[0m
[1.483s] [ 30%] [32mBuilding CXX object CMakeFiles/explore.dir/src/costmap_client.cpp.o[0m
[1.483s] [ 40%] [32mBuilding CXX object CMakeFiles/explore.dir/src/explore.cpp.o[0m
[1.485s] [ 50%] [32mBuilding CXX object CMakeFiles/explore.dir/src/frontier_search.cpp.o[0m
[1.838s] [ 60%] [32m[1mLinking CXX static library libgtest_main.a[0m
[1.884s] [ 60%] Built target gtest_main
[3.087s] [ 70%] [32m[1mLinking CXX static library libgtest.a[0m
[3.143s] [ 70%] Built target gtest
[3.160s] [ 80%] [32mBuilding CXX object CMakeFiles/test_explore.dir/test/test_explore.cpp.o[0m
[3.728s] [ 90%] [32m[1mLinking CXX executable test_explore[0m
[4.363s] [ 90%] Built target test_explore
[7.566s] [100%] [32m[1mLinking CXX executable explore[0m
[8.396s] [100%] Built target explore
[8.404s] Invoked command in '/home/minsuje/rokey_ws/build/explore_lite' returned '0': CMAKE_PREFIX_PATH=${CMAKE_PREFIX_PATH}:/opt/ros/humble /usr/bin/cmake --build /home/minsuje/rokey_ws/build/explore_lite -- -j32 -l32
[8.411s] Invoking command in '/home/minsuje/rokey_ws/build/explore_lite': CMAKE_PREFIX_PATH=${CMAKE_PREFIX_PATH}:/opt/ros/humble /usr/bin/cmake --install /home/minsuje/rokey_ws/build/explore_lite
[8.417s] -- Install configuration: ""
[8.417s] -- Installing: /home/minsuje/rokey_ws/install/explore_lite/include/explore/
[8.417s] -- Installing: /home/minsuje/rokey_ws/install/explore_lite/include/explore//explore.h
[8.417s] -- Installing: /home/minsuje/rokey_ws/install/explore_lite/include/explore//costmap_client.h
[8.417s] -- Installing: /home/minsuje/rokey_ws/install/explore_lite/include/explore//frontier_search.h
[8.417s] -- Installing: /home/minsuje/rokey_ws/install/explore_lite/include/explore//costmap_tools.h
[8.417s] -- Installing: /home/minsuje/rokey_ws/install/explore_lite/share/explore_lite/config
[8.417s] -- Installing: /home/minsuje/rokey_ws/install/explore_lite/share/explore_lite/config/params.yaml
[8.417s] -- Installing: /home/minsuje/rokey_ws/install/explore_lite/share/explore_lite/config/params_costmap.yaml
[8.417s] -- Installing: /home/minsuje/rokey_ws/install/explore_lite/share/explore_lite/launch
[8.417s] -- Installing: /home/minsuje/rokey_ws/install/explore_lite/share/explore_lite/launch/explore.launch.py
[8.417s] -- Installing: /home/minsuje/rokey_ws/install/explore_lite/lib/explore_lite/explore
[8.422s] -- Set runtime path of "/home/minsuje/rokey_ws/install/explore_lite/lib/explore_lite/explore" to ""
[8.422s] -- Installing: /home/minsuje/rokey_ws/install/explore_lite/share/ament_index/resource_index/package_run_dependencies/explore_lite
[8.422s] -- Installing: /home/minsuje/rokey_ws/install/explore_lite/share/ament_index/resource_index/parent_prefix_path/explore_lite
[8.423s] -- Installing: /home/minsuje/rokey_ws/install/explore_lite/share/explore_lite/environment/ament_prefix_path.sh
[8.423s] -- Installing: /home/minsuje/rokey_ws/install/explore_lite/share/explore_lite/environment/ament_prefix_path.dsv
[8.423s] -- Installing: /home/minsuje/rokey_ws/install/explore_lite/share/explore_lite/environment/path.sh
[8.423s] -- Installing: /home/minsuje/rokey_ws/install/explore_lite/share/explore_lite/environment/path.dsv
[8.423s] -- Installing: /home/minsuje/rokey_ws/install/explore_lite/share/explore_lite/local_setup.bash
[8.423s] -- Installing: /home/minsuje/rokey_ws/install/explore_lite/share/explore_lite/local_setup.sh
[8.423s] -- Installing: /home/minsuje/rokey_ws/install/explore_lite/share/explore_lite/local_setup.zsh
[8.423s] -- Installing: /home/minsuje/rokey_ws/install/explore_lite/share/explore_lite/local_setup.dsv
[8.423s] -- Installing: /home/minsuje/rokey_ws/install/explore_lite/share/explore_lite/package.dsv
[8.423s] -- Installing: /home/minsuje/rokey_ws/install/explore_lite/share/ament_index/resource_index/packages/explore_lite
[8.423s] -- Installing: /home/minsuje/rokey_ws/install/explore_lite/share/explore_lite/cmake/ament_cmake_export_include_directories-extras.cmake
[8.423s] -- Installing: /home/minsuje/rokey_ws/install/explore_lite/share/explore_lite/cmake/explore_liteConfig.cmake
[8.424s] -- Installing: /home/minsuje/rokey_ws/install/explore_lite/share/explore_lite/cmake/explore_liteConfig-version.cmake
[8.424s] -- Installing: /home/minsuje/rokey_ws/install/explore_lite/share/explore_lite/package.xml
[8.425s] Invoked command in '/home/minsuje/rokey_ws/build/explore_lite' returned '0': CMAKE_PREFIX_PATH=${CMAKE_PREFIX_PATH}:/opt/ros/humble /usr/bin/cmake --install /home/minsuje/rokey_ws/build/explore_lite
