[0.038s] Invoking command in '/home/minsuje/ros2_ws/build/dsr_moveit_config_e0509': CMAKE_PREFIX_PATH=/opt/ros/humble /usr/bin/cmake /home/minsuje/ros2_ws/src/DoosanBootcamp3rd/dsr_moveit2/dsr_moveit_config_e0509 -DAMENT_CMAKE_SYMLINK_INSTALL=1 -DCMAKE_INSTALL_PREFIX=/home/minsuje/ros2_ws/install/dsr_moveit_config_e0509
[1.231s] -- The C compiler identification is GNU 11.4.0
[1.231s] -- The CXX compiler identification is GNU 11.4.0
[1.231s] -- Detecting C compiler ABI info
[1.231s] -- Detecting C compiler ABI info - done
[1.231s] -- Check for working C compiler: /usr/bin/cc - skipped
[1.231s] -- Detecting C compile features
[1.231s] -- Detecting C compile features - done
[1.231s] -- Detecting CXX compiler ABI info
[1.231s] -- Detecting CXX compiler ABI info - done
[1.231s] -- Check for working CXX compiler: /usr/bin/c++ - skipped
[1.232s] -- Detecting CXX compile features
[1.232s] -- Detecting CXX compile features - done
[1.232s] -- Found ament_cmake: 1.3.11 (/opt/ros/humble/share/ament_cmake/cmake)
[1.232s] -- Found Python3: /usr/bin/python3 (found version "3.10.12") found components: Interpreter 
[1.232s] -- Override CMake install command with custom implementation using symlinks instead of copying resources
[1.232s] -- Configuring done
[1.232s] -- Generating done
[1.232s] -- Build files have been written to: /home/minsuje/ros2_ws/build/dsr_moveit_config_e0509
[1.537s] Invoked command in '/home/minsuje/ros2_ws/build/dsr_moveit_config_e0509' returned '0': CMAKE_PREFIX_PATH=/opt/ros/humble /usr/bin/cmake /home/minsuje/ros2_ws/src/DoosanBootcamp3rd/dsr_moveit2/dsr_moveit_config_e0509 -DAMENT_CMAKE_SYMLINK_INSTALL=1 -DCMAKE_INSTALL_PREFIX=/home/minsuje/ros2_ws/install/dsr_moveit_config_e0509
[1.539s] Invoking command in '/home/minsuje/ros2_ws/build/dsr_moveit_config_e0509': CMAKE_PREFIX_PATH=/opt/ros/humble /usr/bin/cmake --build /home/minsuje/ros2_ws/build/dsr_moveit_config_e0509 -- -j32 -l32
[1.601s] Invoked command in '/home/minsuje/ros2_ws/build/dsr_moveit_config_e0509' returned '0': CMAKE_PREFIX_PATH=/opt/ros/humble /usr/bin/cmake --build /home/minsuje/ros2_ws/build/dsr_moveit_config_e0509 -- -j32 -l32
[1.603s] Invoking command in '/home/minsuje/ros2_ws/build/dsr_moveit_config_e0509': CMAKE_PREFIX_PATH=/opt/ros/humble /usr/bin/cmake --install /home/minsuje/ros2_ws/build/dsr_moveit_config_e0509
[1.627s] -- Install configuration: ""
[1.628s] -- Execute custom install script
[1.628s] -- Symlinking: /home/minsuje/ros2_ws/install/dsr_moveit_config_e0509/share/ament_index/resource_index/package_run_dependencies/dsr_moveit_config_e0509
[1.630s] -- Symlinking: /home/minsuje/ros2_ws/install/dsr_moveit_config_e0509/share/ament_index/resource_index/parent_prefix_path/dsr_moveit_config_e0509
[1.632s] -- Symlinking: /home/minsuje/ros2_ws/install/dsr_moveit_config_e0509/share/dsr_moveit_config_e0509/environment/ament_prefix_path.sh
[1.642s] -- Symlinking: /home/minsuje/ros2_ws/install/dsr_moveit_config_e0509/share/dsr_moveit_config_e0509/environment/ament_prefix_path.dsv
[1.652s] -- Symlinking: /home/minsuje/ros2_ws/install/dsr_moveit_config_e0509/share/dsr_moveit_config_e0509/environment/path.sh
[1.664s] -- Symlinking: /home/minsuje/ros2_ws/install/dsr_moveit_config_e0509/share/dsr_moveit_config_e0509/environment/path.dsv
[1.673s] -- Symlinking: /home/minsuje/ros2_ws/install/dsr_moveit_config_e0509/share/dsr_moveit_config_e0509/local_setup.bash
[1.683s] -- Symlinking: /home/minsuje/ros2_ws/install/dsr_moveit_config_e0509/share/dsr_moveit_config_e0509/local_setup.sh
[1.691s] -- Symlinking: /home/minsuje/ros2_ws/install/dsr_moveit_config_e0509/share/dsr_moveit_config_e0509/local_setup.zsh
[1.701s] -- Symlinking: /home/minsuje/ros2_ws/install/dsr_moveit_config_e0509/share/dsr_moveit_config_e0509/local_setup.dsv
[1.711s] -- Symlinking: /home/minsuje/ros2_ws/install/dsr_moveit_config_e0509/share/dsr_moveit_config_e0509/package.dsv
[1.723s] -- Symlinking: /home/minsuje/ros2_ws/install/dsr_moveit_config_e0509/share/ament_index/resource_index/packages/dsr_moveit_config_e0509
[1.728s] -- Symlinking: /home/minsuje/ros2_ws/install/dsr_moveit_config_e0509/share/dsr_moveit_config_e0509/cmake/dsr_moveit_config_e0509Config.cmake
[1.739s] -- Symlinking: /home/minsuje/ros2_ws/install/dsr_moveit_config_e0509/share/dsr_moveit_config_e0509/cmake/dsr_moveit_config_e0509Config-version.cmake
[1.753s] -- Symlinking: /home/minsuje/ros2_ws/install/dsr_moveit_config_e0509/share/dsr_moveit_config_e0509/package.xml
[1.762s] -- Symlinking: /home/minsuje/ros2_ws/install/dsr_moveit_config_e0509/share/dsr_moveit_config_e0509/launch/demo.launch.py
[1.775s] -- Symlinking: /home/minsuje/ros2_ws/install/dsr_moveit_config_e0509/share/dsr_moveit_config_e0509/launch/moveit.rviz
[1.786s] -- Symlinking: /home/minsuje/ros2_ws/install/dsr_moveit_config_e0509/share/dsr_moveit_config_e0509/launch/start.launch.py
[1.795s] -- Symlinking: /home/minsuje/ros2_ws/install/dsr_moveit_config_e0509/share/dsr_moveit_config_e0509/config/chomp_planning.yaml
[1.808s] -- Symlinking: /home/minsuje/ros2_ws/install/dsr_moveit_config_e0509/share/dsr_moveit_config_e0509/config/dsr.ros2_control.xacro
[1.818s] -- Symlinking: /home/minsuje/ros2_ws/install/dsr_moveit_config_e0509/share/dsr_moveit_config_e0509/config/dsr.srdf
[1.826s] -- Symlinking: /home/minsuje/ros2_ws/install/dsr_moveit_config_e0509/share/dsr_moveit_config_e0509/config/e0509.urdf.xacro
[1.838s] -- Symlinking: /home/minsuje/ros2_ws/install/dsr_moveit_config_e0509/share/dsr_moveit_config_e0509/config/initial_positions.yaml
[1.848s] -- Symlinking: /home/minsuje/ros2_ws/install/dsr_moveit_config_e0509/share/dsr_moveit_config_e0509/config/joint_limits.yaml
[1.858s] -- Symlinking: /home/minsuje/ros2_ws/install/dsr_moveit_config_e0509/share/dsr_moveit_config_e0509/config/kinematics.yaml
[1.872s] -- Symlinking: /home/minsuje/ros2_ws/install/dsr_moveit_config_e0509/share/dsr_moveit_config_e0509/config/moveit_controllers.yaml
[1.883s] -- Symlinking: /home/minsuje/ros2_ws/install/dsr_moveit_config_e0509/share/dsr_moveit_config_e0509/config/ompl_planning.yaml
[1.895s] -- Symlinking: /home/minsuje/ros2_ws/install/dsr_moveit_config_e0509/share/dsr_moveit_config_e0509/config/pilz_cartesian_limits.yaml
[1.911s] -- Symlinking: /home/minsuje/ros2_ws/install/dsr_moveit_config_e0509/share/dsr_moveit_config_e0509/config/ros2_controllers.yaml
[1.922s] -- Symlinking: /home/minsuje/ros2_ws/install/dsr_moveit_config_e0509/share/dsr_moveit_config_e0509/config/sensors_3d.yaml
[1.933s] -- Symlinking: /home/minsuje/ros2_ws/install/dsr_moveit_config_e0509/share/dsr_moveit_config_e0509/.setup_assistant
[2.384s] Invoked command in '/home/minsuje/ros2_ws/build/dsr_moveit_config_e0509' returned '0': CMAKE_PREFIX_PATH=/opt/ros/humble /usr/bin/cmake --install /home/minsuje/ros2_ws/build/dsr_moveit_config_e0509
