[1.722s] Invoking command in '/home/minsuje/ros2_ws/build/dsr_visualservoing': PYTHONPATH=/home/minsuje/ros2_ws/build/dsr_visualservoing/prefix_override:/usr/lib/python3/dist-packages/colcon_core/task/python/colcon_distutils_commands:/home/minsuje/ros2_ws/install/dsr_visualservoing/lib/python3.10/site-packages:${PYTHONPATH} /usr/bin/python3 -W ignore:setup.py install is deprecated -W ignore:easy_install command is deprecated setup.py develop --editable --build-directory /home/minsuje/ros2_ws/build/dsr_visualservoing/build --no-deps symlink_data
[1.960s] running develop
[2.146s] running egg_info
[2.146s] writing dsr_visualservoing.egg-info/PKG-INFO
[2.146s] writing dependency_links to dsr_visualservoing.egg-info/dependency_links.txt
[2.147s] writing entry points to dsr_visualservoing.egg-info/entry_points.txt
[2.147s] writing requirements to dsr_visualservoing.egg-info/requires.txt
[2.147s] writing top-level names to dsr_visualservoing.egg-info/top_level.txt
[2.148s] reading manifest file 'dsr_visualservoing.egg-info/SOURCES.txt'
[2.149s] writing manifest file 'dsr_visualservoing.egg-info/SOURCES.txt'
[2.180s] running build_ext
[2.181s] Creating /home/minsuje/ros2_ws/install/dsr_visualservoing/lib/python3.10/site-packages/dsr-visualservoing.egg-link (link to .)
[2.181s] Installing camera_publisher script to /home/minsuje/ros2_ws/install/dsr_visualservoing/lib/dsr_visualservoing
[2.181s] Installing detect_marker_gz script to /home/minsuje/ros2_ws/install/dsr_visualservoing/lib/dsr_visualservoing
[2.181s] Installing joint90 script to /home/minsuje/ros2_ws/install/dsr_visualservoing/lib/dsr_visualservoing
[2.181s] Installing send_pose_servol_gz script to /home/minsuje/ros2_ws/install/dsr_visualservoing/lib/dsr_visualservoing
[2.181s] 
[2.182s] Installed /home/minsuje/ros2_ws/build/dsr_visualservoing
[2.182s] running symlink_data
[2.434s] Invoked command in '/home/minsuje/ros2_ws/build/dsr_visualservoing' returned '0': PYTHONPATH=/home/minsuje/ros2_ws/build/dsr_visualservoing/prefix_override:/usr/lib/python3/dist-packages/colcon_core/task/python/colcon_distutils_commands:/home/minsuje/ros2_ws/install/dsr_visualservoing/lib/python3.10/site-packages:${PYTHONPATH} /usr/bin/python3 -W ignore:setup.py install is deprecated -W ignore:easy_install command is deprecated setup.py develop --editable --build-directory /home/minsuje/ros2_ws/build/dsr_visualservoing/build --no-deps symlink_data
