[0.631s] Invoking command in '/home/minsuje/turtlebot3_ws/build/turtlebot3_gazebo': CMAKE_PREFIX_PATH=/home/minsuje/turtlebot3_ws/install/turtlebot3:/home/minsuje/turtlebot3_ws/install/turtlebot3_simulations:/home/minsuje/turtlebot3_ws/install/turtlebot3_bringup:/home/minsuje/turtlebot3_ws/install/turtlebot3_node:/home/minsuje/turtlebot3_ws/install/turtlebot3_navigation2:/home/minsuje/turtlebot3_ws/install/turtlebot3_fake_node:/home/minsuje/turtlebot3_ws/install/turtlebot3_msgs:/home/minsuje/turtlebot3_ws/install/turtlebot3_manipulation:/home/minsuje/turtlebot3_ws/install/turtlebot3_manipulation_teleop:/home/minsuje/turtlebot3_ws/install/turtlebot3_manipulation_navigation2:/home/minsuje/turtlebot3_ws/install/turtlebot3_manipulation_moveit_config:/home/minsuje/turtlebot3_ws/install/turtlebot3_manipulation_hardware:/home/minsuje/turtlebot3_ws/install/turtlebot3_manipulation_gazebo:/home/minsuje/turtlebot3_ws/install/turtlebot3_manipulation_bringup:/home/minsuje/turtlebot3_ws/install/turtlebot3_manipulation_description:/home/minsuje/turtlebot3_ws/install/turtlebot3_manipulation_cartographer:/home/minsuje/turtlebot3_ws/install/turtlebot3_gazebo:/home/minsuje/turtlebot3_ws/install/turtlebot3_description:/home/minsuje/turtlebot3_ws/install/turtlebot3_cartographer:/home/minsuje/turtlebot3_ws/install/turtlebot3_autorace:/home/minsuje/turtlebot3_ws/install/open_manipulator:/home/minsuje/turtlebot3_ws/install/open_manipulator_x_teleop:/home/minsuje/turtlebot3_ws/install/open_manipulator_x_playground:/home/minsuje/turtlebot3_ws/install/open_manipulator_x_moveit_config:/home/minsuje/turtlebot3_ws/install/open_manipulator_x_gui:/home/minsuje/turtlebot3_ws/install/open_manipulator_x_bringup:/home/minsuje/turtlebot3_ws/install/open_manipulator_x_description:/home/minsuje/turtlebot3_ws/install/dynamixel_sdk_examples:/home/minsuje/turtlebot3_ws/install/dynamixel_sdk_custom_interfaces:/home/minsuje/turtlebot3_ws/install/dynamixel_sdk:/home/minsuje/turtlebot3_ws/install/car_odom:/home/minsuje/turtlebot3_ws/install/arm_odom:/home/minsuje/turtlebot3_ws/install/urdf_tutorial:/home/minsuje/turtlebot3_ws/install/turtlebot3_teleop:/home/minsuje/turtlebot3_ws/install/turtlebot3_example:/home/minsuje/turtlebot3_ws/install/turtlebot3_autorace_mission:/home/minsuje/turtlebot3_ws/install/turtlebot3_autorace_detect:/home/minsuje/turtlebot3_ws/install/turtlebot3_autorace_camera:/home/minsuje/turtlebot3_ws/install/sim_tutorial:/home/minsuje/turtlebot3_ws/install/car_tutorial:/home/minsuje/turtlebot3_ws/install/arm_tutorial:/home/minsuje/ws_urdf/install/urdf_tutorial:/home/minsuje/ros2_ws/install/rokey:/home/minsuje/ros2_ws/install/pick_and_place_voice:/home/minsuje/ros2_ws/install/pick_and_place_text:/home/minsuje/ros2_ws/install/my_service_pkg:/home/minsuje/ros2_ws/install/dsr_visualservoing:/home/minsuje/ros2_ws/install/dsr_tests:/home/minsuje/ros2_ws/install/dsr_bringup2:/home/minsuje/ros2_ws/install/dsr_example:/opt/ros/humble:/home/minsuje/ros2_ws/install/od_msg:/home/minsuje/ros2_ws/install/my_interfaces:/home/minsuje/ros2_ws/install/dsr_realtime_control:/home/minsuje/ros2_ws/install/dsr_controller2:/home/minsuje/ros2_ws/install/dsr_msgs2:/home/minsuje/ros2_ws/install/dsr_moveit_config_p3020:/home/minsuje/ros2_ws/install/dsr_moveit_config_m1509:/home/minsuje/ros2_ws/install/dsr_moveit_config_m1013:/home/minsuje/ros2_ws/install/dsr_moveit_config_m0617:/home/minsuje/ros2_ws/install/dsr_moveit_config_m0609:/home/minsuje/ros2_ws/install/dsr_moveit_config_h2515:/home/minsuje/ros2_ws/install/dsr_moveit_config_h2017:/home/minsuje/ros2_ws/install/dsr_moveit_config_e0509:/home/minsuje/ros2_ws/install/dsr_moveit_config_a0912:/home/minsuje/ros2_ws/install/dsr_moveit_config_a0509:/home/minsuje/ros2_ws/install/dsr_hardware2:/home/minsuje/ros2_ws/install/dsr_gazebo2:/home/minsuje/ros2_ws/install/dsr_description2:/home/minsuje/ros2_ws/install/dsr_common2:/home/minsuje/ros2_ws/install/custom_pkg_srv_test:/home/minsuje/ros2_ws/install/custom_msgs /usr/bin/cmake /home/minsuje/turtlebot3_ws/src/turtlebot3_simulations/turtlebot3_gazebo -DAMENT_CMAKE_SYMLINK_INSTALL=1 -DCMAKE_INSTALL_PREFIX=/home/minsuje/turtlebot3_ws/install/turtlebot3_gazebo
[1.828s] -- The C compiler identification is GNU 11.4.0
[1.828s] -- The CXX compiler identification is GNU 11.4.0
[1.828s] -- Detecting C compiler ABI info
[1.828s] -- Detecting C compiler ABI info - done
[1.828s] -- Check for working C compiler: /usr/bin/cc - skipped
[1.828s] -- Detecting C compile features
[1.828s] -- Detecting C compile features - done
[1.828s] -- Detecting CXX compiler ABI info
[1.828s] -- Detecting CXX compiler ABI info - done
[1.828s] -- Check for working CXX compiler: /usr/bin/c++ - skipped
[1.829s] -- Detecting CXX compile features
[1.829s] -- Detecting CXX compile features - done
[1.829s] -- Found ament_cmake: 1.3.11 (/opt/ros/humble/share/ament_cmake/cmake)
[1.829s] -- Found Python3: /usr/bin/python3 (found version "3.10.12") found components: Interpreter 
[1.829s] -- Override CMake install command with custom implementation using symlinks instead of copying resources
[1.829s] -- Found PkgConfig: /usr/bin/pkg-config (found version "0.29.2") 
[1.829s] -- Checking for module 'bullet>=2.82'
[1.829s] --   Found bullet, version 3.05
[1.829s] -- Found fcl: /usr/include (found suitable version "0.7.0", minimum required is "0.5.0") 
[1.829s] -- Found assimp: /usr/include (found version "5.2.0") 
[1.829s] -- Found DART: /usr/include (Required is at least version "6.6") found components: dart 
[1.829s] -- Found Boost: /usr/lib/x86_64-linux-gnu/cmake/Boost-1.74.0/BoostConfig.cmake (found suitable version "1.74.0", minimum required is "1.40.0") found components: thread system filesystem program_options regex iostreams date_time 
[1.829s] -- Found Protobuf: /usr/lib/x86_64-linux-gnu/libprotobuf.so (found version "3.12.4") 
[1.829s] -- Looking for ignition-math6 -- found version 6.15.1
[1.829s] -- Searching for dependencies of ignition-math6
[1.829s] -- Looking for OGRE...
[1.829s] -- OGRE_PREFIX_WATCH changed.
[1.829s] -- Checking for module 'OGRE'
[1.829s] --   Found OGRE, version 1.9.0
[1.829s] -- Found Ogre Ghadamon (1.9.0)
[1.829s] -- Found OGRE: optimized;/usr/lib/x86_64-linux-gnu/libOgreMain.so;debug;/usr/lib/x86_64-linux-gnu/libOgreMain.so
[1.829s] -- Looking for OGRE_Paging...
[1.829s] -- Found OGRE_Paging: optimized;/usr/lib/x86_64-linux-gnu/libOgrePaging.so;debug;/usr/lib/x86_64-linux-gnu/libOgrePaging.so
[1.829s] -- Looking for OGRE_Terrain...
[1.829s] -- Found OGRE_Terrain: optimized;/usr/lib/x86_64-linux-gnu/libOgreTerrain.so;debug;/usr/lib/x86_64-linux-gnu/libOgreTerrain.so
[1.829s] -- Looking for OGRE_Property...
[1.829s] -- Found OGRE_Property: optimized;/usr/lib/x86_64-linux-gnu/libOgreProperty.so;debug;/usr/lib/x86_64-linux-gnu/libOgreProperty.so
[1.829s] -- Looking for OGRE_RTShaderSystem...
[1.830s] -- Found OGRE_RTShaderSystem: optimized;/usr/lib/x86_64-linux-gnu/libOgreRTShaderSystem.so;debug;/usr/lib/x86_64-linux-gnu/libOgreRTShaderSystem.so
[1.830s] -- Looking for OGRE_Volume...
[1.830s] -- Found OGRE_Volume: optimized;/usr/lib/x86_64-linux-gnu/libOgreVolume.so;debug;/usr/lib/x86_64-linux-gnu/libOgreVolume.so
[1.830s] -- Looking for OGRE_Overlay...
[1.830s] -- Found OGRE_Overlay: optimized;/usr/lib/x86_64-linux-gnu/libOgreOverlay.so;debug;/usr/lib/x86_64-linux-gnu/libOgreOverlay.so
[1.830s] -- Looking for ignition-math6 -- found version 6.15.1
[1.830s] -- Looking for ignition-transport8 -- found version 8.2.1
[1.830s] -- Searching for dependencies of ignition-transport8
[1.830s] -- Found Protobuf: /usr/lib/x86_64-linux-gnu/libprotobuf.so (found suitable version "3.12.4", minimum required is "3") 
[1.830s] -- Config-file not installed for ZeroMQ -- checking for pkg-config
[1.830s] -- Checking for module 'libzmq >= 4'
[1.830s] --   Found libzmq , version 4.3.4
[1.830s] -- Found ZeroMQ: TRUE (Required is at least version "4") 
[1.830s] -- Checking for module 'uuid'
[1.830s] --   Found uuid, version 2.37.2
[1.830s] -- Found UUID: TRUE  
[1.830s] -- Looking for ignition-msgs5 -- found version 5.8.1
[1.830s] -- Searching for dependencies of ignition-msgs5
[1.830s] -- Looking for ignition-math6 -- found version 6.15.1
[1.831s] -- Checking for module 'tinyxml2'
[1.831s] --   Found tinyxml2, version 9.0.0
[1.832s] -- Looking for ignition-msgs5 -- found version 5.8.1
[1.833s] -- Looking for ignition-common3 -- found version 3.14.0
[1.833s] -- Searching for dependencies of ignition-common3
[1.833s] -- Looking for dlfcn.h - found
[1.833s] -- Looking for libdl - found
[1.833s] -- Found DL: TRUE  
[1.833s] -- Found tinyobjloader: /usr/lib/x86_64-linux-gnu/cmake/tinyobjloader/tinyobjloader-config.cmake (found version "2.0.0") 
[1.833s] -- Searching for <ignition-common3> component [graphics]
[1.833s] -- Looking for ignition-common3-graphics -- found version 3.14.0
[1.833s] -- Searching for dependencies of ignition-common3-graphics
[1.833s] -- Looking for ignition-math6 -- found version 6.15.1
[1.833s] -- Looking for ignition-fuel_tools4 -- found version 4.4.0
[1.834s] -- Searching for dependencies of ignition-fuel_tools4
[1.834s] [33mCMake Warning (dev) at /usr/share/cmake-3.22/Modules/FindPackageHandleStandardArgs.cmake:438 (message):
[1.834s]   The package name passed to `find_package_handle_standard_args` (PkgConfig)
[1.834s]   does not match the name of the calling package (gazebo).  This can lead to
[1.834s]   problems in calling code that expects `find_package` result variables
[1.834s]   (e.g., `_FOUND`) to follow a certain pattern.
[1.834s] Call Stack (most recent call first):
[1.834s]   /usr/share/cmake-3.22/Modules/FindPkgConfig.cmake:99 (find_package_handle_standard_args)
[1.834s]   /usr/lib/x86_64-linux-gnu/cmake/gazebo/gazebo-config.cmake:72 (include)
[1.834s]   CMakeLists.txt:23 (find_package)
[1.834s] This warning is for project developers.  Use -Wno-dev to suppress it.
[1.834s] [0m
[1.842s] -- Found CURL: /usr/lib/x86_64-linux-gnu/libcurl.so (found version "7.81.0")  
[1.850s] -- Checking for module 'jsoncpp'
[1.862s] --   Found jsoncpp, version 1.9.5
[1.901s] -- Found JSONCPP: TRUE  
[1.906s] -- Checking for module 'libzip'
[1.937s] --   Found libzip, version 1.7.3
[1.989s] -- Found ZIP: TRUE  
[1.990s] -- Looking for ignition-common3 -- found version 3.14.0
[1.990s] -- Looking for ignition-math6 -- found version 6.15.1
[1.991s] -- Looking for ignition-msgs5 -- found version 5.8.1
[2.012s] -- Found gazebo_ros_pkgs: 3.9.0 (/opt/ros/humble/share/gazebo_ros_pkgs/cmake)
[2.017s] -- Found geometry_msgs: 4.9.0 (/opt/ros/humble/share/geometry_msgs/cmake)
[2.106s] -- Found rosidl_generator_c: 3.1.6 (/opt/ros/humble/share/rosidl_generator_c/cmake)
[2.120s] -- Found rosidl_adapter: 3.1.6 (/opt/ros/humble/share/rosidl_adapter/cmake)
[2.141s] -- Found rosidl_generator_cpp: 3.1.6 (/opt/ros/humble/share/rosidl_generator_cpp/cmake)
[2.161s] -- Using all available rosidl_typesupport_c: rosidl_typesupport_fastrtps_c;rosidl_typesupport_introspection_c
[2.201s] -- Using all available rosidl_typesupport_cpp: rosidl_typesupport_fastrtps_cpp;rosidl_typesupport_introspection_cpp
[2.251s] -- Found nav_msgs: 4.9.0 (/opt/ros/humble/share/nav_msgs/cmake)
[2.272s] -- Found rclcpp: 16.0.12 (/opt/ros/humble/share/rclcpp/cmake)
[2.327s] -- Found rmw_implementation_cmake: 6.1.2 (/opt/ros/humble/share/rmw_implementation_cmake/cmake)
[2.335s] -- Found rmw_fastrtps_cpp: 6.2.7 (/opt/ros/humble/share/rmw_fastrtps_cpp/cmake)
[2.459s] -- Found OpenSSL: /usr/lib/x86_64-linux-gnu/libcrypto.so (found version "3.0.2")  
[2.501s] -- Found FastRTPS: /opt/ros/humble/include  
[2.570s] -- Using RMW implementation 'rmw_fastrtps_cpp' as default
[2.585s] -- Found Threads: TRUE  
[2.636s] -- Found sensor_msgs: 4.9.0 (/opt/ros/humble/share/sensor_msgs/cmake)
[2.657s] -- Found tf2: 0.25.13 (/opt/ros/humble/share/tf2/cmake)
[2.773s] -- Configuring done
[2.819s] -- Generating done
[2.828s] -- Build files have been written to: /home/minsuje/turtlebot3_ws/build/turtlebot3_gazebo
[2.851s] Invoked command in '/home/minsuje/turtlebot3_ws/build/turtlebot3_gazebo' returned '0': CMAKE_PREFIX_PATH=/home/minsuje/turtlebot3_ws/install/turtlebot3:/home/minsuje/turtlebot3_ws/install/turtlebot3_simulations:/home/minsuje/turtlebot3_ws/install/turtlebot3_bringup:/home/minsuje/turtlebot3_ws/install/turtlebot3_node:/home/minsuje/turtlebot3_ws/install/turtlebot3_navigation2:/home/minsuje/turtlebot3_ws/install/turtlebot3_fake_node:/home/minsuje/turtlebot3_ws/install/turtlebot3_msgs:/home/minsuje/turtlebot3_ws/install/turtlebot3_manipulation:/home/minsuje/turtlebot3_ws/install/turtlebot3_manipulation_teleop:/home/minsuje/turtlebot3_ws/install/turtlebot3_manipulation_navigation2:/home/minsuje/turtlebot3_ws/install/turtlebot3_manipulation_moveit_config:/home/minsuje/turtlebot3_ws/install/turtlebot3_manipulation_hardware:/home/minsuje/turtlebot3_ws/install/turtlebot3_manipulation_gazebo:/home/minsuje/turtlebot3_ws/install/turtlebot3_manipulation_bringup:/home/minsuje/turtlebot3_ws/install/turtlebot3_manipulation_description:/home/minsuje/turtlebot3_ws/install/turtlebot3_manipulation_cartographer:/home/minsuje/turtlebot3_ws/install/turtlebot3_gazebo:/home/minsuje/turtlebot3_ws/install/turtlebot3_description:/home/minsuje/turtlebot3_ws/install/turtlebot3_cartographer:/home/minsuje/turtlebot3_ws/install/turtlebot3_autorace:/home/minsuje/turtlebot3_ws/install/open_manipulator:/home/minsuje/turtlebot3_ws/install/open_manipulator_x_teleop:/home/minsuje/turtlebot3_ws/install/open_manipulator_x_playground:/home/minsuje/turtlebot3_ws/install/open_manipulator_x_moveit_config:/home/minsuje/turtlebot3_ws/install/open_manipulator_x_gui:/home/minsuje/turtlebot3_ws/install/open_manipulator_x_bringup:/home/minsuje/turtlebot3_ws/install/open_manipulator_x_description:/home/minsuje/turtlebot3_ws/install/dynamixel_sdk_examples:/home/minsuje/turtlebot3_ws/install/dynamixel_sdk_custom_interfaces:/home/minsuje/turtlebot3_ws/install/dynamixel_sdk:/home/minsuje/turtlebot3_ws/install/car_odom:/home/minsuje/turtlebot3_ws/install/arm_odom:/home/minsuje/turtlebot3_ws/install/urdf_tutorial:/home/minsuje/turtlebot3_ws/install/turtlebot3_teleop:/home/minsuje/turtlebot3_ws/install/turtlebot3_example:/home/minsuje/turtlebot3_ws/install/turtlebot3_autorace_mission:/home/minsuje/turtlebot3_ws/install/turtlebot3_autorace_detect:/home/minsuje/turtlebot3_ws/install/turtlebot3_autorace_camera:/home/minsuje/turtlebot3_ws/install/sim_tutorial:/home/minsuje/turtlebot3_ws/install/car_tutorial:/home/minsuje/turtlebot3_ws/install/arm_tutorial:/home/minsuje/ws_urdf/install/urdf_tutorial:/home/minsuje/ros2_ws/install/rokey:/home/minsuje/ros2_ws/install/pick_and_place_voice:/home/minsuje/ros2_ws/install/pick_and_place_text:/home/minsuje/ros2_ws/install/my_service_pkg:/home/minsuje/ros2_ws/install/dsr_visualservoing:/home/minsuje/ros2_ws/install/dsr_tests:/home/minsuje/ros2_ws/install/dsr_bringup2:/home/minsuje/ros2_ws/install/dsr_example:/opt/ros/humble:/home/minsuje/ros2_ws/install/od_msg:/home/minsuje/ros2_ws/install/my_interfaces:/home/minsuje/ros2_ws/install/dsr_realtime_control:/home/minsuje/ros2_ws/install/dsr_controller2:/home/minsuje/ros2_ws/install/dsr_msgs2:/home/minsuje/ros2_ws/install/dsr_moveit_config_p3020:/home/minsuje/ros2_ws/install/dsr_moveit_config_m1509:/home/minsuje/ros2_ws/install/dsr_moveit_config_m1013:/home/minsuje/ros2_ws/install/dsr_moveit_config_m0617:/home/minsuje/ros2_ws/install/dsr_moveit_config_m0609:/home/minsuje/ros2_ws/install/dsr_moveit_config_h2515:/home/minsuje/ros2_ws/install/dsr_moveit_config_h2017:/home/minsuje/ros2_ws/install/dsr_moveit_config_e0509:/home/minsuje/ros2_ws/install/dsr_moveit_config_a0912:/home/minsuje/ros2_ws/install/dsr_moveit_config_a0509:/home/minsuje/ros2_ws/install/dsr_hardware2:/home/minsuje/ros2_ws/install/dsr_gazebo2:/home/minsuje/ros2_ws/install/dsr_description2:/home/minsuje/ros2_ws/install/dsr_common2:/home/minsuje/ros2_ws/install/custom_pkg_srv_test:/home/minsuje/ros2_ws/install/custom_msgs /usr/bin/cmake /home/minsuje/turtlebot3_ws/src/turtlebot3_simulations/turtlebot3_gazebo -DAMENT_CMAKE_SYMLINK_INSTALL=1 -DCMAKE_INSTALL_PREFIX=/home/minsuje/turtlebot3_ws/install/turtlebot3_gazebo
[2.852s] Invoking command in '/home/minsuje/turtlebot3_ws/build/turtlebot3_gazebo': CMAKE_PREFIX_PATH=/home/minsuje/turtlebot3_ws/install/turtlebot3:/home/minsuje/turtlebot3_ws/install/turtlebot3_simulations:/home/minsuje/turtlebot3_ws/install/turtlebot3_bringup:/home/minsuje/turtlebot3_ws/install/turtlebot3_node:/home/minsuje/turtlebot3_ws/install/turtlebot3_navigation2:/home/minsuje/turtlebot3_ws/install/turtlebot3_fake_node:/home/minsuje/turtlebot3_ws/install/turtlebot3_msgs:/home/minsuje/turtlebot3_ws/install/turtlebot3_manipulation:/home/minsuje/turtlebot3_ws/install/turtlebot3_manipulation_teleop:/home/minsuje/turtlebot3_ws/install/turtlebot3_manipulation_navigation2:/home/minsuje/turtlebot3_ws/install/turtlebot3_manipulation_moveit_config:/home/minsuje/turtlebot3_ws/install/turtlebot3_manipulation_hardware:/home/minsuje/turtlebot3_ws/install/turtlebot3_manipulation_gazebo:/home/minsuje/turtlebot3_ws/install/turtlebot3_manipulation_bringup:/home/minsuje/turtlebot3_ws/install/turtlebot3_manipulation_description:/home/minsuje/turtlebot3_ws/install/turtlebot3_manipulation_cartographer:/home/minsuje/turtlebot3_ws/install/turtlebot3_gazebo:/home/minsuje/turtlebot3_ws/install/turtlebot3_description:/home/minsuje/turtlebot3_ws/install/turtlebot3_cartographer:/home/minsuje/turtlebot3_ws/install/turtlebot3_autorace:/home/minsuje/turtlebot3_ws/install/open_manipulator:/home/minsuje/turtlebot3_ws/install/open_manipulator_x_teleop:/home/minsuje/turtlebot3_ws/install/open_manipulator_x_playground:/home/minsuje/turtlebot3_ws/install/open_manipulator_x_moveit_config:/home/minsuje/turtlebot3_ws/install/open_manipulator_x_gui:/home/minsuje/turtlebot3_ws/install/open_manipulator_x_bringup:/home/minsuje/turtlebot3_ws/install/open_manipulator_x_description:/home/minsuje/turtlebot3_ws/install/dynamixel_sdk_examples:/home/minsuje/turtlebot3_ws/install/dynamixel_sdk_custom_interfaces:/home/minsuje/turtlebot3_ws/install/dynamixel_sdk:/home/minsuje/turtlebot3_ws/install/car_odom:/home/minsuje/turtlebot3_ws/install/arm_odom:/home/minsuje/turtlebot3_ws/install/urdf_tutorial:/home/minsuje/turtlebot3_ws/install/turtlebot3_teleop:/home/minsuje/turtlebot3_ws/install/turtlebot3_example:/home/minsuje/turtlebot3_ws/install/turtlebot3_autorace_mission:/home/minsuje/turtlebot3_ws/install/turtlebot3_autorace_detect:/home/minsuje/turtlebot3_ws/install/turtlebot3_autorace_camera:/home/minsuje/turtlebot3_ws/install/sim_tutorial:/home/minsuje/turtlebot3_ws/install/car_tutorial:/home/minsuje/turtlebot3_ws/install/arm_tutorial:/home/minsuje/ws_urdf/install/urdf_tutorial:/home/minsuje/ros2_ws/install/rokey:/home/minsuje/ros2_ws/install/pick_and_place_voice:/home/minsuje/ros2_ws/install/pick_and_place_text:/home/minsuje/ros2_ws/install/my_service_pkg:/home/minsuje/ros2_ws/install/dsr_visualservoing:/home/minsuje/ros2_ws/install/dsr_tests:/home/minsuje/ros2_ws/install/dsr_bringup2:/home/minsuje/ros2_ws/install/dsr_example:/opt/ros/humble:/home/minsuje/ros2_ws/install/od_msg:/home/minsuje/ros2_ws/install/my_interfaces:/home/minsuje/ros2_ws/install/dsr_realtime_control:/home/minsuje/ros2_ws/install/dsr_controller2:/home/minsuje/ros2_ws/install/dsr_msgs2:/home/minsuje/ros2_ws/install/dsr_moveit_config_p3020:/home/minsuje/ros2_ws/install/dsr_moveit_config_m1509:/home/minsuje/ros2_ws/install/dsr_moveit_config_m1013:/home/minsuje/ros2_ws/install/dsr_moveit_config_m0617:/home/minsuje/ros2_ws/install/dsr_moveit_config_m0609:/home/minsuje/ros2_ws/install/dsr_moveit_config_h2515:/home/minsuje/ros2_ws/install/dsr_moveit_config_h2017:/home/minsuje/ros2_ws/install/dsr_moveit_config_e0509:/home/minsuje/ros2_ws/install/dsr_moveit_config_a0912:/home/minsuje/ros2_ws/install/dsr_moveit_config_a0509:/home/minsuje/ros2_ws/install/dsr_hardware2:/home/minsuje/ros2_ws/install/dsr_gazebo2:/home/minsuje/ros2_ws/install/dsr_description2:/home/minsuje/ros2_ws/install/dsr_common2:/home/minsuje/ros2_ws/install/custom_pkg_srv_test:/home/minsuje/ros2_ws/install/custom_msgs /usr/bin/cmake --build /home/minsuje/turtlebot3_ws/build/turtlebot3_gazebo -- -j32 -l32
[3.366s] [  8%] [32mBuilding CXX object CMakeFiles/turtlebot3_drive.dir/src/turtlebot3_drive.cpp.o[0m
[3.366s] [ 25%] [32mBuilding CXX object CMakeFiles/traffic_light_plugin.dir/src/traffic_light_plugin.cpp.o[0m
[3.366s] [ 33%] [32mBuilding CXX object CMakeFiles/obstacle2.dir/src/obstacle2.cpp.o[0m
[3.366s] [ 33%] [32mBuilding CXX object CMakeFiles/obstacles.dir/src/obstacles.cpp.o[0m
[3.366s] [ 41%] [32mBuilding CXX object CMakeFiles/obstacle1.dir/src/obstacle1.cpp.o[0m
[3.366s] [ 50%] [32mBuilding CXX object CMakeFiles/traffic_bar_plugin.dir/src/traffic_bar_plugin.cpp.o[0m
[10.950s] [ 58%] [32m[1mLinking CXX executable turtlebot3_drive[0m
[11.119s] [ 66%] [32m[1mLinking CXX shared library libobstacle1.so[0m
[11.283s] [ 66%] Built target obstacle1
[11.461s] [ 66%] Built target turtlebot3_drive
[11.776s] [ 75%] [32m[1mLinking CXX shared library libtraffic_bar_plugin.so[0m
[11.917s] [ 75%] Built target traffic_bar_plugin
[13.570s] [ 83%] [32m[1mLinking CXX shared library libobstacles.so[0m
[13.602s] [ 91%] [32m[1mLinking CXX shared library libobstacle2.so[0m
[13.704s] [ 91%] Built target obstacles
[13.737s] [ 91%] Built target obstacle2
[13.841s] [100%] [32m[1mLinking CXX shared library libtraffic_light_plugin.so[0m
[14.002s] [100%] Built target traffic_light_plugin
[14.013s] Invoked command in '/home/minsuje/turtlebot3_ws/build/turtlebot3_gazebo' returned '0': CMAKE_PREFIX_PATH=/home/minsuje/turtlebot3_ws/install/turtlebot3:/home/minsuje/turtlebot3_ws/install/turtlebot3_simulations:/home/minsuje/turtlebot3_ws/install/turtlebot3_bringup:/home/minsuje/turtlebot3_ws/install/turtlebot3_node:/home/minsuje/turtlebot3_ws/install/turtlebot3_navigation2:/home/minsuje/turtlebot3_ws/install/turtlebot3_fake_node:/home/minsuje/turtlebot3_ws/install/turtlebot3_msgs:/home/minsuje/turtlebot3_ws/install/turtlebot3_manipulation:/home/minsuje/turtlebot3_ws/install/turtlebot3_manipulation_teleop:/home/minsuje/turtlebot3_ws/install/turtlebot3_manipulation_navigation2:/home/minsuje/turtlebot3_ws/install/turtlebot3_manipulation_moveit_config:/home/minsuje/turtlebot3_ws/install/turtlebot3_manipulation_hardware:/home/minsuje/turtlebot3_ws/install/turtlebot3_manipulation_gazebo:/home/minsuje/turtlebot3_ws/install/turtlebot3_manipulation_bringup:/home/minsuje/turtlebot3_ws/install/turtlebot3_manipulation_description:/home/minsuje/turtlebot3_ws/install/turtlebot3_manipulation_cartographer:/home/minsuje/turtlebot3_ws/install/turtlebot3_gazebo:/home/minsuje/turtlebot3_ws/install/turtlebot3_description:/home/minsuje/turtlebot3_ws/install/turtlebot3_cartographer:/home/minsuje/turtlebot3_ws/install/turtlebot3_autorace:/home/minsuje/turtlebot3_ws/install/open_manipulator:/home/minsuje/turtlebot3_ws/install/open_manipulator_x_teleop:/home/minsuje/turtlebot3_ws/install/open_manipulator_x_playground:/home/minsuje/turtlebot3_ws/install/open_manipulator_x_moveit_config:/home/minsuje/turtlebot3_ws/install/open_manipulator_x_gui:/home/minsuje/turtlebot3_ws/install/open_manipulator_x_bringup:/home/minsuje/turtlebot3_ws/install/open_manipulator_x_description:/home/minsuje/turtlebot3_ws/install/dynamixel_sdk_examples:/home/minsuje/turtlebot3_ws/install/dynamixel_sdk_custom_interfaces:/home/minsuje/turtlebot3_ws/install/dynamixel_sdk:/home/minsuje/turtlebot3_ws/install/car_odom:/home/minsuje/turtlebot3_ws/install/arm_odom:/home/minsuje/turtlebot3_ws/install/urdf_tutorial:/home/minsuje/turtlebot3_ws/install/turtlebot3_teleop:/home/minsuje/turtlebot3_ws/install/turtlebot3_example:/home/minsuje/turtlebot3_ws/install/turtlebot3_autorace_mission:/home/minsuje/turtlebot3_ws/install/turtlebot3_autorace_detect:/home/minsuje/turtlebot3_ws/install/turtlebot3_autorace_camera:/home/minsuje/turtlebot3_ws/install/sim_tutorial:/home/minsuje/turtlebot3_ws/install/car_tutorial:/home/minsuje/turtlebot3_ws/install/arm_tutorial:/home/minsuje/ws_urdf/install/urdf_tutorial:/home/minsuje/ros2_ws/install/rokey:/home/minsuje/ros2_ws/install/pick_and_place_voice:/home/minsuje/ros2_ws/install/pick_and_place_text:/home/minsuje/ros2_ws/install/my_service_pkg:/home/minsuje/ros2_ws/install/dsr_visualservoing:/home/minsuje/ros2_ws/install/dsr_tests:/home/minsuje/ros2_ws/install/dsr_bringup2:/home/minsuje/ros2_ws/install/dsr_example:/opt/ros/humble:/home/minsuje/ros2_ws/install/od_msg:/home/minsuje/ros2_ws/install/my_interfaces:/home/minsuje/ros2_ws/install/dsr_realtime_control:/home/minsuje/ros2_ws/install/dsr_controller2:/home/minsuje/ros2_ws/install/dsr_msgs2:/home/minsuje/ros2_ws/install/dsr_moveit_config_p3020:/home/minsuje/ros2_ws/install/dsr_moveit_config_m1509:/home/minsuje/ros2_ws/install/dsr_moveit_config_m1013:/home/minsuje/ros2_ws/install/dsr_moveit_config_m0617:/home/minsuje/ros2_ws/install/dsr_moveit_config_m0609:/home/minsuje/ros2_ws/install/dsr_moveit_config_h2515:/home/minsuje/ros2_ws/install/dsr_moveit_config_h2017:/home/minsuje/ros2_ws/install/dsr_moveit_config_e0509:/home/minsuje/ros2_ws/install/dsr_moveit_config_a0912:/home/minsuje/ros2_ws/install/dsr_moveit_config_a0509:/home/minsuje/ros2_ws/install/dsr_hardware2:/home/minsuje/ros2_ws/install/dsr_gazebo2:/home/minsuje/ros2_ws/install/dsr_description2:/home/minsuje/ros2_ws/install/dsr_common2:/home/minsuje/ros2_ws/install/custom_pkg_srv_test:/home/minsuje/ros2_ws/install/custom_msgs /usr/bin/cmake --build /home/minsuje/turtlebot3_ws/build/turtlebot3_gazebo -- -j32 -l32
[14.014s] Invoking command in '/home/minsuje/turtlebot3_ws/build/turtlebot3_gazebo': CMAKE_PREFIX_PATH=/home/minsuje/turtlebot3_ws/install/turtlebot3:/home/minsuje/turtlebot3_ws/install/turtlebot3_simulations:/home/minsuje/turtlebot3_ws/install/turtlebot3_bringup:/home/minsuje/turtlebot3_ws/install/turtlebot3_node:/home/minsuje/turtlebot3_ws/install/turtlebot3_navigation2:/home/minsuje/turtlebot3_ws/install/turtlebot3_fake_node:/home/minsuje/turtlebot3_ws/install/turtlebot3_msgs:/home/minsuje/turtlebot3_ws/install/turtlebot3_manipulation:/home/minsuje/turtlebot3_ws/install/turtlebot3_manipulation_teleop:/home/minsuje/turtlebot3_ws/install/turtlebot3_manipulation_navigation2:/home/minsuje/turtlebot3_ws/install/turtlebot3_manipulation_moveit_config:/home/minsuje/turtlebot3_ws/install/turtlebot3_manipulation_hardware:/home/minsuje/turtlebot3_ws/install/turtlebot3_manipulation_gazebo:/home/minsuje/turtlebot3_ws/install/turtlebot3_manipulation_bringup:/home/minsuje/turtlebot3_ws/install/turtlebot3_manipulation_description:/home/minsuje/turtlebot3_ws/install/turtlebot3_manipulation_cartographer:/home/minsuje/turtlebot3_ws/install/turtlebot3_gazebo:/home/minsuje/turtlebot3_ws/install/turtlebot3_description:/home/minsuje/turtlebot3_ws/install/turtlebot3_cartographer:/home/minsuje/turtlebot3_ws/install/turtlebot3_autorace:/home/minsuje/turtlebot3_ws/install/open_manipulator:/home/minsuje/turtlebot3_ws/install/open_manipulator_x_teleop:/home/minsuje/turtlebot3_ws/install/open_manipulator_x_playground:/home/minsuje/turtlebot3_ws/install/open_manipulator_x_moveit_config:/home/minsuje/turtlebot3_ws/install/open_manipulator_x_gui:/home/minsuje/turtlebot3_ws/install/open_manipulator_x_bringup:/home/minsuje/turtlebot3_ws/install/open_manipulator_x_description:/home/minsuje/turtlebot3_ws/install/dynamixel_sdk_examples:/home/minsuje/turtlebot3_ws/install/dynamixel_sdk_custom_interfaces:/home/minsuje/turtlebot3_ws/install/dynamixel_sdk:/home/minsuje/turtlebot3_ws/install/car_odom:/home/minsuje/turtlebot3_ws/install/arm_odom:/home/minsuje/turtlebot3_ws/install/urdf_tutorial:/home/minsuje/turtlebot3_ws/install/turtlebot3_teleop:/home/minsuje/turtlebot3_ws/install/turtlebot3_example:/home/minsuje/turtlebot3_ws/install/turtlebot3_autorace_mission:/home/minsuje/turtlebot3_ws/install/turtlebot3_autorace_detect:/home/minsuje/turtlebot3_ws/install/turtlebot3_autorace_camera:/home/minsuje/turtlebot3_ws/install/sim_tutorial:/home/minsuje/turtlebot3_ws/install/car_tutorial:/home/minsuje/turtlebot3_ws/install/arm_tutorial:/home/minsuje/ws_urdf/install/urdf_tutorial:/home/minsuje/ros2_ws/install/rokey:/home/minsuje/ros2_ws/install/pick_and_place_voice:/home/minsuje/ros2_ws/install/pick_and_place_text:/home/minsuje/ros2_ws/install/my_service_pkg:/home/minsuje/ros2_ws/install/dsr_visualservoing:/home/minsuje/ros2_ws/install/dsr_tests:/home/minsuje/ros2_ws/install/dsr_bringup2:/home/minsuje/ros2_ws/install/dsr_example:/opt/ros/humble:/home/minsuje/ros2_ws/install/od_msg:/home/minsuje/ros2_ws/install/my_interfaces:/home/minsuje/ros2_ws/install/dsr_realtime_control:/home/minsuje/ros2_ws/install/dsr_controller2:/home/minsuje/ros2_ws/install/dsr_msgs2:/home/minsuje/ros2_ws/install/dsr_moveit_config_p3020:/home/minsuje/ros2_ws/install/dsr_moveit_config_m1509:/home/minsuje/ros2_ws/install/dsr_moveit_config_m1013:/home/minsuje/ros2_ws/install/dsr_moveit_config_m0617:/home/minsuje/ros2_ws/install/dsr_moveit_config_m0609:/home/minsuje/ros2_ws/install/dsr_moveit_config_h2515:/home/minsuje/ros2_ws/install/dsr_moveit_config_h2017:/home/minsuje/ros2_ws/install/dsr_moveit_config_e0509:/home/minsuje/ros2_ws/install/dsr_moveit_config_a0912:/home/minsuje/ros2_ws/install/dsr_moveit_config_a0509:/home/minsuje/ros2_ws/install/dsr_hardware2:/home/minsuje/ros2_ws/install/dsr_gazebo2:/home/minsuje/ros2_ws/install/dsr_description2:/home/minsuje/ros2_ws/install/dsr_common2:/home/minsuje/ros2_ws/install/custom_pkg_srv_test:/home/minsuje/ros2_ws/install/custom_msgs /usr/bin/cmake --install /home/minsuje/turtlebot3_ws/build/turtlebot3_gazebo
[14.021s] -- Install configuration: ""
[14.022s] -- Execute custom install script
[14.022s] -- Symlinking: /home/minsuje/turtlebot3_ws/install/turtlebot3_gazebo/lib/turtlebot3_gazebo/turtlebot3_drive
[14.029s] -- Symlinking: /home/minsuje/turtlebot3_ws/install/turtlebot3_gazebo/share/turtlebot3_gazebo//launch/empty_world.launch.py
[14.037s] -- Symlinking: /home/minsuje/turtlebot3_ws/install/turtlebot3_gazebo/share/turtlebot3_gazebo//launch/multi_robot.launch.py
[14.045s] -- Symlinking: /home/minsuje/turtlebot3_ws/install/turtlebot3_gazebo/share/turtlebot3_gazebo//launch/multi_spawn_turtlebot3.launch.py
[14.050s] -- Symlinking: /home/minsuje/turtlebot3_ws/install/turtlebot3_gazebo/share/turtlebot3_gazebo//launch/robot_state_publisher.launch.py
[14.057s] -- Symlinking: /home/minsuje/turtlebot3_ws/install/turtlebot3_gazebo/share/turtlebot3_gazebo//launch/spawn_turtlebot3.launch.py
[14.064s] -- Symlinking: /home/minsuje/turtlebot3_ws/install/turtlebot3_gazebo/share/turtlebot3_gazebo//launch/turtlebot3_autorace_2020.launch.py
[14.069s] -- Symlinking: /home/minsuje/turtlebot3_ws/install/turtlebot3_gazebo/share/turtlebot3_gazebo//launch/turtlebot3_dqn_stage1.launch.py
[14.074s] -- Symlinking: /home/minsuje/turtlebot3_ws/install/turtlebot3_gazebo/share/turtlebot3_gazebo//launch/turtlebot3_dqn_stage2.launch.py
[14.080s] -- Symlinking: /home/minsuje/turtlebot3_ws/install/turtlebot3_gazebo/share/turtlebot3_gazebo//launch/turtlebot3_dqn_stage3.launch.py
[14.087s] -- Symlinking: /home/minsuje/turtlebot3_ws/install/turtlebot3_gazebo/share/turtlebot3_gazebo//launch/turtlebot3_dqn_stage4.launch.py
[14.095s] -- Symlinking: /home/minsuje/turtlebot3_ws/install/turtlebot3_gazebo/share/turtlebot3_gazebo//launch/turtlebot3_house.launch.py
[14.101s] -- Symlinking: /home/minsuje/turtlebot3_ws/install/turtlebot3_gazebo/share/turtlebot3_gazebo//launch/turtlebot3_world.launch.py
[14.109s] -- Symlinking: /home/minsuje/turtlebot3_ws/install/turtlebot3_gazebo/share/turtlebot3_gazebo//models/turtlebot3_autorace_2020/checker/materials/checker.png
[14.115s] -- Symlinking: /home/minsuje/turtlebot3_ws/install/turtlebot3_gazebo/share/turtlebot3_gazebo//models/turtlebot3_autorace_2020/checker/materials/scripts/checker.material
[14.123s] -- Symlinking: /home/minsuje/turtlebot3_ws/install/turtlebot3_gazebo/share/turtlebot3_gazebo//models/turtlebot3_autorace_2020/checker/materials/textures/checker.png
[14.129s] -- Symlinking: /home/minsuje/turtlebot3_ws/install/turtlebot3_gazebo/share/turtlebot3_gazebo//models/turtlebot3_autorace_2020/checker/model.config
[14.137s] -- Symlinking: /home/minsuje/turtlebot3_ws/install/turtlebot3_gazebo/share/turtlebot3_gazebo//models/turtlebot3_autorace_2020/checker/model.sdf
[14.142s] -- Symlinking: /home/minsuje/turtlebot3_ws/install/turtlebot3_gazebo/share/turtlebot3_gazebo//models/turtlebot3_autorace_2020/course/materials/scripts/course.material
[14.150s] -- Symlinking: /home/minsuje/turtlebot3_ws/install/turtlebot3_gazebo/share/turtlebot3_gazebo//models/turtlebot3_autorace_2020/course/materials/textures/1.png
[14.158s] -- Symlinking: /home/minsuje/turtlebot3_ws/install/turtlebot3_gazebo/share/turtlebot3_gazebo//models/turtlebot3_autorace_2020/course/materials/textures/course.png
[14.164s] -- Symlinking: /home/minsuje/turtlebot3_ws/install/turtlebot3_gazebo/share/turtlebot3_gazebo//models/turtlebot3_autorace_2020/course/model.config
[14.172s] -- Symlinking: /home/minsuje/turtlebot3_ws/install/turtlebot3_gazebo/share/turtlebot3_gazebo//models/turtlebot3_autorace_2020/course/model.sdf
[14.178s] -- Symlinking: /home/minsuje/turtlebot3_ws/install/turtlebot3_gazebo/share/turtlebot3_gazebo//models/turtlebot3_autorace_2020/traffic_bar/materials/scripts/traffic_bar.material
[14.185s] -- Symlinking: /home/minsuje/turtlebot3_ws/install/turtlebot3_gazebo/share/turtlebot3_gazebo//models/turtlebot3_autorace_2020/traffic_bar/materials/textures/traffic_bar.png
[14.191s] -- Symlinking: /home/minsuje/turtlebot3_ws/install/turtlebot3_gazebo/share/turtlebot3_gazebo//models/turtlebot3_autorace_2020/traffic_bar/model.config
[14.198s] -- Symlinking: /home/minsuje/turtlebot3_ws/install/turtlebot3_gazebo/share/turtlebot3_gazebo//models/turtlebot3_autorace_2020/traffic_bar/model.sdf
[14.205s] -- Symlinking: /home/minsuje/turtlebot3_ws/install/turtlebot3_gazebo/share/turtlebot3_gazebo//models/turtlebot3_autorace_2020/traffic_construction/materials/scripts/traffic_construction.material
[14.210s] -- Symlinking: /home/minsuje/turtlebot3_ws/install/turtlebot3_gazebo/share/turtlebot3_gazebo//models/turtlebot3_autorace_2020/traffic_construction/materials/textures/traffic_construction.png
[14.218s] -- Symlinking: /home/minsuje/turtlebot3_ws/install/turtlebot3_gazebo/share/turtlebot3_gazebo//models/turtlebot3_autorace_2020/traffic_construction/model.config
[14.224s] -- Symlinking: /home/minsuje/turtlebot3_ws/install/turtlebot3_gazebo/share/turtlebot3_gazebo//models/turtlebot3_autorace_2020/traffic_construction/model.sdf
[14.232s] -- Symlinking: /home/minsuje/turtlebot3_ws/install/turtlebot3_gazebo/share/turtlebot3_gazebo//models/turtlebot3_autorace_2020/traffic_intersection/materials/scripts/traffic_intersection.material
[14.236s] -- Symlinking: /home/minsuje/turtlebot3_ws/install/turtlebot3_gazebo/share/turtlebot3_gazebo//models/turtlebot3_autorace_2020/traffic_intersection/materials/textures/traffic_intersection.png
[14.242s] -- Symlinking: /home/minsuje/turtlebot3_ws/install/turtlebot3_gazebo/share/turtlebot3_gazebo//models/turtlebot3_autorace_2020/traffic_intersection/model.config
[14.247s] -- Symlinking: /home/minsuje/turtlebot3_ws/install/turtlebot3_gazebo/share/turtlebot3_gazebo//models/turtlebot3_autorace_2020/traffic_intersection/model.sdf
[14.253s] -- Symlinking: /home/minsuje/turtlebot3_ws/install/turtlebot3_gazebo/share/turtlebot3_gazebo//models/turtlebot3_autorace_2020/traffic_left/materials/scripts/traffic_is_left.material
[14.261s] -- Symlinking: /home/minsuje/turtlebot3_ws/install/turtlebot3_gazebo/share/turtlebot3_gazebo//models/turtlebot3_autorace_2020/traffic_left/materials/textures/traffic_left.png
[14.269s] -- Symlinking: /home/minsuje/turtlebot3_ws/install/turtlebot3_gazebo/share/turtlebot3_gazebo//models/turtlebot3_autorace_2020/traffic_left/model.config
[14.275s] -- Symlinking: /home/minsuje/turtlebot3_ws/install/turtlebot3_gazebo/share/turtlebot3_gazebo//models/turtlebot3_autorace_2020/traffic_left/model.sdf
[14.282s] -- Symlinking: /home/minsuje/turtlebot3_ws/install/turtlebot3_gazebo/share/turtlebot3_gazebo//models/turtlebot3_autorace_2020/traffic_light/materials/scripts/traffic_light.material
[14.290s] -- Symlinking: /home/minsuje/turtlebot3_ws/install/turtlebot3_gazebo/share/turtlebot3_gazebo//models/turtlebot3_autorace_2020/traffic_light/materials/textures/traffic_light.png
[14.297s] -- Symlinking: /home/minsuje/turtlebot3_ws/install/turtlebot3_gazebo/share/turtlebot3_gazebo//models/turtlebot3_autorace_2020/traffic_light/materials/textures/traffic_light_green.png
[14.304s] -- Symlinking: /home/minsuje/turtlebot3_ws/install/turtlebot3_gazebo/share/turtlebot3_gazebo//models/turtlebot3_autorace_2020/traffic_light/materials/textures/traffic_light_red.png
[14.310s] -- Symlinking: /home/minsuje/turtlebot3_ws/install/turtlebot3_gazebo/share/turtlebot3_gazebo//models/turtlebot3_autorace_2020/traffic_light/materials/textures/traffic_light_yellow.png
[14.317s] -- Symlinking: /home/minsuje/turtlebot3_ws/install/turtlebot3_gazebo/share/turtlebot3_gazebo//models/turtlebot3_autorace_2020/traffic_light/model.config
[14.323s] -- Symlinking: /home/minsuje/turtlebot3_ws/install/turtlebot3_gazebo/share/turtlebot3_gazebo//models/turtlebot3_autorace_2020/traffic_light/model.sdf
[14.331s] -- Symlinking: /home/minsuje/turtlebot3_ws/install/turtlebot3_gazebo/share/turtlebot3_gazebo//models/turtlebot3_autorace_2020/traffic_noentry/materials/scripts/traffic_noentry.material
[14.336s] -- Symlinking: /home/minsuje/turtlebot3_ws/install/turtlebot3_gazebo/share/turtlebot3_gazebo//models/turtlebot3_autorace_2020/traffic_noentry/materials/textures/traffic_noentry.png
[14.341s] -- Symlinking: /home/minsuje/turtlebot3_ws/install/turtlebot3_gazebo/share/turtlebot3_gazebo//models/turtlebot3_autorace_2020/traffic_noentry/model.config
[14.348s] -- Symlinking: /home/minsuje/turtlebot3_ws/install/turtlebot3_gazebo/share/turtlebot3_gazebo//models/turtlebot3_autorace_2020/traffic_noentry/model.sdf
[14.356s] -- Symlinking: /home/minsuje/turtlebot3_ws/install/turtlebot3_gazebo/share/turtlebot3_gazebo//models/turtlebot3_autorace_2020/traffic_parking/materials/scripts/traffic_parking.material
[14.361s] -- Symlinking: /home/minsuje/turtlebot3_ws/install/turtlebot3_gazebo/share/turtlebot3_gazebo//models/turtlebot3_autorace_2020/traffic_parking/materials/textures/traffic_parking.png
[14.369s] -- Symlinking: /home/minsuje/turtlebot3_ws/install/turtlebot3_gazebo/share/turtlebot3_gazebo//models/turtlebot3_autorace_2020/traffic_parking/model.config
[14.374s] -- Symlinking: /home/minsuje/turtlebot3_ws/install/turtlebot3_gazebo/share/turtlebot3_gazebo//models/turtlebot3_autorace_2020/traffic_parking/model.sdf
[14.381s] -- Symlinking: /home/minsuje/turtlebot3_ws/install/turtlebot3_gazebo/share/turtlebot3_gazebo//models/turtlebot3_autorace_2020/traffic_pl_left/materials/scripts/traffic_pl_left.material
[14.389s] -- Symlinking: /home/minsuje/turtlebot3_ws/install/turtlebot3_gazebo/share/turtlebot3_gazebo//models/turtlebot3_autorace_2020/traffic_pl_left/materials/textures/traffic_pl_left.png
[14.396s] -- Symlinking: /home/minsuje/turtlebot3_ws/install/turtlebot3_gazebo/share/turtlebot3_gazebo//models/turtlebot3_autorace_2020/traffic_pl_left/model.config
[14.402s] -- Symlinking: /home/minsuje/turtlebot3_ws/install/turtlebot3_gazebo/share/turtlebot3_gazebo//models/turtlebot3_autorace_2020/traffic_pl_left/model.sdf
[14.408s] -- Symlinking: /home/minsuje/turtlebot3_ws/install/turtlebot3_gazebo/share/turtlebot3_gazebo//models/turtlebot3_autorace_2020/traffic_right/materials/scripts/traffic_right.material
[14.416s] -- Symlinking: /home/minsuje/turtlebot3_ws/install/turtlebot3_gazebo/share/turtlebot3_gazebo//models/turtlebot3_autorace_2020/traffic_right/materials/textures/traffic_right.png
[14.421s] -- Symlinking: /home/minsuje/turtlebot3_ws/install/turtlebot3_gazebo/share/turtlebot3_gazebo//models/turtlebot3_autorace_2020/traffic_right/model.config
[14.429s] -- Symlinking: /home/minsuje/turtlebot3_ws/install/turtlebot3_gazebo/share/turtlebot3_gazebo//models/turtlebot3_autorace_2020/traffic_right/model.sdf
[14.435s] -- Symlinking: /home/minsuje/turtlebot3_ws/install/turtlebot3_gazebo/share/turtlebot3_gazebo//models/turtlebot3_autorace_2020/traffic_stop/materials/scripts/traffic_stop.material
[14.443s] -- Symlinking: /home/minsuje/turtlebot3_ws/install/turtlebot3_gazebo/share/turtlebot3_gazebo//models/turtlebot3_autorace_2020/traffic_stop/materials/textures/traffic_stop.png
[14.451s] -- Symlinking: /home/minsuje/turtlebot3_ws/install/turtlebot3_gazebo/share/turtlebot3_gazebo//models/turtlebot3_autorace_2020/traffic_stop/model.config
[14.459s] -- Symlinking: /home/minsuje/turtlebot3_ws/install/turtlebot3_gazebo/share/turtlebot3_gazebo//models/turtlebot3_autorace_2020/traffic_stop/model.sdf
[14.465s] -- Symlinking: /home/minsuje/turtlebot3_ws/install/turtlebot3_gazebo/share/turtlebot3_gazebo//models/turtlebot3_autorace_2020/traffic_tunnel/materials/scripts/tunnel.material
[14.473s] -- Symlinking: /home/minsuje/turtlebot3_ws/install/turtlebot3_gazebo/share/turtlebot3_gazebo//models/turtlebot3_autorace_2020/traffic_tunnel/materials/textures/tunnel.png
[14.480s] -- Symlinking: /home/minsuje/turtlebot3_ws/install/turtlebot3_gazebo/share/turtlebot3_gazebo//models/turtlebot3_autorace_2020/traffic_tunnel/model.config
[14.487s] -- Symlinking: /home/minsuje/turtlebot3_ws/install/turtlebot3_gazebo/share/turtlebot3_gazebo//models/turtlebot3_autorace_2020/traffic_tunnel/model.sdf
[14.495s] -- Symlinking: /home/minsuje/turtlebot3_ws/install/turtlebot3_gazebo/share/turtlebot3_gazebo//models/turtlebot3_burger/model-1_4.sdf
[14.502s] -- Symlinking: /home/minsuje/turtlebot3_ws/install/turtlebot3_gazebo/share/turtlebot3_gazebo//models/turtlebot3_burger/model.config
[14.509s] -- Symlinking: /home/minsuje/turtlebot3_ws/install/turtlebot3_gazebo/share/turtlebot3_gazebo//models/turtlebot3_burger/model.sdf
[14.517s] -- Symlinking: /home/minsuje/turtlebot3_ws/install/turtlebot3_gazebo/share/turtlebot3_gazebo//models/turtlebot3_burger_cam/model-1_4.sdf
[14.524s] -- Symlinking: /home/minsuje/turtlebot3_ws/install/turtlebot3_gazebo/share/turtlebot3_gazebo//models/turtlebot3_burger_cam/model.config
[14.532s] -- Symlinking: /home/minsuje/turtlebot3_ws/install/turtlebot3_gazebo/share/turtlebot3_gazebo//models/turtlebot3_burger_cam/model.sdf
[14.540s] -- Symlinking: /home/minsuje/turtlebot3_ws/install/turtlebot3_gazebo/share/turtlebot3_gazebo//models/turtlebot3_common/meshes/bases/burger_base.stl
[14.545s] -- Symlinking: /home/minsuje/turtlebot3_ws/install/turtlebot3_gazebo/share/turtlebot3_gazebo//models/turtlebot3_common/meshes/bases/waffle_base.stl
[14.552s] -- Symlinking: /home/minsuje/turtlebot3_ws/install/turtlebot3_gazebo/share/turtlebot3_gazebo//models/turtlebot3_common/meshes/bases/waffle_pi_base.stl
[14.560s] -- Symlinking: /home/minsuje/turtlebot3_ws/install/turtlebot3_gazebo/share/turtlebot3_gazebo//models/turtlebot3_common/meshes/burger_base.dae
[14.566s] -- Symlinking: /home/minsuje/turtlebot3_ws/install/turtlebot3_gazebo/share/turtlebot3_gazebo//models/turtlebot3_common/meshes/lds.dae
[14.574s] -- Symlinking: /home/minsuje/turtlebot3_ws/install/turtlebot3_gazebo/share/turtlebot3_gazebo//models/turtlebot3_common/meshes/r200.dae
[14.581s] -- Symlinking: /home/minsuje/turtlebot3_ws/install/turtlebot3_gazebo/share/turtlebot3_gazebo//models/turtlebot3_common/meshes/sensors/astra.dae
[14.586s] -- Symlinking: /home/minsuje/turtlebot3_ws/install/turtlebot3_gazebo/share/turtlebot3_gazebo//models/turtlebot3_common/meshes/sensors/astra.jpg
[14.593s] -- Symlinking: /home/minsuje/turtlebot3_ws/install/turtlebot3_gazebo/share/turtlebot3_gazebo//models/turtlebot3_common/meshes/sensors/lds.stl
[14.598s] -- Symlinking: /home/minsuje/turtlebot3_ws/install/turtlebot3_gazebo/share/turtlebot3_gazebo//models/turtlebot3_common/meshes/sensors/r200.dae
[14.607s] -- Symlinking: /home/minsuje/turtlebot3_ws/install/turtlebot3_gazebo/share/turtlebot3_gazebo//models/turtlebot3_common/meshes/sensors/r200.jpg
[14.613s] -- Symlinking: /home/minsuje/turtlebot3_ws/install/turtlebot3_gazebo/share/turtlebot3_gazebo//models/turtlebot3_common/meshes/tire.dae
[14.621s] -- Symlinking: /home/minsuje/turtlebot3_ws/install/turtlebot3_gazebo/share/turtlebot3_gazebo//models/turtlebot3_common/meshes/waffle_base.dae
[14.627s] -- Symlinking: /home/minsuje/turtlebot3_ws/install/turtlebot3_gazebo/share/turtlebot3_gazebo//models/turtlebot3_common/meshes/waffle_pi_base.dae
[14.635s] -- Symlinking: /home/minsuje/turtlebot3_ws/install/turtlebot3_gazebo/share/turtlebot3_gazebo//models/turtlebot3_common/meshes/wheels/left_tire.stl
[14.643s] -- Symlinking: /home/minsuje/turtlebot3_ws/install/turtlebot3_gazebo/share/turtlebot3_gazebo//models/turtlebot3_common/meshes/wheels/right_tire.stl
[14.651s] -- Symlinking: /home/minsuje/turtlebot3_ws/install/turtlebot3_gazebo/share/turtlebot3_gazebo//models/turtlebot3_common/model.config
[14.658s] -- Symlinking: /home/minsuje/turtlebot3_ws/install/turtlebot3_gazebo/share/turtlebot3_gazebo//models/turtlebot3_dqn_world/goal_box/model.config
[14.663s] -- Symlinking: /home/minsuje/turtlebot3_ws/install/turtlebot3_gazebo/share/turtlebot3_gazebo//models/turtlebot3_dqn_world/goal_box/model.sdf
[14.671s] -- Symlinking: /home/minsuje/turtlebot3_ws/install/turtlebot3_gazebo/share/turtlebot3_gazebo//models/turtlebot3_dqn_world/inner_walls/model.config
[14.679s] -- Symlinking: /home/minsuje/turtlebot3_ws/install/turtlebot3_gazebo/share/turtlebot3_gazebo//models/turtlebot3_dqn_world/inner_walls/model.sdf
[14.687s] -- Symlinking: /home/minsuje/turtlebot3_ws/install/turtlebot3_gazebo/share/turtlebot3_gazebo//models/turtlebot3_dqn_world/model.config
[14.693s] -- Symlinking: /home/minsuje/turtlebot3_ws/install/turtlebot3_gazebo/share/turtlebot3_gazebo//models/turtlebot3_dqn_world/model.sdf
[14.701s] -- Symlinking: /home/minsuje/turtlebot3_ws/install/turtlebot3_gazebo/share/turtlebot3_gazebo//models/turtlebot3_dqn_world/obstacle1/model.config
[14.708s] -- Symlinking: /home/minsuje/turtlebot3_ws/install/turtlebot3_gazebo/share/turtlebot3_gazebo//models/turtlebot3_dqn_world/obstacle1/model.sdf
[14.715s] -- Symlinking: /home/minsuje/turtlebot3_ws/install/turtlebot3_gazebo/share/turtlebot3_gazebo//models/turtlebot3_dqn_world/obstacle2/model.config
[14.721s] -- Symlinking: /home/minsuje/turtlebot3_ws/install/turtlebot3_gazebo/share/turtlebot3_gazebo//models/turtlebot3_dqn_world/obstacle2/model.sdf
[14.729s] -- Symlinking: /home/minsuje/turtlebot3_ws/install/turtlebot3_gazebo/share/turtlebot3_gazebo//models/turtlebot3_dqn_world/obstacles/model.config
[14.736s] -- Symlinking: /home/minsuje/turtlebot3_ws/install/turtlebot3_gazebo/share/turtlebot3_gazebo//models/turtlebot3_dqn_world/obstacles/model.sdf
[14.743s] -- Symlinking: /home/minsuje/turtlebot3_ws/install/turtlebot3_gazebo/share/turtlebot3_gazebo//models/turtlebot3_house/model.config
[14.751s] -- Symlinking: /home/minsuje/turtlebot3_ws/install/turtlebot3_gazebo/share/turtlebot3_gazebo//models/turtlebot3_house/model.sdf
[14.758s] -- Symlinking: /home/minsuje/turtlebot3_ws/install/turtlebot3_gazebo/share/turtlebot3_gazebo//models/turtlebot3_waffle/model-1_4.sdf
[14.763s] -- Symlinking: /home/minsuje/turtlebot3_ws/install/turtlebot3_gazebo/share/turtlebot3_gazebo//models/turtlebot3_waffle/model.config
[14.771s] -- Symlinking: /home/minsuje/turtlebot3_ws/install/turtlebot3_gazebo/share/turtlebot3_gazebo//models/turtlebot3_waffle/model.sdf
[14.781s] -- Symlinking: /home/minsuje/turtlebot3_ws/install/turtlebot3_gazebo/share/turtlebot3_gazebo//models/turtlebot3_waffle_pi/model-1_4_.sdf
[14.787s] -- Symlinking: /home/minsuje/turtlebot3_ws/install/turtlebot3_gazebo/share/turtlebot3_gazebo//models/turtlebot3_waffle_pi/model.config
[14.794s] -- Symlinking: /home/minsuje/turtlebot3_ws/install/turtlebot3_gazebo/share/turtlebot3_gazebo//models/turtlebot3_waffle_pi/model.sdf
[14.801s] -- Symlinking: /home/minsuje/turtlebot3_ws/install/turtlebot3_gazebo/share/turtlebot3_gazebo//models/turtlebot3_world/meshes/hexagon.dae
[14.806s] -- Symlinking: /home/minsuje/turtlebot3_ws/install/turtlebot3_gazebo/share/turtlebot3_gazebo//models/turtlebot3_world/meshes/wall.dae
[14.814s] -- Symlinking: /home/minsuje/turtlebot3_ws/install/turtlebot3_gazebo/share/turtlebot3_gazebo//models/turtlebot3_world/model-1_4.sdf
[14.820s] -- Symlinking: /home/minsuje/turtlebot3_ws/install/turtlebot3_gazebo/share/turtlebot3_gazebo//models/turtlebot3_world/model.config
[14.827s] -- Symlinking: /home/minsuje/turtlebot3_ws/install/turtlebot3_gazebo/share/turtlebot3_gazebo//models/turtlebot3_world/model.sdf
[14.833s] -- Symlinking: /home/minsuje/turtlebot3_ws/install/turtlebot3_gazebo/share/turtlebot3_gazebo//rviz/tb3_gazebo.rviz
[14.841s] -- Symlinking: /home/minsuje/turtlebot3_ws/install/turtlebot3_gazebo/share/turtlebot3_gazebo//urdf/common_properties.urdf
[14.848s] -- Symlinking: /home/minsuje/turtlebot3_ws/install/turtlebot3_gazebo/share/turtlebot3_gazebo//urdf/turtlebot3_burger.urdf
[14.853s] -- Symlinking: /home/minsuje/turtlebot3_ws/install/turtlebot3_gazebo/share/turtlebot3_gazebo//urdf/turtlebot3_burger_cam.urdf
[14.861s] -- Symlinking: /home/minsuje/turtlebot3_ws/install/turtlebot3_gazebo/share/turtlebot3_gazebo//urdf/turtlebot3_waffle.urdf
[14.868s] -- Symlinking: /home/minsuje/turtlebot3_ws/install/turtlebot3_gazebo/share/turtlebot3_gazebo//urdf/turtlebot3_waffle_pi.urdf
[14.876s] -- Symlinking: /home/minsuje/turtlebot3_ws/install/turtlebot3_gazebo/share/turtlebot3_gazebo//worlds/empty_world.world
[14.881s] -- Symlinking: /home/minsuje/turtlebot3_ws/install/turtlebot3_gazebo/share/turtlebot3_gazebo//worlds/turtlebot3_autorace_2020.world
[14.887s] -- Symlinking: /home/minsuje/turtlebot3_ws/install/turtlebot3_gazebo/share/turtlebot3_gazebo//worlds/turtlebot3_autorace_2020_1.world
[14.895s] -- Symlinking: /home/minsuje/turtlebot3_ws/install/turtlebot3_gazebo/share/turtlebot3_gazebo//worlds/turtlebot3_autorace_2020_2.world
[14.902s] -- Symlinking: /home/minsuje/turtlebot3_ws/install/turtlebot3_gazebo/share/turtlebot3_gazebo//worlds/turtlebot3_dqn_stage1.world
[14.909s] -- Symlinking: /home/minsuje/turtlebot3_ws/install/turtlebot3_gazebo/share/turtlebot3_gazebo//worlds/turtlebot3_dqn_stage2.world
[14.914s] -- Symlinking: /home/minsuje/turtlebot3_ws/install/turtlebot3_gazebo/share/turtlebot3_gazebo//worlds/turtlebot3_dqn_stage3.world
[14.919s] -- Symlinking: /home/minsuje/turtlebot3_ws/install/turtlebot3_gazebo/share/turtlebot3_gazebo//worlds/turtlebot3_dqn_stage4.world
[14.925s] -- Symlinking: /home/minsuje/turtlebot3_ws/install/turtlebot3_gazebo/share/turtlebot3_gazebo//worlds/turtlebot3_house.world
[14.930s] -- Symlinking: /home/minsuje/turtlebot3_ws/install/turtlebot3_gazebo/share/turtlebot3_gazebo//worlds/turtlebot3_world.world
[14.938s] -- Symlinking: /home/minsuje/turtlebot3_ws/install/turtlebot3_gazebo/include//turtlebot3_gazebo/obstacle1.hpp
[14.944s] -- Symlinking: /home/minsuje/turtlebot3_ws/install/turtlebot3_gazebo/include//turtlebot3_gazebo/obstacle2.hpp
[14.950s] -- Symlinking: /home/minsuje/turtlebot3_ws/install/turtlebot3_gazebo/include//turtlebot3_gazebo/obstacles.hpp
[14.958s] -- Symlinking: /home/minsuje/turtlebot3_ws/install/turtlebot3_gazebo/include//turtlebot3_gazebo/traffic_bar_plugin.hpp
[14.963s] -- Symlinking: /home/minsuje/turtlebot3_ws/install/turtlebot3_gazebo/include//turtlebot3_gazebo/traffic_light_plugin.hpp
[14.970s] -- Symlinking: /home/minsuje/turtlebot3_ws/install/turtlebot3_gazebo/include//turtlebot3_gazebo/turtlebot3_drive.hpp
[14.977s] -- Symlinking: /home/minsuje/turtlebot3_ws/install/turtlebot3_gazebo/share/ament_index/resource_index/package_run_dependencies/turtlebot3_gazebo
[14.984s] -- Symlinking: /home/minsuje/turtlebot3_ws/install/turtlebot3_gazebo/share/ament_index/resource_index/parent_prefix_path/turtlebot3_gazebo
[14.992s] -- Symlinking: /home/minsuje/turtlebot3_ws/install/turtlebot3_gazebo/share/turtlebot3_gazebo/environment/ament_prefix_path.sh
[15.000s] -- Symlinking: /home/minsuje/turtlebot3_ws/install/turtlebot3_gazebo/share/turtlebot3_gazebo/environment/ament_prefix_path.dsv
[15.008s] -- Symlinking: /home/minsuje/turtlebot3_ws/install/turtlebot3_gazebo/share/turtlebot3_gazebo/environment/path.sh
[15.016s] -- Symlinking: /home/minsuje/turtlebot3_ws/install/turtlebot3_gazebo/share/turtlebot3_gazebo/environment/path.dsv
[15.025s] -- Symlinking: /home/minsuje/turtlebot3_ws/install/turtlebot3_gazebo/share/turtlebot3_gazebo/local_setup.bash
[15.033s] -- Symlinking: /home/minsuje/turtlebot3_ws/install/turtlebot3_gazebo/share/turtlebot3_gazebo/local_setup.sh
[15.040s] -- Symlinking: /home/minsuje/turtlebot3_ws/install/turtlebot3_gazebo/share/turtlebot3_gazebo/local_setup.zsh
[15.047s] -- Symlinking: /home/minsuje/turtlebot3_ws/install/turtlebot3_gazebo/share/turtlebot3_gazebo/local_setup.dsv
[15.054s] -- Symlinking: /home/minsuje/turtlebot3_ws/install/turtlebot3_gazebo/share/turtlebot3_gazebo/package.dsv
[15.061s] -- Symlinking: /home/minsuje/turtlebot3_ws/install/turtlebot3_gazebo/share/ament_index/resource_index/packages/turtlebot3_gazebo
[15.068s] -- Symlinking: /home/minsuje/turtlebot3_ws/install/turtlebot3_gazebo/share/turtlebot3_gazebo/cmake/ament_cmake_export_include_directories-extras.cmake
[15.073s] -- Symlinking: /home/minsuje/turtlebot3_ws/install/turtlebot3_gazebo/share/turtlebot3_gazebo/cmake/ament_cmake_export_dependencies-extras.cmake
[15.079s] -- Symlinking: /home/minsuje/turtlebot3_ws/install/turtlebot3_gazebo/share/turtlebot3_gazebo/cmake/turtlebot3_gazeboConfig.cmake
[15.086s] -- Symlinking: /home/minsuje/turtlebot3_ws/install/turtlebot3_gazebo/share/turtlebot3_gazebo/cmake/turtlebot3_gazeboConfig-version.cmake
[15.094s] -- Symlinking: /home/minsuje/turtlebot3_ws/install/turtlebot3_gazebo/share/turtlebot3_gazebo/package.xml
[15.101s] Invoked command in '/home/minsuje/turtlebot3_ws/build/turtlebot3_gazebo' returned '0': CMAKE_PREFIX_PATH=/home/minsuje/turtlebot3_ws/install/turtlebot3:/home/minsuje/turtlebot3_ws/install/turtlebot3_simulations:/home/minsuje/turtlebot3_ws/install/turtlebot3_bringup:/home/minsuje/turtlebot3_ws/install/turtlebot3_node:/home/minsuje/turtlebot3_ws/install/turtlebot3_navigation2:/home/minsuje/turtlebot3_ws/install/turtlebot3_fake_node:/home/minsuje/turtlebot3_ws/install/turtlebot3_msgs:/home/minsuje/turtlebot3_ws/install/turtlebot3_manipulation:/home/minsuje/turtlebot3_ws/install/turtlebot3_manipulation_teleop:/home/minsuje/turtlebot3_ws/install/turtlebot3_manipulation_navigation2:/home/minsuje/turtlebot3_ws/install/turtlebot3_manipulation_moveit_config:/home/minsuje/turtlebot3_ws/install/turtlebot3_manipulation_hardware:/home/minsuje/turtlebot3_ws/install/turtlebot3_manipulation_gazebo:/home/minsuje/turtlebot3_ws/install/turtlebot3_manipulation_bringup:/home/minsuje/turtlebot3_ws/install/turtlebot3_manipulation_description:/home/minsuje/turtlebot3_ws/install/turtlebot3_manipulation_cartographer:/home/minsuje/turtlebot3_ws/install/turtlebot3_gazebo:/home/minsuje/turtlebot3_ws/install/turtlebot3_description:/home/minsuje/turtlebot3_ws/install/turtlebot3_cartographer:/home/minsuje/turtlebot3_ws/install/turtlebot3_autorace:/home/minsuje/turtlebot3_ws/install/open_manipulator:/home/minsuje/turtlebot3_ws/install/open_manipulator_x_teleop:/home/minsuje/turtlebot3_ws/install/open_manipulator_x_playground:/home/minsuje/turtlebot3_ws/install/open_manipulator_x_moveit_config:/home/minsuje/turtlebot3_ws/install/open_manipulator_x_gui:/home/minsuje/turtlebot3_ws/install/open_manipulator_x_bringup:/home/minsuje/turtlebot3_ws/install/open_manipulator_x_description:/home/minsuje/turtlebot3_ws/install/dynamixel_sdk_examples:/home/minsuje/turtlebot3_ws/install/dynamixel_sdk_custom_interfaces:/home/minsuje/turtlebot3_ws/install/dynamixel_sdk:/home/minsuje/turtlebot3_ws/install/car_odom:/home/minsuje/turtlebot3_ws/install/arm_odom:/home/minsuje/turtlebot3_ws/install/urdf_tutorial:/home/minsuje/turtlebot3_ws/install/turtlebot3_teleop:/home/minsuje/turtlebot3_ws/install/turtlebot3_example:/home/minsuje/turtlebot3_ws/install/turtlebot3_autorace_mission:/home/minsuje/turtlebot3_ws/install/turtlebot3_autorace_detect:/home/minsuje/turtlebot3_ws/install/turtlebot3_autorace_camera:/home/minsuje/turtlebot3_ws/install/sim_tutorial:/home/minsuje/turtlebot3_ws/install/car_tutorial:/home/minsuje/turtlebot3_ws/install/arm_tutorial:/home/minsuje/ws_urdf/install/urdf_tutorial:/home/minsuje/ros2_ws/install/rokey:/home/minsuje/ros2_ws/install/pick_and_place_voice:/home/minsuje/ros2_ws/install/pick_and_place_text:/home/minsuje/ros2_ws/install/my_service_pkg:/home/minsuje/ros2_ws/install/dsr_visualservoing:/home/minsuje/ros2_ws/install/dsr_tests:/home/minsuje/ros2_ws/install/dsr_bringup2:/home/minsuje/ros2_ws/install/dsr_example:/opt/ros/humble:/home/minsuje/ros2_ws/install/od_msg:/home/minsuje/ros2_ws/install/my_interfaces:/home/minsuje/ros2_ws/install/dsr_realtime_control:/home/minsuje/ros2_ws/install/dsr_controller2:/home/minsuje/ros2_ws/install/dsr_msgs2:/home/minsuje/ros2_ws/install/dsr_moveit_config_p3020:/home/minsuje/ros2_ws/install/dsr_moveit_config_m1509:/home/minsuje/ros2_ws/install/dsr_moveit_config_m1013:/home/minsuje/ros2_ws/install/dsr_moveit_config_m0617:/home/minsuje/ros2_ws/install/dsr_moveit_config_m0609:/home/minsuje/ros2_ws/install/dsr_moveit_config_h2515:/home/minsuje/ros2_ws/install/dsr_moveit_config_h2017:/home/minsuje/ros2_ws/install/dsr_moveit_config_e0509:/home/minsuje/ros2_ws/install/dsr_moveit_config_a0912:/home/minsuje/ros2_ws/install/dsr_moveit_config_a0509:/home/minsuje/ros2_ws/install/dsr_hardware2:/home/minsuje/ros2_ws/install/dsr_gazebo2:/home/minsuje/ros2_ws/install/dsr_description2:/home/minsuje/ros2_ws/install/dsr_common2:/home/minsuje/ros2_ws/install/custom_pkg_srv_test:/home/minsuje/ros2_ws/install/custom_msgs /usr/bin/cmake --install /home/minsuje/turtlebot3_ws/build/turtlebot3_gazebo
