[0.077s] Invoking command in '/home/minsuje/turtlebot3_ws/build/dynamixel_sdk': CMAKE_PREFIX_PATH=/home/minsuje/turtlebot3_ws/install/turtlebot3:/home/minsuje/turtlebot3_ws/install/turtlebot3_simulations:/home/minsuje/turtlebot3_ws/install/turtlebot3_bringup:/home/minsuje/turtlebot3_ws/install/turtlebot3_node:/home/minsuje/turtlebot3_ws/install/turtlebot3_navigation2:/home/minsuje/turtlebot3_ws/install/turtlebot3_fake_node:/home/minsuje/turtlebot3_ws/install/turtlebot3_msgs:/home/minsuje/turtlebot3_ws/install/turtlebot3_manipulation:/home/minsuje/turtlebot3_ws/install/turtlebot3_manipulation_teleop:/home/minsuje/turtlebot3_ws/install/turtlebot3_manipulation_navigation2:/home/minsuje/turtlebot3_ws/install/turtlebot3_manipulation_moveit_config:/home/minsuje/turtlebot3_ws/install/turtlebot3_manipulation_hardware:/home/minsuje/turtlebot3_ws/install/turtlebot3_manipulation_gazebo:/home/minsuje/turtlebot3_ws/install/turtlebot3_manipulation_bringup:/home/minsuje/turtlebot3_ws/install/turtlebot3_manipulation_description:/home/minsuje/turtlebot3_ws/install/turtlebot3_manipulation_cartographer:/home/minsuje/turtlebot3_ws/install/turtlebot3_gazebo:/home/minsuje/turtlebot3_ws/install/turtlebot3_description:/home/minsuje/turtlebot3_ws/install/turtlebot3_cartographer:/home/minsuje/turtlebot3_ws/install/turtlebot3_autorace:/home/minsuje/turtlebot3_ws/install/open_manipulator:/home/minsuje/turtlebot3_ws/install/open_manipulator_x_teleop:/home/minsuje/turtlebot3_ws/install/open_manipulator_x_playground:/home/minsuje/turtlebot3_ws/install/open_manipulator_x_moveit_config:/home/minsuje/turtlebot3_ws/install/open_manipulator_x_gui:/home/minsuje/turtlebot3_ws/install/open_manipulator_x_bringup:/home/minsuje/turtlebot3_ws/install/open_manipulator_x_description:/home/minsuje/turtlebot3_ws/install/dynamixel_sdk_examples:/home/minsuje/turtlebot3_ws/install/dynamixel_sdk_custom_interfaces:/home/minsuje/turtlebot3_ws/install/dynamixel_sdk:/home/minsuje/turtlebot3_ws/install/car_odom:/home/minsuje/turtlebot3_ws/install/arm_odom:/home/minsuje/turtlebot3_ws/install/urdf_tutorial:/home/minsuje/turtlebot3_ws/install/turtlebot3_teleop:/home/minsuje/turtlebot3_ws/install/turtlebot3_example:/home/minsuje/turtlebot3_ws/install/turtlebot3_autorace_mission:/home/minsuje/turtlebot3_ws/install/turtlebot3_autorace_detect:/home/minsuje/turtlebot3_ws/install/turtlebot3_autorace_camera:/home/minsuje/turtlebot3_ws/install/sim_tutorial:/home/minsuje/turtlebot3_ws/install/car_tutorial:/home/minsuje/turtlebot3_ws/install/arm_tutorial:/home/minsuje/ws_urdf/install/urdf_tutorial:/home/minsuje/ros2_ws/install/rokey:/home/minsuje/ros2_ws/install/pick_and_place_voice:/home/minsuje/ros2_ws/install/pick_and_place_text:/home/minsuje/ros2_ws/install/my_service_pkg:/home/minsuje/ros2_ws/install/dsr_visualservoing:/home/minsuje/ros2_ws/install/dsr_tests:/home/minsuje/ros2_ws/install/dsr_bringup2:/home/minsuje/ros2_ws/install/dsr_example:/opt/ros/humble:/home/minsuje/ros2_ws/install/od_msg:/home/minsuje/ros2_ws/install/my_interfaces:/home/minsuje/ros2_ws/install/dsr_realtime_control:/home/minsuje/ros2_ws/install/dsr_controller2:/home/minsuje/ros2_ws/install/dsr_msgs2:/home/minsuje/ros2_ws/install/dsr_moveit_config_p3020:/home/minsuje/ros2_ws/install/dsr_moveit_config_m1509:/home/minsuje/ros2_ws/install/dsr_moveit_config_m1013:/home/minsuje/ros2_ws/install/dsr_moveit_config_m0617:/home/minsuje/ros2_ws/install/dsr_moveit_config_m0609:/home/minsuje/ros2_ws/install/dsr_moveit_config_h2515:/home/minsuje/ros2_ws/install/dsr_moveit_config_h2017:/home/minsuje/ros2_ws/install/dsr_moveit_config_e0509:/home/minsuje/ros2_ws/install/dsr_moveit_config_a0912:/home/minsuje/ros2_ws/install/dsr_moveit_config_a0509:/home/minsuje/ros2_ws/install/dsr_hardware2:/home/minsuje/ros2_ws/install/dsr_gazebo2:/home/minsuje/ros2_ws/install/dsr_description2:/home/minsuje/ros2_ws/install/dsr_common2:/home/minsuje/ros2_ws/install/custom_pkg_srv_test:/home/minsuje/ros2_ws/install/custom_msgs /usr/bin/cmake /home/minsuje/turtlebot3_ws/src/DynamixelSDK/ros/dynamixel_sdk -DAMENT_CMAKE_SYMLINK_INSTALL=1 -DCMAKE_INSTALL_PREFIX=/home/minsuje/turtlebot3_ws/install/dynamixel_sdk
[1.854s] -- The C compiler identification is GNU 11.4.0
[1.854s] -- The CXX compiler identification is GNU 11.4.0
[1.854s] -- Detecting C compiler ABI info
[1.854s] -- Detecting C compiler ABI info - done
[1.855s] -- Check for working C compiler: /usr/bin/cc - skipped
[1.855s] -- Detecting C compile features
[1.855s] -- Detecting C compile features - done
[1.855s] -- Detecting CXX compiler ABI info
[1.855s] -- Detecting CXX compiler ABI info - done
[1.855s] -- Check for working CXX compiler: /usr/bin/c++ - skipped
[1.855s] -- Detecting CXX compile features
[1.855s] -- Detecting CXX compile features - done
[1.855s] -- Found ament_cmake: 1.3.11 (/opt/ros/humble/share/ament_cmake/cmake)
[1.855s] -- Found Python3: /usr/bin/python3 (found version "3.10.12") found components: Interpreter 
[1.855s] -- Override CMake install command with custom implementation using symlinks instead of copying resources
[1.855s] -- Configuring done
[1.855s] -- Generating done
[1.856s] -- Build files have been written to: /home/minsuje/turtlebot3_ws/build/dynamixel_sdk
[1.878s] Invoked command in '/home/minsuje/turtlebot3_ws/build/dynamixel_sdk' returned '0': CMAKE_PREFIX_PATH=/home/minsuje/turtlebot3_ws/install/turtlebot3:/home/minsuje/turtlebot3_ws/install/turtlebot3_simulations:/home/minsuje/turtlebot3_ws/install/turtlebot3_bringup:/home/minsuje/turtlebot3_ws/install/turtlebot3_node:/home/minsuje/turtlebot3_ws/install/turtlebot3_navigation2:/home/minsuje/turtlebot3_ws/install/turtlebot3_fake_node:/home/minsuje/turtlebot3_ws/install/turtlebot3_msgs:/home/minsuje/turtlebot3_ws/install/turtlebot3_manipulation:/home/minsuje/turtlebot3_ws/install/turtlebot3_manipulation_teleop:/home/minsuje/turtlebot3_ws/install/turtlebot3_manipulation_navigation2:/home/minsuje/turtlebot3_ws/install/turtlebot3_manipulation_moveit_config:/home/minsuje/turtlebot3_ws/install/turtlebot3_manipulation_hardware:/home/minsuje/turtlebot3_ws/install/turtlebot3_manipulation_gazebo:/home/minsuje/turtlebot3_ws/install/turtlebot3_manipulation_bringup:/home/minsuje/turtlebot3_ws/install/turtlebot3_manipulation_description:/home/minsuje/turtlebot3_ws/install/turtlebot3_manipulation_cartographer:/home/minsuje/turtlebot3_ws/install/turtlebot3_gazebo:/home/minsuje/turtlebot3_ws/install/turtlebot3_description:/home/minsuje/turtlebot3_ws/install/turtlebot3_cartographer:/home/minsuje/turtlebot3_ws/install/turtlebot3_autorace:/home/minsuje/turtlebot3_ws/install/open_manipulator:/home/minsuje/turtlebot3_ws/install/open_manipulator_x_teleop:/home/minsuje/turtlebot3_ws/install/open_manipulator_x_playground:/home/minsuje/turtlebot3_ws/install/open_manipulator_x_moveit_config:/home/minsuje/turtlebot3_ws/install/open_manipulator_x_gui:/home/minsuje/turtlebot3_ws/install/open_manipulator_x_bringup:/home/minsuje/turtlebot3_ws/install/open_manipulator_x_description:/home/minsuje/turtlebot3_ws/install/dynamixel_sdk_examples:/home/minsuje/turtlebot3_ws/install/dynamixel_sdk_custom_interfaces:/home/minsuje/turtlebot3_ws/install/dynamixel_sdk:/home/minsuje/turtlebot3_ws/install/car_odom:/home/minsuje/turtlebot3_ws/install/arm_odom:/home/minsuje/turtlebot3_ws/install/urdf_tutorial:/home/minsuje/turtlebot3_ws/install/turtlebot3_teleop:/home/minsuje/turtlebot3_ws/install/turtlebot3_example:/home/minsuje/turtlebot3_ws/install/turtlebot3_autorace_mission:/home/minsuje/turtlebot3_ws/install/turtlebot3_autorace_detect:/home/minsuje/turtlebot3_ws/install/turtlebot3_autorace_camera:/home/minsuje/turtlebot3_ws/install/sim_tutorial:/home/minsuje/turtlebot3_ws/install/car_tutorial:/home/minsuje/turtlebot3_ws/install/arm_tutorial:/home/minsuje/ws_urdf/install/urdf_tutorial:/home/minsuje/ros2_ws/install/rokey:/home/minsuje/ros2_ws/install/pick_and_place_voice:/home/minsuje/ros2_ws/install/pick_and_place_text:/home/minsuje/ros2_ws/install/my_service_pkg:/home/minsuje/ros2_ws/install/dsr_visualservoing:/home/minsuje/ros2_ws/install/dsr_tests:/home/minsuje/ros2_ws/install/dsr_bringup2:/home/minsuje/ros2_ws/install/dsr_example:/opt/ros/humble:/home/minsuje/ros2_ws/install/od_msg:/home/minsuje/ros2_ws/install/my_interfaces:/home/minsuje/ros2_ws/install/dsr_realtime_control:/home/minsuje/ros2_ws/install/dsr_controller2:/home/minsuje/ros2_ws/install/dsr_msgs2:/home/minsuje/ros2_ws/install/dsr_moveit_config_p3020:/home/minsuje/ros2_ws/install/dsr_moveit_config_m1509:/home/minsuje/ros2_ws/install/dsr_moveit_config_m1013:/home/minsuje/ros2_ws/install/dsr_moveit_config_m0617:/home/minsuje/ros2_ws/install/dsr_moveit_config_m0609:/home/minsuje/ros2_ws/install/dsr_moveit_config_h2515:/home/minsuje/ros2_ws/install/dsr_moveit_config_h2017:/home/minsuje/ros2_ws/install/dsr_moveit_config_e0509:/home/minsuje/ros2_ws/install/dsr_moveit_config_a0912:/home/minsuje/ros2_ws/install/dsr_moveit_config_a0509:/home/minsuje/ros2_ws/install/dsr_hardware2:/home/minsuje/ros2_ws/install/dsr_gazebo2:/home/minsuje/ros2_ws/install/dsr_description2:/home/minsuje/ros2_ws/install/dsr_common2:/home/minsuje/ros2_ws/install/custom_pkg_srv_test:/home/minsuje/ros2_ws/install/custom_msgs /usr/bin/cmake /home/minsuje/turtlebot3_ws/src/DynamixelSDK/ros/dynamixel_sdk -DAMENT_CMAKE_SYMLINK_INSTALL=1 -DCMAKE_INSTALL_PREFIX=/home/minsuje/turtlebot3_ws/install/dynamixel_sdk
[1.879s] Invoking command in '/home/minsuje/turtlebot3_ws/build/dynamixel_sdk': CMAKE_PREFIX_PATH=/home/minsuje/turtlebot3_ws/install/turtlebot3:/home/minsuje/turtlebot3_ws/install/turtlebot3_simulations:/home/minsuje/turtlebot3_ws/install/turtlebot3_bringup:/home/minsuje/turtlebot3_ws/install/turtlebot3_node:/home/minsuje/turtlebot3_ws/install/turtlebot3_navigation2:/home/minsuje/turtlebot3_ws/install/turtlebot3_fake_node:/home/minsuje/turtlebot3_ws/install/turtlebot3_msgs:/home/minsuje/turtlebot3_ws/install/turtlebot3_manipulation:/home/minsuje/turtlebot3_ws/install/turtlebot3_manipulation_teleop:/home/minsuje/turtlebot3_ws/install/turtlebot3_manipulation_navigation2:/home/minsuje/turtlebot3_ws/install/turtlebot3_manipulation_moveit_config:/home/minsuje/turtlebot3_ws/install/turtlebot3_manipulation_hardware:/home/minsuje/turtlebot3_ws/install/turtlebot3_manipulation_gazebo:/home/minsuje/turtlebot3_ws/install/turtlebot3_manipulation_bringup:/home/minsuje/turtlebot3_ws/install/turtlebot3_manipulation_description:/home/minsuje/turtlebot3_ws/install/turtlebot3_manipulation_cartographer:/home/minsuje/turtlebot3_ws/install/turtlebot3_gazebo:/home/minsuje/turtlebot3_ws/install/turtlebot3_description:/home/minsuje/turtlebot3_ws/install/turtlebot3_cartographer:/home/minsuje/turtlebot3_ws/install/turtlebot3_autorace:/home/minsuje/turtlebot3_ws/install/open_manipulator:/home/minsuje/turtlebot3_ws/install/open_manipulator_x_teleop:/home/minsuje/turtlebot3_ws/install/open_manipulator_x_playground:/home/minsuje/turtlebot3_ws/install/open_manipulator_x_moveit_config:/home/minsuje/turtlebot3_ws/install/open_manipulator_x_gui:/home/minsuje/turtlebot3_ws/install/open_manipulator_x_bringup:/home/minsuje/turtlebot3_ws/install/open_manipulator_x_description:/home/minsuje/turtlebot3_ws/install/dynamixel_sdk_examples:/home/minsuje/turtlebot3_ws/install/dynamixel_sdk_custom_interfaces:/home/minsuje/turtlebot3_ws/install/dynamixel_sdk:/home/minsuje/turtlebot3_ws/install/car_odom:/home/minsuje/turtlebot3_ws/install/arm_odom:/home/minsuje/turtlebot3_ws/install/urdf_tutorial:/home/minsuje/turtlebot3_ws/install/turtlebot3_teleop:/home/minsuje/turtlebot3_ws/install/turtlebot3_example:/home/minsuje/turtlebot3_ws/install/turtlebot3_autorace_mission:/home/minsuje/turtlebot3_ws/install/turtlebot3_autorace_detect:/home/minsuje/turtlebot3_ws/install/turtlebot3_autorace_camera:/home/minsuje/turtlebot3_ws/install/sim_tutorial:/home/minsuje/turtlebot3_ws/install/car_tutorial:/home/minsuje/turtlebot3_ws/install/arm_tutorial:/home/minsuje/ws_urdf/install/urdf_tutorial:/home/minsuje/ros2_ws/install/rokey:/home/minsuje/ros2_ws/install/pick_and_place_voice:/home/minsuje/ros2_ws/install/pick_and_place_text:/home/minsuje/ros2_ws/install/my_service_pkg:/home/minsuje/ros2_ws/install/dsr_visualservoing:/home/minsuje/ros2_ws/install/dsr_tests:/home/minsuje/ros2_ws/install/dsr_bringup2:/home/minsuje/ros2_ws/install/dsr_example:/opt/ros/humble:/home/minsuje/ros2_ws/install/od_msg:/home/minsuje/ros2_ws/install/my_interfaces:/home/minsuje/ros2_ws/install/dsr_realtime_control:/home/minsuje/ros2_ws/install/dsr_controller2:/home/minsuje/ros2_ws/install/dsr_msgs2:/home/minsuje/ros2_ws/install/dsr_moveit_config_p3020:/home/minsuje/ros2_ws/install/dsr_moveit_config_m1509:/home/minsuje/ros2_ws/install/dsr_moveit_config_m1013:/home/minsuje/ros2_ws/install/dsr_moveit_config_m0617:/home/minsuje/ros2_ws/install/dsr_moveit_config_m0609:/home/minsuje/ros2_ws/install/dsr_moveit_config_h2515:/home/minsuje/ros2_ws/install/dsr_moveit_config_h2017:/home/minsuje/ros2_ws/install/dsr_moveit_config_e0509:/home/minsuje/ros2_ws/install/dsr_moveit_config_a0912:/home/minsuje/ros2_ws/install/dsr_moveit_config_a0509:/home/minsuje/ros2_ws/install/dsr_hardware2:/home/minsuje/ros2_ws/install/dsr_gazebo2:/home/minsuje/ros2_ws/install/dsr_description2:/home/minsuje/ros2_ws/install/dsr_common2:/home/minsuje/ros2_ws/install/custom_pkg_srv_test:/home/minsuje/ros2_ws/install/custom_msgs /usr/bin/cmake --build /home/minsuje/turtlebot3_ws/build/dynamixel_sdk -- -j32 -l32
[1.915s] [  7%] [32mBuilding CXX object CMakeFiles/dynamixel_sdk.dir/src/dynamixel_sdk/packet_handler.cpp.o[0m
[1.916s] [ 15%] [32mBuilding CXX object CMakeFiles/dynamixel_sdk.dir/src/dynamixel_sdk/group_sync_read.cpp.o[0m
[1.916s] [ 23%] [32mBuilding CXX object CMakeFiles/dynamixel_sdk.dir/src/dynamixel_sdk/group_sync_write.cpp.o[0m
[1.916s] [ 30%] [32mBuilding CXX object CMakeFiles/dynamixel_sdk.dir/src/dynamixel_sdk/protocol1_packet_handler.cpp.o[0m
[1.916s] [ 38%] [32mBuilding CXX object CMakeFiles/dynamixel_sdk.dir/src/dynamixel_sdk/protocol2_packet_handler.cpp.o[0m
[1.916s] [ 53%] [32mBuilding CXX object CMakeFiles/dynamixel_sdk.dir/src/dynamixel_sdk/group_bulk_write.cpp.o[0m
[1.916s] [ 61%] [32mBuilding CXX object CMakeFiles/dynamixel_sdk.dir/src/dynamixel_sdk/group_bulk_read.cpp.o[0m
[1.916s] [ 61%] [32mBuilding CXX object CMakeFiles/dynamixel_sdk.dir/src/dynamixel_sdk/group_fast_sync_read.cpp.o[0m
[1.916s] [ 69%] [32mBuilding CXX object CMakeFiles/dynamixel_sdk.dir/src/dynamixel_sdk/group_fast_bulk_read.cpp.o[0m
[1.916s] [ 76%] [32mBuilding CXX object CMakeFiles/dynamixel_sdk.dir/src/dynamixel_sdk/group_handler.cpp.o[0m
[1.918s] [ 84%] [32mBuilding CXX object CMakeFiles/dynamixel_sdk.dir/src/dynamixel_sdk/port_handler_linux.cpp.o[0m
[1.918s] [ 92%] [32mBuilding CXX object CMakeFiles/dynamixel_sdk.dir/src/dynamixel_sdk/port_handler.cpp.o[0m
[1.926s] [ 92%] Built target ament_cmake_python_symlink_dynamixel_sdk
[2.318s] running egg_info
[2.319s] creating dynamixel_sdk.egg-info
[2.319s] writing dynamixel_sdk.egg-info/PKG-INFO
[2.319s] writing dependency_links to dynamixel_sdk.egg-info/dependency_links.txt
[2.319s] writing top-level names to dynamixel_sdk.egg-info/top_level.txt
[2.320s] writing manifest file 'dynamixel_sdk.egg-info/SOURCES.txt'
[2.325s] reading manifest file 'dynamixel_sdk.egg-info/SOURCES.txt'
[2.325s] writing manifest file 'dynamixel_sdk.egg-info/SOURCES.txt'
[2.352s] [ 92%] Built target ament_cmake_python_build_dynamixel_sdk_egg
[2.475s] [100%] [32m[1mLinking CXX shared library libdynamixel_sdk.so[0m
[2.561s] [100%] Built target dynamixel_sdk
[2.580s] Invoked command in '/home/minsuje/turtlebot3_ws/build/dynamixel_sdk' returned '0': CMAKE_PREFIX_PATH=/home/minsuje/turtlebot3_ws/install/turtlebot3:/home/minsuje/turtlebot3_ws/install/turtlebot3_simulations:/home/minsuje/turtlebot3_ws/install/turtlebot3_bringup:/home/minsuje/turtlebot3_ws/install/turtlebot3_node:/home/minsuje/turtlebot3_ws/install/turtlebot3_navigation2:/home/minsuje/turtlebot3_ws/install/turtlebot3_fake_node:/home/minsuje/turtlebot3_ws/install/turtlebot3_msgs:/home/minsuje/turtlebot3_ws/install/turtlebot3_manipulation:/home/minsuje/turtlebot3_ws/install/turtlebot3_manipulation_teleop:/home/minsuje/turtlebot3_ws/install/turtlebot3_manipulation_navigation2:/home/minsuje/turtlebot3_ws/install/turtlebot3_manipulation_moveit_config:/home/minsuje/turtlebot3_ws/install/turtlebot3_manipulation_hardware:/home/minsuje/turtlebot3_ws/install/turtlebot3_manipulation_gazebo:/home/minsuje/turtlebot3_ws/install/turtlebot3_manipulation_bringup:/home/minsuje/turtlebot3_ws/install/turtlebot3_manipulation_description:/home/minsuje/turtlebot3_ws/install/turtlebot3_manipulation_cartographer:/home/minsuje/turtlebot3_ws/install/turtlebot3_gazebo:/home/minsuje/turtlebot3_ws/install/turtlebot3_description:/home/minsuje/turtlebot3_ws/install/turtlebot3_cartographer:/home/minsuje/turtlebot3_ws/install/turtlebot3_autorace:/home/minsuje/turtlebot3_ws/install/open_manipulator:/home/minsuje/turtlebot3_ws/install/open_manipulator_x_teleop:/home/minsuje/turtlebot3_ws/install/open_manipulator_x_playground:/home/minsuje/turtlebot3_ws/install/open_manipulator_x_moveit_config:/home/minsuje/turtlebot3_ws/install/open_manipulator_x_gui:/home/minsuje/turtlebot3_ws/install/open_manipulator_x_bringup:/home/minsuje/turtlebot3_ws/install/open_manipulator_x_description:/home/minsuje/turtlebot3_ws/install/dynamixel_sdk_examples:/home/minsuje/turtlebot3_ws/install/dynamixel_sdk_custom_interfaces:/home/minsuje/turtlebot3_ws/install/dynamixel_sdk:/home/minsuje/turtlebot3_ws/install/car_odom:/home/minsuje/turtlebot3_ws/install/arm_odom:/home/minsuje/turtlebot3_ws/install/urdf_tutorial:/home/minsuje/turtlebot3_ws/install/turtlebot3_teleop:/home/minsuje/turtlebot3_ws/install/turtlebot3_example:/home/minsuje/turtlebot3_ws/install/turtlebot3_autorace_mission:/home/minsuje/turtlebot3_ws/install/turtlebot3_autorace_detect:/home/minsuje/turtlebot3_ws/install/turtlebot3_autorace_camera:/home/minsuje/turtlebot3_ws/install/sim_tutorial:/home/minsuje/turtlebot3_ws/install/car_tutorial:/home/minsuje/turtlebot3_ws/install/arm_tutorial:/home/minsuje/ws_urdf/install/urdf_tutorial:/home/minsuje/ros2_ws/install/rokey:/home/minsuje/ros2_ws/install/pick_and_place_voice:/home/minsuje/ros2_ws/install/pick_and_place_text:/home/minsuje/ros2_ws/install/my_service_pkg:/home/minsuje/ros2_ws/install/dsr_visualservoing:/home/minsuje/ros2_ws/install/dsr_tests:/home/minsuje/ros2_ws/install/dsr_bringup2:/home/minsuje/ros2_ws/install/dsr_example:/opt/ros/humble:/home/minsuje/ros2_ws/install/od_msg:/home/minsuje/ros2_ws/install/my_interfaces:/home/minsuje/ros2_ws/install/dsr_realtime_control:/home/minsuje/ros2_ws/install/dsr_controller2:/home/minsuje/ros2_ws/install/dsr_msgs2:/home/minsuje/ros2_ws/install/dsr_moveit_config_p3020:/home/minsuje/ros2_ws/install/dsr_moveit_config_m1509:/home/minsuje/ros2_ws/install/dsr_moveit_config_m1013:/home/minsuje/ros2_ws/install/dsr_moveit_config_m0617:/home/minsuje/ros2_ws/install/dsr_moveit_config_m0609:/home/minsuje/ros2_ws/install/dsr_moveit_config_h2515:/home/minsuje/ros2_ws/install/dsr_moveit_config_h2017:/home/minsuje/ros2_ws/install/dsr_moveit_config_e0509:/home/minsuje/ros2_ws/install/dsr_moveit_config_a0912:/home/minsuje/ros2_ws/install/dsr_moveit_config_a0509:/home/minsuje/ros2_ws/install/dsr_hardware2:/home/minsuje/ros2_ws/install/dsr_gazebo2:/home/minsuje/ros2_ws/install/dsr_description2:/home/minsuje/ros2_ws/install/dsr_common2:/home/minsuje/ros2_ws/install/custom_pkg_srv_test:/home/minsuje/ros2_ws/install/custom_msgs /usr/bin/cmake --build /home/minsuje/turtlebot3_ws/build/dynamixel_sdk -- -j32 -l32
[2.585s] Invoking command in '/home/minsuje/turtlebot3_ws/build/dynamixel_sdk': CMAKE_PREFIX_PATH=/home/minsuje/turtlebot3_ws/install/turtlebot3:/home/minsuje/turtlebot3_ws/install/turtlebot3_simulations:/home/minsuje/turtlebot3_ws/install/turtlebot3_bringup:/home/minsuje/turtlebot3_ws/install/turtlebot3_node:/home/minsuje/turtlebot3_ws/install/turtlebot3_navigation2:/home/minsuje/turtlebot3_ws/install/turtlebot3_fake_node:/home/minsuje/turtlebot3_ws/install/turtlebot3_msgs:/home/minsuje/turtlebot3_ws/install/turtlebot3_manipulation:/home/minsuje/turtlebot3_ws/install/turtlebot3_manipulation_teleop:/home/minsuje/turtlebot3_ws/install/turtlebot3_manipulation_navigation2:/home/minsuje/turtlebot3_ws/install/turtlebot3_manipulation_moveit_config:/home/minsuje/turtlebot3_ws/install/turtlebot3_manipulation_hardware:/home/minsuje/turtlebot3_ws/install/turtlebot3_manipulation_gazebo:/home/minsuje/turtlebot3_ws/install/turtlebot3_manipulation_bringup:/home/minsuje/turtlebot3_ws/install/turtlebot3_manipulation_description:/home/minsuje/turtlebot3_ws/install/turtlebot3_manipulation_cartographer:/home/minsuje/turtlebot3_ws/install/turtlebot3_gazebo:/home/minsuje/turtlebot3_ws/install/turtlebot3_description:/home/minsuje/turtlebot3_ws/install/turtlebot3_cartographer:/home/minsuje/turtlebot3_ws/install/turtlebot3_autorace:/home/minsuje/turtlebot3_ws/install/open_manipulator:/home/minsuje/turtlebot3_ws/install/open_manipulator_x_teleop:/home/minsuje/turtlebot3_ws/install/open_manipulator_x_playground:/home/minsuje/turtlebot3_ws/install/open_manipulator_x_moveit_config:/home/minsuje/turtlebot3_ws/install/open_manipulator_x_gui:/home/minsuje/turtlebot3_ws/install/open_manipulator_x_bringup:/home/minsuje/turtlebot3_ws/install/open_manipulator_x_description:/home/minsuje/turtlebot3_ws/install/dynamixel_sdk_examples:/home/minsuje/turtlebot3_ws/install/dynamixel_sdk_custom_interfaces:/home/minsuje/turtlebot3_ws/install/dynamixel_sdk:/home/minsuje/turtlebot3_ws/install/car_odom:/home/minsuje/turtlebot3_ws/install/arm_odom:/home/minsuje/turtlebot3_ws/install/urdf_tutorial:/home/minsuje/turtlebot3_ws/install/turtlebot3_teleop:/home/minsuje/turtlebot3_ws/install/turtlebot3_example:/home/minsuje/turtlebot3_ws/install/turtlebot3_autorace_mission:/home/minsuje/turtlebot3_ws/install/turtlebot3_autorace_detect:/home/minsuje/turtlebot3_ws/install/turtlebot3_autorace_camera:/home/minsuje/turtlebot3_ws/install/sim_tutorial:/home/minsuje/turtlebot3_ws/install/car_tutorial:/home/minsuje/turtlebot3_ws/install/arm_tutorial:/home/minsuje/ws_urdf/install/urdf_tutorial:/home/minsuje/ros2_ws/install/rokey:/home/minsuje/ros2_ws/install/pick_and_place_voice:/home/minsuje/ros2_ws/install/pick_and_place_text:/home/minsuje/ros2_ws/install/my_service_pkg:/home/minsuje/ros2_ws/install/dsr_visualservoing:/home/minsuje/ros2_ws/install/dsr_tests:/home/minsuje/ros2_ws/install/dsr_bringup2:/home/minsuje/ros2_ws/install/dsr_example:/opt/ros/humble:/home/minsuje/ros2_ws/install/od_msg:/home/minsuje/ros2_ws/install/my_interfaces:/home/minsuje/ros2_ws/install/dsr_realtime_control:/home/minsuje/ros2_ws/install/dsr_controller2:/home/minsuje/ros2_ws/install/dsr_msgs2:/home/minsuje/ros2_ws/install/dsr_moveit_config_p3020:/home/minsuje/ros2_ws/install/dsr_moveit_config_m1509:/home/minsuje/ros2_ws/install/dsr_moveit_config_m1013:/home/minsuje/ros2_ws/install/dsr_moveit_config_m0617:/home/minsuje/ros2_ws/install/dsr_moveit_config_m0609:/home/minsuje/ros2_ws/install/dsr_moveit_config_h2515:/home/minsuje/ros2_ws/install/dsr_moveit_config_h2017:/home/minsuje/ros2_ws/install/dsr_moveit_config_e0509:/home/minsuje/ros2_ws/install/dsr_moveit_config_a0912:/home/minsuje/ros2_ws/install/dsr_moveit_config_a0509:/home/minsuje/ros2_ws/install/dsr_hardware2:/home/minsuje/ros2_ws/install/dsr_gazebo2:/home/minsuje/ros2_ws/install/dsr_description2:/home/minsuje/ros2_ws/install/dsr_common2:/home/minsuje/ros2_ws/install/custom_pkg_srv_test:/home/minsuje/ros2_ws/install/custom_msgs /usr/bin/cmake --install /home/minsuje/turtlebot3_ws/build/dynamixel_sdk
[3.357s] -- Install configuration: ""
[3.357s] -- Execute custom install script
[3.357s] -- Symlinking: /home/minsuje/turtlebot3_ws/install/dynamixel_sdk/include//dynamixel_sdk/dynamixel_sdk.h
[3.357s] -- Symlinking: /home/minsuje/turtlebot3_ws/install/dynamixel_sdk/include//dynamixel_sdk/group_bulk_read.h
[3.357s] -- Symlinking: /home/minsuje/turtlebot3_ws/install/dynamixel_sdk/include//dynamixel_sdk/group_bulk_write.h
[3.357s] -- Symlinking: /home/minsuje/turtlebot3_ws/install/dynamixel_sdk/include//dynamixel_sdk/group_fast_bulk_read.h
[3.357s] -- Symlinking: /home/minsuje/turtlebot3_ws/install/dynamixel_sdk/include//dynamixel_sdk/group_fast_sync_read.h
[3.357s] -- Symlinking: /home/minsuje/turtlebot3_ws/install/dynamixel_sdk/include//dynamixel_sdk/group_handler.h
[3.357s] -- Symlinking: /home/minsuje/turtlebot3_ws/install/dynamixel_sdk/include//dynamixel_sdk/group_sync_read.h
[3.357s] -- Symlinking: /home/minsuje/turtlebot3_ws/install/dynamixel_sdk/include//dynamixel_sdk/group_sync_write.h
[3.357s] -- Symlinking: /home/minsuje/turtlebot3_ws/install/dynamixel_sdk/include//dynamixel_sdk/packet_handler.h
[3.357s] -- Symlinking: /home/minsuje/turtlebot3_ws/install/dynamixel_sdk/include//dynamixel_sdk/port_handler.h
[3.357s] -- Symlinking: /home/minsuje/turtlebot3_ws/install/dynamixel_sdk/include//dynamixel_sdk/port_handler_arduino.h
[3.357s] -- Symlinking: /home/minsuje/turtlebot3_ws/install/dynamixel_sdk/include//dynamixel_sdk/port_handler_linux.h
[3.357s] -- Symlinking: /home/minsuje/turtlebot3_ws/install/dynamixel_sdk/include//dynamixel_sdk/port_handler_mac.h
[3.357s] -- Symlinking: /home/minsuje/turtlebot3_ws/install/dynamixel_sdk/include//dynamixel_sdk/port_handler_windows.h
[3.358s] -- Symlinking: /home/minsuje/turtlebot3_ws/install/dynamixel_sdk/include//dynamixel_sdk/protocol1_packet_handler.h
[3.358s] -- Symlinking: /home/minsuje/turtlebot3_ws/install/dynamixel_sdk/include//dynamixel_sdk/protocol2_packet_handler.h
[3.358s] -- Symlinking: /home/minsuje/turtlebot3_ws/install/dynamixel_sdk/share/dynamixel_sdk/environment/pythonpath.sh
[3.358s] -- Symlinking: /home/minsuje/turtlebot3_ws/install/dynamixel_sdk/share/dynamixel_sdk/environment/pythonpath.dsv
[3.358s] -- Symlinking: /home/minsuje/turtlebot3_ws/install/dynamixel_sdk/local/lib/python3.10/dist-packages/dynamixel_sdk-3.8.4-py3.10.egg-info/PKG-INFO
[3.358s] -- Symlinking: /home/minsuje/turtlebot3_ws/install/dynamixel_sdk/local/lib/python3.10/dist-packages/dynamixel_sdk-3.8.4-py3.10.egg-info/SOURCES.txt
[3.358s] -- Symlinking: /home/minsuje/turtlebot3_ws/install/dynamixel_sdk/local/lib/python3.10/dist-packages/dynamixel_sdk-3.8.4-py3.10.egg-info/dependency_links.txt
[3.358s] -- Symlinking: /home/minsuje/turtlebot3_ws/install/dynamixel_sdk/local/lib/python3.10/dist-packages/dynamixel_sdk-3.8.4-py3.10.egg-info/top_level.txt
[3.358s] -- Symlinking: /home/minsuje/turtlebot3_ws/install/dynamixel_sdk/local/lib/python3.10/dist-packages/dynamixel_sdk/__init__.py
[3.358s] -- Symlinking: /home/minsuje/turtlebot3_ws/install/dynamixel_sdk/local/lib/python3.10/dist-packages/dynamixel_sdk/group_bulk_read.cpp
[3.358s] -- Symlinking: /home/minsuje/turtlebot3_ws/install/dynamixel_sdk/local/lib/python3.10/dist-packages/dynamixel_sdk/group_bulk_read.py
[3.358s] -- Symlinking: /home/minsuje/turtlebot3_ws/install/dynamixel_sdk/local/lib/python3.10/dist-packages/dynamixel_sdk/group_bulk_write.cpp
[3.358s] -- Symlinking: /home/minsuje/turtlebot3_ws/install/dynamixel_sdk/local/lib/python3.10/dist-packages/dynamixel_sdk/group_bulk_write.py
[3.358s] -- Symlinking: /home/minsuje/turtlebot3_ws/install/dynamixel_sdk/local/lib/python3.10/dist-packages/dynamixel_sdk/group_fast_bulk_read.cpp
[3.358s] -- Symlinking: /home/minsuje/turtlebot3_ws/install/dynamixel_sdk/local/lib/python3.10/dist-packages/dynamixel_sdk/group_fast_sync_read.cpp
[3.361s] -- Symlinking: /home/minsuje/turtlebot3_ws/install/dynamixel_sdk/local/lib/python3.10/dist-packages/dynamixel_sdk/group_handler.cpp
[3.362s] -- Symlinking: /home/minsuje/turtlebot3_ws/install/dynamixel_sdk/local/lib/python3.10/dist-packages/dynamixel_sdk/group_sync_read.cpp
[3.362s] -- Symlinking: /home/minsuje/turtlebot3_ws/install/dynamixel_sdk/local/lib/python3.10/dist-packages/dynamixel_sdk/group_sync_read.py
[3.362s] -- Symlinking: /home/minsuje/turtlebot3_ws/install/dynamixel_sdk/local/lib/python3.10/dist-packages/dynamixel_sdk/group_sync_write.cpp
[3.362s] -- Symlinking: /home/minsuje/turtlebot3_ws/install/dynamixel_sdk/local/lib/python3.10/dist-packages/dynamixel_sdk/group_sync_write.py
[3.362s] -- Symlinking: /home/minsuje/turtlebot3_ws/install/dynamixel_sdk/local/lib/python3.10/dist-packages/dynamixel_sdk/packet_handler.cpp
[3.362s] -- Symlinking: /home/minsuje/turtlebot3_ws/install/dynamixel_sdk/local/lib/python3.10/dist-packages/dynamixel_sdk/packet_handler.py
[3.362s] -- Symlinking: /home/minsuje/turtlebot3_ws/install/dynamixel_sdk/local/lib/python3.10/dist-packages/dynamixel_sdk/port_handler.cpp
[3.362s] -- Symlinking: /home/minsuje/turtlebot3_ws/install/dynamixel_sdk/local/lib/python3.10/dist-packages/dynamixel_sdk/port_handler.py
[3.362s] -- Symlinking: /home/minsuje/turtlebot3_ws/install/dynamixel_sdk/local/lib/python3.10/dist-packages/dynamixel_sdk/port_handler_arduino.cpp
[3.362s] -- Symlinking: /home/minsuje/turtlebot3_ws/install/dynamixel_sdk/local/lib/python3.10/dist-packages/dynamixel_sdk/port_handler_linux.cpp
[3.362s] -- Symlinking: /home/minsuje/turtlebot3_ws/install/dynamixel_sdk/local/lib/python3.10/dist-packages/dynamixel_sdk/port_handler_mac.cpp
[3.362s] -- Symlinking: /home/minsuje/turtlebot3_ws/install/dynamixel_sdk/local/lib/python3.10/dist-packages/dynamixel_sdk/port_handler_windows.cpp
[3.362s] -- Symlinking: /home/minsuje/turtlebot3_ws/install/dynamixel_sdk/local/lib/python3.10/dist-packages/dynamixel_sdk/protocol1_packet_handler.cpp
[3.362s] -- Symlinking: /home/minsuje/turtlebot3_ws/install/dynamixel_sdk/local/lib/python3.10/dist-packages/dynamixel_sdk/protocol1_packet_handler.py
[3.362s] -- Symlinking: /home/minsuje/turtlebot3_ws/install/dynamixel_sdk/local/lib/python3.10/dist-packages/dynamixel_sdk/protocol2_packet_handler.cpp
[3.362s] -- Symlinking: /home/minsuje/turtlebot3_ws/install/dynamixel_sdk/local/lib/python3.10/dist-packages/dynamixel_sdk/protocol2_packet_handler.py
[3.363s] -- Symlinking: /home/minsuje/turtlebot3_ws/install/dynamixel_sdk/local/lib/python3.10/dist-packages/dynamixel_sdk/robotis_def.py
[3.363s] -- Symlinking: /home/minsuje/turtlebot3_ws/install/dynamixel_sdk/share/dynamixel_sdk/environment/library_path.sh
[3.363s] -- Symlinking: /home/minsuje/turtlebot3_ws/install/dynamixel_sdk/share/dynamixel_sdk/environment/library_path.dsv
[3.363s] -- Symlinking: /home/minsuje/turtlebot3_ws/install/dynamixel_sdk/share/ament_index/resource_index/package_run_dependencies/dynamixel_sdk
[3.363s] -- Symlinking: /home/minsuje/turtlebot3_ws/install/dynamixel_sdk/share/ament_index/resource_index/parent_prefix_path/dynamixel_sdk
[3.363s] -- Symlinking: /home/minsuje/turtlebot3_ws/install/dynamixel_sdk/share/dynamixel_sdk/environment/ament_prefix_path.sh
[3.363s] -- Symlinking: /home/minsuje/turtlebot3_ws/install/dynamixel_sdk/share/dynamixel_sdk/environment/ament_prefix_path.dsv
[3.363s] -- Symlinking: /home/minsuje/turtlebot3_ws/install/dynamixel_sdk/share/dynamixel_sdk/environment/path.sh
[3.363s] -- Symlinking: /home/minsuje/turtlebot3_ws/install/dynamixel_sdk/share/dynamixel_sdk/environment/path.dsv
[3.363s] -- Symlinking: /home/minsuje/turtlebot3_ws/install/dynamixel_sdk/share/dynamixel_sdk/local_setup.bash
[3.363s] -- Symlinking: /home/minsuje/turtlebot3_ws/install/dynamixel_sdk/share/dynamixel_sdk/local_setup.sh
[3.363s] -- Symlinking: /home/minsuje/turtlebot3_ws/install/dynamixel_sdk/share/dynamixel_sdk/local_setup.zsh
[3.363s] -- Symlinking: /home/minsuje/turtlebot3_ws/install/dynamixel_sdk/share/dynamixel_sdk/local_setup.dsv
[3.363s] -- Symlinking: /home/minsuje/turtlebot3_ws/install/dynamixel_sdk/share/dynamixel_sdk/package.dsv
[3.380s] -- Symlinking: /home/minsuje/turtlebot3_ws/install/dynamixel_sdk/share/ament_index/resource_index/packages/dynamixel_sdk
[3.400s] -- Symlinking: /home/minsuje/turtlebot3_ws/install/dynamixel_sdk/share/dynamixel_sdk/cmake/ament_cmake_export_targets-extras.cmake
[3.403s] -- Symlinking: /home/minsuje/turtlebot3_ws/install/dynamixel_sdk/share/dynamixel_sdk/cmake/ament_cmake_export_include_directories-extras.cmake
[3.405s] -- Symlinking: /home/minsuje/turtlebot3_ws/install/dynamixel_sdk/share/dynamixel_sdk/cmake/ament_cmake_export_libraries-extras.cmake
[3.415s] -- Symlinking: /home/minsuje/turtlebot3_ws/install/dynamixel_sdk/share/dynamixel_sdk/cmake/dynamixel_sdkConfig.cmake
[3.425s] -- Symlinking: /home/minsuje/turtlebot3_ws/install/dynamixel_sdk/share/dynamixel_sdk/cmake/dynamixel_sdkConfig-version.cmake
[3.438s] -- Symlinking: /home/minsuje/turtlebot3_ws/install/dynamixel_sdk/share/dynamixel_sdk/package.xml
[3.448s] -- Installing: /home/minsuje/turtlebot3_ws/install/dynamixel_sdk/lib/libdynamixel_sdk.so
[3.502s] Listing '/home/minsuje/turtlebot3_ws/install/dynamixel_sdk/local/lib/python3.10/dist-packages/dynamixel_sdk'...
[3.502s] Compiling '/home/minsuje/turtlebot3_ws/install/dynamixel_sdk/local/lib/python3.10/dist-packages/dynamixel_sdk/__init__.py'...
[3.502s] Compiling '/home/minsuje/turtlebot3_ws/install/dynamixel_sdk/local/lib/python3.10/dist-packages/dynamixel_sdk/group_bulk_read.py'...
[3.502s] Compiling '/home/minsuje/turtlebot3_ws/install/dynamixel_sdk/local/lib/python3.10/dist-packages/dynamixel_sdk/group_bulk_write.py'...
[3.502s] Compiling '/home/minsuje/turtlebot3_ws/install/dynamixel_sdk/local/lib/python3.10/dist-packages/dynamixel_sdk/group_sync_read.py'...
[3.502s] Compiling '/home/minsuje/turtlebot3_ws/install/dynamixel_sdk/local/lib/python3.10/dist-packages/dynamixel_sdk/group_sync_write.py'...
[3.503s] Compiling '/home/minsuje/turtlebot3_ws/install/dynamixel_sdk/local/lib/python3.10/dist-packages/dynamixel_sdk/packet_handler.py'...
[3.503s] Compiling '/home/minsuje/turtlebot3_ws/install/dynamixel_sdk/local/lib/python3.10/dist-packages/dynamixel_sdk/port_handler.py'...
[3.503s] Compiling '/home/minsuje/turtlebot3_ws/install/dynamixel_sdk/local/lib/python3.10/dist-packages/dynamixel_sdk/protocol1_packet_handler.py'...
[3.503s] Compiling '/home/minsuje/turtlebot3_ws/install/dynamixel_sdk/local/lib/python3.10/dist-packages/dynamixel_sdk/protocol2_packet_handler.py'...
[3.503s] Compiling '/home/minsuje/turtlebot3_ws/install/dynamixel_sdk/local/lib/python3.10/dist-packages/dynamixel_sdk/robotis_def.py'...
[3.506s] -- Installing: /home/minsuje/turtlebot3_ws/install/dynamixel_sdk/share/dynamixel_sdk/cmake/dynamixel_sdkExport.cmake
[3.506s] -- Installing: /home/minsuje/turtlebot3_ws/install/dynamixel_sdk/share/dynamixel_sdk/cmake/dynamixel_sdkExport-noconfig.cmake
[3.511s] Invoked command in '/home/minsuje/turtlebot3_ws/build/dynamixel_sdk' returned '0': CMAKE_PREFIX_PATH=/home/minsuje/turtlebot3_ws/install/turtlebot3:/home/minsuje/turtlebot3_ws/install/turtlebot3_simulations:/home/minsuje/turtlebot3_ws/install/turtlebot3_bringup:/home/minsuje/turtlebot3_ws/install/turtlebot3_node:/home/minsuje/turtlebot3_ws/install/turtlebot3_navigation2:/home/minsuje/turtlebot3_ws/install/turtlebot3_fake_node:/home/minsuje/turtlebot3_ws/install/turtlebot3_msgs:/home/minsuje/turtlebot3_ws/install/turtlebot3_manipulation:/home/minsuje/turtlebot3_ws/install/turtlebot3_manipulation_teleop:/home/minsuje/turtlebot3_ws/install/turtlebot3_manipulation_navigation2:/home/minsuje/turtlebot3_ws/install/turtlebot3_manipulation_moveit_config:/home/minsuje/turtlebot3_ws/install/turtlebot3_manipulation_hardware:/home/minsuje/turtlebot3_ws/install/turtlebot3_manipulation_gazebo:/home/minsuje/turtlebot3_ws/install/turtlebot3_manipulation_bringup:/home/minsuje/turtlebot3_ws/install/turtlebot3_manipulation_description:/home/minsuje/turtlebot3_ws/install/turtlebot3_manipulation_cartographer:/home/minsuje/turtlebot3_ws/install/turtlebot3_gazebo:/home/minsuje/turtlebot3_ws/install/turtlebot3_description:/home/minsuje/turtlebot3_ws/install/turtlebot3_cartographer:/home/minsuje/turtlebot3_ws/install/turtlebot3_autorace:/home/minsuje/turtlebot3_ws/install/open_manipulator:/home/minsuje/turtlebot3_ws/install/open_manipulator_x_teleop:/home/minsuje/turtlebot3_ws/install/open_manipulator_x_playground:/home/minsuje/turtlebot3_ws/install/open_manipulator_x_moveit_config:/home/minsuje/turtlebot3_ws/install/open_manipulator_x_gui:/home/minsuje/turtlebot3_ws/install/open_manipulator_x_bringup:/home/minsuje/turtlebot3_ws/install/open_manipulator_x_description:/home/minsuje/turtlebot3_ws/install/dynamixel_sdk_examples:/home/minsuje/turtlebot3_ws/install/dynamixel_sdk_custom_interfaces:/home/minsuje/turtlebot3_ws/install/dynamixel_sdk:/home/minsuje/turtlebot3_ws/install/car_odom:/home/minsuje/turtlebot3_ws/install/arm_odom:/home/minsuje/turtlebot3_ws/install/urdf_tutorial:/home/minsuje/turtlebot3_ws/install/turtlebot3_teleop:/home/minsuje/turtlebot3_ws/install/turtlebot3_example:/home/minsuje/turtlebot3_ws/install/turtlebot3_autorace_mission:/home/minsuje/turtlebot3_ws/install/turtlebot3_autorace_detect:/home/minsuje/turtlebot3_ws/install/turtlebot3_autorace_camera:/home/minsuje/turtlebot3_ws/install/sim_tutorial:/home/minsuje/turtlebot3_ws/install/car_tutorial:/home/minsuje/turtlebot3_ws/install/arm_tutorial:/home/minsuje/ws_urdf/install/urdf_tutorial:/home/minsuje/ros2_ws/install/rokey:/home/minsuje/ros2_ws/install/pick_and_place_voice:/home/minsuje/ros2_ws/install/pick_and_place_text:/home/minsuje/ros2_ws/install/my_service_pkg:/home/minsuje/ros2_ws/install/dsr_visualservoing:/home/minsuje/ros2_ws/install/dsr_tests:/home/minsuje/ros2_ws/install/dsr_bringup2:/home/minsuje/ros2_ws/install/dsr_example:/opt/ros/humble:/home/minsuje/ros2_ws/install/od_msg:/home/minsuje/ros2_ws/install/my_interfaces:/home/minsuje/ros2_ws/install/dsr_realtime_control:/home/minsuje/ros2_ws/install/dsr_controller2:/home/minsuje/ros2_ws/install/dsr_msgs2:/home/minsuje/ros2_ws/install/dsr_moveit_config_p3020:/home/minsuje/ros2_ws/install/dsr_moveit_config_m1509:/home/minsuje/ros2_ws/install/dsr_moveit_config_m1013:/home/minsuje/ros2_ws/install/dsr_moveit_config_m0617:/home/minsuje/ros2_ws/install/dsr_moveit_config_m0609:/home/minsuje/ros2_ws/install/dsr_moveit_config_h2515:/home/minsuje/ros2_ws/install/dsr_moveit_config_h2017:/home/minsuje/ros2_ws/install/dsr_moveit_config_e0509:/home/minsuje/ros2_ws/install/dsr_moveit_config_a0912:/home/minsuje/ros2_ws/install/dsr_moveit_config_a0509:/home/minsuje/ros2_ws/install/dsr_hardware2:/home/minsuje/ros2_ws/install/dsr_gazebo2:/home/minsuje/ros2_ws/install/dsr_description2:/home/minsuje/ros2_ws/install/dsr_common2:/home/minsuje/ros2_ws/install/custom_pkg_srv_test:/home/minsuje/ros2_ws/install/custom_msgs /usr/bin/cmake --install /home/minsuje/turtlebot3_ws/build/dynamixel_sdk
