running develop
running egg_info
creating dsr_bringup2.egg-info
writing dsr_bringup2.egg-info/PKG-INFO
writing dependency_links to dsr_bringup2.egg-info/dependency_links.txt
writing entry points to dsr_bringup2.egg-info/entry_points.txt
writing requirements to dsr_bringup2.egg-info/requires.txt
writing top-level names to dsr_bringup2.egg-info/top_level.txt
writing manifest file 'dsr_bringup2.egg-info/SOURCES.txt'
reading manifest file 'dsr_bringup2.egg-info/SOURCES.txt'
writing manifest file 'dsr_bringup2.egg-info/SOURCES.txt'
running build_ext
Creating /home/minsuje/ros2_ws/install/dsr_bringup2/lib/python3.10/site-packages/dsr-bringup2.egg-link (link to .)
Installing gazebo_connection script to /home/minsuje/ros2_ws/install/dsr_bringup2/lib/dsr_bringup2
Installing moveit_connection script to /home/minsuje/ros2_ws/install/dsr_bringup2/lib/dsr_bringup2
Installing run_emulator script to /home/minsuje/ros2_ws/install/dsr_bringup2/lib/dsr_bringup2
Installing set_config script to /home/minsuje/ros2_ws/install/dsr_bringup2/lib/dsr_bringup2

Installed /home/minsuje/ros2_ws/build/dsr_bringup2
running symlink_data
creating /home/minsuje/ros2_ws/install/dsr_bringup2/share/ament_index
creating /home/minsuje/ros2_ws/install/dsr_bringup2/share/ament_index/resource_index
creating /home/minsuje/ros2_ws/install/dsr_bringup2/share/ament_index/resource_index/packages
symbolically linking /home/minsuje/ros2_ws/build/dsr_bringup2/resource/dsr_bringup2 -> /home/minsuje/ros2_ws/install/dsr_bringup2/share/ament_index/resource_index/packages
symbolically linking /home/minsuje/ros2_ws/build/dsr_bringup2/package.xml -> /home/minsuje/ros2_ws/install/dsr_bringup2/share/dsr_bringup2
creating /home/minsuje/ros2_ws/install/dsr_bringup2/share/dsr_bringup2/launch
symbolically linking /home/minsuje/ros2_ws/build/dsr_bringup2/launch/dsr_bringup2_rviz.launch.py -> /home/minsuje/ros2_ws/install/dsr_bringup2/share/dsr_bringup2/launch
symbolically linking /home/minsuje/ros2_ws/build/dsr_bringup2/launch/dsr_bringup2_moveit.launch.py -> /home/minsuje/ros2_ws/install/dsr_bringup2/share/dsr_bringup2/launch
symbolically linking /home/minsuje/ros2_ws/build/dsr_bringup2/launch/dsr_bringup2_gazebo.launch.py -> /home/minsuje/ros2_ws/install/dsr_bringup2/share/dsr_bringup2/launch
symbolically linking /home/minsuje/ros2_ws/build/dsr_bringup2/launch/dsr_bringup2_spawn_on_gazebo.launch.py -> /home/minsuje/ros2_ws/install/dsr_bringup2/share/dsr_bringup2/launch
creating /home/minsuje/ros2_ws/install/dsr_bringup2/share/dsr_bringup2/rviz
symbolically linking /home/minsuje/ros2_ws/build/dsr_bringup2/rviz/default.rviz -> /home/minsuje/ros2_ws/install/dsr_bringup2/share/dsr_bringup2/rviz
