[0.664s] Invoking command in '/home/minsuje/ros2_ws/build/dsr_bringup2': AMENT_PREFIX_PATH=/home/minsuje/ros2_ws/install/dsr_msgs2:${AMENT_PREFIX_PATH} CMAKE_PREFIX_PATH=/home/minsuje/ros2_ws/install/dsr_msgs2 LD_LIBRARY_PATH=/home/minsuje/ros2_ws/install/dsr_msgs2/lib:${LD_LIBRARY_PATH} PYTHONPATH=/home/minsuje/ros2_ws/build/dsr_bringup2/prefix_override:/usr/lib/python3/dist-packages/colcon_core/task/python/colcon_distutils_commands:/home/minsuje/ros2_ws/install/dsr_bringup2/lib/python3.10/site-packages:/home/minsuje/ros2_ws/install/dsr_msgs2/local/lib/python3.10/dist-packages:${PYTHONPATH} /usr/bin/python3 -W ignore:setup.py install is deprecated -W ignore:easy_install command is deprecated setup.py develop --editable --build-directory /home/minsuje/ros2_ws/build/dsr_bringup2/build --no-deps symlink_data
[0.879s] running develop
[1.067s] running egg_info
[1.067s] creating dsr_bringup2.egg-info
[1.067s] writing dsr_bringup2.egg-info/PKG-INFO
[1.067s] writing dependency_links to dsr_bringup2.egg-info/dependency_links.txt
[1.067s] writing entry points to dsr_bringup2.egg-info/entry_points.txt
[1.067s] writing requirements to dsr_bringup2.egg-info/requires.txt
[1.067s] writing top-level names to dsr_bringup2.egg-info/top_level.txt
[1.067s] writing manifest file 'dsr_bringup2.egg-info/SOURCES.txt'
[1.069s] reading manifest file 'dsr_bringup2.egg-info/SOURCES.txt'
[1.069s] writing manifest file 'dsr_bringup2.egg-info/SOURCES.txt'
[1.097s] running build_ext
[1.097s] Creating /home/minsuje/ros2_ws/install/dsr_bringup2/lib/python3.10/site-packages/dsr-bringup2.egg-link (link to .)
[1.098s] Installing gazebo_connection script to /home/minsuje/ros2_ws/install/dsr_bringup2/lib/dsr_bringup2
[1.098s] Installing moveit_connection script to /home/minsuje/ros2_ws/install/dsr_bringup2/lib/dsr_bringup2
[1.098s] Installing run_emulator script to /home/minsuje/ros2_ws/install/dsr_bringup2/lib/dsr_bringup2
[1.098s] Installing set_config script to /home/minsuje/ros2_ws/install/dsr_bringup2/lib/dsr_bringup2
[1.098s] 
[1.098s] Installed /home/minsuje/ros2_ws/build/dsr_bringup2
[1.098s] running symlink_data
[1.098s] creating /home/minsuje/ros2_ws/install/dsr_bringup2/share/ament_index
[1.099s] creating /home/minsuje/ros2_ws/install/dsr_bringup2/share/ament_index/resource_index
[1.099s] creating /home/minsuje/ros2_ws/install/dsr_bringup2/share/ament_index/resource_index/packages
[1.099s] symbolically linking /home/minsuje/ros2_ws/build/dsr_bringup2/resource/dsr_bringup2 -> /home/minsuje/ros2_ws/install/dsr_bringup2/share/ament_index/resource_index/packages
[1.099s] symbolically linking /home/minsuje/ros2_ws/build/dsr_bringup2/package.xml -> /home/minsuje/ros2_ws/install/dsr_bringup2/share/dsr_bringup2
[1.099s] creating /home/minsuje/ros2_ws/install/dsr_bringup2/share/dsr_bringup2/launch
[1.099s] symbolically linking /home/minsuje/ros2_ws/build/dsr_bringup2/launch/dsr_bringup2_rviz.launch.py -> /home/minsuje/ros2_ws/install/dsr_bringup2/share/dsr_bringup2/launch
[1.099s] symbolically linking /home/minsuje/ros2_ws/build/dsr_bringup2/launch/dsr_bringup2_moveit.launch.py -> /home/minsuje/ros2_ws/install/dsr_bringup2/share/dsr_bringup2/launch
[1.099s] symbolically linking /home/minsuje/ros2_ws/build/dsr_bringup2/launch/dsr_bringup2_gazebo.launch.py -> /home/minsuje/ros2_ws/install/dsr_bringup2/share/dsr_bringup2/launch
[1.099s] symbolically linking /home/minsuje/ros2_ws/build/dsr_bringup2/launch/dsr_bringup2_spawn_on_gazebo.launch.py -> /home/minsuje/ros2_ws/install/dsr_bringup2/share/dsr_bringup2/launch
[1.099s] creating /home/minsuje/ros2_ws/install/dsr_bringup2/share/dsr_bringup2/rviz
[1.099s] symbolically linking /home/minsuje/ros2_ws/build/dsr_bringup2/rviz/default.rviz -> /home/minsuje/ros2_ws/install/dsr_bringup2/share/dsr_bringup2/rviz
[1.128s] Invoked command in '/home/minsuje/ros2_ws/build/dsr_bringup2' returned '0': AMENT_PREFIX_PATH=/home/minsuje/ros2_ws/install/dsr_msgs2:${AMENT_PREFIX_PATH} CMAKE_PREFIX_PATH=/home/minsuje/ros2_ws/install/dsr_msgs2 LD_LIBRARY_PATH=/home/minsuje/ros2_ws/install/dsr_msgs2/lib:${LD_LIBRARY_PATH} PYTHONPATH=/home/minsuje/ros2_ws/build/dsr_bringup2/prefix_override:/usr/lib/python3/dist-packages/colcon_core/task/python/colcon_distutils_commands:/home/minsuje/ros2_ws/install/dsr_bringup2/lib/python3.10/site-packages:/home/minsuje/ros2_ws/install/dsr_msgs2/local/lib/python3.10/dist-packages:${PYTHONPATH} /usr/bin/python3 -W ignore:setup.py install is deprecated -W ignore:easy_install command is deprecated setup.py develop --editable --build-directory /home/minsuje/ros2_ws/build/dsr_bringup2/build --no-deps symlink_data
