[0.030s] Invoking command in '/home/minsuje/ros2_ws/build/dsr_common2': CMAKE_PREFIX_PATH=/opt/ros/humble /usr/bin/cmake /home/minsuje/ros2_ws/src/DoosanBootcamInt1/dsr_common2 -DCMAKE_INSTALL_PREFIX=/home/minsuje/ros2_ws/install/dsr_common2
[0.554s] -- The C compiler identification is GNU 11.4.0
[0.554s] -- The CXX compiler identification is GNU 11.4.0
[0.554s] -- Detecting C compiler ABI info
[0.554s] -- Detecting C compiler ABI info - done
[0.554s] -- Check for working C compiler: /usr/bin/cc - skipped
[0.554s] -- Detecting C compile features
[0.554s] -- Detecting C compile features - done
[0.554s] -- Detecting CXX compiler ABI info
[0.554s] -- Detecting CXX compiler ABI info - done
[0.554s] -- Check for working CXX compiler: /usr/bin/c++ - skipped
[0.554s] -- Detecting CXX compile features
[0.554s] -- Detecting CXX compile features - done
[0.554s] -- Found ament_cmake: 1.3.11 (/opt/ros/humble/share/ament_cmake/cmake)
[0.554s] -- Found Python3: /usr/bin/python3 (found version "3.10.12") found components: Interpreter 
[0.554s] -- Configuring done
[0.554s] -- Generating done
[0.555s] -- Build files have been written to: /home/minsuje/ros2_ws/build/dsr_common2
[0.569s] Invoked command in '/home/minsuje/ros2_ws/build/dsr_common2' returned '0': CMAKE_PREFIX_PATH=/opt/ros/humble /usr/bin/cmake /home/minsuje/ros2_ws/src/DoosanBootcamInt1/dsr_common2 -DCMAKE_INSTALL_PREFIX=/home/minsuje/ros2_ws/install/dsr_common2
[0.570s] Invoking command in '/home/minsuje/ros2_ws/build/dsr_common2': CMAKE_PREFIX_PATH=/opt/ros/humble /usr/bin/cmake --build /home/minsuje/ros2_ws/build/dsr_common2 -- -j32 -l32
[0.596s] Invoked command in '/home/minsuje/ros2_ws/build/dsr_common2' returned '0': CMAKE_PREFIX_PATH=/opt/ros/humble /usr/bin/cmake --build /home/minsuje/ros2_ws/build/dsr_common2 -- -j32 -l32
[0.598s] Invoking command in '/home/minsuje/ros2_ws/build/dsr_common2': CMAKE_PREFIX_PATH=/opt/ros/humble /usr/bin/cmake --install /home/minsuje/ros2_ws/build/dsr_common2
[0.615s] -- Install configuration: ""
[0.615s] -- Installing: /home/minsuje/ros2_ws/install/dsr_common2/share/ament_index/resource_index/package_run_dependencies/dsr_common2
[0.615s] -- Installing: /home/minsuje/ros2_ws/install/dsr_common2/share/ament_index/resource_index/parent_prefix_path/dsr_common2
[0.615s] -- Installing: /home/minsuje/ros2_ws/install/dsr_common2/share/dsr_common2/environment/ament_prefix_path.sh
[0.615s] -- Installing: /home/minsuje/ros2_ws/install/dsr_common2/share/dsr_common2/environment/ament_prefix_path.dsv
[0.615s] -- Installing: /home/minsuje/ros2_ws/install/dsr_common2/share/dsr_common2/environment/path.sh
[0.615s] -- Installing: /home/minsuje/ros2_ws/install/dsr_common2/share/dsr_common2/environment/path.dsv
[0.615s] -- Installing: /home/minsuje/ros2_ws/install/dsr_common2/share/dsr_common2/local_setup.bash
[0.615s] -- Installing: /home/minsuje/ros2_ws/install/dsr_common2/share/dsr_common2/local_setup.sh
[0.615s] -- Installing: /home/minsuje/ros2_ws/install/dsr_common2/share/dsr_common2/local_setup.zsh
[0.615s] -- Installing: /home/minsuje/ros2_ws/install/dsr_common2/share/dsr_common2/local_setup.dsv
[0.615s] -- Installing: /home/minsuje/ros2_ws/install/dsr_common2/share/dsr_common2/package.dsv
[0.615s] -- Installing: /home/minsuje/ros2_ws/install/dsr_common2/share/ament_index/resource_index/packages/dsr_common2
[0.616s] -- Installing: /home/minsuje/ros2_ws/install/dsr_common2/share/dsr_common2/cmake/dsr_common2Config.cmake
[0.616s] -- Installing: /home/minsuje/ros2_ws/install/dsr_common2/share/dsr_common2/cmake/dsr_common2Config-version.cmake
[0.616s] -- Installing: /home/minsuje/ros2_ws/install/dsr_common2/share/dsr_common2/package.xml
[0.617s] -- Installing: /home/minsuje/ros2_ws/install/dsr_common2/share/dsr_common2/bin
[0.617s] -- Installing: /home/minsuje/ros2_ws/install/dsr_common2/share/dsr_common2/bin/common2
[0.617s] -- Installing: /home/minsuje/ros2_ws/install/dsr_common2/share/dsr_common2/bin/run_drcf.sh
[0.617s] -- Installing: /home/minsuje/ros2_ws/install/dsr_common2/lib/dsr_common2/imp
[0.617s] -- Installing: /home/minsuje/ros2_ws/install/dsr_common2/lib/dsr_common2/imp/DR_error2.py
[0.617s] -- Installing: /home/minsuje/ros2_ws/install/dsr_common2/lib/dsr_common2/imp/DR_init.py
[0.617s] -- Installing: /home/minsuje/ros2_ws/install/dsr_common2/lib/dsr_common2/imp/DRFC.py
[0.617s] -- Installing: /home/minsuje/ros2_ws/install/dsr_common2/lib/dsr_common2/imp/__init__.py
[0.617s] -- Installing: /home/minsuje/ros2_ws/install/dsr_common2/lib/dsr_common2/imp/DR_common2.py
[0.617s] -- Installing: /home/minsuje/ros2_ws/install/dsr_common2/lib/dsr_common2/imp/DR_tcp_client2.py
[0.617s] -- Installing: /home/minsuje/ros2_ws/install/dsr_common2/lib/dsr_common2/imp/DR_tcp_server2.py
[0.617s] -- Installing: /home/minsuje/ros2_ws/install/dsr_common2/lib/dsr_common2/imp/DSR_ROBOT2.py
[0.617s] -- Installing: /home/minsuje/ros2_ws/install/dsr_common2/lib/dsr_common2/imp/DSR_util2.py
[0.661s] Invoked command in '/home/minsuje/ros2_ws/build/dsr_common2' returned '0': CMAKE_PREFIX_PATH=/opt/ros/humble /usr/bin/cmake --install /home/minsuje/ros2_ws/build/dsr_common2
