[0.018s] Invoking command in '/home/minsuje/ros2_ws/build/dsr_controller2': CMAKE_PREFIX_PATH=/home/minsuje/ros2_ws/install/dsr_hardware2:/home/minsuje/ros2_ws/install/dsr_msgs2:/home/minsuje/ros2_ws/install/rokey:/home/minsuje/ros2_ws/install/pick_and_place_voice:/home/minsuje/ros2_ws/install/pick_and_place_text:/home/minsuje/ros2_ws/install/my_service_pkg:/home/minsuje/ros2_ws/install/dsr_visualservoing:/home/minsuje/ros2_ws/install/dsr_tests:/home/minsuje/ros2_ws/install/dsr_bringup2:/home/minsuje/ros2_ws/install/dsr_example:/opt/ros/humble:/home/minsuje/ros2_ws/install/od_msg:/home/minsuje/ros2_ws/install/my_interfaces:/home/minsuje/ros2_ws/install/dsr_realtime_control:/home/minsuje/ros2_ws/install/dsr_controller2:/home/minsuje/ros2_ws/install/dsr_moveit_config_p3020:/home/minsuje/ros2_ws/install/dsr_moveit_config_m1509:/home/minsuje/ros2_ws/install/dsr_moveit_config_m1013:/home/minsuje/ros2_ws/install/dsr_moveit_config_m0617:/home/minsuje/ros2_ws/install/dsr_moveit_config_m0609:/home/minsuje/ros2_ws/install/dsr_moveit_config_h2515:/home/minsuje/ros2_ws/install/dsr_moveit_config_h2017:/home/minsuje/ros2_ws/install/dsr_moveit_config_e0509:/home/minsuje/ros2_ws/install/dsr_moveit_config_a0912:/home/minsuje/ros2_ws/install/dsr_moveit_config_a0509:/home/minsuje/ros2_ws/install/dsr_gazebo2:/home/minsuje/ros2_ws/install/dsr_description2:/home/minsuje/ros2_ws/install/dsr_common2:/home/minsuje/ros2_ws/install/custom_pkg_srv_test:/home/minsuje/ros2_ws/install/custom_msgs LD_LIBRARY_PATH=/home/minsuje/ros2_ws/install/dsr_hardware2/lib:/home/minsuje/ros2_ws/install/dsr_msgs2/lib:/home/minsuje/ros2_ws/install/od_msg/lib:/home/minsuje/ros2_ws/install/my_interfaces/lib:/home/minsuje/ros2_ws/install/dsr_controller2/lib:/home/minsuje/ros2_ws/install/custom_pkg_srv_test/lib:/home/minsuje/ros2_ws/install/custom_msgs/lib:/usr/lib/x86_64-linux-gnu/gazebo-11/plugins:/opt/ros/humble/opt/rviz_ogre_vendor/lib:/opt/ros/humble/lib/x86_64-linux-gnu:/opt/ros/humble/lib /usr/bin/cmake --build /home/minsuje/ros2_ws/build/dsr_controller2 -- -j32 -l32
[0.053s] [35m[1mConsolidate compiler generated dependencies of target dsr_joint_trajectory[0m
[0.053s] [35m[1mConsolidate compiler generated dependencies of target dsr_controller2[0m
[0.067s] [ 50%] Built target dsr_joint_trajectory
[0.076s] [100%] Built target dsr_controller2
[0.084s] Invoked command in '/home/minsuje/ros2_ws/build/dsr_controller2' returned '0': CMAKE_PREFIX_PATH=/home/minsuje/ros2_ws/install/dsr_hardware2:/home/minsuje/ros2_ws/install/dsr_msgs2:/home/minsuje/ros2_ws/install/rokey:/home/minsuje/ros2_ws/install/pick_and_place_voice:/home/minsuje/ros2_ws/install/pick_and_place_text:/home/minsuje/ros2_ws/install/my_service_pkg:/home/minsuje/ros2_ws/install/dsr_visualservoing:/home/minsuje/ros2_ws/install/dsr_tests:/home/minsuje/ros2_ws/install/dsr_bringup2:/home/minsuje/ros2_ws/install/dsr_example:/opt/ros/humble:/home/minsuje/ros2_ws/install/od_msg:/home/minsuje/ros2_ws/install/my_interfaces:/home/minsuje/ros2_ws/install/dsr_realtime_control:/home/minsuje/ros2_ws/install/dsr_controller2:/home/minsuje/ros2_ws/install/dsr_moveit_config_p3020:/home/minsuje/ros2_ws/install/dsr_moveit_config_m1509:/home/minsuje/ros2_ws/install/dsr_moveit_config_m1013:/home/minsuje/ros2_ws/install/dsr_moveit_config_m0617:/home/minsuje/ros2_ws/install/dsr_moveit_config_m0609:/home/minsuje/ros2_ws/install/dsr_moveit_config_h2515:/home/minsuje/ros2_ws/install/dsr_moveit_config_h2017:/home/minsuje/ros2_ws/install/dsr_moveit_config_e0509:/home/minsuje/ros2_ws/install/dsr_moveit_config_a0912:/home/minsuje/ros2_ws/install/dsr_moveit_config_a0509:/home/minsuje/ros2_ws/install/dsr_gazebo2:/home/minsuje/ros2_ws/install/dsr_description2:/home/minsuje/ros2_ws/install/dsr_common2:/home/minsuje/ros2_ws/install/custom_pkg_srv_test:/home/minsuje/ros2_ws/install/custom_msgs LD_LIBRARY_PATH=/home/minsuje/ros2_ws/install/dsr_hardware2/lib:/home/minsuje/ros2_ws/install/dsr_msgs2/lib:/home/minsuje/ros2_ws/install/od_msg/lib:/home/minsuje/ros2_ws/install/my_interfaces/lib:/home/minsuje/ros2_ws/install/dsr_controller2/lib:/home/minsuje/ros2_ws/install/custom_pkg_srv_test/lib:/home/minsuje/ros2_ws/install/custom_msgs/lib:/usr/lib/x86_64-linux-gnu/gazebo-11/plugins:/opt/ros/humble/opt/rviz_ogre_vendor/lib:/opt/ros/humble/lib/x86_64-linux-gnu:/opt/ros/humble/lib /usr/bin/cmake --build /home/minsuje/ros2_ws/build/dsr_controller2 -- -j32 -l32
[0.086s] Invoking command in '/home/minsuje/ros2_ws/build/dsr_controller2': CMAKE_PREFIX_PATH=/home/minsuje/ros2_ws/install/dsr_hardware2:/home/minsuje/ros2_ws/install/dsr_msgs2:/home/minsuje/ros2_ws/install/rokey:/home/minsuje/ros2_ws/install/pick_and_place_voice:/home/minsuje/ros2_ws/install/pick_and_place_text:/home/minsuje/ros2_ws/install/my_service_pkg:/home/minsuje/ros2_ws/install/dsr_visualservoing:/home/minsuje/ros2_ws/install/dsr_tests:/home/minsuje/ros2_ws/install/dsr_bringup2:/home/minsuje/ros2_ws/install/dsr_example:/opt/ros/humble:/home/minsuje/ros2_ws/install/od_msg:/home/minsuje/ros2_ws/install/my_interfaces:/home/minsuje/ros2_ws/install/dsr_realtime_control:/home/minsuje/ros2_ws/install/dsr_controller2:/home/minsuje/ros2_ws/install/dsr_moveit_config_p3020:/home/minsuje/ros2_ws/install/dsr_moveit_config_m1509:/home/minsuje/ros2_ws/install/dsr_moveit_config_m1013:/home/minsuje/ros2_ws/install/dsr_moveit_config_m0617:/home/minsuje/ros2_ws/install/dsr_moveit_config_m0609:/home/minsuje/ros2_ws/install/dsr_moveit_config_h2515:/home/minsuje/ros2_ws/install/dsr_moveit_config_h2017:/home/minsuje/ros2_ws/install/dsr_moveit_config_e0509:/home/minsuje/ros2_ws/install/dsr_moveit_config_a0912:/home/minsuje/ros2_ws/install/dsr_moveit_config_a0509:/home/minsuje/ros2_ws/install/dsr_gazebo2:/home/minsuje/ros2_ws/install/dsr_description2:/home/minsuje/ros2_ws/install/dsr_common2:/home/minsuje/ros2_ws/install/custom_pkg_srv_test:/home/minsuje/ros2_ws/install/custom_msgs LD_LIBRARY_PATH=/home/minsuje/ros2_ws/install/dsr_hardware2/lib:/home/minsuje/ros2_ws/install/dsr_msgs2/lib:/home/minsuje/ros2_ws/install/od_msg/lib:/home/minsuje/ros2_ws/install/my_interfaces/lib:/home/minsuje/ros2_ws/install/dsr_controller2/lib:/home/minsuje/ros2_ws/install/custom_pkg_srv_test/lib:/home/minsuje/ros2_ws/install/custom_msgs/lib:/usr/lib/x86_64-linux-gnu/gazebo-11/plugins:/opt/ros/humble/opt/rviz_ogre_vendor/lib:/opt/ros/humble/lib/x86_64-linux-gnu:/opt/ros/humble/lib /usr/bin/cmake --install /home/minsuje/ros2_ws/build/dsr_controller2
[0.091s] -- Install configuration: ""
[0.092s] -- Execute custom install script
[0.092s] -- Up-to-date symlink: /home/minsuje/ros2_ws/install/dsr_controller2/share/dsr_controller2//dsr_controller2_plugins.xml
[0.092s] -- Up-to-date symlink: /home/minsuje/ros2_ws/install/dsr_controller2/share/dsr_controller2//dsr_joint_trajectory_plugin.xml
[0.092s] -- Up-to-date symlink: /home/minsuje/ros2_ws/install/dsr_controller2/include/dsr_controller2/dsr_controller2/dsr_controller2.hpp
[0.092s] -- Up-to-date symlink: /home/minsuje/ros2_ws/install/dsr_controller2/include/dsr_controller2/dsr_controller2/dsr_joint_trajectory.hpp
[0.092s] -- Up-to-date symlink: /home/minsuje/ros2_ws/install/dsr_controller2/include/dsr_controller2/dsr_controller2/visibility_control.h
[0.092s] -- Up-to-date symlink: /home/minsuje/ros2_ws/install/dsr_controller2/share/dsr_controller2/config/console.conf
[0.092s] -- Up-to-date symlink: /home/minsuje/ros2_ws/install/dsr_controller2/share/dsr_controller2/config/default.yaml
[0.092s] -- Up-to-date symlink: /home/minsuje/ros2_ws/install/dsr_controller2/share/dsr_controller2/config/dsr_controller2.yaml
[0.092s] -- Up-to-date symlink: /home/minsuje/ros2_ws/install/dsr_controller2/share/dsr_controller2/config/dsr_controller2_ex.yaml
[0.093s] -- Up-to-date symlink: /home/minsuje/ros2_ws/install/dsr_controller2/share/dsr_controller2/config/dsr_controller2_gz.yaml
[0.093s] -- Up-to-date symlink: /home/minsuje/ros2_ws/install/dsr_controller2/share/dsr_controller2/config/dsr_controller2_gz_p3020.yaml
[0.093s] -- Up-to-date symlink: /home/minsuje/ros2_ws/install/dsr_controller2/share/dsr_controller2/config/dsr_controller2_p3020.yaml
[0.093s] -- Up-to-date symlink: /home/minsuje/ros2_ws/install/dsr_controller2/share/dsr_controller2/launch/dsr_control2.launch.py
[0.093s] -- Up-to-date symlink: /home/minsuje/ros2_ws/install/dsr_controller2/share/dsr_controller2/launch/dsr_controller2.launch.py
[0.093s] -- Up-to-date symlink: /home/minsuje/ros2_ws/install/dsr_controller2/share/dsr_controller2/launch/dsr_moveit2.launch.py
[0.093s] -- Up-to-date symlink: /home/minsuje/ros2_ws/install/dsr_controller2/share/dsr_controller2/environment/library_path.sh
[0.093s] -- Up-to-date symlink: /home/minsuje/ros2_ws/install/dsr_controller2/share/dsr_controller2/environment/library_path.dsv
[0.093s] -- Up-to-date symlink: /home/minsuje/ros2_ws/install/dsr_controller2/share/ament_index/resource_index/package_run_dependencies/dsr_controller2
[0.093s] -- Up-to-date symlink: /home/minsuje/ros2_ws/install/dsr_controller2/share/ament_index/resource_index/parent_prefix_path/dsr_controller2
[0.093s] -- Up-to-date symlink: /home/minsuje/ros2_ws/install/dsr_controller2/share/dsr_controller2/environment/ament_prefix_path.sh
[0.093s] -- Up-to-date symlink: /home/minsuje/ros2_ws/install/dsr_controller2/share/dsr_controller2/environment/ament_prefix_path.dsv
[0.093s] -- Up-to-date symlink: /home/minsuje/ros2_ws/install/dsr_controller2/share/dsr_controller2/environment/path.sh
[0.093s] -- Up-to-date symlink: /home/minsuje/ros2_ws/install/dsr_controller2/share/dsr_controller2/environment/path.dsv
[0.093s] -- Up-to-date symlink: /home/minsuje/ros2_ws/install/dsr_controller2/share/dsr_controller2/local_setup.bash
[0.094s] -- Up-to-date symlink: /home/minsuje/ros2_ws/install/dsr_controller2/share/dsr_controller2/local_setup.sh
[0.094s] -- Up-to-date symlink: /home/minsuje/ros2_ws/install/dsr_controller2/share/dsr_controller2/local_setup.zsh
[0.094s] -- Up-to-date symlink: /home/minsuje/ros2_ws/install/dsr_controller2/share/dsr_controller2/local_setup.dsv
[0.094s] -- Symlinking: /home/minsuje/ros2_ws/install/dsr_controller2/share/dsr_controller2/package.dsv
[0.101s] -- Up-to-date symlink: /home/minsuje/ros2_ws/install/dsr_controller2/share/ament_index/resource_index/packages/dsr_controller2
[0.101s] -- Up-to-date symlink: /home/minsuje/ros2_ws/install/dsr_controller2/share/ament_index/resource_index/controller_interface__pluginlib__plugin/dsr_controller2
[0.101s] -- Up-to-date symlink: /home/minsuje/ros2_ws/install/dsr_controller2/share/dsr_controller2/cmake/ament_cmake_export_targets-extras.cmake
[0.101s] -- Up-to-date symlink: /home/minsuje/ros2_ws/install/dsr_controller2/share/dsr_controller2/cmake/ament_cmake_export_dependencies-extras.cmake
[0.101s] -- Up-to-date symlink: /home/minsuje/ros2_ws/install/dsr_controller2/share/dsr_controller2/cmake/dsr_controller2Config.cmake
[0.101s] -- Up-to-date symlink: /home/minsuje/ros2_ws/install/dsr_controller2/share/dsr_controller2/cmake/dsr_controller2Config-version.cmake
[0.101s] -- Up-to-date symlink: /home/minsuje/ros2_ws/install/dsr_controller2/share/dsr_controller2/package.xml
[0.101s] -- Up-to-date: /home/minsuje/ros2_ws/install/dsr_controller2/lib/libdsr_controller2.so
[0.101s] -- Up-to-date: /home/minsuje/ros2_ws/install/dsr_controller2/lib/libdsr_joint_trajectory.so
[0.102s] -- Up-to-date: /home/minsuje/ros2_ws/install/dsr_controller2/share/dsr_controller2/cmake/export_dsr_controller2Export.cmake
[0.102s] -- Up-to-date: /home/minsuje/ros2_ws/install/dsr_controller2/share/dsr_controller2/cmake/export_dsr_controller2Export-noconfig.cmake
[0.102s] -- Up-to-date: /home/minsuje/ros2_ws/install/dsr_controller2/share/dsr_controller2/cmake/export_dsr_joint_trajectoryExport.cmake
[0.102s] -- Up-to-date: /home/minsuje/ros2_ws/install/dsr_controller2/share/dsr_controller2/cmake/export_dsr_joint_trajectoryExport-noconfig.cmake
[0.103s] Invoked command in '/home/minsuje/ros2_ws/build/dsr_controller2' returned '0': CMAKE_PREFIX_PATH=/home/minsuje/ros2_ws/install/dsr_hardware2:/home/minsuje/ros2_ws/install/dsr_msgs2:/home/minsuje/ros2_ws/install/rokey:/home/minsuje/ros2_ws/install/pick_and_place_voice:/home/minsuje/ros2_ws/install/pick_and_place_text:/home/minsuje/ros2_ws/install/my_service_pkg:/home/minsuje/ros2_ws/install/dsr_visualservoing:/home/minsuje/ros2_ws/install/dsr_tests:/home/minsuje/ros2_ws/install/dsr_bringup2:/home/minsuje/ros2_ws/install/dsr_example:/opt/ros/humble:/home/minsuje/ros2_ws/install/od_msg:/home/minsuje/ros2_ws/install/my_interfaces:/home/minsuje/ros2_ws/install/dsr_realtime_control:/home/minsuje/ros2_ws/install/dsr_controller2:/home/minsuje/ros2_ws/install/dsr_moveit_config_p3020:/home/minsuje/ros2_ws/install/dsr_moveit_config_m1509:/home/minsuje/ros2_ws/install/dsr_moveit_config_m1013:/home/minsuje/ros2_ws/install/dsr_moveit_config_m0617:/home/minsuje/ros2_ws/install/dsr_moveit_config_m0609:/home/minsuje/ros2_ws/install/dsr_moveit_config_h2515:/home/minsuje/ros2_ws/install/dsr_moveit_config_h2017:/home/minsuje/ros2_ws/install/dsr_moveit_config_e0509:/home/minsuje/ros2_ws/install/dsr_moveit_config_a0912:/home/minsuje/ros2_ws/install/dsr_moveit_config_a0509:/home/minsuje/ros2_ws/install/dsr_gazebo2:/home/minsuje/ros2_ws/install/dsr_description2:/home/minsuje/ros2_ws/install/dsr_common2:/home/minsuje/ros2_ws/install/custom_pkg_srv_test:/home/minsuje/ros2_ws/install/custom_msgs LD_LIBRARY_PATH=/home/minsuje/ros2_ws/install/dsr_hardware2/lib:/home/minsuje/ros2_ws/install/dsr_msgs2/lib:/home/minsuje/ros2_ws/install/od_msg/lib:/home/minsuje/ros2_ws/install/my_interfaces/lib:/home/minsuje/ros2_ws/install/dsr_controller2/lib:/home/minsuje/ros2_ws/install/custom_pkg_srv_test/lib:/home/minsuje/ros2_ws/install/custom_msgs/lib:/usr/lib/x86_64-linux-gnu/gazebo-11/plugins:/opt/ros/humble/opt/rviz_ogre_vendor/lib:/opt/ros/humble/lib/x86_64-linux-gnu:/opt/ros/humble/lib /usr/bin/cmake --install /home/minsuje/ros2_ws/build/dsr_controller2
