[0.028s] Invoking command in '/home/minsuje/ros2_ws/build/dsr_moveit_config_h2515': CMAKE_PREFIX_PATH=/opt/ros/humble /usr/bin/cmake /home/minsuje/ros2_ws/src/DoosanBootcamInt1/dsr_moveit2/dsr_moveit_config_h2515 -DCMAKE_INSTALL_PREFIX=/home/minsuje/ros2_ws/install/dsr_moveit_config_h2515
[0.551s] -- The C compiler identification is GNU 11.4.0
[0.551s] -- The CXX compiler identification is GNU 11.4.0
[0.551s] -- Detecting C compiler ABI info
[0.551s] -- Detecting C compiler ABI info - done
[0.551s] -- Check for working C compiler: /usr/bin/cc - skipped
[0.551s] -- Detecting C compile features
[0.551s] -- Detecting C compile features - done
[0.551s] -- Detecting CXX compiler ABI info
[0.552s] -- Detecting CXX compiler ABI info - done
[0.552s] -- Check for working CXX compiler: /usr/bin/c++ - skipped
[0.552s] -- Detecting CXX compile features
[0.552s] -- Detecting CXX compile features - done
[0.552s] -- Found ament_cmake: 1.3.11 (/opt/ros/humble/share/ament_cmake/cmake)
[0.552s] -- Found Python3: /usr/bin/python3 (found version "3.10.12") found components: Interpreter 
[0.552s] -- Configuring done
[0.552s] -- Generating done
[0.552s] -- Build files have been written to: /home/minsuje/ros2_ws/build/dsr_moveit_config_h2515
[0.563s] Invoked command in '/home/minsuje/ros2_ws/build/dsr_moveit_config_h2515' returned '0': CMAKE_PREFIX_PATH=/opt/ros/humble /usr/bin/cmake /home/minsuje/ros2_ws/src/DoosanBootcamInt1/dsr_moveit2/dsr_moveit_config_h2515 -DCMAKE_INSTALL_PREFIX=/home/minsuje/ros2_ws/install/dsr_moveit_config_h2515
[0.564s] Invoking command in '/home/minsuje/ros2_ws/build/dsr_moveit_config_h2515': CMAKE_PREFIX_PATH=/opt/ros/humble /usr/bin/cmake --build /home/minsuje/ros2_ws/build/dsr_moveit_config_h2515 -- -j32 -l32
[0.591s] Invoked command in '/home/minsuje/ros2_ws/build/dsr_moveit_config_h2515' returned '0': CMAKE_PREFIX_PATH=/opt/ros/humble /usr/bin/cmake --build /home/minsuje/ros2_ws/build/dsr_moveit_config_h2515 -- -j32 -l32
[0.592s] Invoking command in '/home/minsuje/ros2_ws/build/dsr_moveit_config_h2515': CMAKE_PREFIX_PATH=/opt/ros/humble /usr/bin/cmake --install /home/minsuje/ros2_ws/build/dsr_moveit_config_h2515
[0.603s] -- Install configuration: ""
[0.603s] -- Installing: /home/minsuje/ros2_ws/install/dsr_moveit_config_h2515/share/ament_index/resource_index/package_run_dependencies/dsr_moveit_config_h2515
[0.603s] -- Installing: /home/minsuje/ros2_ws/install/dsr_moveit_config_h2515/share/ament_index/resource_index/parent_prefix_path/dsr_moveit_config_h2515
[0.604s] -- Installing: /home/minsuje/ros2_ws/install/dsr_moveit_config_h2515/share/dsr_moveit_config_h2515/environment/ament_prefix_path.sh
[0.604s] -- Installing: /home/minsuje/ros2_ws/install/dsr_moveit_config_h2515/share/dsr_moveit_config_h2515/environment/ament_prefix_path.dsv
[0.604s] -- Installing: /home/minsuje/ros2_ws/install/dsr_moveit_config_h2515/share/dsr_moveit_config_h2515/environment/path.sh
[0.604s] -- Installing: /home/minsuje/ros2_ws/install/dsr_moveit_config_h2515/share/dsr_moveit_config_h2515/environment/path.dsv
[0.604s] -- Installing: /home/minsuje/ros2_ws/install/dsr_moveit_config_h2515/share/dsr_moveit_config_h2515/local_setup.bash
[0.604s] -- Installing: /home/minsuje/ros2_ws/install/dsr_moveit_config_h2515/share/dsr_moveit_config_h2515/local_setup.sh
[0.604s] -- Installing: /home/minsuje/ros2_ws/install/dsr_moveit_config_h2515/share/dsr_moveit_config_h2515/local_setup.zsh
[0.604s] -- Installing: /home/minsuje/ros2_ws/install/dsr_moveit_config_h2515/share/dsr_moveit_config_h2515/local_setup.dsv
[0.604s] -- Installing: /home/minsuje/ros2_ws/install/dsr_moveit_config_h2515/share/dsr_moveit_config_h2515/package.dsv
[0.604s] -- Installing: /home/minsuje/ros2_ws/install/dsr_moveit_config_h2515/share/ament_index/resource_index/packages/dsr_moveit_config_h2515
[0.604s] -- Installing: /home/minsuje/ros2_ws/install/dsr_moveit_config_h2515/share/dsr_moveit_config_h2515/cmake/dsr_moveit_config_h2515Config.cmake
[0.604s] -- Installing: /home/minsuje/ros2_ws/install/dsr_moveit_config_h2515/share/dsr_moveit_config_h2515/cmake/dsr_moveit_config_h2515Config-version.cmake
[0.604s] -- Installing: /home/minsuje/ros2_ws/install/dsr_moveit_config_h2515/share/dsr_moveit_config_h2515/package.xml
[0.605s] -- Installing: /home/minsuje/ros2_ws/install/dsr_moveit_config_h2515/share/dsr_moveit_config_h2515/launch
[0.605s] -- Installing: /home/minsuje/ros2_ws/install/dsr_moveit_config_h2515/share/dsr_moveit_config_h2515/launch/demo.launch.py
[0.605s] -- Installing: /home/minsuje/ros2_ws/install/dsr_moveit_config_h2515/share/dsr_moveit_config_h2515/launch/moveit.rviz
[0.605s] -- Installing: /home/minsuje/ros2_ws/install/dsr_moveit_config_h2515/share/dsr_moveit_config_h2515/launch/start.launch.py
[0.605s] -- Installing: /home/minsuje/ros2_ws/install/dsr_moveit_config_h2515/share/dsr_moveit_config_h2515/config
[0.605s] -- Installing: /home/minsuje/ros2_ws/install/dsr_moveit_config_h2515/share/dsr_moveit_config_h2515/config/sensors_3d.yaml
[0.605s] -- Installing: /home/minsuje/ros2_ws/install/dsr_moveit_config_h2515/share/dsr_moveit_config_h2515/config/pilz_cartesian_limits.yaml
[0.605s] -- Installing: /home/minsuje/ros2_ws/install/dsr_moveit_config_h2515/share/dsr_moveit_config_h2515/config/joint_limits.yaml
[0.605s] -- Installing: /home/minsuje/ros2_ws/install/dsr_moveit_config_h2515/share/dsr_moveit_config_h2515/config/dsr.ros2_control.xacro
[0.605s] -- Installing: /home/minsuje/ros2_ws/install/dsr_moveit_config_h2515/share/dsr_moveit_config_h2515/config/dsr.srdf
[0.605s] -- Installing: /home/minsuje/ros2_ws/install/dsr_moveit_config_h2515/share/dsr_moveit_config_h2515/config/initial_positions.yaml
[0.605s] -- Installing: /home/minsuje/ros2_ws/install/dsr_moveit_config_h2515/share/dsr_moveit_config_h2515/config/chomp_planning.yaml
[0.605s] -- Installing: /home/minsuje/ros2_ws/install/dsr_moveit_config_h2515/share/dsr_moveit_config_h2515/config/moveit_controllers.yaml
[0.606s] -- Installing: /home/minsuje/ros2_ws/install/dsr_moveit_config_h2515/share/dsr_moveit_config_h2515/config/h2515.urdf.xacro
[0.606s] -- Installing: /home/minsuje/ros2_ws/install/dsr_moveit_config_h2515/share/dsr_moveit_config_h2515/config/ros2_controllers.yaml
[0.606s] -- Installing: /home/minsuje/ros2_ws/install/dsr_moveit_config_h2515/share/dsr_moveit_config_h2515/config/kinematics.yaml
[0.606s] -- Installing: /home/minsuje/ros2_ws/install/dsr_moveit_config_h2515/share/dsr_moveit_config_h2515/config/ompl_planning.yaml
[0.606s] -- Installing: /home/minsuje/ros2_ws/install/dsr_moveit_config_h2515/share/dsr_moveit_config_h2515/.setup_assistant
[0.675s] Invoked command in '/home/minsuje/ros2_ws/build/dsr_moveit_config_h2515' returned '0': CMAKE_PREFIX_PATH=/opt/ros/humble /usr/bin/cmake --install /home/minsuje/ros2_ws/build/dsr_moveit_config_h2515
