running develop
running egg_info
creating urdf_tutorial.egg-info
writing urdf_tutorial.egg-info/PKG-INFO
writing dependency_links to urdf_tutorial.egg-info/dependency_links.txt
writing entry points to urdf_tutorial.egg-info/entry_points.txt
writing requirements to urdf_tutorial.egg-info/requires.txt
writing top-level names to urdf_tutorial.egg-info/top_level.txt
writing manifest file 'urdf_tutorial.egg-info/SOURCES.txt'
reading manifest file 'urdf_tutorial.egg-info/SOURCES.txt'
writing manifest file 'urdf_tutorial.egg-info/SOURCES.txt'
running build_ext
Creating /home/minsuje/turtlebot3_ws/install/urdf_tutorial/lib/python3.10/site-packages/urdf-tutorial.egg-link (link to .)

Installed /home/minsuje/turtlebot3_ws/build/urdf_tutorial
running symlink_data
creating /home/minsuje/turtlebot3_ws/install/urdf_tutorial/share/ament_index
creating /home/minsuje/turtlebot3_ws/install/urdf_tutorial/share/ament_index/resource_index
creating /home/minsuje/turtlebot3_ws/install/urdf_tutorial/share/ament_index/resource_index/packages
symbolically linking /home/minsuje/turtlebot3_ws/build/urdf_tutorial/resource/urdf_tutorial -> /home/minsuje/turtlebot3_ws/install/urdf_tutorial/share/ament_index/resource_index/packages
symbolically linking /home/minsuje/turtlebot3_ws/build/urdf_tutorial/package.xml -> /home/minsuje/turtlebot3_ws/install/urdf_tutorial/share/urdf_tutorial
creating /home/minsuje/turtlebot3_ws/install/urdf_tutorial/share/urdf_tutorial/launch
symbolically linking /home/minsuje/turtlebot3_ws/build/urdf_tutorial/launch/gazebo_load_world.launch.py -> /home/minsuje/turtlebot3_ws/install/urdf_tutorial/share/urdf_tutorial/launch
symbolically linking /home/minsuje/turtlebot3_ws/build/urdf_tutorial/launch/model.launch.py -> /home/minsuje/turtlebot3_ws/install/urdf_tutorial/share/urdf_tutorial/launch
symbolically linking /home/minsuje/turtlebot3_ws/build/urdf_tutorial/launch/robot_with_mesh.launch.py -> /home/minsuje/turtlebot3_ws/install/urdf_tutorial/share/urdf_tutorial/launch
symbolically linking /home/minsuje/turtlebot3_ws/build/urdf_tutorial/launch/robot_2.launch.py -> /home/minsuje/turtlebot3_ws/install/urdf_tutorial/share/urdf_tutorial/launch
symbolically linking /home/minsuje/turtlebot3_ws/build/urdf_tutorial/launch/launch_sim.launch.py -> /home/minsuje/turtlebot3_ws/install/urdf_tutorial/share/urdf_tutorial/launch
symbolically linking /home/minsuje/turtlebot3_ws/build/urdf_tutorial/launch/robot_4.launch.py -> /home/minsuje/turtlebot3_ws/install/urdf_tutorial/share/urdf_tutorial/launch
symbolically linking /home/minsuje/turtlebot3_ws/build/urdf_tutorial/launch/lidar.launch.py -> /home/minsuje/turtlebot3_ws/install/urdf_tutorial/share/urdf_tutorial/launch
symbolically linking /home/minsuje/turtlebot3_ws/build/urdf_tutorial/launch/sim.launch.py -> /home/minsuje/turtlebot3_ws/install/urdf_tutorial/share/urdf_tutorial/launch
symbolically linking /home/minsuje/turtlebot3_ws/build/urdf_tutorial/launch/robot_2_rviz2.launch.py -> /home/minsuje/turtlebot3_ws/install/urdf_tutorial/share/urdf_tutorial/launch
symbolically linking /home/minsuje/turtlebot3_ws/build/urdf_tutorial/launch/rsp.launch.py -> /home/minsuje/turtlebot3_ws/install/urdf_tutorial/share/urdf_tutorial/launch
symbolically linking /home/minsuje/turtlebot3_ws/build/urdf_tutorial/launch/robot_3.launch.py -> /home/minsuje/turtlebot3_ws/install/urdf_tutorial/share/urdf_tutorial/launch
symbolically linking /home/minsuje/turtlebot3_ws/build/urdf_tutorial/launch/robot_1.launch.py -> /home/minsuje/turtlebot3_ws/install/urdf_tutorial/share/urdf_tutorial/launch
creating /home/minsuje/turtlebot3_ws/install/urdf_tutorial/share/urdf_tutorial/urdf
symbolically linking /home/minsuje/turtlebot3_ws/build/urdf_tutorial/urdf/inertial_macros.xacro -> /home/minsuje/turtlebot3_ws/install/urdf_tutorial/share/urdf_tutorial/urdf
symbolically linking /home/minsuje/turtlebot3_ws/build/urdf_tutorial/urdf/gazebo.xacro -> /home/minsuje/turtlebot3_ws/install/urdf_tutorial/share/urdf_tutorial/urdf
symbolically linking /home/minsuje/turtlebot3_ws/build/urdf_tutorial/urdf/robot_with_mesh.xacro -> /home/minsuje/turtlebot3_ws/install/urdf_tutorial/share/urdf_tutorial/urdf
symbolically linking /home/minsuje/turtlebot3_ws/build/urdf_tutorial/urdf/robot_2.second.xacro -> /home/minsuje/turtlebot3_ws/install/urdf_tutorial/share/urdf_tutorial/urdf
symbolically linking /home/minsuje/turtlebot3_ws/build/urdf_tutorial/urdf/robot_core_hr.xacro -> /home/minsuje/turtlebot3_ws/install/urdf_tutorial/share/urdf_tutorial/urdf
symbolically linking /home/minsuje/turtlebot3_ws/build/urdf_tutorial/urdf/robot_2.third.xacro -> /home/minsuje/turtlebot3_ws/install/urdf_tutorial/share/urdf_tutorial/urdf
symbolically linking /home/minsuje/turtlebot3_ws/build/urdf_tutorial/urdf/gazebo_control.xacro -> /home/minsuje/turtlebot3_ws/install/urdf_tutorial/share/urdf_tutorial/urdf
symbolically linking /home/minsuje/turtlebot3_ws/build/urdf_tutorial/urdf/macros.xacro -> /home/minsuje/turtlebot3_ws/install/urdf_tutorial/share/urdf_tutorial/urdf
symbolically linking /home/minsuje/turtlebot3_ws/build/urdf_tutorial/urdf/robot_2.xacro -> /home/minsuje/turtlebot3_ws/install/urdf_tutorial/share/urdf_tutorial/urdf
symbolically linking /home/minsuje/turtlebot3_ws/build/urdf_tutorial/urdf/robot_3.xacro -> /home/minsuje/turtlebot3_ws/install/urdf_tutorial/share/urdf_tutorial/urdf
symbolically linking /home/minsuje/turtlebot3_ws/build/urdf_tutorial/urdf/robot.urdf.xacro -> /home/minsuje/turtlebot3_ws/install/urdf_tutorial/share/urdf_tutorial/urdf
symbolically linking /home/minsuje/turtlebot3_ws/build/urdf_tutorial/urdf/robot_core_lr.xacro -> /home/minsuje/turtlebot3_ws/install/urdf_tutorial/share/urdf_tutorial/urdf
symbolically linking /home/minsuje/turtlebot3_ws/build/urdf_tutorial/urdf/lidar.xacro -> /home/minsuje/turtlebot3_ws/install/urdf_tutorial/share/urdf_tutorial/urdf
symbolically linking /home/minsuje/turtlebot3_ws/build/urdf_tutorial/urdf/robot_4.xacro -> /home/minsuje/turtlebot3_ws/install/urdf_tutorial/share/urdf_tutorial/urdf
symbolically linking /home/minsuje/turtlebot3_ws/build/urdf_tutorial/urdf/robot_2.first.xacro -> /home/minsuje/turtlebot3_ws/install/urdf_tutorial/share/urdf_tutorial/urdf
symbolically linking /home/minsuje/turtlebot3_ws/build/urdf_tutorial/urdf/robot_1.xacro -> /home/minsuje/turtlebot3_ws/install/urdf_tutorial/share/urdf_tutorial/urdf
symbolically linking /home/minsuje/turtlebot3_ws/build/urdf_tutorial/urdf/model.sdf -> /home/minsuje/turtlebot3_ws/install/urdf_tutorial/share/urdf_tutorial/urdf
creating /home/minsuje/turtlebot3_ws/install/urdf_tutorial/share/urdf_tutorial/worlds
symbolically linking /home/minsuje/turtlebot3_ws/build/urdf_tutorial/worlds/first.world -> /home/minsuje/turtlebot3_ws/install/urdf_tutorial/share/urdf_tutorial/worlds
symbolically linking /home/minsuje/turtlebot3_ws/build/urdf_tutorial/worlds/empty.world -> /home/minsuje/turtlebot3_ws/install/urdf_tutorial/share/urdf_tutorial/worlds
creating /home/minsuje/turtlebot3_ws/install/urdf_tutorial/share/urdf_tutorial/meshes
symbolically linking /home/minsuje/turtlebot3_ws/build/urdf_tutorial/meshes/cylinder.stl -> /home/minsuje/turtlebot3_ws/install/urdf_tutorial/share/urdf_tutorial/meshes
symbolically linking /home/minsuje/turtlebot3_ws/build/urdf_tutorial/meshes/wheel1.stl -> /home/minsuje/turtlebot3_ws/install/urdf_tutorial/share/urdf_tutorial/meshes
