[0.460s] Invoking command in '/home/minsuje/turtlebot3_ws/build/turtlebot3_teleop': PYTHONPATH=/home/minsuje/turtlebot3_ws/build/turtlebot3_teleop/prefix_override:/usr/lib/python3/dist-packages/colcon_core/task/python/colcon_distutils_commands:/home/minsuje/turtlebot3_ws/install/turtlebot3_teleop/lib/python3.10/site-packages:${PYTHONPATH} /usr/bin/python3 -W ignore:setup.py install is deprecated -W ignore:easy_install command is deprecated setup.py develop --editable --build-directory /home/minsuje/turtlebot3_ws/build/turtlebot3_teleop/build --no-deps symlink_data
[0.650s] running develop
[0.797s] running egg_info
[0.797s] creating turtlebot3_teleop.egg-info
[0.797s] writing turtlebot3_teleop.egg-info/PKG-INFO
[0.797s] writing dependency_links to turtlebot3_teleop.egg-info/dependency_links.txt
[0.797s] writing entry points to turtlebot3_teleop.egg-info/entry_points.txt
[0.797s] writing requirements to turtlebot3_teleop.egg-info/requires.txt
[0.797s] writing top-level names to turtlebot3_teleop.egg-info/top_level.txt
[0.797s] writing manifest file 'turtlebot3_teleop.egg-info/SOURCES.txt'
[0.798s] reading manifest file 'turtlebot3_teleop.egg-info/SOURCES.txt'
[0.798s] writing manifest file 'turtlebot3_teleop.egg-info/SOURCES.txt'
[0.819s] running build_ext
[0.819s] Creating /home/minsuje/turtlebot3_ws/install/turtlebot3_teleop/lib/python3.10/site-packages/turtlebot3-teleop.egg-link (link to .)
[0.819s] Installing teleop_keyboard script to /home/minsuje/turtlebot3_ws/install/turtlebot3_teleop/lib/turtlebot3_teleop
[0.819s] 
[0.819s] Installed /home/minsuje/turtlebot3_ws/build/turtlebot3_teleop
[0.819s] running symlink_data
[0.819s] creating /home/minsuje/turtlebot3_ws/install/turtlebot3_teleop/share/ament_index
[0.820s] creating /home/minsuje/turtlebot3_ws/install/turtlebot3_teleop/share/ament_index/resource_index
[0.820s] creating /home/minsuje/turtlebot3_ws/install/turtlebot3_teleop/share/ament_index/resource_index/packages
[0.820s] symbolically linking /home/minsuje/turtlebot3_ws/build/turtlebot3_teleop/resource/turtlebot3_teleop -> /home/minsuje/turtlebot3_ws/install/turtlebot3_teleop/share/ament_index/resource_index/packages
[0.820s] symbolically linking /home/minsuje/turtlebot3_ws/build/turtlebot3_teleop/package.xml -> /home/minsuje/turtlebot3_ws/install/turtlebot3_teleop/share/turtlebot3_teleop
[0.838s] Invoked command in '/home/minsuje/turtlebot3_ws/build/turtlebot3_teleop' returned '0': PYTHONPATH=/home/minsuje/turtlebot3_ws/build/turtlebot3_teleop/prefix_override:/usr/lib/python3/dist-packages/colcon_core/task/python/colcon_distutils_commands:/home/minsuje/turtlebot3_ws/install/turtlebot3_teleop/lib/python3.10/site-packages:${PYTHONPATH} /usr/bin/python3 -W ignore:setup.py install is deprecated -W ignore:easy_install command is deprecated setup.py develop --editable --build-directory /home/minsuje/turtlebot3_ws/build/turtlebot3_teleop/build --no-deps symlink_data
