[0.244s] Invoking command in '/home/minsuje/ros2_ws/build/od_msg': /usr/bin/cmake --build /home/minsuje/ros2_ws/build/od_msg -- -j32 -l32
[0.785s] [  3%] Built target od_msg__cpp
[0.786s] [ 12%] Built target od_msg__rosidl_generator_c
[0.786s] [ 12%] Built target ament_cmake_python_copy_od_msg
[0.786s] [ 22%] Built target od_msg__rosidl_typesupport_fastrtps_c
[0.786s] [ 32%] Built target od_msg__rosidl_typesupport_introspection_c
[0.786s] [ 41%] Built target od_msg__rosidl_typesupport_c
[0.786s] [ 51%] Built target od_msg__rosidl_typesupport_fastrtps_cpp
[0.786s] [ 67%] Built target od_msg__rosidl_typesupport_introspection_cpp
[0.786s] [ 70%] Built target od_msg__rosidl_typesupport_cpp
[0.786s] [ 70%] Built target od_msg
[0.786s] [ 74%] Built target od_msg__py
[0.786s] [ 80%] Built target od_msg__rosidl_generator_py
[0.786s] [ 90%] Built target od_msg__rosidl_typesupport_introspection_c__pyext
[0.786s] [ 93%] Built target od_msg__rosidl_typesupport_c__pyext
[0.786s] [100%] Built target od_msg__rosidl_typesupport_fastrtps_c__pyext
[0.786s] running egg_info
[0.786s] writing od_msg.egg-info/PKG-INFO
[0.786s] writing dependency_links to od_msg.egg-info/dependency_links.txt
[0.786s] writing top-level names to od_msg.egg-info/top_level.txt
[0.786s] reading manifest file 'od_msg.egg-info/SOURCES.txt'
[0.786s] writing manifest file 'od_msg.egg-info/SOURCES.txt'
[0.786s] [100%] Built target ament_cmake_python_build_od_msg_egg
[0.828s] Invoked command in '/home/minsuje/ros2_ws/build/od_msg' returned '0': /usr/bin/cmake --build /home/minsuje/ros2_ws/build/od_msg -- -j32 -l32
[0.830s] Invoking command in '/home/minsuje/ros2_ws/build/od_msg': /usr/bin/cmake --install /home/minsuje/ros2_ws/build/od_msg
[0.892s] -- Install configuration: ""
[0.892s] -- Up-to-date: /home/minsuje/ros2_ws/install/od_msg/share/ament_index/resource_index/rosidl_interfaces/od_msg
[0.892s] -- Up-to-date: /home/minsuje/ros2_ws/install/od_msg/include/od_msg/od_msg
[0.892s] -- Up-to-date: /home/minsuje/ros2_ws/install/od_msg/include/od_msg/od_msg/srv
[0.892s] -- Up-to-date: /home/minsuje/ros2_ws/install/od_msg/include/od_msg/od_msg/srv/srv_depth_position.h
[0.892s] -- Up-to-date: /home/minsuje/ros2_ws/install/od_msg/include/od_msg/od_msg/srv/detail
[0.892s] -- Up-to-date: /home/minsuje/ros2_ws/install/od_msg/include/od_msg/od_msg/srv/detail/srv_depth_position__struct.h
[0.892s] -- Up-to-date: /home/minsuje/ros2_ws/install/od_msg/include/od_msg/od_msg/srv/detail/srv_depth_position__type_support.h
[0.892s] -- Up-to-date: /home/minsuje/ros2_ws/install/od_msg/include/od_msg/od_msg/srv/detail/srv_depth_position__functions.c
[0.892s] -- Up-to-date: /home/minsuje/ros2_ws/install/od_msg/include/od_msg/od_msg/srv/detail/srv_depth_position__functions.h
[0.892s] -- Up-to-date: /home/minsuje/ros2_ws/install/od_msg/include/od_msg/od_msg/msg
[0.892s] -- Up-to-date: /home/minsuje/ros2_ws/install/od_msg/include/od_msg/od_msg/msg/rosidl_generator_c__visibility_control.h
[0.893s] -- Up-to-date: /home/minsuje/ros2_ws/install/od_msg/share/od_msg/environment/library_path.sh
[0.893s] -- Up-to-date: /home/minsuje/ros2_ws/install/od_msg/share/od_msg/environment/library_path.dsv
[0.893s] -- Up-to-date: /home/minsuje/ros2_ws/install/od_msg/lib/libod_msg__rosidl_generator_c.so
[0.893s] -- Up-to-date: /home/minsuje/ros2_ws/install/od_msg/include/od_msg/od_msg
[0.893s] -- Up-to-date: /home/minsuje/ros2_ws/install/od_msg/include/od_msg/od_msg/srv
[0.893s] -- Up-to-date: /home/minsuje/ros2_ws/install/od_msg/include/od_msg/od_msg/srv/detail
[0.893s] -- Up-to-date: /home/minsuje/ros2_ws/install/od_msg/include/od_msg/od_msg/srv/detail/srv_depth_position__rosidl_typesupport_fastrtps_c.h
[0.893s] -- Up-to-date: /home/minsuje/ros2_ws/install/od_msg/include/od_msg/od_msg/msg
[0.893s] -- Up-to-date: /home/minsuje/ros2_ws/install/od_msg/include/od_msg/od_msg/msg/rosidl_typesupport_fastrtps_c__visibility_control.h
[0.893s] -- Up-to-date: /home/minsuje/ros2_ws/install/od_msg/lib/libod_msg__rosidl_typesupport_fastrtps_c.so
[0.893s] -- Up-to-date: /home/minsuje/ros2_ws/install/od_msg/include/od_msg/od_msg
[0.893s] -- Up-to-date: /home/minsuje/ros2_ws/install/od_msg/include/od_msg/od_msg/srv
[0.893s] -- Up-to-date: /home/minsuje/ros2_ws/install/od_msg/include/od_msg/od_msg/srv/detail
[0.893s] -- Up-to-date: /home/minsuje/ros2_ws/install/od_msg/include/od_msg/od_msg/srv/detail/srv_depth_position__type_support.c
[0.893s] -- Up-to-date: /home/minsuje/ros2_ws/install/od_msg/include/od_msg/od_msg/srv/detail/srv_depth_position__rosidl_typesupport_introspection_c.h
[0.893s] -- Up-to-date: /home/minsuje/ros2_ws/install/od_msg/include/od_msg/od_msg/msg
[0.893s] -- Up-to-date: /home/minsuje/ros2_ws/install/od_msg/include/od_msg/od_msg/msg/rosidl_typesupport_introspection_c__visibility_control.h
[0.893s] -- Up-to-date: /home/minsuje/ros2_ws/install/od_msg/lib/libod_msg__rosidl_typesupport_introspection_c.so
[0.893s] -- Up-to-date: /home/minsuje/ros2_ws/install/od_msg/lib/libod_msg__rosidl_typesupport_c.so
[0.893s] -- Up-to-date: /home/minsuje/ros2_ws/install/od_msg/include/od_msg/od_msg
[0.893s] -- Up-to-date: /home/minsuje/ros2_ws/install/od_msg/include/od_msg/od_msg/srv
[0.893s] -- Up-to-date: /home/minsuje/ros2_ws/install/od_msg/include/od_msg/od_msg/srv/srv_depth_position.hpp
[0.893s] -- Up-to-date: /home/minsuje/ros2_ws/install/od_msg/include/od_msg/od_msg/srv/detail
[0.893s] -- Up-to-date: /home/minsuje/ros2_ws/install/od_msg/include/od_msg/od_msg/srv/detail/srv_depth_position__struct.hpp
[0.893s] -- Up-to-date: /home/minsuje/ros2_ws/install/od_msg/include/od_msg/od_msg/srv/detail/srv_depth_position__builder.hpp
[0.893s] -- Up-to-date: /home/minsuje/ros2_ws/install/od_msg/include/od_msg/od_msg/srv/detail/srv_depth_position__traits.hpp
[0.893s] -- Up-to-date: /home/minsuje/ros2_ws/install/od_msg/include/od_msg/od_msg/srv/detail/srv_depth_position__type_support.hpp
[0.893s] -- Up-to-date: /home/minsuje/ros2_ws/install/od_msg/include/od_msg/od_msg/msg
[0.893s] -- Up-to-date: /home/minsuje/ros2_ws/install/od_msg/include/od_msg/od_msg/msg/rosidl_generator_cpp__visibility_control.hpp
[0.893s] -- Up-to-date: /home/minsuje/ros2_ws/install/od_msg/include/od_msg/od_msg
[0.893s] -- Up-to-date: /home/minsuje/ros2_ws/install/od_msg/include/od_msg/od_msg/srv
[0.893s] -- Up-to-date: /home/minsuje/ros2_ws/install/od_msg/include/od_msg/od_msg/srv/detail
[0.893s] -- Up-to-date: /home/minsuje/ros2_ws/install/od_msg/include/od_msg/od_msg/srv/detail/dds_fastrtps
[0.893s] -- Up-to-date: /home/minsuje/ros2_ws/install/od_msg/include/od_msg/od_msg/srv/detail/srv_depth_position__rosidl_typesupport_fastrtps_cpp.hpp
[0.894s] -- Up-to-date: /home/minsuje/ros2_ws/install/od_msg/include/od_msg/od_msg/msg
[0.894s] -- Up-to-date: /home/minsuje/ros2_ws/install/od_msg/include/od_msg/od_msg/msg/rosidl_typesupport_fastrtps_cpp__visibility_control.h
[0.894s] -- Up-to-date: /home/minsuje/ros2_ws/install/od_msg/lib/libod_msg__rosidl_typesupport_fastrtps_cpp.so
[0.894s] -- Up-to-date: /home/minsuje/ros2_ws/install/od_msg/include/od_msg/od_msg
[0.894s] -- Up-to-date: /home/minsuje/ros2_ws/install/od_msg/include/od_msg/od_msg/srv
[0.894s] -- Up-to-date: /home/minsuje/ros2_ws/install/od_msg/include/od_msg/od_msg/srv/detail
[0.894s] -- Up-to-date: /home/minsuje/ros2_ws/install/od_msg/include/od_msg/od_msg/srv/detail/srv_depth_position__rosidl_typesupport_introspection_cpp.hpp
[0.894s] -- Up-to-date: /home/minsuje/ros2_ws/install/od_msg/include/od_msg/od_msg/srv/detail/srv_depth_position__type_support.cpp
[0.894s] -- Up-to-date: /home/minsuje/ros2_ws/install/od_msg/lib/libod_msg__rosidl_typesupport_introspection_cpp.so
[0.894s] -- Up-to-date: /home/minsuje/ros2_ws/install/od_msg/lib/libod_msg__rosidl_typesupport_cpp.so
[0.894s] -- Up-to-date: /home/minsuje/ros2_ws/install/od_msg/share/od_msg/environment/pythonpath.sh
[0.894s] -- Up-to-date: /home/minsuje/ros2_ws/install/od_msg/share/od_msg/environment/pythonpath.dsv
[0.894s] -- Up-to-date: /home/minsuje/ros2_ws/install/od_msg/local/lib/python3.10/dist-packages/od_msg-0.0.0-py3.10.egg-info
[0.894s] -- Installing: /home/minsuje/ros2_ws/install/od_msg/local/lib/python3.10/dist-packages/od_msg-0.0.0-py3.10.egg-info/dependency_links.txt
[0.894s] -- Installing: /home/minsuje/ros2_ws/install/od_msg/local/lib/python3.10/dist-packages/od_msg-0.0.0-py3.10.egg-info/top_level.txt
[0.894s] -- Installing: /home/minsuje/ros2_ws/install/od_msg/local/lib/python3.10/dist-packages/od_msg-0.0.0-py3.10.egg-info/SOURCES.txt
[0.894s] -- Installing: /home/minsuje/ros2_ws/install/od_msg/local/lib/python3.10/dist-packages/od_msg-0.0.0-py3.10.egg-info/PKG-INFO
[0.894s] -- Up-to-date: /home/minsuje/ros2_ws/install/od_msg/local/lib/python3.10/dist-packages/od_msg
[0.894s] -- Up-to-date: /home/minsuje/ros2_ws/install/od_msg/local/lib/python3.10/dist-packages/od_msg/od_msg_s__rosidl_typesupport_introspection_c.cpython-310-x86_64-linux-gnu.so
[0.894s] -- Up-to-date: /home/minsuje/ros2_ws/install/od_msg/local/lib/python3.10/dist-packages/od_msg/_od_msg_s.ep.rosidl_typesupport_fastrtps_c.c
[0.894s] -- Up-to-date: /home/minsuje/ros2_ws/install/od_msg/local/lib/python3.10/dist-packages/od_msg/od_msg_s__rosidl_typesupport_c.cpython-310-x86_64-linux-gnu.so
[0.894s] -- Up-to-date: /home/minsuje/ros2_ws/install/od_msg/local/lib/python3.10/dist-packages/od_msg/srv
[0.894s] -- Up-to-date: /home/minsuje/ros2_ws/install/od_msg/local/lib/python3.10/dist-packages/od_msg/srv/__init__.py
[0.894s] -- Up-to-date: /home/minsuje/ros2_ws/install/od_msg/local/lib/python3.10/dist-packages/od_msg/srv/_srv_depth_position.py
[0.894s] -- Up-to-date: /home/minsuje/ros2_ws/install/od_msg/local/lib/python3.10/dist-packages/od_msg/srv/_srv_depth_position_s.c
[0.894s] -- Up-to-date: /home/minsuje/ros2_ws/install/od_msg/local/lib/python3.10/dist-packages/od_msg/_od_msg_s.ep.rosidl_typesupport_c.c
[0.894s] -- Up-to-date: /home/minsuje/ros2_ws/install/od_msg/local/lib/python3.10/dist-packages/od_msg/__init__.py
[0.894s] -- Up-to-date: /home/minsuje/ros2_ws/install/od_msg/local/lib/python3.10/dist-packages/od_msg/od_msg_s__rosidl_typesupport_fastrtps_c.cpython-310-x86_64-linux-gnu.so
[0.894s] -- Up-to-date: /home/minsuje/ros2_ws/install/od_msg/local/lib/python3.10/dist-packages/od_msg/_od_msg_s.ep.rosidl_typesupport_introspection_c.c
[0.894s] -- Up-to-date: /home/minsuje/ros2_ws/install/od_msg/local/lib/python3.10/dist-packages/od_msg/libod_msg__rosidl_generator_py.so
[0.902s] Listing '/home/minsuje/ros2_ws/install/od_msg/local/lib/python3.10/dist-packages/od_msg'...
[0.902s] Listing '/home/minsuje/ros2_ws/install/od_msg/local/lib/python3.10/dist-packages/od_msg/srv'...
[0.904s] -- Up-to-date: /home/minsuje/ros2_ws/install/od_msg/local/lib/python3.10/dist-packages/od_msg/od_msg_s__rosidl_typesupport_fastrtps_c.cpython-310-x86_64-linux-gnu.so
[0.904s] -- Up-to-date: /home/minsuje/ros2_ws/install/od_msg/local/lib/python3.10/dist-packages/od_msg/od_msg_s__rosidl_typesupport_introspection_c.cpython-310-x86_64-linux-gnu.so
[0.904s] -- Up-to-date: /home/minsuje/ros2_ws/install/od_msg/local/lib/python3.10/dist-packages/od_msg/od_msg_s__rosidl_typesupport_c.cpython-310-x86_64-linux-gnu.so
[0.904s] -- Up-to-date: /home/minsuje/ros2_ws/install/od_msg/lib/libod_msg__rosidl_generator_py.so
[0.904s] -- Up-to-date: /home/minsuje/ros2_ws/install/od_msg/share/od_msg/srv/SrvDepthPosition.idl
[0.904s] -- Up-to-date: /home/minsuje/ros2_ws/install/od_msg/share/od_msg/srv/SrvDepthPosition.srv
[0.904s] -- Up-to-date: /home/minsuje/ros2_ws/install/od_msg/share/od_msg/srv/SrvDepthPosition_Request.msg
[0.904s] -- Up-to-date: /home/minsuje/ros2_ws/install/od_msg/share/od_msg/srv/SrvDepthPosition_Response.msg
[0.904s] -- Up-to-date: /home/minsuje/ros2_ws/install/od_msg/share/ament_index/resource_index/package_run_dependencies/od_msg
[0.904s] -- Up-to-date: /home/minsuje/ros2_ws/install/od_msg/share/ament_index/resource_index/parent_prefix_path/od_msg
[0.904s] -- Up-to-date: /home/minsuje/ros2_ws/install/od_msg/share/od_msg/environment/ament_prefix_path.sh
[0.904s] -- Up-to-date: /home/minsuje/ros2_ws/install/od_msg/share/od_msg/environment/ament_prefix_path.dsv
[0.904s] -- Up-to-date: /home/minsuje/ros2_ws/install/od_msg/share/od_msg/environment/path.sh
[0.904s] -- Up-to-date: /home/minsuje/ros2_ws/install/od_msg/share/od_msg/environment/path.dsv
[0.904s] -- Up-to-date: /home/minsuje/ros2_ws/install/od_msg/share/od_msg/local_setup.bash
[0.904s] -- Up-to-date: /home/minsuje/ros2_ws/install/od_msg/share/od_msg/local_setup.sh
[0.904s] -- Up-to-date: /home/minsuje/ros2_ws/install/od_msg/share/od_msg/local_setup.zsh
[0.904s] -- Up-to-date: /home/minsuje/ros2_ws/install/od_msg/share/od_msg/local_setup.dsv
[0.904s] -- Installing: /home/minsuje/ros2_ws/install/od_msg/share/od_msg/package.dsv
[0.904s] -- Up-to-date: /home/minsuje/ros2_ws/install/od_msg/share/ament_index/resource_index/packages/od_msg
[0.905s] -- Up-to-date: /home/minsuje/ros2_ws/install/od_msg/share/od_msg/cmake/export_od_msg__rosidl_generator_cExport.cmake
[0.905s] -- Up-to-date: /home/minsuje/ros2_ws/install/od_msg/share/od_msg/cmake/export_od_msg__rosidl_generator_cExport-noconfig.cmake
[0.905s] -- Up-to-date: /home/minsuje/ros2_ws/install/od_msg/share/od_msg/cmake/export_od_msg__rosidl_typesupport_fastrtps_cExport.cmake
[0.905s] -- Up-to-date: /home/minsuje/ros2_ws/install/od_msg/share/od_msg/cmake/export_od_msg__rosidl_typesupport_fastrtps_cExport-noconfig.cmake
[0.905s] -- Up-to-date: /home/minsuje/ros2_ws/install/od_msg/share/od_msg/cmake/od_msg__rosidl_typesupport_introspection_cExport.cmake
[0.905s] -- Up-to-date: /home/minsuje/ros2_ws/install/od_msg/share/od_msg/cmake/od_msg__rosidl_typesupport_introspection_cExport-noconfig.cmake
[0.905s] -- Up-to-date: /home/minsuje/ros2_ws/install/od_msg/share/od_msg/cmake/od_msg__rosidl_typesupport_cExport.cmake
[0.905s] -- Up-to-date: /home/minsuje/ros2_ws/install/od_msg/share/od_msg/cmake/od_msg__rosidl_typesupport_cExport-noconfig.cmake
[0.905s] -- Up-to-date: /home/minsuje/ros2_ws/install/od_msg/share/od_msg/cmake/export_od_msg__rosidl_generator_cppExport.cmake
[0.905s] -- Up-to-date: /home/minsuje/ros2_ws/install/od_msg/share/od_msg/cmake/export_od_msg__rosidl_typesupport_fastrtps_cppExport.cmake
[0.905s] -- Up-to-date: /home/minsuje/ros2_ws/install/od_msg/share/od_msg/cmake/export_od_msg__rosidl_typesupport_fastrtps_cppExport-noconfig.cmake
[0.905s] -- Up-to-date: /home/minsuje/ros2_ws/install/od_msg/share/od_msg/cmake/od_msg__rosidl_typesupport_introspection_cppExport.cmake
[0.905s] -- Up-to-date: /home/minsuje/ros2_ws/install/od_msg/share/od_msg/cmake/od_msg__rosidl_typesupport_introspection_cppExport-noconfig.cmake
[0.905s] -- Up-to-date: /home/minsuje/ros2_ws/install/od_msg/share/od_msg/cmake/od_msg__rosidl_typesupport_cppExport.cmake
[0.905s] -- Up-to-date: /home/minsuje/ros2_ws/install/od_msg/share/od_msg/cmake/od_msg__rosidl_typesupport_cppExport-noconfig.cmake
[0.906s] -- Up-to-date: /home/minsuje/ros2_ws/install/od_msg/share/od_msg/cmake/export_od_msg__rosidl_generator_pyExport.cmake
[0.906s] -- Up-to-date: /home/minsuje/ros2_ws/install/od_msg/share/od_msg/cmake/export_od_msg__rosidl_generator_pyExport-noconfig.cmake
[0.906s] -- Up-to-date: /home/minsuje/ros2_ws/install/od_msg/share/od_msg/cmake/rosidl_cmake-extras.cmake
[0.906s] -- Up-to-date: /home/minsuje/ros2_ws/install/od_msg/share/od_msg/cmake/ament_cmake_export_include_directories-extras.cmake
[0.906s] -- Up-to-date: /home/minsuje/ros2_ws/install/od_msg/share/od_msg/cmake/ament_cmake_export_libraries-extras.cmake
[0.906s] -- Up-to-date: /home/minsuje/ros2_ws/install/od_msg/share/od_msg/cmake/ament_cmake_export_targets-extras.cmake
[0.906s] -- Up-to-date: /home/minsuje/ros2_ws/install/od_msg/share/od_msg/cmake/rosidl_cmake_export_typesupport_targets-extras.cmake
[0.906s] -- Up-to-date: /home/minsuje/ros2_ws/install/od_msg/share/od_msg/cmake/ament_cmake_export_dependencies-extras.cmake
[0.906s] -- Up-to-date: /home/minsuje/ros2_ws/install/od_msg/share/od_msg/cmake/rosidl_cmake_export_typesupport_libraries-extras.cmake
[0.906s] -- Up-to-date: /home/minsuje/ros2_ws/install/od_msg/share/od_msg/cmake/od_msgConfig.cmake
[0.906s] -- Up-to-date: /home/minsuje/ros2_ws/install/od_msg/share/od_msg/cmake/od_msgConfig-version.cmake
[0.906s] -- Up-to-date: /home/minsuje/ros2_ws/install/od_msg/share/od_msg/package.xml
[1.025s] Invoked command in '/home/minsuje/ros2_ws/build/od_msg' returned '0': /usr/bin/cmake --install /home/minsuje/ros2_ws/build/od_msg
