[1.710s] Invoking command in '/home/minsuje/ros2_ws/build/rokey': PYTHONPATH=/home/minsuje/ros2_ws/build/rokey/prefix_override:/usr/lib/python3/dist-packages/colcon_core/task/python/colcon_distutils_commands:/home/minsuje/ros2_ws/install/rokey/lib/python3.10/site-packages:${PYTHONPATH} /usr/bin/python3 -W ignore:setup.py install is deprecated -W ignore:easy_install command is deprecated setup.py develop --editable --build-directory /home/minsuje/ros2_ws/build/rokey/build --no-deps symlink_data
[1.951s] running develop
[2.141s] running egg_info
[2.141s] writing rokey.egg-info/PKG-INFO
[2.141s] writing dependency_links to rokey.egg-info/dependency_links.txt
[2.141s] writing entry points to rokey.egg-info/entry_points.txt
[2.141s] writing requirements to rokey.egg-info/requires.txt
[2.141s] writing top-level names to rokey.egg-info/top_level.txt
[2.143s] reading manifest file 'rokey.egg-info/SOURCES.txt'
[2.143s] writing manifest file 'rokey.egg-info/SOURCES.txt'
[2.170s] running build_ext
[2.170s] Creating /home/minsuje/ros2_ws/install/rokey/lib/python3.10/site-packages/rokey.egg-link (link to .)
[2.171s] Installing data_recording script to /home/minsuje/ros2_ws/install/rokey/lib/rokey
[2.171s] Installing force_control script to /home/minsuje/ros2_ws/install/rokey/lib/rokey
[2.171s] Installing get_current_pos script to /home/minsuje/ros2_ws/install/rokey/lib/rokey
[2.171s] Installing getting_position script to /home/minsuje/ros2_ws/install/rokey/lib/rokey
[2.171s] Installing grip script to /home/minsuje/ros2_ws/install/rokey/lib/rokey
[2.171s] Installing jog script to /home/minsuje/ros2_ws/install/rokey/lib/rokey
[2.171s] Installing move_periodic script to /home/minsuje/ros2_ws/install/rokey/lib/rokey
[2.171s] Installing simple_amove script to /home/minsuje/ros2_ws/install/rokey/lib/rokey
[2.171s] Installing simple_move script to /home/minsuje/ros2_ws/install/rokey/lib/rokey
[2.171s] Installing simple_movesx script to /home/minsuje/ros2_ws/install/rokey/lib/rokey
[2.171s] 
[2.171s] Installed /home/minsuje/ros2_ws/build/rokey
[2.171s] running symlink_data
[2.415s] Invoked command in '/home/minsuje/ros2_ws/build/rokey' returned '0': PYTHONPATH=/home/minsuje/ros2_ws/build/rokey/prefix_override:/usr/lib/python3/dist-packages/colcon_core/task/python/colcon_distutils_commands:/home/minsuje/ros2_ws/install/rokey/lib/python3.10/site-packages:${PYTHONPATH} /usr/bin/python3 -W ignore:setup.py install is deprecated -W ignore:easy_install command is deprecated setup.py develop --editable --build-directory /home/minsuje/ros2_ws/build/rokey/build --no-deps symlink_data
