[0.479s] Invoking command in '/home/minsuje/ros2_ws/src/DoosanBootcamInt1/dsr_example2/dsr_example': AMENT_PREFIX_PATH=/home/minsuje/ros2_ws/install/dsr_common2:${AMENT_PREFIX_PATH} CMAKE_PREFIX_PATH=/home/minsuje/ros2_ws/install/dsr_common2 PYTHONPATH=/home/minsuje/ros2_ws/build/dsr_example/prefix_override:/usr/lib/python3/dist-packages/colcon_core/task/python/colcon_distutils_commands:/home/minsuje/ros2_ws/install/dsr_example/lib/python3.10/site-packages:${PYTHONPATH} /usr/bin/python3 -W ignore:setup.py install is deprecated -W ignore:easy_install command is deprecated setup.py egg_info --egg-base ../../../../build/dsr_example build --build-base /home/minsuje/ros2_ws/build/dsr_example/build install --record /home/minsuje/ros2_ws/build/dsr_example/install.log --single-version-externally-managed install_data
[0.644s] running egg_info
[0.644s] creating ../../../../build/dsr_example/dsr_example.egg-info
[0.644s] writing ../../../../build/dsr_example/dsr_example.egg-info/PKG-INFO
[0.644s] writing dependency_links to ../../../../build/dsr_example/dsr_example.egg-info/dependency_links.txt
[0.644s] writing entry points to ../../../../build/dsr_example/dsr_example.egg-info/entry_points.txt
[0.644s] writing requirements to ../../../../build/dsr_example/dsr_example.egg-info/requires.txt
[0.644s] writing top-level names to ../../../../build/dsr_example/dsr_example.egg-info/top_level.txt
[0.645s] writing manifest file '../../../../build/dsr_example/dsr_example.egg-info/SOURCES.txt'
[0.646s] reading manifest file '../../../../build/dsr_example/dsr_example.egg-info/SOURCES.txt'
[0.646s] writing manifest file '../../../../build/dsr_example/dsr_example.egg-info/SOURCES.txt'
[0.646s] running build
[0.646s] running build_py
[0.646s] creating /home/minsuje/ros2_ws/build/dsr_example/build
[0.646s] creating /home/minsuje/ros2_ws/build/dsr_example/build/lib
[0.646s] creating /home/minsuje/ros2_ws/build/dsr_example/build/lib/dsr_example
[0.646s] copying dsr_example/__init__.py -> /home/minsuje/ros2_ws/build/dsr_example/build/lib/dsr_example
[0.646s] creating /home/minsuje/ros2_ws/build/dsr_example/build/lib/dsr_example/demo
[0.646s] copying dsr_example/demo/__init__.py -> /home/minsuje/ros2_ws/build/dsr_example/build/lib/dsr_example/demo
[0.646s] copying dsr_example/demo/dance_m1013.py -> /home/minsuje/ros2_ws/build/dsr_example/build/lib/dsr_example/demo
[0.646s] creating /home/minsuje/ros2_ws/build/dsr_example/build/lib/dsr_example/simple
[0.646s] copying dsr_example/simple/__init__.py -> /home/minsuje/ros2_ws/build/dsr_example/build/lib/dsr_example/simple
[0.646s] copying dsr_example/simple/single_robot_simple.py -> /home/minsuje/ros2_ws/build/dsr_example/build/lib/dsr_example/simple
[0.646s] running install
[0.646s] running install_lib
[0.647s] creating /home/minsuje/ros2_ws/install/dsr_example/lib/python3.10/site-packages/dsr_example
[0.647s] creating /home/minsuje/ros2_ws/install/dsr_example/lib/python3.10/site-packages/dsr_example/demo
[0.647s] copying /home/minsuje/ros2_ws/build/dsr_example/build/lib/dsr_example/demo/__init__.py -> /home/minsuje/ros2_ws/install/dsr_example/lib/python3.10/site-packages/dsr_example/demo
[0.647s] copying /home/minsuje/ros2_ws/build/dsr_example/build/lib/dsr_example/demo/dance_m1013.py -> /home/minsuje/ros2_ws/install/dsr_example/lib/python3.10/site-packages/dsr_example/demo
[0.647s] copying /home/minsuje/ros2_ws/build/dsr_example/build/lib/dsr_example/__init__.py -> /home/minsuje/ros2_ws/install/dsr_example/lib/python3.10/site-packages/dsr_example
[0.647s] creating /home/minsuje/ros2_ws/install/dsr_example/lib/python3.10/site-packages/dsr_example/simple
[0.647s] copying /home/minsuje/ros2_ws/build/dsr_example/build/lib/dsr_example/simple/__init__.py -> /home/minsuje/ros2_ws/install/dsr_example/lib/python3.10/site-packages/dsr_example/simple
[0.647s] copying /home/minsuje/ros2_ws/build/dsr_example/build/lib/dsr_example/simple/single_robot_simple.py -> /home/minsuje/ros2_ws/install/dsr_example/lib/python3.10/site-packages/dsr_example/simple
[0.647s] byte-compiling /home/minsuje/ros2_ws/install/dsr_example/lib/python3.10/site-packages/dsr_example/demo/__init__.py to __init__.cpython-310.pyc
[0.647s] byte-compiling /home/minsuje/ros2_ws/install/dsr_example/lib/python3.10/site-packages/dsr_example/demo/dance_m1013.py to dance_m1013.cpython-310.pyc
[0.648s] byte-compiling /home/minsuje/ros2_ws/install/dsr_example/lib/python3.10/site-packages/dsr_example/__init__.py to __init__.cpython-310.pyc
[0.648s] byte-compiling /home/minsuje/ros2_ws/install/dsr_example/lib/python3.10/site-packages/dsr_example/simple/__init__.py to __init__.cpython-310.pyc
[0.648s] byte-compiling /home/minsuje/ros2_ws/install/dsr_example/lib/python3.10/site-packages/dsr_example/simple/single_robot_simple.py to single_robot_simple.cpython-310.pyc
[0.649s] running install_data
[0.649s] creating /home/minsuje/ros2_ws/install/dsr_example/share/ament_index
[0.649s] creating /home/minsuje/ros2_ws/install/dsr_example/share/ament_index/resource_index
[0.649s] creating /home/minsuje/ros2_ws/install/dsr_example/share/ament_index/resource_index/packages
[0.649s] copying resource/dsr_example -> /home/minsuje/ros2_ws/install/dsr_example/share/ament_index/resource_index/packages
[0.649s] copying package.xml -> /home/minsuje/ros2_ws/install/dsr_example/share/dsr_example
[0.649s] running install_egg_info
[0.650s] Copying ../../../../build/dsr_example/dsr_example.egg-info to /home/minsuje/ros2_ws/install/dsr_example/lib/python3.10/site-packages/dsr_example-0.0.0-py3.10.egg-info
[0.650s] running install_scripts
[0.661s] Installing dance script to /home/minsuje/ros2_ws/install/dsr_example/lib/dsr_example
[0.661s] Installing single_robot_simple script to /home/minsuje/ros2_ws/install/dsr_example/lib/dsr_example
[0.662s] writing list of installed files to '/home/minsuje/ros2_ws/build/dsr_example/install.log'
[0.675s] Invoked command in '/home/minsuje/ros2_ws/src/DoosanBootcamInt1/dsr_example2/dsr_example' returned '0': AMENT_PREFIX_PATH=/home/minsuje/ros2_ws/install/dsr_common2:${AMENT_PREFIX_PATH} CMAKE_PREFIX_PATH=/home/minsuje/ros2_ws/install/dsr_common2 PYTHONPATH=/home/minsuje/ros2_ws/build/dsr_example/prefix_override:/usr/lib/python3/dist-packages/colcon_core/task/python/colcon_distutils_commands:/home/minsuje/ros2_ws/install/dsr_example/lib/python3.10/site-packages:${PYTHONPATH} /usr/bin/python3 -W ignore:setup.py install is deprecated -W ignore:easy_install command is deprecated setup.py egg_info --egg-base ../../../../build/dsr_example build --build-base /home/minsuje/ros2_ws/build/dsr_example/build install --record /home/minsuje/ros2_ws/build/dsr_example/install.log --single-version-externally-managed install_data
