[0.039s] Invoking command in '/home/minsuje/ros2_ws/build/custom_msgs': CMAKE_PREFIX_PATH=/opt/ros/humble /usr/bin/cmake /home/minsuje/ros2_ws/Tutorial/VoiceProcessing/custom_msgs -DAMENT_CMAKE_SYMLINK_INSTALL=1 -DCMAKE_INSTALL_PREFIX=/home/minsuje/ros2_ws/install/custom_msgs
[1.234s] -- The C compiler identification is GNU 11.4.0
[1.234s] -- The CXX compiler identification is GNU 11.4.0
[1.234s] -- Detecting C compiler ABI info
[1.234s] -- Detecting C compiler ABI info - done
[1.234s] -- Check for working C compiler: /usr/bin/cc - skipped
[1.234s] -- Detecting C compile features
[1.234s] -- Detecting C compile features - done
[1.234s] -- Detecting CXX compiler ABI info
[1.234s] -- Detecting CXX compiler ABI info - done
[1.234s] -- Check for working CXX compiler: /usr/bin/c++ - skipped
[1.234s] -- Detecting CXX compile features
[1.234s] -- Detecting CXX compile features - done
[1.234s] -- Found ament_cmake: 1.3.11 (/opt/ros/humble/share/ament_cmake/cmake)
[1.234s] -- Found Python3: /usr/bin/python3 (found version "3.10.12") found components: Interpreter 
[1.234s] -- Override CMake install command with custom implementation using symlinks instead of copying resources
[1.234s] -- Found std_msgs: 4.8.0 (/opt/ros/humble/share/std_msgs/cmake)
[1.235s] -- Found rosidl_generator_c: 3.1.6 (/opt/ros/humble/share/rosidl_generator_c/cmake)
[1.235s] -- Found rosidl_adapter: 3.1.6 (/opt/ros/humble/share/rosidl_adapter/cmake)
[1.235s] -- Found rosidl_generator_cpp: 3.1.6 (/opt/ros/humble/share/rosidl_generator_cpp/cmake)
[1.235s] -- Using all available rosidl_typesupport_c: rosidl_typesupport_fastrtps_c;rosidl_typesupport_introspection_c
[1.235s] -- Using all available rosidl_typesupport_cpp: rosidl_typesupport_fastrtps_cpp;rosidl_typesupport_introspection_cpp
[1.235s] -- Found rosidl_default_generators: 1.2.0 (/opt/ros/humble/share/rosidl_default_generators/cmake)
[1.235s] -- Found ament_cmake_ros: 0.10.0 (/opt/ros/humble/share/ament_cmake_ros/cmake)
[1.400s] -- Using all available rosidl_typesupport_c: rosidl_typesupport_fastrtps_c;rosidl_typesupport_introspection_c
[1.533s] -- Using all available rosidl_typesupport_cpp: rosidl_typesupport_fastrtps_cpp;rosidl_typesupport_introspection_cpp
[1.551s] -- Found PythonInterp: /usr/bin/python3 (found suitable version "3.10.12", minimum required is "3.6") 
[1.553s] -- Found python_cmake_module: 0.10.0 (/opt/ros/humble/share/python_cmake_module/cmake)
[1.584s] -- Found PythonLibs: /usr/lib/x86_64-linux-gnu/libpython3.10.so (found suitable version "3.10.12", minimum required is "3.5") 
[1.584s] -- Using PYTHON_EXECUTABLE: /usr/bin/python3
[1.585s] -- Using PYTHON_INCLUDE_DIRS: /usr/include/python3.10
[1.585s] -- Using PYTHON_LIBRARIES: /usr/lib/x86_64-linux-gnu/libpython3.10.so
[1.605s] -- Found PythonExtra: .so  
[1.676s] -- Found ament_lint_auto: 0.12.12 (/opt/ros/humble/share/ament_lint_auto/cmake)
[1.708s] -- Added test 'lint_cmake' to check CMake code style
[1.709s] -- Added test 'xmllint' to check XML markup files
[1.714s] -- Configuring done
[1.757s] -- Generating done
[1.772s] -- Build files have been written to: /home/minsuje/ros2_ws/build/custom_msgs
[1.813s] Invoked command in '/home/minsuje/ros2_ws/build/custom_msgs' returned '0': CMAKE_PREFIX_PATH=/opt/ros/humble /usr/bin/cmake /home/minsuje/ros2_ws/Tutorial/VoiceProcessing/custom_msgs -DAMENT_CMAKE_SYMLINK_INSTALL=1 -DCMAKE_INSTALL_PREFIX=/home/minsuje/ros2_ws/install/custom_msgs
[1.816s] Invoking command in '/home/minsuje/ros2_ws/build/custom_msgs': CMAKE_PREFIX_PATH=/opt/ros/humble /usr/bin/cmake --build /home/minsuje/ros2_ws/build/custom_msgs -- -j32 -l32
[1.861s] [  3%] [34m[1mGenerating C code for ROS interfaces[0m
[1.880s] [  6%] [34m[1mGenerating C++ code for ROS interfaces[0m
[1.883s] [  6%] Built target ament_cmake_python_symlink_custom_msgs
[2.164s] [  6%] Built target custom_msgs__cpp
[2.177s] [  9%] [34m[1mGenerating C++ type support for eProsima Fast-RTPS[0m
[2.177s] [ 12%] [32mBuilding C object CMakeFiles/custom_msgs__rosidl_generator_c.dir/rosidl_generator_c/custom_msgs/msg/detail/order_info__functions.c.o[0m
[2.178s] [ 16%] [34m[1mGenerating C++ type support dispatch for ROS interfaces[0m
[2.178s] [ 19%] [34m[1mGenerating C++ introspection for ROS interfaces[0m
[2.246s] [ 22%] [32m[1mLinking C shared library libcustom_msgs__rosidl_generator_c.so[0m
[2.336s] [ 22%] Built target custom_msgs__rosidl_generator_c
[2.355s] [ 25%] [34m[1mGenerating C introspection for ROS interfaces[0m
[2.360s] [ 29%] [34m[1mGenerating C type support dispatch for ROS interfaces[0m
[2.360s] [ 32%] [34m[1mGenerating C type support for eProsima Fast-RTPS[0m
[2.505s] running egg_info
[2.505s] creating custom_msgs.egg-info
[2.505s] writing custom_msgs.egg-info/PKG-INFO
[2.505s] writing dependency_links to custom_msgs.egg-info/dependency_links.txt
[2.505s] writing top-level names to custom_msgs.egg-info/top_level.txt
[2.506s] writing manifest file 'custom_msgs.egg-info/SOURCES.txt'
[2.506s] reading manifest file 'custom_msgs.egg-info/SOURCES.txt'
[2.506s] writing manifest file 'custom_msgs.egg-info/SOURCES.txt'
[2.535s] [ 35%] [32mBuilding CXX object CMakeFiles/custom_msgs__rosidl_typesupport_cpp.dir/rosidl_typesupport_cpp/custom_msgs/msg/order_info__type_support.cpp.o[0m
[2.553s] [ 38%] [32mBuilding CXX object CMakeFiles/custom_msgs__rosidl_typesupport_fastrtps_cpp.dir/rosidl_typesupport_fastrtps_cpp/custom_msgs/msg/detail/dds_fastrtps/order_info__type_support.cpp.o[0m
[2.559s] [ 38%] Built target ament_cmake_python_build_custom_msgs_egg
[2.564s] [ 41%] [32mBuilding CXX object CMakeFiles/custom_msgs__rosidl_typesupport_introspection_cpp.dir/rosidl_typesupport_introspection_cpp/custom_msgs/msg/detail/order_info__type_support.cpp.o[0m
[2.717s] [ 45%] [32mBuilding C object CMakeFiles/custom_msgs__rosidl_typesupport_introspection_c.dir/rosidl_typesupport_introspection_c/custom_msgs/msg/detail/order_info__type_support.c.o[0m
[2.717s] [ 48%] [32mBuilding CXX object CMakeFiles/custom_msgs__rosidl_typesupport_c.dir/rosidl_typesupport_c/custom_msgs/msg/order_info__type_support.cpp.o[0m
[2.755s] [ 51%] [32m[1mLinking CXX shared library libcustom_msgs__rosidl_typesupport_c.so[0m
[2.764s] [ 54%] [32m[1mLinking C shared library libcustom_msgs__rosidl_typesupport_introspection_c.so[0m
[2.767s] [ 58%] [32mBuilding CXX object CMakeFiles/custom_msgs__rosidl_typesupport_fastrtps_c.dir/rosidl_typesupport_fastrtps_c/custom_msgs/msg/detail/order_info__type_support_c.cpp.o[0m
[2.803s] [ 58%] Built target custom_msgs__rosidl_typesupport_introspection_c
[2.823s] [ 58%] Built target custom_msgs__rosidl_typesupport_c
[2.916s] [ 61%] [32m[1mLinking CXX shared library libcustom_msgs__rosidl_typesupport_cpp.so[0m
[2.972s] [ 61%] Built target custom_msgs__rosidl_typesupport_cpp
[3.134s] [ 64%] [32m[1mLinking CXX shared library libcustom_msgs__rosidl_typesupport_introspection_cpp.so[0m
[3.180s] [ 67%] [32m[1mLinking CXX shared library libcustom_msgs__rosidl_typesupport_fastrtps_c.so[0m
[3.201s] [ 67%] Built target custom_msgs__rosidl_typesupport_introspection_cpp
[3.240s] [ 70%] [32m[1mLinking CXX shared library libcustom_msgs__rosidl_typesupport_fastrtps_cpp.so[0m
[3.249s] [ 70%] Built target custom_msgs__rosidl_typesupport_fastrtps_c
[3.308s] [ 70%] Built target custom_msgs__rosidl_typesupport_fastrtps_cpp
[3.325s] [ 70%] Built target custom_msgs
[3.347s] [ 74%] [34m[1mGenerating Python code for ROS interfaces[0m
[3.621s] [ 74%] Built target custom_msgs__py
[3.639s] [ 77%] [32mBuilding C object CMakeFiles/custom_msgs__rosidl_generator_py.dir/rosidl_generator_py/custom_msgs/msg/_order_info_s.c.o[0m
[3.720s] [ 80%] [32m[1mLinking C shared library rosidl_generator_py/custom_msgs/libcustom_msgs__rosidl_generator_py.so[0m
[3.757s] [ 80%] Built target custom_msgs__rosidl_generator_py
[3.772s] [ 83%] [32mBuilding C object CMakeFiles/custom_msgs__rosidl_typesupport_c__pyext.dir/rosidl_generator_py/custom_msgs/_custom_msgs_s.ep.rosidl_typesupport_c.c.o[0m
[3.773s] [ 87%] [32mBuilding C object CMakeFiles/custom_msgs__rosidl_typesupport_introspection_c__pyext.dir/rosidl_generator_py/custom_msgs/_custom_msgs_s.ep.rosidl_typesupport_introspection_c.c.o[0m
[3.777s] [ 90%] [32mBuilding C object CMakeFiles/custom_msgs__rosidl_typesupport_fastrtps_c__pyext.dir/rosidl_generator_py/custom_msgs/_custom_msgs_s.ep.rosidl_typesupport_fastrtps_c.c.o[0m
[3.845s] [ 93%] [32m[1mLinking C shared library rosidl_generator_py/custom_msgs/custom_msgs_s__rosidl_typesupport_introspection_c.cpython-310-x86_64-linux-gnu.so[0m
[3.848s] [ 96%] [32m[1mLinking C shared library rosidl_generator_py/custom_msgs/custom_msgs_s__rosidl_typesupport_c.cpython-310-x86_64-linux-gnu.so[0m
[3.849s] [100%] [32m[1mLinking C shared library rosidl_generator_py/custom_msgs/custom_msgs_s__rosidl_typesupport_fastrtps_c.cpython-310-x86_64-linux-gnu.so[0m
[3.878s] [100%] Built target custom_msgs__rosidl_typesupport_introspection_c__pyext
[3.878s] [100%] Built target custom_msgs__rosidl_typesupport_c__pyext
[3.883s] [100%] Built target custom_msgs__rosidl_typesupport_fastrtps_c__pyext
[3.893s] Invoked command in '/home/minsuje/ros2_ws/build/custom_msgs' returned '0': CMAKE_PREFIX_PATH=/opt/ros/humble /usr/bin/cmake --build /home/minsuje/ros2_ws/build/custom_msgs -- -j32 -l32
[3.895s] Invoking command in '/home/minsuje/ros2_ws/build/custom_msgs': CMAKE_PREFIX_PATH=/opt/ros/humble /usr/bin/cmake --install /home/minsuje/ros2_ws/build/custom_msgs
[3.901s] -- Install configuration: ""
[3.901s] -- Execute custom install script
[3.901s] -- Symlinking: /home/minsuje/ros2_ws/install/custom_msgs/share/ament_index/resource_index/rosidl_interfaces/custom_msgs
[3.908s] -- Symlinking: /home/minsuje/ros2_ws/install/custom_msgs/include/custom_msgs/custom_msgs/msg/detail/order_info__functions.h
[3.915s] -- Symlinking: /home/minsuje/ros2_ws/install/custom_msgs/include/custom_msgs/custom_msgs/msg/detail/order_info__struct.h
[3.921s] -- Symlinking: /home/minsuje/ros2_ws/install/custom_msgs/include/custom_msgs/custom_msgs/msg/detail/order_info__type_support.h
[3.928s] -- Symlinking: /home/minsuje/ros2_ws/install/custom_msgs/include/custom_msgs/custom_msgs/msg/order_info.h
[3.934s] -- Symlinking: /home/minsuje/ros2_ws/install/custom_msgs/include/custom_msgs/custom_msgs/msg/rosidl_generator_c__visibility_control.h
[3.940s] -- Symlinking: /home/minsuje/ros2_ws/install/custom_msgs/share/custom_msgs/environment/library_path.sh
[3.947s] -- Symlinking: /home/minsuje/ros2_ws/install/custom_msgs/share/custom_msgs/environment/library_path.dsv
[3.954s] -- Symlinking: /home/minsuje/ros2_ws/install/custom_msgs/include/custom_msgs/custom_msgs/msg/detail/order_info__rosidl_typesupport_fastrtps_c.h
[3.960s] -- Symlinking: /home/minsuje/ros2_ws/install/custom_msgs/include/custom_msgs/custom_msgs/msg/rosidl_typesupport_fastrtps_c__visibility_control.h
[3.967s] -- Symlinking: /home/minsuje/ros2_ws/install/custom_msgs/include/custom_msgs/custom_msgs/msg/detail/order_info__builder.hpp
[3.976s] -- Symlinking: /home/minsuje/ros2_ws/install/custom_msgs/include/custom_msgs/custom_msgs/msg/detail/order_info__struct.hpp
[3.986s] -- Symlinking: /home/minsuje/ros2_ws/install/custom_msgs/include/custom_msgs/custom_msgs/msg/detail/order_info__traits.hpp
[3.992s] -- Symlinking: /home/minsuje/ros2_ws/install/custom_msgs/include/custom_msgs/custom_msgs/msg/detail/order_info__type_support.hpp
[3.998s] -- Symlinking: /home/minsuje/ros2_ws/install/custom_msgs/include/custom_msgs/custom_msgs/msg/order_info.hpp
[4.005s] -- Symlinking: /home/minsuje/ros2_ws/install/custom_msgs/include/custom_msgs/custom_msgs/msg/rosidl_generator_cpp__visibility_control.hpp
[4.012s] -- Symlinking: /home/minsuje/ros2_ws/install/custom_msgs/include/custom_msgs/custom_msgs/msg/detail/order_info__rosidl_typesupport_fastrtps_cpp.hpp
[4.018s] -- Symlinking: /home/minsuje/ros2_ws/install/custom_msgs/include/custom_msgs/custom_msgs/msg/rosidl_typesupport_fastrtps_cpp__visibility_control.h
[4.026s] -- Symlinking: /home/minsuje/ros2_ws/install/custom_msgs/include/custom_msgs/custom_msgs/msg/detail/order_info__rosidl_typesupport_introspection_c.h
[4.034s] -- Symlinking: /home/minsuje/ros2_ws/install/custom_msgs/include/custom_msgs/custom_msgs/msg/rosidl_typesupport_introspection_c__visibility_control.h
[4.042s] -- Symlinking: /home/minsuje/ros2_ws/install/custom_msgs/include/custom_msgs/custom_msgs/msg/detail/order_info__rosidl_typesupport_introspection_cpp.hpp
[4.048s] -- Symlinking: /home/minsuje/ros2_ws/install/custom_msgs/share/custom_msgs/environment/pythonpath.sh
[4.054s] -- Symlinking: /home/minsuje/ros2_ws/install/custom_msgs/share/custom_msgs/environment/pythonpath.dsv
[4.061s] -- Symlinking: /home/minsuje/ros2_ws/install/custom_msgs/local/lib/python3.10/dist-packages/custom_msgs-0.0.0-py3.10.egg-info/PKG-INFO
[4.068s] -- Symlinking: /home/minsuje/ros2_ws/install/custom_msgs/local/lib/python3.10/dist-packages/custom_msgs-0.0.0-py3.10.egg-info/SOURCES.txt
[4.074s] -- Symlinking: /home/minsuje/ros2_ws/install/custom_msgs/local/lib/python3.10/dist-packages/custom_msgs-0.0.0-py3.10.egg-info/dependency_links.txt
[4.081s] -- Symlinking: /home/minsuje/ros2_ws/install/custom_msgs/local/lib/python3.10/dist-packages/custom_msgs-0.0.0-py3.10.egg-info/top_level.txt
[4.089s] -- Symlinking: /home/minsuje/ros2_ws/install/custom_msgs/local/lib/python3.10/dist-packages/custom_msgs/__init__.py
[4.096s] -- Symlinking: /home/minsuje/ros2_ws/install/custom_msgs/local/lib/python3.10/dist-packages/custom_msgs/_custom_msgs_s.ep.rosidl_typesupport_c.c
[4.102s] -- Symlinking: /home/minsuje/ros2_ws/install/custom_msgs/local/lib/python3.10/dist-packages/custom_msgs/_custom_msgs_s.ep.rosidl_typesupport_fastrtps_c.c
[4.109s] -- Symlinking: /home/minsuje/ros2_ws/install/custom_msgs/local/lib/python3.10/dist-packages/custom_msgs/_custom_msgs_s.ep.rosidl_typesupport_introspection_c.c
[4.116s] -- Symlinking: /home/minsuje/ros2_ws/install/custom_msgs/local/lib/python3.10/dist-packages/custom_msgs/custom_msgs_s__rosidl_typesupport_c.cpython-310-x86_64-linux-gnu.so
[4.122s] -- Symlinking: /home/minsuje/ros2_ws/install/custom_msgs/local/lib/python3.10/dist-packages/custom_msgs/custom_msgs_s__rosidl_typesupport_fastrtps_c.cpython-310-x86_64-linux-gnu.so
[4.129s] -- Symlinking: /home/minsuje/ros2_ws/install/custom_msgs/local/lib/python3.10/dist-packages/custom_msgs/custom_msgs_s__rosidl_typesupport_introspection_c.cpython-310-x86_64-linux-gnu.so
[4.135s] -- Symlinking: /home/minsuje/ros2_ws/install/custom_msgs/local/lib/python3.10/dist-packages/custom_msgs/libcustom_msgs__rosidl_generator_py.so
[4.141s] -- Symlinking: /home/minsuje/ros2_ws/install/custom_msgs/local/lib/python3.10/dist-packages/custom_msgs/msg/__init__.py
[4.147s] -- Symlinking: /home/minsuje/ros2_ws/install/custom_msgs/local/lib/python3.10/dist-packages/custom_msgs/msg/_order_info.py
[4.154s] -- Symlinking: /home/minsuje/ros2_ws/install/custom_msgs/local/lib/python3.10/dist-packages/custom_msgs/msg/_order_info_s.c
[4.162s] -- Up-to-date symlink: /home/minsuje/ros2_ws/install/custom_msgs/local/lib/python3.10/dist-packages/custom_msgs/custom_msgs_s__rosidl_typesupport_fastrtps_c.cpython-310-x86_64-linux-gnu.so
[4.162s] -- Up-to-date symlink: /home/minsuje/ros2_ws/install/custom_msgs/local/lib/python3.10/dist-packages/custom_msgs/custom_msgs_s__rosidl_typesupport_introspection_c.cpython-310-x86_64-linux-gnu.so
[4.162s] -- Up-to-date symlink: /home/minsuje/ros2_ws/install/custom_msgs/local/lib/python3.10/dist-packages/custom_msgs/custom_msgs_s__rosidl_typesupport_c.cpython-310-x86_64-linux-gnu.so
[4.163s] -- Symlinking: /home/minsuje/ros2_ws/install/custom_msgs/share/custom_msgs/msg/OrderInfo.idl
[4.171s] -- Symlinking: /home/minsuje/ros2_ws/install/custom_msgs/share/custom_msgs/msg/OrderInfo.msg
[4.177s] -- Symlinking: /home/minsuje/ros2_ws/install/custom_msgs/share/ament_index/resource_index/package_run_dependencies/custom_msgs
[4.184s] -- Symlinking: /home/minsuje/ros2_ws/install/custom_msgs/share/ament_index/resource_index/parent_prefix_path/custom_msgs
[4.190s] -- Symlinking: /home/minsuje/ros2_ws/install/custom_msgs/share/custom_msgs/environment/ament_prefix_path.sh
[4.197s] -- Symlinking: /home/minsuje/ros2_ws/install/custom_msgs/share/custom_msgs/environment/ament_prefix_path.dsv
[4.202s] -- Symlinking: /home/minsuje/ros2_ws/install/custom_msgs/share/custom_msgs/environment/path.sh
[4.209s] -- Symlinking: /home/minsuje/ros2_ws/install/custom_msgs/share/custom_msgs/environment/path.dsv
[4.216s] -- Symlinking: /home/minsuje/ros2_ws/install/custom_msgs/share/custom_msgs/local_setup.bash
[4.222s] -- Symlinking: /home/minsuje/ros2_ws/install/custom_msgs/share/custom_msgs/local_setup.sh
[4.228s] -- Symlinking: /home/minsuje/ros2_ws/install/custom_msgs/share/custom_msgs/local_setup.zsh
[4.237s] -- Symlinking: /home/minsuje/ros2_ws/install/custom_msgs/share/custom_msgs/local_setup.dsv
[4.243s] -- Symlinking: /home/minsuje/ros2_ws/install/custom_msgs/share/custom_msgs/package.dsv
[4.249s] -- Symlinking: /home/minsuje/ros2_ws/install/custom_msgs/share/ament_index/resource_index/packages/custom_msgs
[4.256s] -- Symlinking: /home/minsuje/ros2_ws/install/custom_msgs/share/custom_msgs/cmake/rosidl_cmake-extras.cmake
[4.263s] -- Symlinking: /home/minsuje/ros2_ws/install/custom_msgs/share/custom_msgs/cmake/ament_cmake_export_dependencies-extras.cmake
[4.271s] -- Symlinking: /home/minsuje/ros2_ws/install/custom_msgs/share/custom_msgs/cmake/ament_cmake_export_include_directories-extras.cmake
[4.276s] -- Symlinking: /home/minsuje/ros2_ws/install/custom_msgs/share/custom_msgs/cmake/ament_cmake_export_libraries-extras.cmake
[4.284s] -- Symlinking: /home/minsuje/ros2_ws/install/custom_msgs/share/custom_msgs/cmake/ament_cmake_export_targets-extras.cmake
[4.292s] -- Symlinking: /home/minsuje/ros2_ws/install/custom_msgs/share/custom_msgs/cmake/rosidl_cmake_export_typesupport_targets-extras.cmake
[4.298s] -- Symlinking: /home/minsuje/ros2_ws/install/custom_msgs/share/custom_msgs/cmake/rosidl_cmake_export_typesupport_libraries-extras.cmake
[4.307s] -- Symlinking: /home/minsuje/ros2_ws/install/custom_msgs/share/custom_msgs/cmake/custom_msgsConfig.cmake
[4.313s] -- Symlinking: /home/minsuje/ros2_ws/install/custom_msgs/share/custom_msgs/cmake/custom_msgsConfig-version.cmake
[4.319s] -- Symlinking: /home/minsuje/ros2_ws/install/custom_msgs/share/custom_msgs/package.xml
[4.328s] -- Installing: /home/minsuje/ros2_ws/install/custom_msgs/lib/libcustom_msgs__rosidl_generator_c.so
[4.329s] -- Set runtime path of "/home/minsuje/ros2_ws/install/custom_msgs/lib/libcustom_msgs__rosidl_generator_c.so" to ""
[4.329s] -- Installing: /home/minsuje/ros2_ws/install/custom_msgs/lib/libcustom_msgs__rosidl_typesupport_fastrtps_c.so
[4.329s] -- Set runtime path of "/home/minsuje/ros2_ws/install/custom_msgs/lib/libcustom_msgs__rosidl_typesupport_fastrtps_c.so" to ""
[4.329s] -- Installing: /home/minsuje/ros2_ws/install/custom_msgs/lib/libcustom_msgs__rosidl_typesupport_fastrtps_cpp.so
[4.329s] -- Set runtime path of "/home/minsuje/ros2_ws/install/custom_msgs/lib/libcustom_msgs__rosidl_typesupport_fastrtps_cpp.so" to ""
[4.330s] -- Installing: /home/minsuje/ros2_ws/install/custom_msgs/lib/libcustom_msgs__rosidl_typesupport_introspection_c.so
[4.330s] -- Set runtime path of "/home/minsuje/ros2_ws/install/custom_msgs/lib/libcustom_msgs__rosidl_typesupport_introspection_c.so" to ""
[4.330s] -- Installing: /home/minsuje/ros2_ws/install/custom_msgs/lib/libcustom_msgs__rosidl_typesupport_c.so
[4.330s] -- Set runtime path of "/home/minsuje/ros2_ws/install/custom_msgs/lib/libcustom_msgs__rosidl_typesupport_c.so" to ""
[4.330s] -- Installing: /home/minsuje/ros2_ws/install/custom_msgs/lib/libcustom_msgs__rosidl_typesupport_introspection_cpp.so
[4.330s] -- Set runtime path of "/home/minsuje/ros2_ws/install/custom_msgs/lib/libcustom_msgs__rosidl_typesupport_introspection_cpp.so" to ""
[4.331s] -- Installing: /home/minsuje/ros2_ws/install/custom_msgs/lib/libcustom_msgs__rosidl_typesupport_cpp.so
[4.331s] -- Set runtime path of "/home/minsuje/ros2_ws/install/custom_msgs/lib/libcustom_msgs__rosidl_typesupport_cpp.so" to ""
[4.359s] Listing '/home/minsuje/ros2_ws/install/custom_msgs/local/lib/python3.10/dist-packages/custom_msgs'...
[4.360s] Compiling '/home/minsuje/ros2_ws/install/custom_msgs/local/lib/python3.10/dist-packages/custom_msgs/__init__.py'...
[4.360s] Listing '/home/minsuje/ros2_ws/install/custom_msgs/local/lib/python3.10/dist-packages/custom_msgs/msg'...
[4.360s] Compiling '/home/minsuje/ros2_ws/install/custom_msgs/local/lib/python3.10/dist-packages/custom_msgs/msg/__init__.py'...
[4.360s] Compiling '/home/minsuje/ros2_ws/install/custom_msgs/local/lib/python3.10/dist-packages/custom_msgs/msg/_order_info.py'...
[4.363s] -- Installing: /home/minsuje/ros2_ws/install/custom_msgs/lib/libcustom_msgs__rosidl_generator_py.so
[4.364s] -- Set runtime path of "/home/minsuje/ros2_ws/install/custom_msgs/lib/libcustom_msgs__rosidl_generator_py.so" to ""
[4.364s] -- Installing: /home/minsuje/ros2_ws/install/custom_msgs/share/custom_msgs/cmake/export_custom_msgs__rosidl_generator_cExport.cmake
[4.364s] -- Installing: /home/minsuje/ros2_ws/install/custom_msgs/share/custom_msgs/cmake/export_custom_msgs__rosidl_generator_cExport-noconfig.cmake
[4.364s] -- Installing: /home/minsuje/ros2_ws/install/custom_msgs/share/custom_msgs/cmake/export_custom_msgs__rosidl_typesupport_fastrtps_cExport.cmake
[4.364s] -- Installing: /home/minsuje/ros2_ws/install/custom_msgs/share/custom_msgs/cmake/export_custom_msgs__rosidl_typesupport_fastrtps_cExport-noconfig.cmake
[4.364s] -- Installing: /home/minsuje/ros2_ws/install/custom_msgs/share/custom_msgs/cmake/export_custom_msgs__rosidl_generator_cppExport.cmake
[4.364s] -- Installing: /home/minsuje/ros2_ws/install/custom_msgs/share/custom_msgs/cmake/export_custom_msgs__rosidl_typesupport_fastrtps_cppExport.cmake
[4.364s] -- Installing: /home/minsuje/ros2_ws/install/custom_msgs/share/custom_msgs/cmake/export_custom_msgs__rosidl_typesupport_fastrtps_cppExport-noconfig.cmake
[4.364s] -- Installing: /home/minsuje/ros2_ws/install/custom_msgs/share/custom_msgs/cmake/custom_msgs__rosidl_typesupport_introspection_cExport.cmake
[4.364s] -- Installing: /home/minsuje/ros2_ws/install/custom_msgs/share/custom_msgs/cmake/custom_msgs__rosidl_typesupport_introspection_cExport-noconfig.cmake
[4.364s] -- Installing: /home/minsuje/ros2_ws/install/custom_msgs/share/custom_msgs/cmake/custom_msgs__rosidl_typesupport_cExport.cmake
[4.364s] -- Installing: /home/minsuje/ros2_ws/install/custom_msgs/share/custom_msgs/cmake/custom_msgs__rosidl_typesupport_cExport-noconfig.cmake
[4.364s] -- Installing: /home/minsuje/ros2_ws/install/custom_msgs/share/custom_msgs/cmake/custom_msgs__rosidl_typesupport_introspection_cppExport.cmake
[4.364s] -- Installing: /home/minsuje/ros2_ws/install/custom_msgs/share/custom_msgs/cmake/custom_msgs__rosidl_typesupport_introspection_cppExport-noconfig.cmake
[4.365s] -- Installing: /home/minsuje/ros2_ws/install/custom_msgs/share/custom_msgs/cmake/custom_msgs__rosidl_typesupport_cppExport.cmake
[4.365s] -- Installing: /home/minsuje/ros2_ws/install/custom_msgs/share/custom_msgs/cmake/custom_msgs__rosidl_typesupport_cppExport-noconfig.cmake
[4.365s] -- Installing: /home/minsuje/ros2_ws/install/custom_msgs/share/custom_msgs/cmake/export_custom_msgs__rosidl_generator_pyExport.cmake
[4.365s] -- Installing: /home/minsuje/ros2_ws/install/custom_msgs/share/custom_msgs/cmake/export_custom_msgs__rosidl_generator_pyExport-noconfig.cmake
[4.579s] Invoked command in '/home/minsuje/ros2_ws/build/custom_msgs' returned '0': CMAKE_PREFIX_PATH=/opt/ros/humble /usr/bin/cmake --install /home/minsuje/ros2_ws/build/custom_msgs
