[1.198s] Invoking command in '/home/minsuje/ros2_ws/build/dsr_bringup2': CMAKE_PREFIX_PATH=/home/minsuje/ros2_ws/install/dsr_msgs2:/home/minsuje/ros2_ws/install/od_msg:/home/minsuje/ros2_ws/install/my_interfaces:/home/minsuje/ros2_ws/install/dsr_realtime_control:/home/minsuje/ros2_ws/install/dsr_controller2:/home/minsuje/ros2_ws/install/dsr_moveit_config_p3020:/home/minsuje/ros2_ws/install/dsr_moveit_config_m1509:/home/minsuje/ros2_ws/install/dsr_moveit_config_m1013:/home/minsuje/ros2_ws/install/dsr_moveit_config_m0617:/home/minsuje/ros2_ws/install/dsr_moveit_config_m0609:/home/minsuje/ros2_ws/install/dsr_moveit_config_h2515:/home/minsuje/ros2_ws/install/dsr_moveit_config_h2017:/home/minsuje/ros2_ws/install/dsr_moveit_config_e0509:/home/minsuje/ros2_ws/install/dsr_moveit_config_a0912:/home/minsuje/ros2_ws/install/dsr_moveit_config_a0509:/home/minsuje/ros2_ws/install/dsr_hardware2:/home/minsuje/ros2_ws/install/dsr_gazebo2:/home/minsuje/ros2_ws/install/dsr_description2:/home/minsuje/ros2_ws/install/dsr_common2:/home/minsuje/ros2_ws/install/custom_pkg_srv_test:/home/minsuje/ros2_ws/install/custom_msgs LD_LIBRARY_PATH=/home/minsuje/ros2_ws/install/dsr_msgs2/lib:/home/minsuje/ros2_ws/install/od_msg/lib:/home/minsuje/ros2_ws/install/my_interfaces/lib:/home/minsuje/ros2_ws/install/dsr_controller2/lib:/home/minsuje/ros2_ws/install/dsr_hardware2/lib:/home/minsuje/ros2_ws/install/custom_pkg_srv_test/lib:/home/minsuje/ros2_ws/install/custom_msgs/lib:/usr/lib/x86_64-linux-gnu/gazebo-11/plugins:/opt/ros/humble/opt/rviz_ogre_vendor/lib:/opt/ros/humble/lib/x86_64-linux-gnu:/opt/ros/humble/lib PYTHONPATH=/home/minsuje/ros2_ws/build/dsr_bringup2/prefix_override:/usr/lib/python3/dist-packages/colcon_core/task/python/colcon_distutils_commands:/home/minsuje/ros2_ws/install/dsr_bringup2/lib/python3.10/site-packages:${PYTHONPATH} /usr/bin/python3 -W ignore:setup.py install is deprecated -W ignore:easy_install command is deprecated setup.py develop --editable --build-directory /home/minsuje/ros2_ws/build/dsr_bringup2/build --no-deps symlink_data
[1.399s] running develop
[1.556s] running egg_info
[1.556s] writing dsr_bringup2.egg-info/PKG-INFO
[1.556s] writing dependency_links to dsr_bringup2.egg-info/dependency_links.txt
[1.556s] writing entry points to dsr_bringup2.egg-info/entry_points.txt
[1.556s] writing requirements to dsr_bringup2.egg-info/requires.txt
[1.556s] writing top-level names to dsr_bringup2.egg-info/top_level.txt
[1.557s] reading manifest file 'dsr_bringup2.egg-info/SOURCES.txt'
[1.558s] writing manifest file 'dsr_bringup2.egg-info/SOURCES.txt'
[1.581s] running build_ext
[1.581s] Creating /home/minsuje/ros2_ws/install/dsr_bringup2/lib/python3.10/site-packages/dsr-bringup2.egg-link (link to .)
[1.581s] Installing gazebo_connection script to /home/minsuje/ros2_ws/install/dsr_bringup2/lib/dsr_bringup2
[1.582s] Installing moveit_connection script to /home/minsuje/ros2_ws/install/dsr_bringup2/lib/dsr_bringup2
[1.582s] Installing run_emulator script to /home/minsuje/ros2_ws/install/dsr_bringup2/lib/dsr_bringup2
[1.582s] Installing set_config script to /home/minsuje/ros2_ws/install/dsr_bringup2/lib/dsr_bringup2
[1.582s] 
[1.582s] Installed /home/minsuje/ros2_ws/build/dsr_bringup2
[1.582s] running symlink_data
[1.606s] Invoked command in '/home/minsuje/ros2_ws/build/dsr_bringup2' returned '0': CMAKE_PREFIX_PATH=/home/minsuje/ros2_ws/install/dsr_msgs2:/home/minsuje/ros2_ws/install/od_msg:/home/minsuje/ros2_ws/install/my_interfaces:/home/minsuje/ros2_ws/install/dsr_realtime_control:/home/minsuje/ros2_ws/install/dsr_controller2:/home/minsuje/ros2_ws/install/dsr_moveit_config_p3020:/home/minsuje/ros2_ws/install/dsr_moveit_config_m1509:/home/minsuje/ros2_ws/install/dsr_moveit_config_m1013:/home/minsuje/ros2_ws/install/dsr_moveit_config_m0617:/home/minsuje/ros2_ws/install/dsr_moveit_config_m0609:/home/minsuje/ros2_ws/install/dsr_moveit_config_h2515:/home/minsuje/ros2_ws/install/dsr_moveit_config_h2017:/home/minsuje/ros2_ws/install/dsr_moveit_config_e0509:/home/minsuje/ros2_ws/install/dsr_moveit_config_a0912:/home/minsuje/ros2_ws/install/dsr_moveit_config_a0509:/home/minsuje/ros2_ws/install/dsr_hardware2:/home/minsuje/ros2_ws/install/dsr_gazebo2:/home/minsuje/ros2_ws/install/dsr_description2:/home/minsuje/ros2_ws/install/dsr_common2:/home/minsuje/ros2_ws/install/custom_pkg_srv_test:/home/minsuje/ros2_ws/install/custom_msgs LD_LIBRARY_PATH=/home/minsuje/ros2_ws/install/dsr_msgs2/lib:/home/minsuje/ros2_ws/install/od_msg/lib:/home/minsuje/ros2_ws/install/my_interfaces/lib:/home/minsuje/ros2_ws/install/dsr_controller2/lib:/home/minsuje/ros2_ws/install/dsr_hardware2/lib:/home/minsuje/ros2_ws/install/custom_pkg_srv_test/lib:/home/minsuje/ros2_ws/install/custom_msgs/lib:/usr/lib/x86_64-linux-gnu/gazebo-11/plugins:/opt/ros/humble/opt/rviz_ogre_vendor/lib:/opt/ros/humble/lib/x86_64-linux-gnu:/opt/ros/humble/lib PYTHONPATH=/home/minsuje/ros2_ws/build/dsr_bringup2/prefix_override:/usr/lib/python3/dist-packages/colcon_core/task/python/colcon_distutils_commands:/home/minsuje/ros2_ws/install/dsr_bringup2/lib/python3.10/site-packages:${PYTHONPATH} /usr/bin/python3 -W ignore:setup.py install is deprecated -W ignore:easy_install command is deprecated setup.py develop --editable --build-directory /home/minsuje/ros2_ws/build/dsr_bringup2/build --no-deps symlink_data
