[2.520s] Invoking command in '/home/minsuje/turtlebot3_ws/build/turtlebot3_autorace_mission': PYTHONPATH=/home/minsuje/turtlebot3_ws/build/turtlebot3_autorace_mission/prefix_override:/usr/lib/python3/dist-packages/colcon_core/task/python/colcon_distutils_commands:/home/minsuje/turtlebot3_ws/install/turtlebot3_autorace_mission/lib/python3.10/site-packages:${PYTHONPATH} /usr/bin/python3 -W ignore:setup.py install is deprecated -W ignore:easy_install command is deprecated setup.py develop --editable --build-directory /home/minsuje/turtlebot3_ws/build/turtlebot3_autorace_mission/build --no-deps symlink_data
[2.943s] running develop
[3.295s] running egg_info
[3.296s] creating turtlebot3_autorace_mission.egg-info
[3.296s] writing turtlebot3_autorace_mission.egg-info/PKG-INFO
[3.296s] writing dependency_links to turtlebot3_autorace_mission.egg-info/dependency_links.txt
[3.296s] writing entry points to turtlebot3_autorace_mission.egg-info/entry_points.txt
[3.296s] writing requirements to turtlebot3_autorace_mission.egg-info/requires.txt
[3.296s] writing top-level names to turtlebot3_autorace_mission.egg-info/top_level.txt
[3.297s] writing manifest file 'turtlebot3_autorace_mission.egg-info/SOURCES.txt'
[3.310s] reading manifest file 'turtlebot3_autorace_mission.egg-info/SOURCES.txt'
[3.310s] writing manifest file 'turtlebot3_autorace_mission.egg-info/SOURCES.txt'
[3.372s] running build_ext
[3.372s] Creating /home/minsuje/turtlebot3_ws/install/turtlebot3_autorace_mission/lib/python3.10/site-packages/turtlebot3-autorace-mission.egg-link (link to .)
[3.372s] Installing avoid_construction script to /home/minsuje/turtlebot3_ws/install/turtlebot3_autorace_mission/lib/turtlebot3_autorace_mission
[3.373s] Installing control_lane script to /home/minsuje/turtlebot3_ws/install/turtlebot3_autorace_mission/lib/turtlebot3_autorace_mission
[3.373s] Installing mission_tunnel script to /home/minsuje/turtlebot3_ws/install/turtlebot3_autorace_mission/lib/turtlebot3_autorace_mission
[3.373s] Installing traffic_light script to /home/minsuje/turtlebot3_ws/install/turtlebot3_autorace_mission/lib/turtlebot3_autorace_mission
[3.373s] 
[3.373s] Installed /home/minsuje/turtlebot3_ws/build/turtlebot3_autorace_mission
[3.373s] running symlink_data
[3.373s] creating /home/minsuje/turtlebot3_ws/install/turtlebot3_autorace_mission/share/ament_index
[3.373s] creating /home/minsuje/turtlebot3_ws/install/turtlebot3_autorace_mission/share/ament_index/resource_index
[3.373s] creating /home/minsuje/turtlebot3_ws/install/turtlebot3_autorace_mission/share/ament_index/resource_index/packages
[3.373s] symbolically linking /home/minsuje/turtlebot3_ws/build/turtlebot3_autorace_mission/resource/turtlebot3_autorace_mission -> /home/minsuje/turtlebot3_ws/install/turtlebot3_autorace_mission/share/ament_index/resource_index/packages
[3.373s] symbolically linking /home/minsuje/turtlebot3_ws/build/turtlebot3_autorace_mission/package.xml -> /home/minsuje/turtlebot3_ws/install/turtlebot3_autorace_mission/share/turtlebot3_autorace_mission
[3.373s] creating /home/minsuje/turtlebot3_ws/install/turtlebot3_autorace_mission/share/turtlebot3_autorace_mission/launch
[3.373s] symbolically linking /home/minsuje/turtlebot3_ws/build/turtlebot3_autorace_mission/launch/mission_construction.launch.py -> /home/minsuje/turtlebot3_ws/install/turtlebot3_autorace_mission/share/turtlebot3_autorace_mission/launch
[3.373s] symbolically linking /home/minsuje/turtlebot3_ws/build/turtlebot3_autorace_mission/launch/mission_tunnel.launch.py -> /home/minsuje/turtlebot3_ws/install/turtlebot3_autorace_mission/share/turtlebot3_autorace_mission/launch
[3.373s] symbolically linking /home/minsuje/turtlebot3_ws/build/turtlebot3_autorace_mission/launch/control_lane.launch.py -> /home/minsuje/turtlebot3_ws/install/turtlebot3_autorace_mission/share/turtlebot3_autorace_mission/launch
[3.373s] creating /home/minsuje/turtlebot3_ws/install/turtlebot3_autorace_mission/share/turtlebot3_autorace_mission/param
[3.373s] symbolically linking /home/minsuje/turtlebot3_ws/build/turtlebot3_autorace_mission/param/navigation.yaml -> /home/minsuje/turtlebot3_ws/install/turtlebot3_autorace_mission/share/turtlebot3_autorace_mission/param
[3.373s] creating /home/minsuje/turtlebot3_ws/install/turtlebot3_autorace_mission/share/turtlebot3_autorace_mission/map
[3.373s] symbolically linking /home/minsuje/turtlebot3_ws/build/turtlebot3_autorace_mission/map/map.yaml -> /home/minsuje/turtlebot3_ws/install/turtlebot3_autorace_mission/share/turtlebot3_autorace_mission/map
[3.373s] symbolically linking /home/minsuje/turtlebot3_ws/build/turtlebot3_autorace_mission/map/map.pgm -> /home/minsuje/turtlebot3_ws/install/turtlebot3_autorace_mission/share/turtlebot3_autorace_mission/map
[3.463s] Invoked command in '/home/minsuje/turtlebot3_ws/build/turtlebot3_autorace_mission' returned '0': PYTHONPATH=/home/minsuje/turtlebot3_ws/build/turtlebot3_autorace_mission/prefix_override:/usr/lib/python3/dist-packages/colcon_core/task/python/colcon_distutils_commands:/home/minsuje/turtlebot3_ws/install/turtlebot3_autorace_mission/lib/python3.10/site-packages:${PYTHONPATH} /usr/bin/python3 -W ignore:setup.py install is deprecated -W ignore:easy_install command is deprecated setup.py develop --editable --build-directory /home/minsuje/turtlebot3_ws/build/turtlebot3_autorace_mission/build --no-deps symlink_data
