[0.667s] Invoking command in '/home/minsuje/ros2_ws/build/my_service_pkg': AMENT_PREFIX_PATH=/home/minsuje/ros2_ws/install/my_interfaces:${AMENT_PREFIX_PATH} CMAKE_PREFIX_PATH=/home/minsuje/ros2_ws/install/my_interfaces LD_LIBRARY_PATH=/home/minsuje/ros2_ws/install/my_interfaces/lib:${LD_LIBRARY_PATH} PYTHONPATH=/home/minsuje/ros2_ws/build/my_service_pkg/prefix_override:/usr/lib/python3/dist-packages/colcon_core/task/python/colcon_distutils_commands:/home/minsuje/ros2_ws/install/my_service_pkg/lib/python3.10/site-packages:/home/minsuje/ros2_ws/install/my_interfaces/local/lib/python3.10/dist-packages:${PYTHONPATH} /usr/bin/python3 -W ignore:setup.py install is deprecated -W ignore:easy_install command is deprecated setup.py develop --editable --build-directory /home/minsuje/ros2_ws/build/my_service_pkg/build --no-deps symlink_data
[0.914s] running develop
[1.121s] running egg_info
[1.121s] creating my_service_pkg.egg-info
[1.122s] writing my_service_pkg.egg-info/PKG-INFO
[1.122s] writing dependency_links to my_service_pkg.egg-info/dependency_links.txt
[1.122s] writing entry points to my_service_pkg.egg-info/entry_points.txt
[1.122s] writing requirements to my_service_pkg.egg-info/requires.txt
[1.122s] writing top-level names to my_service_pkg.egg-info/top_level.txt
[1.122s] writing manifest file 'my_service_pkg.egg-info/SOURCES.txt'
[1.124s] reading manifest file 'my_service_pkg.egg-info/SOURCES.txt'
[1.124s] writing manifest file 'my_service_pkg.egg-info/SOURCES.txt'
[1.157s] running build_ext
[1.157s] Creating /home/minsuje/ros2_ws/install/my_service_pkg/lib/python3.10/site-packages/my-service-pkg.egg-link (link to .)
[1.157s] Installing add_three_ints_client script to /home/minsuje/ros2_ws/install/my_service_pkg/lib/my_service_pkg
[1.157s] Installing add_three_ints_server script to /home/minsuje/ros2_ws/install/my_service_pkg/lib/my_service_pkg
[1.158s] 
[1.158s] Installed /home/minsuje/ros2_ws/build/my_service_pkg
[1.158s] running symlink_data
[1.158s] creating /home/minsuje/ros2_ws/install/my_service_pkg/share/ament_index
[1.158s] creating /home/minsuje/ros2_ws/install/my_service_pkg/share/ament_index/resource_index
[1.158s] creating /home/minsuje/ros2_ws/install/my_service_pkg/share/ament_index/resource_index/packages
[1.159s] symbolically linking /home/minsuje/ros2_ws/build/my_service_pkg/resource/my_service_pkg -> /home/minsuje/ros2_ws/install/my_service_pkg/share/ament_index/resource_index/packages
[1.159s] symbolically linking /home/minsuje/ros2_ws/build/my_service_pkg/package.xml -> /home/minsuje/ros2_ws/install/my_service_pkg/share/my_service_pkg
[1.191s] Invoked command in '/home/minsuje/ros2_ws/build/my_service_pkg' returned '0': AMENT_PREFIX_PATH=/home/minsuje/ros2_ws/install/my_interfaces:${AMENT_PREFIX_PATH} CMAKE_PREFIX_PATH=/home/minsuje/ros2_ws/install/my_interfaces LD_LIBRARY_PATH=/home/minsuje/ros2_ws/install/my_interfaces/lib:${LD_LIBRARY_PATH} PYTHONPATH=/home/minsuje/ros2_ws/build/my_service_pkg/prefix_override:/usr/lib/python3/dist-packages/colcon_core/task/python/colcon_distutils_commands:/home/minsuje/ros2_ws/install/my_service_pkg/lib/python3.10/site-packages:/home/minsuje/ros2_ws/install/my_interfaces/local/lib/python3.10/dist-packages:${PYTHONPATH} /usr/bin/python3 -W ignore:setup.py install is deprecated -W ignore:easy_install command is deprecated setup.py develop --editable --build-directory /home/minsuje/ros2_ws/build/my_service_pkg/build --no-deps symlink_data
