[0.054s] Invoking command in '/home/minsuje/ros2_ws/build/custom_msgs': CMAKE_PREFIX_PATH=/home/minsuje/ros2_ws/install/rokey:/home/minsuje/ros2_ws/install/pick_and_place_voice:/home/minsuje/ros2_ws/install/pick_and_place_text:/home/minsuje/ros2_ws/install/my_service_pkg:/home/minsuje/ros2_ws/install/dsr_visualservoing:/home/minsuje/ros2_ws/install/dsr_tests:/home/minsuje/ros2_ws/install/dsr_bringup2:/home/minsuje/ros2_ws/install/dsr_example:/opt/ros/humble:${CMAKE_PREFIX_PATH} /usr/bin/cmake --build /home/minsuje/ros2_ws/build/custom_msgs -- -j32 -l32
[0.945s] [  3%] Built target custom_msgs__cpp
[0.945s] [ 12%] Built target custom_msgs__rosidl_generator_c
[0.946s] [ 12%] Built target ament_cmake_python_symlink_custom_msgs
[0.946s] [ 22%] Built target custom_msgs__rosidl_typesupport_cpp
[0.946s] [ 32%] Built target custom_msgs__rosidl_typesupport_fastrtps_cpp
[0.946s] [ 41%] Built target custom_msgs__rosidl_typesupport_introspection_cpp
[0.947s] [ 51%] Built target custom_msgs__rosidl_typesupport_introspection_c
[0.947s] [ 61%] Built target custom_msgs__rosidl_typesupport_c
[0.947s] [ 70%] Built target custom_msgs__rosidl_typesupport_fastrtps_c
[0.948s] [ 70%] Built target custom_msgs
[0.948s] [ 74%] Built target custom_msgs__py
[0.949s] [ 80%] Built target custom_msgs__rosidl_generator_py
[0.949s] [ 87%] Built target custom_msgs__rosidl_typesupport_introspection_c__pyext
[0.949s] [100%] Built target custom_msgs__rosidl_typesupport_c__pyext
[0.949s] [100%] Built target custom_msgs__rosidl_typesupport_fastrtps_c__pyext
[0.949s] running egg_info
[0.949s] writing custom_msgs.egg-info/PKG-INFO
[0.949s] writing dependency_links to custom_msgs.egg-info/dependency_links.txt
[0.949s] writing top-level names to custom_msgs.egg-info/top_level.txt
[0.949s] reading manifest file 'custom_msgs.egg-info/SOURCES.txt'
[0.949s] writing manifest file 'custom_msgs.egg-info/SOURCES.txt'
[0.949s] [100%] Built target ament_cmake_python_build_custom_msgs_egg
[0.973s] Invoked command in '/home/minsuje/ros2_ws/build/custom_msgs' returned '0': CMAKE_PREFIX_PATH=/home/minsuje/ros2_ws/install/rokey:/home/minsuje/ros2_ws/install/pick_and_place_voice:/home/minsuje/ros2_ws/install/pick_and_place_text:/home/minsuje/ros2_ws/install/my_service_pkg:/home/minsuje/ros2_ws/install/dsr_visualservoing:/home/minsuje/ros2_ws/install/dsr_tests:/home/minsuje/ros2_ws/install/dsr_bringup2:/home/minsuje/ros2_ws/install/dsr_example:/opt/ros/humble:${CMAKE_PREFIX_PATH} /usr/bin/cmake --build /home/minsuje/ros2_ws/build/custom_msgs -- -j32 -l32
[0.974s] Invoking command in '/home/minsuje/ros2_ws/build/custom_msgs': CMAKE_PREFIX_PATH=/home/minsuje/ros2_ws/install/rokey:/home/minsuje/ros2_ws/install/pick_and_place_voice:/home/minsuje/ros2_ws/install/pick_and_place_text:/home/minsuje/ros2_ws/install/my_service_pkg:/home/minsuje/ros2_ws/install/dsr_visualservoing:/home/minsuje/ros2_ws/install/dsr_tests:/home/minsuje/ros2_ws/install/dsr_bringup2:/home/minsuje/ros2_ws/install/dsr_example:/opt/ros/humble:${CMAKE_PREFIX_PATH} /usr/bin/cmake --install /home/minsuje/ros2_ws/build/custom_msgs
[1.035s] -- Install configuration: ""
[1.035s] -- Execute custom install script
[1.035s] -- Up-to-date symlink: /home/minsuje/ros2_ws/install/custom_msgs/share/ament_index/resource_index/rosidl_interfaces/custom_msgs
[1.035s] -- Up-to-date symlink: /home/minsuje/ros2_ws/install/custom_msgs/include/custom_msgs/custom_msgs/msg/detail/order_info__functions.h
[1.035s] -- Up-to-date symlink: /home/minsuje/ros2_ws/install/custom_msgs/include/custom_msgs/custom_msgs/msg/detail/order_info__struct.h
[1.035s] -- Up-to-date symlink: /home/minsuje/ros2_ws/install/custom_msgs/include/custom_msgs/custom_msgs/msg/detail/order_info__type_support.h
[1.035s] -- Up-to-date symlink: /home/minsuje/ros2_ws/install/custom_msgs/include/custom_msgs/custom_msgs/msg/order_info.h
[1.035s] -- Up-to-date symlink: /home/minsuje/ros2_ws/install/custom_msgs/include/custom_msgs/custom_msgs/msg/rosidl_generator_c__visibility_control.h
[1.035s] -- Up-to-date symlink: /home/minsuje/ros2_ws/install/custom_msgs/share/custom_msgs/environment/library_path.sh
[1.035s] -- Up-to-date symlink: /home/minsuje/ros2_ws/install/custom_msgs/share/custom_msgs/environment/library_path.dsv
[1.035s] -- Up-to-date symlink: /home/minsuje/ros2_ws/install/custom_msgs/include/custom_msgs/custom_msgs/msg/detail/order_info__rosidl_typesupport_fastrtps_c.h
[1.035s] -- Up-to-date symlink: /home/minsuje/ros2_ws/install/custom_msgs/include/custom_msgs/custom_msgs/msg/rosidl_typesupport_fastrtps_c__visibility_control.h
[1.036s] -- Up-to-date symlink: /home/minsuje/ros2_ws/install/custom_msgs/include/custom_msgs/custom_msgs/msg/detail/order_info__builder.hpp
[1.036s] -- Up-to-date symlink: /home/minsuje/ros2_ws/install/custom_msgs/include/custom_msgs/custom_msgs/msg/detail/order_info__struct.hpp
[1.036s] -- Up-to-date symlink: /home/minsuje/ros2_ws/install/custom_msgs/include/custom_msgs/custom_msgs/msg/detail/order_info__traits.hpp
[1.036s] -- Up-to-date symlink: /home/minsuje/ros2_ws/install/custom_msgs/include/custom_msgs/custom_msgs/msg/detail/order_info__type_support.hpp
[1.036s] -- Up-to-date symlink: /home/minsuje/ros2_ws/install/custom_msgs/include/custom_msgs/custom_msgs/msg/order_info.hpp
[1.036s] -- Up-to-date symlink: /home/minsuje/ros2_ws/install/custom_msgs/include/custom_msgs/custom_msgs/msg/rosidl_generator_cpp__visibility_control.hpp
[1.036s] -- Up-to-date symlink: /home/minsuje/ros2_ws/install/custom_msgs/include/custom_msgs/custom_msgs/msg/detail/order_info__rosidl_typesupport_fastrtps_cpp.hpp
[1.036s] -- Up-to-date symlink: /home/minsuje/ros2_ws/install/custom_msgs/include/custom_msgs/custom_msgs/msg/rosidl_typesupport_fastrtps_cpp__visibility_control.h
[1.036s] -- Up-to-date symlink: /home/minsuje/ros2_ws/install/custom_msgs/include/custom_msgs/custom_msgs/msg/detail/order_info__rosidl_typesupport_introspection_c.h
[1.036s] -- Up-to-date symlink: /home/minsuje/ros2_ws/install/custom_msgs/include/custom_msgs/custom_msgs/msg/rosidl_typesupport_introspection_c__visibility_control.h
[1.036s] -- Up-to-date symlink: /home/minsuje/ros2_ws/install/custom_msgs/include/custom_msgs/custom_msgs/msg/detail/order_info__rosidl_typesupport_introspection_cpp.hpp
[1.036s] -- Up-to-date symlink: /home/minsuje/ros2_ws/install/custom_msgs/share/custom_msgs/environment/pythonpath.sh
[1.036s] -- Up-to-date symlink: /home/minsuje/ros2_ws/install/custom_msgs/share/custom_msgs/environment/pythonpath.dsv
[1.036s] -- Up-to-date symlink: /home/minsuje/ros2_ws/install/custom_msgs/local/lib/python3.10/dist-packages/custom_msgs-0.0.0-py3.10.egg-info/PKG-INFO
[1.036s] -- Up-to-date symlink: /home/minsuje/ros2_ws/install/custom_msgs/local/lib/python3.10/dist-packages/custom_msgs-0.0.0-py3.10.egg-info/SOURCES.txt
[1.036s] -- Up-to-date symlink: /home/minsuje/ros2_ws/install/custom_msgs/local/lib/python3.10/dist-packages/custom_msgs-0.0.0-py3.10.egg-info/dependency_links.txt
[1.036s] -- Up-to-date symlink: /home/minsuje/ros2_ws/install/custom_msgs/local/lib/python3.10/dist-packages/custom_msgs-0.0.0-py3.10.egg-info/top_level.txt
[1.036s] -- Up-to-date symlink: /home/minsuje/ros2_ws/install/custom_msgs/local/lib/python3.10/dist-packages/custom_msgs/__init__.py
[1.036s] -- Up-to-date symlink: /home/minsuje/ros2_ws/install/custom_msgs/local/lib/python3.10/dist-packages/custom_msgs/_custom_msgs_s.ep.rosidl_typesupport_c.c
[1.036s] -- Up-to-date symlink: /home/minsuje/ros2_ws/install/custom_msgs/local/lib/python3.10/dist-packages/custom_msgs/_custom_msgs_s.ep.rosidl_typesupport_fastrtps_c.c
[1.036s] -- Up-to-date symlink: /home/minsuje/ros2_ws/install/custom_msgs/local/lib/python3.10/dist-packages/custom_msgs/_custom_msgs_s.ep.rosidl_typesupport_introspection_c.c
[1.036s] -- Up-to-date symlink: /home/minsuje/ros2_ws/install/custom_msgs/local/lib/python3.10/dist-packages/custom_msgs/custom_msgs_s__rosidl_typesupport_c.cpython-310-x86_64-linux-gnu.so
[1.036s] -- Up-to-date symlink: /home/minsuje/ros2_ws/install/custom_msgs/local/lib/python3.10/dist-packages/custom_msgs/custom_msgs_s__rosidl_typesupport_fastrtps_c.cpython-310-x86_64-linux-gnu.so
[1.036s] -- Up-to-date symlink: /home/minsuje/ros2_ws/install/custom_msgs/local/lib/python3.10/dist-packages/custom_msgs/custom_msgs_s__rosidl_typesupport_introspection_c.cpython-310-x86_64-linux-gnu.so
[1.036s] -- Up-to-date symlink: /home/minsuje/ros2_ws/install/custom_msgs/local/lib/python3.10/dist-packages/custom_msgs/libcustom_msgs__rosidl_generator_py.so
[1.036s] -- Up-to-date symlink: /home/minsuje/ros2_ws/install/custom_msgs/local/lib/python3.10/dist-packages/custom_msgs/msg/__init__.py
[1.037s] -- Up-to-date symlink: /home/minsuje/ros2_ws/install/custom_msgs/local/lib/python3.10/dist-packages/custom_msgs/msg/_order_info.py
[1.037s] -- Up-to-date symlink: /home/minsuje/ros2_ws/install/custom_msgs/local/lib/python3.10/dist-packages/custom_msgs/msg/_order_info_s.c
[1.037s] -- Up-to-date symlink: /home/minsuje/ros2_ws/install/custom_msgs/local/lib/python3.10/dist-packages/custom_msgs/custom_msgs_s__rosidl_typesupport_fastrtps_c.cpython-310-x86_64-linux-gnu.so
[1.037s] -- Up-to-date symlink: /home/minsuje/ros2_ws/install/custom_msgs/local/lib/python3.10/dist-packages/custom_msgs/custom_msgs_s__rosidl_typesupport_introspection_c.cpython-310-x86_64-linux-gnu.so
[1.037s] -- Up-to-date symlink: /home/minsuje/ros2_ws/install/custom_msgs/local/lib/python3.10/dist-packages/custom_msgs/custom_msgs_s__rosidl_typesupport_c.cpython-310-x86_64-linux-gnu.so
[1.037s] -- Up-to-date symlink: /home/minsuje/ros2_ws/install/custom_msgs/share/custom_msgs/msg/OrderInfo.idl
[1.037s] -- Up-to-date symlink: /home/minsuje/ros2_ws/install/custom_msgs/share/custom_msgs/msg/OrderInfo.msg
[1.037s] -- Up-to-date symlink: /home/minsuje/ros2_ws/install/custom_msgs/share/ament_index/resource_index/package_run_dependencies/custom_msgs
[1.037s] -- Up-to-date symlink: /home/minsuje/ros2_ws/install/custom_msgs/share/ament_index/resource_index/parent_prefix_path/custom_msgs
[1.037s] -- Up-to-date symlink: /home/minsuje/ros2_ws/install/custom_msgs/share/custom_msgs/environment/ament_prefix_path.sh
[1.037s] -- Up-to-date symlink: /home/minsuje/ros2_ws/install/custom_msgs/share/custom_msgs/environment/ament_prefix_path.dsv
[1.037s] -- Up-to-date symlink: /home/minsuje/ros2_ws/install/custom_msgs/share/custom_msgs/environment/path.sh
[1.037s] -- Up-to-date symlink: /home/minsuje/ros2_ws/install/custom_msgs/share/custom_msgs/environment/path.dsv
[1.037s] -- Up-to-date symlink: /home/minsuje/ros2_ws/install/custom_msgs/share/custom_msgs/local_setup.bash
[1.037s] -- Up-to-date symlink: /home/minsuje/ros2_ws/install/custom_msgs/share/custom_msgs/local_setup.sh
[1.037s] -- Up-to-date symlink: /home/minsuje/ros2_ws/install/custom_msgs/share/custom_msgs/local_setup.zsh
[1.037s] -- Up-to-date symlink: /home/minsuje/ros2_ws/install/custom_msgs/share/custom_msgs/local_setup.dsv
[1.037s] -- Symlinking: /home/minsuje/ros2_ws/install/custom_msgs/share/custom_msgs/package.dsv
[1.044s] -- Up-to-date symlink: /home/minsuje/ros2_ws/install/custom_msgs/share/ament_index/resource_index/packages/custom_msgs
[1.044s] -- Up-to-date symlink: /home/minsuje/ros2_ws/install/custom_msgs/share/custom_msgs/cmake/rosidl_cmake-extras.cmake
[1.044s] -- Up-to-date symlink: /home/minsuje/ros2_ws/install/custom_msgs/share/custom_msgs/cmake/ament_cmake_export_dependencies-extras.cmake
[1.044s] -- Up-to-date symlink: /home/minsuje/ros2_ws/install/custom_msgs/share/custom_msgs/cmake/ament_cmake_export_include_directories-extras.cmake
[1.045s] -- Up-to-date symlink: /home/minsuje/ros2_ws/install/custom_msgs/share/custom_msgs/cmake/ament_cmake_export_libraries-extras.cmake
[1.045s] -- Up-to-date symlink: /home/minsuje/ros2_ws/install/custom_msgs/share/custom_msgs/cmake/ament_cmake_export_targets-extras.cmake
[1.045s] -- Up-to-date symlink: /home/minsuje/ros2_ws/install/custom_msgs/share/custom_msgs/cmake/rosidl_cmake_export_typesupport_targets-extras.cmake
[1.045s] -- Up-to-date symlink: /home/minsuje/ros2_ws/install/custom_msgs/share/custom_msgs/cmake/rosidl_cmake_export_typesupport_libraries-extras.cmake
[1.045s] -- Up-to-date symlink: /home/minsuje/ros2_ws/install/custom_msgs/share/custom_msgs/cmake/custom_msgsConfig.cmake
[1.046s] -- Up-to-date symlink: /home/minsuje/ros2_ws/install/custom_msgs/share/custom_msgs/cmake/custom_msgsConfig-version.cmake
[1.046s] -- Up-to-date symlink: /home/minsuje/ros2_ws/install/custom_msgs/share/custom_msgs/package.xml
[1.046s] -- Up-to-date: /home/minsuje/ros2_ws/install/custom_msgs/lib/libcustom_msgs__rosidl_generator_c.so
[1.046s] -- Up-to-date: /home/minsuje/ros2_ws/install/custom_msgs/lib/libcustom_msgs__rosidl_typesupport_fastrtps_c.so
[1.046s] -- Up-to-date: /home/minsuje/ros2_ws/install/custom_msgs/lib/libcustom_msgs__rosidl_typesupport_fastrtps_cpp.so
[1.046s] -- Up-to-date: /home/minsuje/ros2_ws/install/custom_msgs/lib/libcustom_msgs__rosidl_typesupport_introspection_c.so
[1.047s] -- Up-to-date: /home/minsuje/ros2_ws/install/custom_msgs/lib/libcustom_msgs__rosidl_typesupport_c.so
[1.047s] -- Up-to-date: /home/minsuje/ros2_ws/install/custom_msgs/lib/libcustom_msgs__rosidl_typesupport_introspection_cpp.so
[1.048s] -- Up-to-date: /home/minsuje/ros2_ws/install/custom_msgs/lib/libcustom_msgs__rosidl_typesupport_cpp.so
[1.081s] Listing '/home/minsuje/ros2_ws/install/custom_msgs/local/lib/python3.10/dist-packages/custom_msgs'...
[1.081s] Listing '/home/minsuje/ros2_ws/install/custom_msgs/local/lib/python3.10/dist-packages/custom_msgs/msg'...
[1.082s] -- Up-to-date: /home/minsuje/ros2_ws/install/custom_msgs/lib/libcustom_msgs__rosidl_generator_py.so
[1.082s] -- Up-to-date: /home/minsuje/ros2_ws/install/custom_msgs/share/custom_msgs/cmake/export_custom_msgs__rosidl_generator_cExport.cmake
[1.082s] -- Up-to-date: /home/minsuje/ros2_ws/install/custom_msgs/share/custom_msgs/cmake/export_custom_msgs__rosidl_generator_cExport-noconfig.cmake
[1.082s] -- Up-to-date: /home/minsuje/ros2_ws/install/custom_msgs/share/custom_msgs/cmake/export_custom_msgs__rosidl_typesupport_fastrtps_cExport.cmake
[1.082s] -- Up-to-date: /home/minsuje/ros2_ws/install/custom_msgs/share/custom_msgs/cmake/export_custom_msgs__rosidl_typesupport_fastrtps_cExport-noconfig.cmake
[1.082s] -- Up-to-date: /home/minsuje/ros2_ws/install/custom_msgs/share/custom_msgs/cmake/export_custom_msgs__rosidl_generator_cppExport.cmake
[1.083s] -- Up-to-date: /home/minsuje/ros2_ws/install/custom_msgs/share/custom_msgs/cmake/export_custom_msgs__rosidl_typesupport_fastrtps_cppExport.cmake
[1.083s] -- Up-to-date: /home/minsuje/ros2_ws/install/custom_msgs/share/custom_msgs/cmake/export_custom_msgs__rosidl_typesupport_fastrtps_cppExport-noconfig.cmake
[1.083s] -- Up-to-date: /home/minsuje/ros2_ws/install/custom_msgs/share/custom_msgs/cmake/custom_msgs__rosidl_typesupport_introspection_cExport.cmake
[1.083s] -- Up-to-date: /home/minsuje/ros2_ws/install/custom_msgs/share/custom_msgs/cmake/custom_msgs__rosidl_typesupport_introspection_cExport-noconfig.cmake
[1.085s] -- Up-to-date: /home/minsuje/ros2_ws/install/custom_msgs/share/custom_msgs/cmake/custom_msgs__rosidl_typesupport_cExport.cmake
[1.085s] -- Up-to-date: /home/minsuje/ros2_ws/install/custom_msgs/share/custom_msgs/cmake/custom_msgs__rosidl_typesupport_cExport-noconfig.cmake
[1.085s] -- Up-to-date: /home/minsuje/ros2_ws/install/custom_msgs/share/custom_msgs/cmake/custom_msgs__rosidl_typesupport_introspection_cppExport.cmake
[1.085s] -- Up-to-date: /home/minsuje/ros2_ws/install/custom_msgs/share/custom_msgs/cmake/custom_msgs__rosidl_typesupport_introspection_cppExport-noconfig.cmake
[1.085s] -- Up-to-date: /home/minsuje/ros2_ws/install/custom_msgs/share/custom_msgs/cmake/custom_msgs__rosidl_typesupport_cppExport.cmake
[1.085s] -- Up-to-date: /home/minsuje/ros2_ws/install/custom_msgs/share/custom_msgs/cmake/custom_msgs__rosidl_typesupport_cppExport-noconfig.cmake
[1.085s] -- Up-to-date: /home/minsuje/ros2_ws/install/custom_msgs/share/custom_msgs/cmake/export_custom_msgs__rosidl_generator_pyExport.cmake
[1.085s] -- Up-to-date: /home/minsuje/ros2_ws/install/custom_msgs/share/custom_msgs/cmake/export_custom_msgs__rosidl_generator_pyExport-noconfig.cmake
[1.318s] Invoked command in '/home/minsuje/ros2_ws/build/custom_msgs' returned '0': CMAKE_PREFIX_PATH=/home/minsuje/ros2_ws/install/rokey:/home/minsuje/ros2_ws/install/pick_and_place_voice:/home/minsuje/ros2_ws/install/pick_and_place_text:/home/minsuje/ros2_ws/install/my_service_pkg:/home/minsuje/ros2_ws/install/dsr_visualservoing:/home/minsuje/ros2_ws/install/dsr_tests:/home/minsuje/ros2_ws/install/dsr_bringup2:/home/minsuje/ros2_ws/install/dsr_example:/opt/ros/humble:${CMAKE_PREFIX_PATH} /usr/bin/cmake --install /home/minsuje/ros2_ws/build/custom_msgs
