[0.184s] Invoking command in '/home/minsuje/ros2_ws/build/dsr_realtime_control': AMENT_PREFIX_PATH=/home/minsuje/ros2_ws/install/dsr_msgs2:${AMENT_PREFIX_PATH} CMAKE_PREFIX_PATH=/home/minsuje/ros2_ws/install/dsr_msgs2:/opt/ros/humble LD_LIBRARY_PATH=/home/minsuje/ros2_ws/install/dsr_msgs2/lib:${LD_LIBRARY_PATH} PYTHONPATH=/home/minsuje/ros2_ws/install/dsr_msgs2/local/lib/python3.10/dist-packages:${PYTHONPATH} /usr/bin/cmake /home/minsuje/ros2_ws/src/DoosanBootcamp3rd/dsr_example2/dsr_realtime_control -DAMENT_CMAKE_SYMLINK_INSTALL=1 -DCMAKE_INSTALL_PREFIX=/home/minsuje/ros2_ws/install/dsr_realtime_control
[0.217s] -- The C compiler identification is GNU 11.4.0
[0.249s] -- The CXX compiler identification is GNU 11.4.0
[0.253s] -- Detecting C compiler ABI info
[0.303s] -- Detecting C compiler ABI info - done
[0.307s] -- Check for working C compiler: /usr/bin/cc - skipped
[0.307s] -- Detecting C compile features
[0.307s] -- Detecting C compile features - done
[0.309s] -- Detecting CXX compiler ABI info
[0.359s] -- Detecting CXX compiler ABI info - done
[0.363s] -- Check for working CXX compiler: /usr/bin/c++ - skipped
[0.363s] -- Detecting CXX compile features
[0.363s] -- Detecting CXX compile features - done
[0.365s] -- Found ament_cmake: 1.3.11 (/opt/ros/humble/share/ament_cmake/cmake)
[0.474s] -- Found Python3: /usr/bin/python3 (found version "3.10.12") found components: Interpreter 
[0.513s] -- Override CMake install command with custom implementation using symlinks instead of copying resources
[0.542s] -- Found rclcpp: 16.0.12 (/opt/ros/humble/share/rclcpp/cmake)
[0.570s] -- Found rosidl_generator_c: 3.1.6 (/opt/ros/humble/share/rosidl_generator_c/cmake)
[0.573s] -- Found rosidl_adapter: 3.1.6 (/opt/ros/humble/share/rosidl_adapter/cmake)
[0.579s] -- Found rosidl_generator_cpp: 3.1.6 (/opt/ros/humble/share/rosidl_generator_cpp/cmake)
[0.586s] -- Using all available rosidl_typesupport_c: rosidl_typesupport_fastrtps_c;rosidl_typesupport_introspection_c
[0.597s] -- Using all available rosidl_typesupport_cpp: rosidl_typesupport_fastrtps_cpp;rosidl_typesupport_introspection_cpp
[0.629s] -- Found rmw_implementation_cmake: 6.1.2 (/opt/ros/humble/share/rmw_implementation_cmake/cmake)
[0.631s] -- Found rmw_fastrtps_cpp: 6.2.7 (/opt/ros/humble/share/rmw_fastrtps_cpp/cmake)
[0.700s] -- Found OpenSSL: /usr/lib/x86_64-linux-gnu/libcrypto.so (found version "3.0.2")  
[0.727s] -- Found FastRTPS: /opt/ros/humble/include  
[0.758s] -- Using RMW implementation 'rmw_fastrtps_cpp' as default
[0.764s] -- Looking for pthread.h
[0.824s] -- Looking for pthread.h - found
[0.825s] -- Performing Test CMAKE_HAVE_LIBC_PTHREAD
[0.891s] -- Performing Test CMAKE_HAVE_LIBC_PTHREAD - Success
[0.892s] -- Found Threads: TRUE  
[0.930s] -- Found example_interfaces: 0.9.3 (/opt/ros/humble/share/example_interfaces/cmake)
[0.963s] -- Found dsr_msgs2: 1.1.0 (/home/minsuje/ros2_ws/install/dsr_msgs2/share/dsr_msgs2/cmake)
[1.035s] -- Configuring done
[1.046s] -- Generating done
[1.051s] -- Build files have been written to: /home/minsuje/ros2_ws/build/dsr_realtime_control
[1.058s] Invoked command in '/home/minsuje/ros2_ws/build/dsr_realtime_control' returned '0': AMENT_PREFIX_PATH=/home/minsuje/ros2_ws/install/dsr_msgs2:${AMENT_PREFIX_PATH} CMAKE_PREFIX_PATH=/home/minsuje/ros2_ws/install/dsr_msgs2:/opt/ros/humble LD_LIBRARY_PATH=/home/minsuje/ros2_ws/install/dsr_msgs2/lib:${LD_LIBRARY_PATH} PYTHONPATH=/home/minsuje/ros2_ws/install/dsr_msgs2/local/lib/python3.10/dist-packages:${PYTHONPATH} /usr/bin/cmake /home/minsuje/ros2_ws/src/DoosanBootcamp3rd/dsr_example2/dsr_realtime_control -DAMENT_CMAKE_SYMLINK_INSTALL=1 -DCMAKE_INSTALL_PREFIX=/home/minsuje/ros2_ws/install/dsr_realtime_control
[1.060s] Invoking command in '/home/minsuje/ros2_ws/build/dsr_realtime_control': AMENT_PREFIX_PATH=/home/minsuje/ros2_ws/install/dsr_msgs2:${AMENT_PREFIX_PATH} CMAKE_PREFIX_PATH=/home/minsuje/ros2_ws/install/dsr_msgs2:/opt/ros/humble LD_LIBRARY_PATH=/home/minsuje/ros2_ws/install/dsr_msgs2/lib:${LD_LIBRARY_PATH} PYTHONPATH=/home/minsuje/ros2_ws/install/dsr_msgs2/local/lib/python3.10/dist-packages:${PYTHONPATH} /usr/bin/cmake --build /home/minsuje/ros2_ws/build/dsr_realtime_control -- -j32 -l32
[1.106s] [ 50%] [32mBuilding CXX object CMakeFiles/rt_shutdown.dir/src/rt_shutdown.cpp.o[0m
[1.106s] [ 50%] [32mBuilding CXX object CMakeFiles/rt_init.dir/src/rt_init.cpp.o[0m
[1.106s] [ 50%] [32mBuilding CXX object CMakeFiles/dsr_realtime_api.dir/src/realtime_api.cpp.o[0m
[1.106s] [ 50%] [32mBuilding CXX object CMakeFiles/dsr_realtime_control.dir/src/realtime_control.cpp.o[0m
[3.477s] [ 62%] [32m[1mLinking CXX executable rt_shutdown[0m
[3.517s] [ 75%] [32m[1mLinking CXX executable dsr_realtime_api[0m
[3.604s] [ 75%] Built target rt_shutdown
[3.661s] [ 75%] Built target dsr_realtime_api
[3.801s] [ 87%] [32m[1mLinking CXX executable rt_init[0m
[3.924s] [ 87%] Built target rt_init
[4.738s] [100%] [32m[1mLinking CXX executable dsr_realtime_control[0m
[4.933s] [100%] Built target dsr_realtime_control
[4.939s] Invoked command in '/home/minsuje/ros2_ws/build/dsr_realtime_control' returned '0': AMENT_PREFIX_PATH=/home/minsuje/ros2_ws/install/dsr_msgs2:${AMENT_PREFIX_PATH} CMAKE_PREFIX_PATH=/home/minsuje/ros2_ws/install/dsr_msgs2:/opt/ros/humble LD_LIBRARY_PATH=/home/minsuje/ros2_ws/install/dsr_msgs2/lib:${LD_LIBRARY_PATH} PYTHONPATH=/home/minsuje/ros2_ws/install/dsr_msgs2/local/lib/python3.10/dist-packages:${PYTHONPATH} /usr/bin/cmake --build /home/minsuje/ros2_ws/build/dsr_realtime_control -- -j32 -l32
[4.940s] Invoking command in '/home/minsuje/ros2_ws/build/dsr_realtime_control': AMENT_PREFIX_PATH=/home/minsuje/ros2_ws/install/dsr_msgs2:${AMENT_PREFIX_PATH} CMAKE_PREFIX_PATH=/home/minsuje/ros2_ws/install/dsr_msgs2:/opt/ros/humble LD_LIBRARY_PATH=/home/minsuje/ros2_ws/install/dsr_msgs2/lib:${LD_LIBRARY_PATH} PYTHONPATH=/home/minsuje/ros2_ws/install/dsr_msgs2/local/lib/python3.10/dist-packages:${PYTHONPATH} /usr/bin/cmake --install /home/minsuje/ros2_ws/build/dsr_realtime_control
[4.945s] -- Install configuration: ""
[4.945s] -- Execute custom install script
[4.945s] -- Symlinking: /home/minsuje/ros2_ws/install/dsr_realtime_control/lib/dsr_realtime_control/rt_init
[4.952s] -- Symlinking: /home/minsuje/ros2_ws/install/dsr_realtime_control/lib/dsr_realtime_control/dsr_realtime_control
[4.957s] -- Symlinking: /home/minsuje/ros2_ws/install/dsr_realtime_control/lib/dsr_realtime_control/rt_shutdown
[4.962s] -- Symlinking: /home/minsuje/ros2_ws/install/dsr_realtime_control/lib/dsr_realtime_control/dsr_realtime_api
[4.966s] -- Symlinking: /home/minsuje/ros2_ws/install/dsr_realtime_control/include/dsr_realtime_control/dsr_realtime_control/burn_cpu_cycles.hpp
[4.970s] -- Symlinking: /home/minsuje/ros2_ws/install/dsr_realtime_control/include/dsr_realtime_control/dsr_realtime_control/command_line_options.hpp
[4.975s] -- Symlinking: /home/minsuje/ros2_ws/install/dsr_realtime_control/include/dsr_realtime_control/dsr_realtime_control/realtime_api.hpp
[4.980s] -- Symlinking: /home/minsuje/ros2_ws/install/dsr_realtime_control/include/dsr_realtime_control/dsr_realtime_control/realtime_control.hpp
[4.985s] -- Symlinking: /home/minsuje/ros2_ws/install/dsr_realtime_control/include/dsr_realtime_control/dsr_realtime_control/rt_init.hpp
[4.990s] -- Symlinking: /home/minsuje/ros2_ws/install/dsr_realtime_control/include/dsr_realtime_control/dsr_realtime_control/rt_shutdown.hpp
[4.996s] -- Symlinking: /home/minsuje/ros2_ws/install/dsr_realtime_control/include/dsr_realtime_control/dsr_realtime_control/rusage_utils.hpp
[5.001s] -- Symlinking: /home/minsuje/ros2_ws/install/dsr_realtime_control/include/dsr_realtime_control/dsr_realtime_control/sched_utils.hpp
[5.006s] -- Symlinking: /home/minsuje/ros2_ws/install/dsr_realtime_control/share/ament_index/resource_index/package_run_dependencies/dsr_realtime_control
[5.011s] -- Symlinking: /home/minsuje/ros2_ws/install/dsr_realtime_control/share/ament_index/resource_index/parent_prefix_path/dsr_realtime_control
[5.017s] -- Symlinking: /home/minsuje/ros2_ws/install/dsr_realtime_control/share/dsr_realtime_control/environment/ament_prefix_path.sh
[5.022s] -- Symlinking: /home/minsuje/ros2_ws/install/dsr_realtime_control/share/dsr_realtime_control/environment/ament_prefix_path.dsv
[5.027s] -- Symlinking: /home/minsuje/ros2_ws/install/dsr_realtime_control/share/dsr_realtime_control/environment/path.sh
[5.031s] -- Symlinking: /home/minsuje/ros2_ws/install/dsr_realtime_control/share/dsr_realtime_control/environment/path.dsv
[5.035s] -- Symlinking: /home/minsuje/ros2_ws/install/dsr_realtime_control/share/dsr_realtime_control/local_setup.bash
[5.039s] -- Symlinking: /home/minsuje/ros2_ws/install/dsr_realtime_control/share/dsr_realtime_control/local_setup.sh
[5.044s] -- Symlinking: /home/minsuje/ros2_ws/install/dsr_realtime_control/share/dsr_realtime_control/local_setup.zsh
[5.050s] -- Symlinking: /home/minsuje/ros2_ws/install/dsr_realtime_control/share/dsr_realtime_control/local_setup.dsv
[5.056s] -- Symlinking: /home/minsuje/ros2_ws/install/dsr_realtime_control/share/dsr_realtime_control/package.dsv
[5.061s] -- Symlinking: /home/minsuje/ros2_ws/install/dsr_realtime_control/share/ament_index/resource_index/packages/dsr_realtime_control
[5.066s] -- Symlinking: /home/minsuje/ros2_ws/install/dsr_realtime_control/share/dsr_realtime_control/cmake/dsr_realtime_controlConfig.cmake
[5.071s] -- Symlinking: /home/minsuje/ros2_ws/install/dsr_realtime_control/share/dsr_realtime_control/cmake/dsr_realtime_controlConfig-version.cmake
[5.075s] -- Symlinking: /home/minsuje/ros2_ws/install/dsr_realtime_control/share/dsr_realtime_control/package.xml
[5.082s] Invoked command in '/home/minsuje/ros2_ws/build/dsr_realtime_control' returned '0': AMENT_PREFIX_PATH=/home/minsuje/ros2_ws/install/dsr_msgs2:${AMENT_PREFIX_PATH} CMAKE_PREFIX_PATH=/home/minsuje/ros2_ws/install/dsr_msgs2:/opt/ros/humble LD_LIBRARY_PATH=/home/minsuje/ros2_ws/install/dsr_msgs2/lib:${LD_LIBRARY_PATH} PYTHONPATH=/home/minsuje/ros2_ws/install/dsr_msgs2/local/lib/python3.10/dist-packages:${PYTHONPATH} /usr/bin/cmake --install /home/minsuje/ros2_ws/build/dsr_realtime_control
