[ 25%] Built target rt_shutdown
[ 75%] Built target rt_init
[ 75%] Built target dsr_realtime_control
[100%] Built target dsr_realtime_api
-- Install configuration: ""
-- Execute custom install script
-- Up-to-date symlink: /home/minsuje/ros2_ws/install/dsr_realtime_control/lib/dsr_realtime_control/rt_init
-- Up-to-date symlink: /home/minsuje/ros2_ws/install/dsr_realtime_control/lib/dsr_realtime_control/dsr_realtime_control
-- Up-to-date symlink: /home/minsuje/ros2_ws/install/dsr_realtime_control/lib/dsr_realtime_control/rt_shutdown
-- Up-to-date symlink: /home/minsuje/ros2_ws/install/dsr_realtime_control/lib/dsr_realtime_control/dsr_realtime_api
-- Up-to-date symlink: /home/minsuje/ros2_ws/install/dsr_realtime_control/include/dsr_realtime_control/dsr_realtime_control/burn_cpu_cycles.hpp
-- Up-to-date symlink: /home/minsuje/ros2_ws/install/dsr_realtime_control/include/dsr_realtime_control/dsr_realtime_control/command_line_options.hpp
-- Up-to-date symlink: /home/minsuje/ros2_ws/install/dsr_realtime_control/include/dsr_realtime_control/dsr_realtime_control/realtime_api.hpp
-- Up-to-date symlink: /home/minsuje/ros2_ws/install/dsr_realtime_control/include/dsr_realtime_control/dsr_realtime_control/realtime_control.hpp
-- Up-to-date symlink: /home/minsuje/ros2_ws/install/dsr_realtime_control/include/dsr_realtime_control/dsr_realtime_control/rt_init.hpp
-- Up-to-date symlink: /home/minsuje/ros2_ws/install/dsr_realtime_control/include/dsr_realtime_control/dsr_realtime_control/rt_shutdown.hpp
-- Up-to-date symlink: /home/minsuje/ros2_ws/install/dsr_realtime_control/include/dsr_realtime_control/dsr_realtime_control/rusage_utils.hpp
-- Up-to-date symlink: /home/minsuje/ros2_ws/install/dsr_realtime_control/include/dsr_realtime_control/dsr_realtime_control/sched_utils.hpp
-- Up-to-date symlink: /home/minsuje/ros2_ws/install/dsr_realtime_control/share/ament_index/resource_index/package_run_dependencies/dsr_realtime_control
-- Up-to-date symlink: /home/minsuje/ros2_ws/install/dsr_realtime_control/share/ament_index/resource_index/parent_prefix_path/dsr_realtime_control
-- Up-to-date symlink: /home/minsuje/ros2_ws/install/dsr_realtime_control/share/dsr_realtime_control/environment/ament_prefix_path.sh
-- Up-to-date symlink: /home/minsuje/ros2_ws/install/dsr_realtime_control/share/dsr_realtime_control/environment/ament_prefix_path.dsv
-- Up-to-date symlink: /home/minsuje/ros2_ws/install/dsr_realtime_control/share/dsr_realtime_control/environment/path.sh
-- Up-to-date symlink: /home/minsuje/ros2_ws/install/dsr_realtime_control/share/dsr_realtime_control/environment/path.dsv
-- Up-to-date symlink: /home/minsuje/ros2_ws/install/dsr_realtime_control/share/dsr_realtime_control/local_setup.bash
-- Up-to-date symlink: /home/minsuje/ros2_ws/install/dsr_realtime_control/share/dsr_realtime_control/local_setup.sh
-- Up-to-date symlink: /home/minsuje/ros2_ws/install/dsr_realtime_control/share/dsr_realtime_control/local_setup.zsh
-- Up-to-date symlink: /home/minsuje/ros2_ws/install/dsr_realtime_control/share/dsr_realtime_control/local_setup.dsv
-- Symlinking: /home/minsuje/ros2_ws/install/dsr_realtime_control/share/dsr_realtime_control/package.dsv
-- Up-to-date symlink: /home/minsuje/ros2_ws/install/dsr_realtime_control/share/ament_index/resource_index/packages/dsr_realtime_control
-- Up-to-date symlink: /home/minsuje/ros2_ws/install/dsr_realtime_control/share/dsr_realtime_control/cmake/dsr_realtime_controlConfig.cmake
-- Up-to-date symlink: /home/minsuje/ros2_ws/install/dsr_realtime_control/share/dsr_realtime_control/cmake/dsr_realtime_controlConfig-version.cmake
-- Up-to-date symlink: /home/minsuje/ros2_ws/install/dsr_realtime_control/share/dsr_realtime_control/package.xml
