[0.350s] Invoking command in '/home/minsuje/rokey_ws/build/rokey_pjt': PYTHONPATH=/home/minsuje/rokey_ws/build/rokey_pjt/prefix_override:/usr/lib/python3/dist-packages/colcon_core/task/python/colcon_distutils_commands:/home/minsuje/rokey_ws/install/rokey_pjt/lib/python3.10/site-packages:${PYTHONPATH} /usr/bin/python3 -W ignore:setup.py install is deprecated -W ignore:easy_install command is deprecated setup.py develop --editable --build-directory /home/minsuje/rokey_ws/build/rokey_pjt/build --no-deps symlink_data
[0.496s] running develop
[0.597s] running egg_info
[0.597s] writing rokey_pjt.egg-info/PKG-INFO
[0.597s] writing dependency_links to rokey_pjt.egg-info/dependency_links.txt
[0.598s] writing entry points to rokey_pjt.egg-info/entry_points.txt
[0.598s] writing requirements to rokey_pjt.egg-info/requires.txt
[0.598s] writing top-level names to rokey_pjt.egg-info/top_level.txt
[0.598s] reading manifest file 'rokey_pjt.egg-info/SOURCES.txt'
[0.599s] writing manifest file 'rokey_pjt.egg-info/SOURCES.txt'
[0.599s] running build_ext
[0.599s] Creating /home/minsuje/rokey_ws/install/rokey_pjt/lib/python3.10/site-packages/rokey-pjt.egg-link (link to .)
[0.600s] Installing capture_image script to /home/minsuje/rokey_ws/install/rokey_pjt/lib/rokey_pjt
[0.600s] Installing cont_cap_image script to /home/minsuje/rokey_ws/install/rokey_pjt/lib/rokey_pjt
[0.600s] Installing depth_checker script to /home/minsuje/rokey_ws/install/rokey_pjt/lib/rokey_pjt
[0.600s] Installing depth_checker_click script to /home/minsuje/rokey_ws/install/rokey_pjt/lib/rokey_pjt
[0.600s] Installing det_obj script to /home/minsuje/rokey_ws/install/rokey_pjt/lib/rokey_pjt
[0.600s] Installing det_obj_thread script to /home/minsuje/rokey_ws/install/rokey_pjt/lib/rokey_pjt
[0.600s] Installing det_obj_track script to /home/minsuje/rokey_ws/install/rokey_pjt/lib/rokey_pjt
[0.600s] Installing yolo_depth_checker script to /home/minsuje/rokey_ws/install/rokey_pjt/lib/rokey_pjt
[0.600s] 
[0.600s] Installed /home/minsuje/rokey_ws/build/rokey_pjt
[0.600s] running symlink_data
[0.615s] Invoked command in '/home/minsuje/rokey_ws/build/rokey_pjt' returned '0': PYTHONPATH=/home/minsuje/rokey_ws/build/rokey_pjt/prefix_override:/usr/lib/python3/dist-packages/colcon_core/task/python/colcon_distutils_commands:/home/minsuje/rokey_ws/install/rokey_pjt/lib/python3.10/site-packages:${PYTHONPATH} /usr/bin/python3 -W ignore:setup.py install is deprecated -W ignore:easy_install command is deprecated setup.py develop --editable --build-directory /home/minsuje/rokey_ws/build/rokey_pjt/build --no-deps symlink_data
