[0.005s] Invoking command in '/home/minsuje/rokey_ws/build/explore_lite': CMAKE_PREFIX_PATH=${CMAKE_PREFIX_PATH}:/opt/ros/humble /usr/bin/cmake --build /home/minsuje/rokey_ws/build/explore_lite -- -j32 -l32
[0.040s] [ 20%] Built target gtest_main
[0.040s] [ 40%] Built target gtest
[0.047s] [ 80%] Built target explore
[0.062s] [100%] Built target test_explore
[0.075s] Invoked command in '/home/minsuje/rokey_ws/build/explore_lite' returned '0': CMAKE_PREFIX_PATH=${CMAKE_PREFIX_PATH}:/opt/ros/humble /usr/bin/cmake --build /home/minsuje/rokey_ws/build/explore_lite -- -j32 -l32
[0.085s] Invoking command in '/home/minsuje/rokey_ws/build/explore_lite': CMAKE_PREFIX_PATH=${CMAKE_PREFIX_PATH}:/opt/ros/humble /usr/bin/cmake --install /home/minsuje/rokey_ws/build/explore_lite
[0.093s] -- Install configuration: ""
[0.093s] -- Up-to-date: /home/minsuje/rokey_ws/install/explore_lite/include/explore/
[0.093s] -- Up-to-date: /home/minsuje/rokey_ws/install/explore_lite/include/explore//explore.h
[0.093s] -- Up-to-date: /home/minsuje/rokey_ws/install/explore_lite/include/explore//costmap_client.h
[0.094s] -- Up-to-date: /home/minsuje/rokey_ws/install/explore_lite/include/explore//frontier_search.h
[0.094s] -- Up-to-date: /home/minsuje/rokey_ws/install/explore_lite/include/explore//costmap_tools.h
[0.094s] -- Up-to-date: /home/minsuje/rokey_ws/install/explore_lite/share/explore_lite/config
[0.094s] -- Up-to-date: /home/minsuje/rokey_ws/install/explore_lite/share/explore_lite/config/params.yaml
[0.094s] -- Up-to-date: /home/minsuje/rokey_ws/install/explore_lite/share/explore_lite/config/params_costmap.yaml
[0.094s] -- Up-to-date: /home/minsuje/rokey_ws/install/explore_lite/share/explore_lite/launch
[0.094s] -- Up-to-date: /home/minsuje/rokey_ws/install/explore_lite/share/explore_lite/launch/explore.launch.py
[0.094s] -- Up-to-date: /home/minsuje/rokey_ws/install/explore_lite/lib/explore_lite/explore
[0.094s] -- Up-to-date: /home/minsuje/rokey_ws/install/explore_lite/share/ament_index/resource_index/package_run_dependencies/explore_lite
[0.094s] -- Up-to-date: /home/minsuje/rokey_ws/install/explore_lite/share/ament_index/resource_index/parent_prefix_path/explore_lite
[0.094s] -- Up-to-date: /home/minsuje/rokey_ws/install/explore_lite/share/explore_lite/environment/ament_prefix_path.sh
[0.094s] -- Up-to-date: /home/minsuje/rokey_ws/install/explore_lite/share/explore_lite/environment/ament_prefix_path.dsv
[0.094s] -- Up-to-date: /home/minsuje/rokey_ws/install/explore_lite/share/explore_lite/environment/path.sh
[0.094s] -- Up-to-date: /home/minsuje/rokey_ws/install/explore_lite/share/explore_lite/environment/path.dsv
[0.094s] -- Up-to-date: /home/minsuje/rokey_ws/install/explore_lite/share/explore_lite/local_setup.bash
[0.094s] -- Up-to-date: /home/minsuje/rokey_ws/install/explore_lite/share/explore_lite/local_setup.sh
[0.094s] -- Up-to-date: /home/minsuje/rokey_ws/install/explore_lite/share/explore_lite/local_setup.zsh
[0.094s] -- Up-to-date: /home/minsuje/rokey_ws/install/explore_lite/share/explore_lite/local_setup.dsv
[0.094s] -- Installing: /home/minsuje/rokey_ws/install/explore_lite/share/explore_lite/package.dsv
[0.094s] -- Up-to-date: /home/minsuje/rokey_ws/install/explore_lite/share/ament_index/resource_index/packages/explore_lite
[0.094s] -- Up-to-date: /home/minsuje/rokey_ws/install/explore_lite/share/explore_lite/cmake/ament_cmake_export_include_directories-extras.cmake
[0.094s] -- Up-to-date: /home/minsuje/rokey_ws/install/explore_lite/share/explore_lite/cmake/explore_liteConfig.cmake
[0.094s] -- Up-to-date: /home/minsuje/rokey_ws/install/explore_lite/share/explore_lite/cmake/explore_liteConfig-version.cmake
[0.094s] -- Up-to-date: /home/minsuje/rokey_ws/install/explore_lite/share/explore_lite/package.xml
[0.095s] Invoked command in '/home/minsuje/rokey_ws/build/explore_lite' returned '0': CMAKE_PREFIX_PATH=${CMAKE_PREFIX_PATH}:/opt/ros/humble /usr/bin/cmake --install /home/minsuje/rokey_ws/build/explore_lite
