[2.449s] Invoking command in '/home/minsuje/turtlebot3_ws/build/turtlebot3_teleop': PYTHONPATH=/home/minsuje/turtlebot3_ws/build/turtlebot3_teleop/prefix_override:/usr/lib/python3/dist-packages/colcon_core/task/python/colcon_distutils_commands:/home/minsuje/turtlebot3_ws/install/turtlebot3_teleop/lib/python3.10/site-packages:${PYTHONPATH} /usr/bin/python3 -W ignore:setup.py install is deprecated -W ignore:easy_install command is deprecated setup.py develop --editable --build-directory /home/minsuje/turtlebot3_ws/build/turtlebot3_teleop/build --no-deps symlink_data
[2.794s] running develop
[3.145s] running egg_info
[3.145s] creating turtlebot3_teleop.egg-info
[3.145s] writing turtlebot3_teleop.egg-info/PKG-INFO
[3.146s] writing dependency_links to turtlebot3_teleop.egg-info/dependency_links.txt
[3.146s] writing entry points to turtlebot3_teleop.egg-info/entry_points.txt
[3.146s] writing requirements to turtlebot3_teleop.egg-info/requires.txt
[3.147s] writing top-level names to turtlebot3_teleop.egg-info/top_level.txt
[3.150s] writing manifest file 'turtlebot3_teleop.egg-info/SOURCES.txt'
[3.150s] reading manifest file 'turtlebot3_teleop.egg-info/SOURCES.txt'
[3.150s] writing manifest file 'turtlebot3_teleop.egg-info/SOURCES.txt'
[3.192s] running build_ext
[3.192s] Creating /home/minsuje/turtlebot3_ws/install/turtlebot3_teleop/lib/python3.10/site-packages/turtlebot3-teleop.egg-link (link to .)
[3.193s] Installing teleop_keyboard script to /home/minsuje/turtlebot3_ws/install/turtlebot3_teleop/lib/turtlebot3_teleop
[3.193s] 
[3.193s] Installed /home/minsuje/turtlebot3_ws/build/turtlebot3_teleop
[3.193s] running symlink_data
[3.193s] creating /home/minsuje/turtlebot3_ws/install/turtlebot3_teleop/share/ament_index
[3.194s] creating /home/minsuje/turtlebot3_ws/install/turtlebot3_teleop/share/ament_index/resource_index
[3.194s] creating /home/minsuje/turtlebot3_ws/install/turtlebot3_teleop/share/ament_index/resource_index/packages
[3.194s] symbolically linking /home/minsuje/turtlebot3_ws/build/turtlebot3_teleop/resource/turtlebot3_teleop -> /home/minsuje/turtlebot3_ws/install/turtlebot3_teleop/share/ament_index/resource_index/packages
[3.195s] symbolically linking /home/minsuje/turtlebot3_ws/build/turtlebot3_teleop/package.xml -> /home/minsuje/turtlebot3_ws/install/turtlebot3_teleop/share/turtlebot3_teleop
[3.272s] Invoked command in '/home/minsuje/turtlebot3_ws/build/turtlebot3_teleop' returned '0': PYTHONPATH=/home/minsuje/turtlebot3_ws/build/turtlebot3_teleop/prefix_override:/usr/lib/python3/dist-packages/colcon_core/task/python/colcon_distutils_commands:/home/minsuje/turtlebot3_ws/install/turtlebot3_teleop/lib/python3.10/site-packages:${PYTHONPATH} /usr/bin/python3 -W ignore:setup.py install is deprecated -W ignore:easy_install command is deprecated setup.py develop --editable --build-directory /home/minsuje/turtlebot3_ws/build/turtlebot3_teleop/build --no-deps symlink_data
