-- The CXX compiler identification is GNU 11.4.0
-- Detecting CXX compiler ABI info
-- Detecting CXX compiler ABI info - done
-- Check for working CXX compiler: /usr/bin/c++ - skipped
-- Detecting CXX compile features
-- Detecting CXX compile features - done
-- Found ament_cmake: 1.3.11 (/opt/ros/humble/share/ament_cmake/cmake)
-- Found Python3: /usr/bin/python3 (found version "3.10.12") found components: Interpreter 
-- Found forward_command_controller: 2.44.0 (/opt/ros/humble/share/forward_command_controller/cmake)
-- Found rosidl_generator_c: 3.1.6 (/opt/ros/humble/share/rosidl_generator_c/cmake)
-- Found rosidl_adapter: 3.1.6 (/opt/ros/humble/share/rosidl_adapter/cmake)
-- Found rosidl_generator_cpp: 3.1.6 (/opt/ros/humble/share/rosidl_generator_cpp/cmake)
-- Using all available rosidl_typesupport_c: rosidl_typesupport_fastrtps_c;rosidl_typesupport_introspection_c
-- Using all available rosidl_typesupport_cpp: rosidl_typesupport_fastrtps_cpp;rosidl_typesupport_introspection_cpp
-- Found rmw_implementation_cmake: 6.1.2 (/opt/ros/humble/share/rmw_implementation_cmake/cmake)
-- Found rmw_fastrtps_cpp: 6.2.7 (/opt/ros/humble/share/rmw_fastrtps_cpp/cmake)
-- Found OpenSSL: /usr/lib/x86_64-linux-gnu/libcrypto.so (found version "3.0.2")  
-- Found FastRTPS: /opt/ros/humble/include  
-- Using RMW implementation 'rmw_fastrtps_cpp' as default
-- Looking for C++ include pthread.h
-- Looking for C++ include pthread.h - found
-- Performing Test CMAKE_HAVE_LIBC_PTHREAD
-- Performing Test CMAKE_HAVE_LIBC_PTHREAD - Success
-- Found Threads: TRUE  
-- Found dsr_msgs2: 1.1.0 (/home/minsuje/ros2_ws/install/dsr_msgs2/share/dsr_msgs2/cmake)
-- Found moveit_msgs: 2.2.1 (/opt/ros/humble/share/moveit_msgs/cmake)
-- Found dsr_hardware2: 0.0.0 (/home/minsuje/ros2_ws/install/dsr_hardware2/share/dsr_hardware2/cmake)
-- Found eigen3_cmake_module: 0.1.1 (/opt/ros/humble/share/eigen3_cmake_module/cmake)
-- Found Eigen3: TRUE (found version "3.4.0") 
-- Ensuring Eigen3 include directory is part of orocos-kdl CMake target
-- Found rclcpp_components: 16.0.12 (/opt/ros/humble/share/rclcpp_components/cmake)
[0mDRCF_VERSION:2[0m
-- Configuring done
-- Generating done
-- Build files have been written to: /home/minsuje/ros2_ws/build/dsr_controller2
[ 50%] [32mBuilding CXX object CMakeFiles/dsr_controller2.dir/src/dsr_controller2.cpp.o[0m
[ 50%] [32mBuilding CXX object CMakeFiles/dsr_joint_trajectory.dir/src/dsr_joint_trajectory.cpp.o[0m
In file included from [01m[K/home/minsuje/ros2_ws/src/DoosanBootcamInt1/dsr_controller2/include/dsr_controller2/dsr_joint_trajectory.hpp:30[m[K,
                 from [01m[K/home/minsuje/ros2_ws/src/DoosanBootcamInt1/dsr_controller2/src/dsr_joint_trajectory.cpp:10[m[K:
[01m[K/opt/ros/humble/include/realtime_tools/realtime_tools/realtime_buffer.h:22:100:[m[K [01;36m[Knote: [m[K‘[01m[K#pragma message: This header include is deprecated. Please update your code to use 'realtime_buffer.hpp' header.[m[K’
   22 |   "This header include is deprecated. Please update your code to use 'realtime_buffer.hpp' header."[01;36m[K)[m[K  //NOLINT
      |                                                                                                    [01;36m[K^[m[K
In file included from [01m[K/home/minsuje/ros2_ws/src/DoosanBootcamInt1/dsr_controller2/include/dsr_controller2/dsr_controller2.hpp:28[m[K,
                 from [01m[K/home/minsuje/ros2_ws/src/DoosanBootcamInt1/dsr_controller2/src/dsr_controller2.cpp:10[m[K:
[01m[K/opt/ros/humble/include/realtime_tools/realtime_tools/realtime_buffer.h:22:100:[m[K [01;36m[Knote: [m[K‘[01m[K#pragma message: This header include is deprecated. Please update your code to use 'realtime_buffer.hpp' header.[m[K’
   22 | lease update your code to use 'realtime_buffer.hpp' header."[01;36m[K)[m[K  //NOLINT
      |                                                             [01;36m[K^[m[K

[01m[K/home/minsuje/ros2_ws/src/DoosanBootcamInt1/dsr_controller2/src/dsr_controller2.cpp:[m[K In lambda function:
[01m[K/home/minsuje/ros2_ws/src/DoosanBootcamInt1/dsr_controller2/src/dsr_controller2.cpp:375:15:[m[K [01;35m[Kwarning: [m[KISO C++ forbids variable length array ‘[01m[Kposb[m[K’ [[01;35m[K]8;;https://gcc.gnu.org/onlinedocs/gcc/Warning-Options.html#index-Wvla-Wvla]8;;[m[K]
  375 |     MOVE_POSB [01;35m[Kposb[m[K[req->pos_cnt];
      |               [01;35m[K^~~~[m[K
[ 75%] [32m[1mLinking CXX shared library libdsr_joint_trajectory.so[0m
[ 75%] Built target dsr_joint_trajectory
[01m[K/home/minsuje/ros2_ws/src/DoosanBootcamInt1/dsr_controller2/src/dsr_controller2.cpp:[m[K In member function ‘[01m[Kvirtual controller_interface::CallbackReturn dsr_controller2::RobotController::on_activate(const rclcpp_lifecycle::State&)[m[K’:
[01m[K/home/minsuje/ros2_ws/src/DoosanBootcamInt1/dsr_controller2/src/dsr_controller2.cpp:2123:9:[m[K [01;35m[Kwarning: [m[K‘[01m[Kvoid* memset(void*, int, size_t)[m[K’ clearing an object of type ‘[01m[Kstruct DR_STATE[m[K’ with no trivial copy-assignment; use assignment or value-initialization instead [[01;35m[K]8;;https://gcc.gnu.org/onlinedocs/gcc/Warning-Options.html#index-Wclass-memaccess-Wclass-memaccess]8;;[m[K]
 2123 |   [01;35m[Kmemset(&g_stDrState, 0x00, sizeof(DR_STATE))[m[K;
      |   [01;35m[K~~~~~~^~~~~~~~~~~~~~~~~~~~~~~~~~~~~~~~~~~~~~[m[K
In file included from [01m[K/home/minsuje/ros2_ws/src/DoosanBootcamInt1/dsr_controller2/src/dsr_controller2.cpp:10[m[K:
[01m[K/home/minsuje/ros2_ws/src/DoosanBootcamInt1/dsr_controller2/include/dsr_controller2/dsr_controller2.hpp:384:16:[m[K [01;36m[Knote: [m[K‘[01m[Kstruct DR_STATE[m[K’ declared here
  384 | typedef struct [01;36m[K{[m[K
      |                [01;36m[K^[m[K
[100%] [32m[1mLinking CXX shared library libdsr_controller2.so[0m
[100%] Built target dsr_controller2
-- Install configuration: ""
-- Installing: /home/minsuje/ros2_ws/install/dsr_controller2/share/dsr_controller2/dsr_controller2_plugins.xml
-- Installing: /home/minsuje/ros2_ws/install/dsr_controller2/share/dsr_controller2/dsr_joint_trajectory_plugin.xml
-- Installing: /home/minsuje/ros2_ws/install/dsr_controller2/include/dsr_controller2
-- Installing: /home/minsuje/ros2_ws/install/dsr_controller2/include/dsr_controller2/dsr_controller2
-- Installing: /home/minsuje/ros2_ws/install/dsr_controller2/include/dsr_controller2/dsr_controller2/visibility_control.h
-- Installing: /home/minsuje/ros2_ws/install/dsr_controller2/include/dsr_controller2/dsr_controller2/dsr_controller2.hpp
-- Installing: /home/minsuje/ros2_ws/install/dsr_controller2/include/dsr_controller2/dsr_controller2/dsr_joint_trajectory.hpp
-- Installing: /home/minsuje/ros2_ws/install/dsr_controller2/share/dsr_controller2/config
-- Installing: /home/minsuje/ros2_ws/install/dsr_controller2/share/dsr_controller2/config/default.yaml
-- Installing: /home/minsuje/ros2_ws/install/dsr_controller2/share/dsr_controller2/config/dsr_controller2_ex.yaml
-- Installing: /home/minsuje/ros2_ws/install/dsr_controller2/share/dsr_controller2/config/console.conf
-- Installing: /home/minsuje/ros2_ws/install/dsr_controller2/share/dsr_controller2/config/dsr_controller2.yaml
-- Installing: /home/minsuje/ros2_ws/install/dsr_controller2/share/dsr_controller2/config/dsr_controller2_gz_p3020.yaml
-- Installing: /home/minsuje/ros2_ws/install/dsr_controller2/share/dsr_controller2/config/dsr_controller2_p3020.yaml
-- Installing: /home/minsuje/ros2_ws/install/dsr_controller2/share/dsr_controller2/config/dsr_controller2_gz.yaml
-- Installing: /home/minsuje/ros2_ws/install/dsr_controller2/share/dsr_controller2/launch
-- Installing: /home/minsuje/ros2_ws/install/dsr_controller2/share/dsr_controller2/launch/dsr_control2.launch.py
-- Installing: /home/minsuje/ros2_ws/install/dsr_controller2/share/dsr_controller2/launch/dsr_moveit2.launch.py
-- Installing: /home/minsuje/ros2_ws/install/dsr_controller2/share/dsr_controller2/launch/dsr_controller2.launch.py
-- Installing: /home/minsuje/ros2_ws/install/dsr_controller2/lib/libdsr_controller2.so
-- Set runtime path of "/home/minsuje/ros2_ws/install/dsr_controller2/lib/libdsr_controller2.so" to ""
-- Installing: /home/minsuje/ros2_ws/install/dsr_controller2/lib/libdsr_joint_trajectory.so
-- Set runtime path of "/home/minsuje/ros2_ws/install/dsr_controller2/lib/libdsr_joint_trajectory.so" to ""
-- Installing: /home/minsuje/ros2_ws/install/dsr_controller2/share/dsr_controller2/environment/library_path.sh
-- Installing: /home/minsuje/ros2_ws/install/dsr_controller2/share/dsr_controller2/environment/library_path.dsv
-- Installing: /home/minsuje/ros2_ws/install/dsr_controller2/share/ament_index/resource_index/package_run_dependencies/dsr_controller2
-- Installing: /home/minsuje/ros2_ws/install/dsr_controller2/share/ament_index/resource_index/parent_prefix_path/dsr_controller2
-- Installing: /home/minsuje/ros2_ws/install/dsr_controller2/share/dsr_controller2/environment/ament_prefix_path.sh
-- Installing: /home/minsuje/ros2_ws/install/dsr_controller2/share/dsr_controller2/environment/ament_prefix_path.dsv
-- Installing: /home/minsuje/ros2_ws/install/dsr_controller2/share/dsr_controller2/environment/path.sh
-- Installing: /home/minsuje/ros2_ws/install/dsr_controller2/share/dsr_controller2/environment/path.dsv
-- Installing: /home/minsuje/ros2_ws/install/dsr_controller2/share/dsr_controller2/local_setup.bash
-- Installing: /home/minsuje/ros2_ws/install/dsr_controller2/share/dsr_controller2/local_setup.sh
-- Installing: /home/minsuje/ros2_ws/install/dsr_controller2/share/dsr_controller2/local_setup.zsh
-- Installing: /home/minsuje/ros2_ws/install/dsr_controller2/share/dsr_controller2/local_setup.dsv
-- Installing: /home/minsuje/ros2_ws/install/dsr_controller2/share/dsr_controller2/package.dsv
-- Installing: /home/minsuje/ros2_ws/install/dsr_controller2/share/ament_index/resource_index/packages/dsr_controller2
-- Installing: /home/minsuje/ros2_ws/install/dsr_controller2/share/ament_index/resource_index/controller_interface__pluginlib__plugin/dsr_controller2
-- Installing: /home/minsuje/ros2_ws/install/dsr_controller2/share/dsr_controller2/cmake/export_dsr_controller2Export.cmake
-- Installing: /home/minsuje/ros2_ws/install/dsr_controller2/share/dsr_controller2/cmake/export_dsr_controller2Export-noconfig.cmake
-- Installing: /home/minsuje/ros2_ws/install/dsr_controller2/share/dsr_controller2/cmake/export_dsr_joint_trajectoryExport.cmake
-- Installing: /home/minsuje/ros2_ws/install/dsr_controller2/share/dsr_controller2/cmake/export_dsr_joint_trajectoryExport-noconfig.cmake
-- Installing: /home/minsuje/ros2_ws/install/dsr_controller2/share/dsr_controller2/cmake/ament_cmake_export_targets-extras.cmake
-- Installing: /home/minsuje/ros2_ws/install/dsr_controller2/share/dsr_controller2/cmake/ament_cmake_export_dependencies-extras.cmake
-- Installing: /home/minsuje/ros2_ws/install/dsr_controller2/share/dsr_controller2/cmake/dsr_controller2Config.cmake
-- Installing: /home/minsuje/ros2_ws/install/dsr_controller2/share/dsr_controller2/cmake/dsr_controller2Config-version.cmake
-- Installing: /home/minsuje/ros2_ws/install/dsr_controller2/share/dsr_controller2/package.xml
