[0.008s] Invoking command in '/home/minsuje/ros2_ws/build/dsr_controller2': AMENT_PREFIX_PATH=/home/minsuje/ros2_ws/install/dsr_hardware2:/home/minsuje/ros2_ws/install/dsr_msgs2:${AMENT_PREFIX_PATH} CMAKE_PREFIX_PATH=/home/minsuje/ros2_ws/install/dsr_hardware2:/home/minsuje/ros2_ws/install/dsr_msgs2:/opt/ros/humble LD_LIBRARY_PATH=/home/minsuje/ros2_ws/install/dsr_hardware2/lib:/home/minsuje/ros2_ws/install/dsr_msgs2/lib:${LD_LIBRARY_PATH} PYTHONPATH=/home/minsuje/ros2_ws/install/dsr_msgs2/local/lib/python3.10/dist-packages:${PYTHONPATH} /usr/bin/cmake /home/minsuje/ros2_ws/src/DoosanBootcamInt1/dsr_controller2 -DCMAKE_INSTALL_PREFIX=/home/minsuje/ros2_ws/install/dsr_controller2
[0.046s] -- The CXX compiler identification is GNU 11.4.0
[0.050s] -- Detecting CXX compiler ABI info
[0.097s] -- Detecting CXX compiler ABI info - done
[0.101s] -- Check for working CXX compiler: /usr/bin/c++ - skipped
[0.101s] -- Detecting CXX compile features
[0.102s] -- Detecting CXX compile features - done
[0.103s] -- Found ament_cmake: 1.3.11 (/opt/ros/humble/share/ament_cmake/cmake)
[0.186s] -- Found Python3: /usr/bin/python3 (found version "3.10.12") found components: Interpreter 
[0.236s] -- Found forward_command_controller: 2.44.0 (/opt/ros/humble/share/forward_command_controller/cmake)
[0.266s] -- Found rosidl_generator_c: 3.1.6 (/opt/ros/humble/share/rosidl_generator_c/cmake)
[0.269s] -- Found rosidl_adapter: 3.1.6 (/opt/ros/humble/share/rosidl_adapter/cmake)
[0.274s] -- Found rosidl_generator_cpp: 3.1.6 (/opt/ros/humble/share/rosidl_generator_cpp/cmake)
[0.281s] -- Using all available rosidl_typesupport_c: rosidl_typesupport_fastrtps_c;rosidl_typesupport_introspection_c
[0.289s] -- Using all available rosidl_typesupport_cpp: rosidl_typesupport_fastrtps_cpp;rosidl_typesupport_introspection_cpp
[0.312s] -- Found rmw_implementation_cmake: 6.1.2 (/opt/ros/humble/share/rmw_implementation_cmake/cmake)
[0.314s] -- Found rmw_fastrtps_cpp: 6.2.7 (/opt/ros/humble/share/rmw_fastrtps_cpp/cmake)
[0.368s] -- Found OpenSSL: /usr/lib/x86_64-linux-gnu/libcrypto.so (found version "3.0.2")  
[0.385s] -- Found FastRTPS: /opt/ros/humble/include  
[0.409s] -- Using RMW implementation 'rmw_fastrtps_cpp' as default
[0.413s] -- Looking for C++ include pthread.h
[0.477s] -- Looking for C++ include pthread.h - found
[0.477s] -- Performing Test CMAKE_HAVE_LIBC_PTHREAD
[0.541s] -- Performing Test CMAKE_HAVE_LIBC_PTHREAD - Success
[0.541s] -- Found Threads: TRUE  
[0.679s] -- Found dsr_msgs2: 1.1.0 (/home/minsuje/ros2_ws/install/dsr_msgs2/share/dsr_msgs2/cmake)
[0.687s] -- Found moveit_msgs: 2.2.1 (/opt/ros/humble/share/moveit_msgs/cmake)
[0.731s] -- Found dsr_hardware2: 0.0.0 (/home/minsuje/ros2_ws/install/dsr_hardware2/share/dsr_hardware2/cmake)
[0.757s] -- Found eigen3_cmake_module: 0.1.1 (/opt/ros/humble/share/eigen3_cmake_module/cmake)
[0.758s] -- Found Eigen3: TRUE (found version "3.4.0") 
[0.758s] -- Ensuring Eigen3 include directory is part of orocos-kdl CMake target
[0.764s] -- Found rclcpp_components: 16.0.12 (/opt/ros/humble/share/rclcpp_components/cmake)
[0.780s] [0mDRCF_VERSION:2[0m
[0.828s] -- Configuring done
[0.858s] -- Generating done
[0.863s] -- Build files have been written to: /home/minsuje/ros2_ws/build/dsr_controller2
[0.870s] Invoked command in '/home/minsuje/ros2_ws/build/dsr_controller2' returned '0': AMENT_PREFIX_PATH=/home/minsuje/ros2_ws/install/dsr_hardware2:/home/minsuje/ros2_ws/install/dsr_msgs2:${AMENT_PREFIX_PATH} CMAKE_PREFIX_PATH=/home/minsuje/ros2_ws/install/dsr_hardware2:/home/minsuje/ros2_ws/install/dsr_msgs2:/opt/ros/humble LD_LIBRARY_PATH=/home/minsuje/ros2_ws/install/dsr_hardware2/lib:/home/minsuje/ros2_ws/install/dsr_msgs2/lib:${LD_LIBRARY_PATH} PYTHONPATH=/home/minsuje/ros2_ws/install/dsr_msgs2/local/lib/python3.10/dist-packages:${PYTHONPATH} /usr/bin/cmake /home/minsuje/ros2_ws/src/DoosanBootcamInt1/dsr_controller2 -DCMAKE_INSTALL_PREFIX=/home/minsuje/ros2_ws/install/dsr_controller2
[0.871s] Invoking command in '/home/minsuje/ros2_ws/build/dsr_controller2': AMENT_PREFIX_PATH=/home/minsuje/ros2_ws/install/dsr_hardware2:/home/minsuje/ros2_ws/install/dsr_msgs2:${AMENT_PREFIX_PATH} CMAKE_PREFIX_PATH=/home/minsuje/ros2_ws/install/dsr_hardware2:/home/minsuje/ros2_ws/install/dsr_msgs2:/opt/ros/humble LD_LIBRARY_PATH=/home/minsuje/ros2_ws/install/dsr_hardware2/lib:/home/minsuje/ros2_ws/install/dsr_msgs2/lib:${LD_LIBRARY_PATH} PYTHONPATH=/home/minsuje/ros2_ws/install/dsr_msgs2/local/lib/python3.10/dist-packages:${PYTHONPATH} /usr/bin/cmake --build /home/minsuje/ros2_ws/build/dsr_controller2 -- -j32 -l32
[0.906s] [ 50%] [32mBuilding CXX object CMakeFiles/dsr_controller2.dir/src/dsr_controller2.cpp.o[0m
[0.906s] [ 50%] [32mBuilding CXX object CMakeFiles/dsr_joint_trajectory.dir/src/dsr_joint_trajectory.cpp.o[0m
[2.163s] In file included from [01m[K/home/minsuje/ros2_ws/src/DoosanBootcamInt1/dsr_controller2/include/dsr_controller2/dsr_joint_trajectory.hpp:30[m[K,
[2.163s]                  from [01m[K/home/minsuje/ros2_ws/src/DoosanBootcamInt1/dsr_controller2/src/dsr_joint_trajectory.cpp:10[m[K:
[2.163s] [01m[K/opt/ros/humble/include/realtime_tools/realtime_tools/realtime_buffer.h:22:100:[m[K [01;36m[Knote: [m[K‘[01m[K#pragma message: This header include is deprecated. Please update your code to use 'realtime_buffer.hpp' header.[m[K’
[2.163s]    22 |   "This header include is deprecated. Please update your code to use 'realtime_buffer.hpp' header."[01;36m[K)[m[K  //NOLINT
[2.163s]       |                                                                                                    [01;36m[K^[m[K
[2.170s] In file included from [01m[K/home/minsuje/ros2_ws/src/DoosanBootcamInt1/dsr_controller2/include/dsr_controller2/dsr_controller2.hpp:28[m[K,
[2.170s]                  from [01m[K/home/minsuje/ros2_ws/src/DoosanBootcamInt1/dsr_controller2/src/dsr_controller2.cpp:10[m[K:
[2.170s] [01m[K/opt/ros/humble/include/realtime_tools/realtime_tools/realtime_buffer.h:22:100:[m[K [01;36m[Knote: [m[K‘[01m[K#pragma message: This header include is deprecated. Please update your code to use 'realtime_buffer.hpp' header.[m[K’
[2.170s]    22 | lease update your code to use 'realtime_buffer.hpp' header."[01;36m[K)[m[K  //NOLINT
[2.170s]       |                                                             [01;36m[K^[m[K
[2.170s] 
[5.153s] [01m[K/home/minsuje/ros2_ws/src/DoosanBootcamInt1/dsr_controller2/src/dsr_controller2.cpp:[m[K In lambda function:
[5.153s] [01m[K/home/minsuje/ros2_ws/src/DoosanBootcamInt1/dsr_controller2/src/dsr_controller2.cpp:375:15:[m[K [01;35m[Kwarning: [m[KISO C++ forbids variable length array ‘[01m[Kposb[m[K’ [[01;35m[K]8;;https://gcc.gnu.org/onlinedocs/gcc/Warning-Options.html#index-Wvla-Wvla]8;;[m[K]
[5.153s]   375 |     MOVE_POSB [01;35m[Kposb[m[K[req->pos_cnt];
[5.153s]       |               [01;35m[K^~~~[m[K
[5.217s] [ 75%] [32m[1mLinking CXX shared library libdsr_joint_trajectory.so[0m
[5.572s] [ 75%] Built target dsr_joint_trajectory
[5.634s] [01m[K/home/minsuje/ros2_ws/src/DoosanBootcamInt1/dsr_controller2/src/dsr_controller2.cpp:[m[K In member function ‘[01m[Kvirtual controller_interface::CallbackReturn dsr_controller2::RobotController::on_activate(const rclcpp_lifecycle::State&)[m[K’:
[5.634s] [01m[K/home/minsuje/ros2_ws/src/DoosanBootcamInt1/dsr_controller2/src/dsr_controller2.cpp:2123:9:[m[K [01;35m[Kwarning: [m[K‘[01m[Kvoid* memset(void*, int, size_t)[m[K’ clearing an object of type ‘[01m[Kstruct DR_STATE[m[K’ with no trivial copy-assignment; use assignment or value-initialization instead [[01;35m[K]8;;https://gcc.gnu.org/onlinedocs/gcc/Warning-Options.html#index-Wclass-memaccess-Wclass-memaccess]8;;[m[K]
[5.634s]  2123 |   [01;35m[Kmemset(&g_stDrState, 0x00, sizeof(DR_STATE))[m[K;
[5.634s]       |   [01;35m[K~~~~~~^~~~~~~~~~~~~~~~~~~~~~~~~~~~~~~~~~~~~~[m[K
[5.634s] In file included from [01m[K/home/minsuje/ros2_ws/src/DoosanBootcamInt1/dsr_controller2/src/dsr_controller2.cpp:10[m[K:
[5.634s] [01m[K/home/minsuje/ros2_ws/src/DoosanBootcamInt1/dsr_controller2/include/dsr_controller2/dsr_controller2.hpp:384:16:[m[K [01;36m[Knote: [m[K‘[01m[Kstruct DR_STATE[m[K’ declared here
[5.634s]   384 | typedef struct [01;36m[K{[m[K
[5.634s]       |                [01;36m[K^[m[K
[49.364s] [100%] [32m[1mLinking CXX shared library libdsr_controller2.so[0m
[55.578s] [100%] Built target dsr_controller2
[55.585s] Invoked command in '/home/minsuje/ros2_ws/build/dsr_controller2' returned '0': AMENT_PREFIX_PATH=/home/minsuje/ros2_ws/install/dsr_hardware2:/home/minsuje/ros2_ws/install/dsr_msgs2:${AMENT_PREFIX_PATH} CMAKE_PREFIX_PATH=/home/minsuje/ros2_ws/install/dsr_hardware2:/home/minsuje/ros2_ws/install/dsr_msgs2:/opt/ros/humble LD_LIBRARY_PATH=/home/minsuje/ros2_ws/install/dsr_hardware2/lib:/home/minsuje/ros2_ws/install/dsr_msgs2/lib:${LD_LIBRARY_PATH} PYTHONPATH=/home/minsuje/ros2_ws/install/dsr_msgs2/local/lib/python3.10/dist-packages:${PYTHONPATH} /usr/bin/cmake --build /home/minsuje/ros2_ws/build/dsr_controller2 -- -j32 -l32
[55.586s] Invoking command in '/home/minsuje/ros2_ws/build/dsr_controller2': AMENT_PREFIX_PATH=/home/minsuje/ros2_ws/install/dsr_hardware2:/home/minsuje/ros2_ws/install/dsr_msgs2:${AMENT_PREFIX_PATH} CMAKE_PREFIX_PATH=/home/minsuje/ros2_ws/install/dsr_hardware2:/home/minsuje/ros2_ws/install/dsr_msgs2:/opt/ros/humble LD_LIBRARY_PATH=/home/minsuje/ros2_ws/install/dsr_hardware2/lib:/home/minsuje/ros2_ws/install/dsr_msgs2/lib:${LD_LIBRARY_PATH} PYTHONPATH=/home/minsuje/ros2_ws/install/dsr_msgs2/local/lib/python3.10/dist-packages:${PYTHONPATH} /usr/bin/cmake --install /home/minsuje/ros2_ws/build/dsr_controller2
[55.591s] -- Install configuration: ""
[55.591s] -- Installing: /home/minsuje/ros2_ws/install/dsr_controller2/share/dsr_controller2/dsr_controller2_plugins.xml
[55.591s] -- Installing: /home/minsuje/ros2_ws/install/dsr_controller2/share/dsr_controller2/dsr_joint_trajectory_plugin.xml
[55.591s] -- Installing: /home/minsuje/ros2_ws/install/dsr_controller2/include/dsr_controller2
[55.591s] -- Installing: /home/minsuje/ros2_ws/install/dsr_controller2/include/dsr_controller2/dsr_controller2
[55.591s] -- Installing: /home/minsuje/ros2_ws/install/dsr_controller2/include/dsr_controller2/dsr_controller2/visibility_control.h
[55.591s] -- Installing: /home/minsuje/ros2_ws/install/dsr_controller2/include/dsr_controller2/dsr_controller2/dsr_controller2.hpp
[55.591s] -- Installing: /home/minsuje/ros2_ws/install/dsr_controller2/include/dsr_controller2/dsr_controller2/dsr_joint_trajectory.hpp
[55.591s] -- Installing: /home/minsuje/ros2_ws/install/dsr_controller2/share/dsr_controller2/config
[55.591s] -- Installing: /home/minsuje/ros2_ws/install/dsr_controller2/share/dsr_controller2/config/default.yaml
[55.591s] -- Installing: /home/minsuje/ros2_ws/install/dsr_controller2/share/dsr_controller2/config/dsr_controller2_ex.yaml
[55.591s] -- Installing: /home/minsuje/ros2_ws/install/dsr_controller2/share/dsr_controller2/config/console.conf
[55.591s] -- Installing: /home/minsuje/ros2_ws/install/dsr_controller2/share/dsr_controller2/config/dsr_controller2.yaml
[55.591s] -- Installing: /home/minsuje/ros2_ws/install/dsr_controller2/share/dsr_controller2/config/dsr_controller2_gz_p3020.yaml
[55.591s] -- Installing: /home/minsuje/ros2_ws/install/dsr_controller2/share/dsr_controller2/config/dsr_controller2_p3020.yaml
[55.591s] -- Installing: /home/minsuje/ros2_ws/install/dsr_controller2/share/dsr_controller2/config/dsr_controller2_gz.yaml
[55.591s] -- Installing: /home/minsuje/ros2_ws/install/dsr_controller2/share/dsr_controller2/launch
[55.591s] -- Installing: /home/minsuje/ros2_ws/install/dsr_controller2/share/dsr_controller2/launch/dsr_control2.launch.py
[55.591s] -- Installing: /home/minsuje/ros2_ws/install/dsr_controller2/share/dsr_controller2/launch/dsr_moveit2.launch.py
[55.591s] -- Installing: /home/minsuje/ros2_ws/install/dsr_controller2/share/dsr_controller2/launch/dsr_controller2.launch.py
[55.591s] -- Installing: /home/minsuje/ros2_ws/install/dsr_controller2/lib/libdsr_controller2.so
[55.629s] -- Set runtime path of "/home/minsuje/ros2_ws/install/dsr_controller2/lib/libdsr_controller2.so" to ""
[55.629s] -- Installing: /home/minsuje/ros2_ws/install/dsr_controller2/lib/libdsr_joint_trajectory.so
[55.631s] -- Set runtime path of "/home/minsuje/ros2_ws/install/dsr_controller2/lib/libdsr_joint_trajectory.so" to ""
[55.631s] -- Installing: /home/minsuje/ros2_ws/install/dsr_controller2/share/dsr_controller2/environment/library_path.sh
[55.632s] -- Installing: /home/minsuje/ros2_ws/install/dsr_controller2/share/dsr_controller2/environment/library_path.dsv
[55.632s] -- Installing: /home/minsuje/ros2_ws/install/dsr_controller2/share/ament_index/resource_index/package_run_dependencies/dsr_controller2
[55.632s] -- Installing: /home/minsuje/ros2_ws/install/dsr_controller2/share/ament_index/resource_index/parent_prefix_path/dsr_controller2
[55.632s] -- Installing: /home/minsuje/ros2_ws/install/dsr_controller2/share/dsr_controller2/environment/ament_prefix_path.sh
[55.632s] -- Installing: /home/minsuje/ros2_ws/install/dsr_controller2/share/dsr_controller2/environment/ament_prefix_path.dsv
[55.632s] -- Installing: /home/minsuje/ros2_ws/install/dsr_controller2/share/dsr_controller2/environment/path.sh
[55.632s] -- Installing: /home/minsuje/ros2_ws/install/dsr_controller2/share/dsr_controller2/environment/path.dsv
[55.632s] -- Installing: /home/minsuje/ros2_ws/install/dsr_controller2/share/dsr_controller2/local_setup.bash
[55.632s] -- Installing: /home/minsuje/ros2_ws/install/dsr_controller2/share/dsr_controller2/local_setup.sh
[55.632s] -- Installing: /home/minsuje/ros2_ws/install/dsr_controller2/share/dsr_controller2/local_setup.zsh
[55.632s] -- Installing: /home/minsuje/ros2_ws/install/dsr_controller2/share/dsr_controller2/local_setup.dsv
[55.632s] -- Installing: /home/minsuje/ros2_ws/install/dsr_controller2/share/dsr_controller2/package.dsv
[55.632s] -- Installing: /home/minsuje/ros2_ws/install/dsr_controller2/share/ament_index/resource_index/packages/dsr_controller2
[55.632s] -- Installing: /home/minsuje/ros2_ws/install/dsr_controller2/share/ament_index/resource_index/controller_interface__pluginlib__plugin/dsr_controller2
[55.632s] -- Installing: /home/minsuje/ros2_ws/install/dsr_controller2/share/dsr_controller2/cmake/export_dsr_controller2Export.cmake
[55.632s] -- Installing: /home/minsuje/ros2_ws/install/dsr_controller2/share/dsr_controller2/cmake/export_dsr_controller2Export-noconfig.cmake
[55.632s] -- Installing: /home/minsuje/ros2_ws/install/dsr_controller2/share/dsr_controller2/cmake/export_dsr_joint_trajectoryExport.cmake
[55.632s] -- Installing: /home/minsuje/ros2_ws/install/dsr_controller2/share/dsr_controller2/cmake/export_dsr_joint_trajectoryExport-noconfig.cmake
[55.632s] -- Installing: /home/minsuje/ros2_ws/install/dsr_controller2/share/dsr_controller2/cmake/ament_cmake_export_targets-extras.cmake
[55.632s] -- Installing: /home/minsuje/ros2_ws/install/dsr_controller2/share/dsr_controller2/cmake/ament_cmake_export_dependencies-extras.cmake
[55.632s] -- Installing: /home/minsuje/ros2_ws/install/dsr_controller2/share/dsr_controller2/cmake/dsr_controller2Config.cmake
[55.632s] -- Installing: /home/minsuje/ros2_ws/install/dsr_controller2/share/dsr_controller2/cmake/dsr_controller2Config-version.cmake
[55.632s] -- Installing: /home/minsuje/ros2_ws/install/dsr_controller2/share/dsr_controller2/package.xml
[55.634s] Invoked command in '/home/minsuje/ros2_ws/build/dsr_controller2' returned '0': AMENT_PREFIX_PATH=/home/minsuje/ros2_ws/install/dsr_hardware2:/home/minsuje/ros2_ws/install/dsr_msgs2:${AMENT_PREFIX_PATH} CMAKE_PREFIX_PATH=/home/minsuje/ros2_ws/install/dsr_hardware2:/home/minsuje/ros2_ws/install/dsr_msgs2:/opt/ros/humble LD_LIBRARY_PATH=/home/minsuje/ros2_ws/install/dsr_hardware2/lib:/home/minsuje/ros2_ws/install/dsr_msgs2/lib:${LD_LIBRARY_PATH} PYTHONPATH=/home/minsuje/ros2_ws/install/dsr_msgs2/local/lib/python3.10/dist-packages:${PYTHONPATH} /usr/bin/cmake --install /home/minsuje/ros2_ws/build/dsr_controller2
