[0.041s] Invoking command in '/home/minsuje/ros2_ws/build/dsr_description2': CMAKE_PREFIX_PATH=/opt/ros/humble /usr/bin/cmake /home/minsuje/ros2_ws/src/DoosanBootcamp3rd/dsr_description2 -DAMENT_CMAKE_SYMLINK_INSTALL=1 -DCMAKE_INSTALL_PREFIX=/home/minsuje/ros2_ws/install/dsr_description2
[1.236s] -- The C compiler identification is GNU 11.4.0
[1.236s] -- The CXX compiler identification is GNU 11.4.0
[1.236s] -- Detecting C compiler ABI info
[1.236s] -- Detecting C compiler ABI info - done
[1.236s] -- Check for working C compiler: /usr/bin/cc - skipped
[1.236s] -- Detecting C compile features
[1.236s] -- Detecting C compile features - done
[1.236s] -- Detecting CXX compiler ABI info
[1.236s] -- Detecting CXX compiler ABI info - done
[1.236s] -- Check for working CXX compiler: /usr/bin/c++ - skipped
[1.236s] -- Detecting CXX compile features
[1.236s] -- Detecting CXX compile features - done
[1.236s] -- Found ament_cmake: 1.3.11 (/opt/ros/humble/share/ament_cmake/cmake)
[1.237s] -- Found Python3: /usr/bin/python3 (found version "3.10.12") found components: Interpreter 
[1.237s] -- Override CMake install command with custom implementation using symlinks instead of copying resources
[1.237s] -- Configuring done
[1.237s] -- Generating done
[1.237s] -- Build files have been written to: /home/minsuje/ros2_ws/build/dsr_description2
[1.545s] Invoked command in '/home/minsuje/ros2_ws/build/dsr_description2' returned '0': CMAKE_PREFIX_PATH=/opt/ros/humble /usr/bin/cmake /home/minsuje/ros2_ws/src/DoosanBootcamp3rd/dsr_description2 -DAMENT_CMAKE_SYMLINK_INSTALL=1 -DCMAKE_INSTALL_PREFIX=/home/minsuje/ros2_ws/install/dsr_description2
[1.546s] Invoking command in '/home/minsuje/ros2_ws/build/dsr_description2': CMAKE_PREFIX_PATH=/opt/ros/humble /usr/bin/cmake --build /home/minsuje/ros2_ws/build/dsr_description2 -- -j32 -l32
[1.608s] Invoked command in '/home/minsuje/ros2_ws/build/dsr_description2' returned '0': CMAKE_PREFIX_PATH=/opt/ros/humble /usr/bin/cmake --build /home/minsuje/ros2_ws/build/dsr_description2 -- -j32 -l32
[1.610s] Invoking command in '/home/minsuje/ros2_ws/build/dsr_description2': CMAKE_PREFIX_PATH=/opt/ros/humble /usr/bin/cmake --install /home/minsuje/ros2_ws/build/dsr_description2
[1.628s] -- Install configuration: ""
[1.628s] -- Execute custom install script
[1.628s] -- Symlinking: /home/minsuje/ros2_ws/install/dsr_description2/share/dsr_description2/environment/dsr_description2_path.dsv
[1.628s] -- Symlinking: /home/minsuje/ros2_ws/install/dsr_description2/share/ament_index/resource_index/package_run_dependencies/dsr_description2
[1.635s] -- Symlinking: /home/minsuje/ros2_ws/install/dsr_description2/share/ament_index/resource_index/parent_prefix_path/dsr_description2
[1.642s] -- Symlinking: /home/minsuje/ros2_ws/install/dsr_description2/share/dsr_description2/environment/ament_prefix_path.sh
[1.653s] -- Symlinking: /home/minsuje/ros2_ws/install/dsr_description2/share/dsr_description2/environment/ament_prefix_path.dsv
[1.662s] -- Symlinking: /home/minsuje/ros2_ws/install/dsr_description2/share/dsr_description2/environment/path.sh
[1.673s] -- Symlinking: /home/minsuje/ros2_ws/install/dsr_description2/share/dsr_description2/environment/path.dsv
[1.684s] -- Symlinking: /home/minsuje/ros2_ws/install/dsr_description2/share/dsr_description2/local_setup.bash
[1.694s] -- Symlinking: /home/minsuje/ros2_ws/install/dsr_description2/share/dsr_description2/local_setup.sh
[1.706s] -- Symlinking: /home/minsuje/ros2_ws/install/dsr_description2/share/dsr_description2/local_setup.zsh
[1.717s] -- Symlinking: /home/minsuje/ros2_ws/install/dsr_description2/share/dsr_description2/local_setup.dsv
[1.727s] -- Symlinking: /home/minsuje/ros2_ws/install/dsr_description2/share/dsr_description2/package.dsv
[1.738s] -- Symlinking: /home/minsuje/ros2_ws/install/dsr_description2/share/ament_index/resource_index/packages/dsr_description2
[1.749s] -- Symlinking: /home/minsuje/ros2_ws/install/dsr_description2/share/dsr_description2/cmake/dsr_description2Config.cmake
[1.760s] -- Symlinking: /home/minsuje/ros2_ws/install/dsr_description2/share/dsr_description2/cmake/dsr_description2Config-version.cmake
[1.770s] -- Symlinking: /home/minsuje/ros2_ws/install/dsr_description2/share/dsr_description2/package.xml
[1.789s] -- Symlinking: /home/minsuje/ros2_ws/install/dsr_description2/share/dsr_description2/meshes/a0509_blue/A0509_0_0.dae
[1.799s] -- Symlinking: /home/minsuje/ros2_ws/install/dsr_description2/share/dsr_description2/meshes/a0509_blue/A0509_1_0.dae
[1.809s] -- Symlinking: /home/minsuje/ros2_ws/install/dsr_description2/share/dsr_description2/meshes/a0509_blue/A0509_1_1.dae
[1.820s] -- Symlinking: /home/minsuje/ros2_ws/install/dsr_description2/share/dsr_description2/meshes/a0509_blue/A0509_1_2.dae
[1.832s] -- Symlinking: /home/minsuje/ros2_ws/install/dsr_description2/share/dsr_description2/meshes/a0509_blue/A0509_2_0.dae
[1.841s] -- Symlinking: /home/minsuje/ros2_ws/install/dsr_description2/share/dsr_description2/meshes/a0509_blue/A0509_2_1.dae
[1.852s] -- Symlinking: /home/minsuje/ros2_ws/install/dsr_description2/share/dsr_description2/meshes/a0509_blue/A0509_2_2.dae
[1.864s] -- Symlinking: /home/minsuje/ros2_ws/install/dsr_description2/share/dsr_description2/meshes/a0509_blue/A0509_3_0.dae
[1.874s] -- Symlinking: /home/minsuje/ros2_ws/install/dsr_description2/share/dsr_description2/meshes/a0509_blue/A0509_3_1.dae
[1.884s] -- Symlinking: /home/minsuje/ros2_ws/install/dsr_description2/share/dsr_description2/meshes/a0509_blue/A0509_4_0.dae
[1.896s] -- Symlinking: /home/minsuje/ros2_ws/install/dsr_description2/share/dsr_description2/meshes/a0509_blue/A0509_4_1.dae
[1.909s] -- Symlinking: /home/minsuje/ros2_ws/install/dsr_description2/share/dsr_description2/meshes/a0509_blue/A0509_5_0.dae
[1.930s] -- Symlinking: /home/minsuje/ros2_ws/install/dsr_description2/share/dsr_description2/meshes/a0509_blue/A0509_5_1.dae
[1.933s] -- Symlinking: /home/minsuje/ros2_ws/install/dsr_description2/share/dsr_description2/meshes/a0509_blue/A0509_6_0.dae
[1.945s] -- Symlinking: /home/minsuje/ros2_ws/install/dsr_description2/share/dsr_description2/meshes/a0509_collision/A0509_0_0.dae
[1.956s] -- Symlinking: /home/minsuje/ros2_ws/install/dsr_description2/share/dsr_description2/meshes/a0509_collision/A0509_1_0.dae
[1.967s] -- Symlinking: /home/minsuje/ros2_ws/install/dsr_description2/share/dsr_description2/meshes/a0509_collision/A0509_1_1.dae
[1.975s] -- Symlinking: /home/minsuje/ros2_ws/install/dsr_description2/share/dsr_description2/meshes/a0509_collision/A0509_1_2.dae
[1.982s] -- Symlinking: /home/minsuje/ros2_ws/install/dsr_description2/share/dsr_description2/meshes/a0509_collision/A0509_2_0.dae
[1.991s] -- Symlinking: /home/minsuje/ros2_ws/install/dsr_description2/share/dsr_description2/meshes/a0509_collision/A0509_2_1.dae
[2.003s] -- Symlinking: /home/minsuje/ros2_ws/install/dsr_description2/share/dsr_description2/meshes/a0509_collision/A0509_2_2.dae
[2.014s] -- Symlinking: /home/minsuje/ros2_ws/install/dsr_description2/share/dsr_description2/meshes/a0509_collision/A0509_3_0.dae
[2.024s] -- Symlinking: /home/minsuje/ros2_ws/install/dsr_description2/share/dsr_description2/meshes/a0509_collision/A0509_3_1.dae
[2.035s] -- Symlinking: /home/minsuje/ros2_ws/install/dsr_description2/share/dsr_description2/meshes/a0509_collision/A0509_4_0.dae
[2.046s] -- Symlinking: /home/minsuje/ros2_ws/install/dsr_description2/share/dsr_description2/meshes/a0509_collision/A0509_4_1.dae
[2.058s] -- Symlinking: /home/minsuje/ros2_ws/install/dsr_description2/share/dsr_description2/meshes/a0509_collision/A0509_5_0.dae
[2.069s] -- Symlinking: /home/minsuje/ros2_ws/install/dsr_description2/share/dsr_description2/meshes/a0509_collision/A0509_5_1.dae
[2.081s] -- Symlinking: /home/minsuje/ros2_ws/install/dsr_description2/share/dsr_description2/meshes/a0509_collision/A0509_6_0.dae
[2.093s] -- Symlinking: /home/minsuje/ros2_ws/install/dsr_description2/share/dsr_description2/meshes/a0509_white/A0509_0_0.dae
[2.104s] -- Symlinking: /home/minsuje/ros2_ws/install/dsr_description2/share/dsr_description2/meshes/a0509_white/A0509_1_0.dae
[2.114s] -- Symlinking: /home/minsuje/ros2_ws/install/dsr_description2/share/dsr_description2/meshes/a0509_white/A0509_1_1.dae
[2.125s] -- Symlinking: /home/minsuje/ros2_ws/install/dsr_description2/share/dsr_description2/meshes/a0509_white/A0509_1_2.dae
[2.137s] -- Symlinking: /home/minsuje/ros2_ws/install/dsr_description2/share/dsr_description2/meshes/a0509_white/A0509_2_0.dae
[2.145s] -- Symlinking: /home/minsuje/ros2_ws/install/dsr_description2/share/dsr_description2/meshes/a0509_white/A0509_2_1.dae
[2.164s] -- Symlinking: /home/minsuje/ros2_ws/install/dsr_description2/share/dsr_description2/meshes/a0509_white/A0509_2_2.dae
[2.166s] -- Symlinking: /home/minsuje/ros2_ws/install/dsr_description2/share/dsr_description2/meshes/a0509_white/A0509_3_0.dae
[2.179s] -- Symlinking: /home/minsuje/ros2_ws/install/dsr_description2/share/dsr_description2/meshes/a0509_white/A0509_3_1.dae
[2.201s] -- Symlinking: /home/minsuje/ros2_ws/install/dsr_description2/share/dsr_description2/meshes/a0509_white/A0509_4_0.dae
[2.218s] -- Symlinking: /home/minsuje/ros2_ws/install/dsr_description2/share/dsr_description2/meshes/a0509_white/A0509_4_1.dae
[2.229s] -- Symlinking: /home/minsuje/ros2_ws/install/dsr_description2/share/dsr_description2/meshes/a0509_white/A0509_5_0.dae
[2.241s] -- Symlinking: /home/minsuje/ros2_ws/install/dsr_description2/share/dsr_description2/meshes/a0509_white/A0509_5_1.dae
[2.252s] -- Symlinking: /home/minsuje/ros2_ws/install/dsr_description2/share/dsr_description2/meshes/a0509_white/A0509_6_0.dae
[2.264s] -- Symlinking: /home/minsuje/ros2_ws/install/dsr_description2/share/dsr_description2/meshes/a0912_blue/A0912_0_0.dae
[2.275s] -- Symlinking: /home/minsuje/ros2_ws/install/dsr_description2/share/dsr_description2/meshes/a0912_blue/A0912_1_0.dae
[2.287s] -- Symlinking: /home/minsuje/ros2_ws/install/dsr_description2/share/dsr_description2/meshes/a0912_blue/A0912_1_1.dae
[2.297s] -- Symlinking: /home/minsuje/ros2_ws/install/dsr_description2/share/dsr_description2/meshes/a0912_blue/A0912_1_2.dae
[2.315s] -- Symlinking: /home/minsuje/ros2_ws/install/dsr_description2/share/dsr_description2/meshes/a0912_blue/A0912_2_0.dae
[2.321s] -- Symlinking: /home/minsuje/ros2_ws/install/dsr_description2/share/dsr_description2/meshes/a0912_blue/A0912_2_1.dae
[2.337s] -- Symlinking: /home/minsuje/ros2_ws/install/dsr_description2/share/dsr_description2/meshes/a0912_blue/A0912_2_2.dae
[2.348s] -- Symlinking: /home/minsuje/ros2_ws/install/dsr_description2/share/dsr_description2/meshes/a0912_blue/A0912_3_0.dae
[2.362s] -- Symlinking: /home/minsuje/ros2_ws/install/dsr_description2/share/dsr_description2/meshes/a0912_blue/A0912_3_1.dae
[2.381s] -- Symlinking: /home/minsuje/ros2_ws/install/dsr_description2/share/dsr_description2/meshes/a0912_blue/A0912_4_0.dae
[2.398s] -- Symlinking: /home/minsuje/ros2_ws/install/dsr_description2/share/dsr_description2/meshes/a0912_blue/A0912_4_1.dae
[2.405s] -- Symlinking: /home/minsuje/ros2_ws/install/dsr_description2/share/dsr_description2/meshes/a0912_blue/A0912_5_0.dae
[2.418s] -- Symlinking: /home/minsuje/ros2_ws/install/dsr_description2/share/dsr_description2/meshes/a0912_blue/A0912_5_1.dae
[2.434s] -- Symlinking: /home/minsuje/ros2_ws/install/dsr_description2/share/dsr_description2/meshes/a0912_blue/A0912_6_0.dae
[2.454s] -- Symlinking: /home/minsuje/ros2_ws/install/dsr_description2/share/dsr_description2/meshes/a0912_collision/A0912_0_0.dae
[2.454s] -- Symlinking: /home/minsuje/ros2_ws/install/dsr_description2/share/dsr_description2/meshes/a0912_collision/A0912_1_0.dae
[2.472s] -- Symlinking: /home/minsuje/ros2_ws/install/dsr_description2/share/dsr_description2/meshes/a0912_collision/A0912_1_1.dae
[2.479s] -- Symlinking: /home/minsuje/ros2_ws/install/dsr_description2/share/dsr_description2/meshes/a0912_collision/A0912_1_2.dae
[2.507s] -- Symlinking: /home/minsuje/ros2_ws/install/dsr_description2/share/dsr_description2/meshes/a0912_collision/A0912_2_0.dae
[2.517s] -- Symlinking: /home/minsuje/ros2_ws/install/dsr_description2/share/dsr_description2/meshes/a0912_collision/A0912_2_1.dae
[2.528s] -- Symlinking: /home/minsuje/ros2_ws/install/dsr_description2/share/dsr_description2/meshes/a0912_collision/A0912_2_2.dae
[2.541s] -- Symlinking: /home/minsuje/ros2_ws/install/dsr_description2/share/dsr_description2/meshes/a0912_collision/A0912_3_0.dae
[2.556s] -- Symlinking: /home/minsuje/ros2_ws/install/dsr_description2/share/dsr_description2/meshes/a0912_collision/A0912_3_1.dae
[2.573s] -- Symlinking: /home/minsuje/ros2_ws/install/dsr_description2/share/dsr_description2/meshes/a0912_collision/A0912_4_0.dae
[2.584s] -- Symlinking: /home/minsuje/ros2_ws/install/dsr_description2/share/dsr_description2/meshes/a0912_collision/A0912_4_1.dae
[2.595s] -- Symlinking: /home/minsuje/ros2_ws/install/dsr_description2/share/dsr_description2/meshes/a0912_collision/A0912_5_0.dae
[2.607s] -- Symlinking: /home/minsuje/ros2_ws/install/dsr_description2/share/dsr_description2/meshes/a0912_collision/A0912_5_1.dae
[2.618s] -- Symlinking: /home/minsuje/ros2_ws/install/dsr_description2/share/dsr_description2/meshes/a0912_collision/A0912_6_0.dae
[2.630s] -- Symlinking: /home/minsuje/ros2_ws/install/dsr_description2/share/dsr_description2/meshes/a0912_white/A0912_0_0.dae
[2.644s] -- Symlinking: /home/minsuje/ros2_ws/install/dsr_description2/share/dsr_description2/meshes/a0912_white/A0912_1_0.dae
[2.656s] -- Symlinking: /home/minsuje/ros2_ws/install/dsr_description2/share/dsr_description2/meshes/a0912_white/A0912_1_1.dae
[2.668s] -- Symlinking: /home/minsuje/ros2_ws/install/dsr_description2/share/dsr_description2/meshes/a0912_white/A0912_1_2.dae
[2.679s] -- Symlinking: /home/minsuje/ros2_ws/install/dsr_description2/share/dsr_description2/meshes/a0912_white/A0912_2_0.dae
[2.694s] -- Symlinking: /home/minsuje/ros2_ws/install/dsr_description2/share/dsr_description2/meshes/a0912_white/A0912_2_1.dae
[2.700s] -- Symlinking: /home/minsuje/ros2_ws/install/dsr_description2/share/dsr_description2/meshes/a0912_white/A0912_2_2.dae
[2.713s] -- Symlinking: /home/minsuje/ros2_ws/install/dsr_description2/share/dsr_description2/meshes/a0912_white/A0912_3_0.dae
[2.720s] -- Symlinking: /home/minsuje/ros2_ws/install/dsr_description2/share/dsr_description2/meshes/a0912_white/A0912_3_1.dae
[2.730s] -- Symlinking: /home/minsuje/ros2_ws/install/dsr_description2/share/dsr_description2/meshes/a0912_white/A0912_4_0.dae
[2.741s] -- Symlinking: /home/minsuje/ros2_ws/install/dsr_description2/share/dsr_description2/meshes/a0912_white/A0912_4_1.dae
[2.753s] -- Symlinking: /home/minsuje/ros2_ws/install/dsr_description2/share/dsr_description2/meshes/a0912_white/A0912_5_0.dae
[2.762s] -- Symlinking: /home/minsuje/ros2_ws/install/dsr_description2/share/dsr_description2/meshes/a0912_white/A0912_5_1.dae
[2.773s] -- Symlinking: /home/minsuje/ros2_ws/install/dsr_description2/share/dsr_description2/meshes/a0912_white/A0912_6_0.dae
[2.786s] -- Symlinking: /home/minsuje/ros2_ws/install/dsr_description2/share/dsr_description2/meshes/e0509_collision/E0509_0_0.dae
[2.799s] -- Symlinking: /home/minsuje/ros2_ws/install/dsr_description2/share/dsr_description2/meshes/e0509_collision/E0509_1_1.dae
[2.810s] -- Symlinking: /home/minsuje/ros2_ws/install/dsr_description2/share/dsr_description2/meshes/e0509_collision/E0509_1_2.dae
[2.821s] -- Symlinking: /home/minsuje/ros2_ws/install/dsr_description2/share/dsr_description2/meshes/e0509_collision/E0509_1_3.dae
[2.833s] -- Symlinking: /home/minsuje/ros2_ws/install/dsr_description2/share/dsr_description2/meshes/e0509_collision/E0509_1_4.dae
[2.846s] -- Symlinking: /home/minsuje/ros2_ws/install/dsr_description2/share/dsr_description2/meshes/e0509_collision/E0509_2_1.dae
[2.857s] -- Symlinking: /home/minsuje/ros2_ws/install/dsr_description2/share/dsr_description2/meshes/e0509_collision/E0509_2_2.dae
[2.870s] -- Symlinking: /home/minsuje/ros2_ws/install/dsr_description2/share/dsr_description2/meshes/e0509_collision/E0509_3_1.dae
[2.882s] -- Symlinking: /home/minsuje/ros2_ws/install/dsr_description2/share/dsr_description2/meshes/e0509_collision/E0509_3_2.dae
[2.896s] -- Symlinking: /home/minsuje/ros2_ws/install/dsr_description2/share/dsr_description2/meshes/e0509_collision/E0509_4_1.dae
[2.907s] -- Symlinking: /home/minsuje/ros2_ws/install/dsr_description2/share/dsr_description2/meshes/e0509_collision/E0509_4_2.dae
[2.918s] -- Symlinking: /home/minsuje/ros2_ws/install/dsr_description2/share/dsr_description2/meshes/e0509_collision/E0509_5_1.dae
[2.933s] -- Symlinking: /home/minsuje/ros2_ws/install/dsr_description2/share/dsr_description2/meshes/e0509_collision/E0509_5_2.dae
[2.945s] -- Symlinking: /home/minsuje/ros2_ws/install/dsr_description2/share/dsr_description2/meshes/e0509_collision/E0509_6_1.dae
[2.957s] -- Symlinking: /home/minsuje/ros2_ws/install/dsr_description2/share/dsr_description2/meshes/e0509_white/E0509_0_0.dae
[2.968s] -- Symlinking: /home/minsuje/ros2_ws/install/dsr_description2/share/dsr_description2/meshes/e0509_white/E0509_1_1.dae
[2.979s] -- Symlinking: /home/minsuje/ros2_ws/install/dsr_description2/share/dsr_description2/meshes/e0509_white/E0509_1_2.dae
[2.988s] -- Symlinking: /home/minsuje/ros2_ws/install/dsr_description2/share/dsr_description2/meshes/e0509_white/E0509_1_3.dae
[2.999s] -- Symlinking: /home/minsuje/ros2_ws/install/dsr_description2/share/dsr_description2/meshes/e0509_white/E0509_1_4.dae
[3.007s] -- Symlinking: /home/minsuje/ros2_ws/install/dsr_description2/share/dsr_description2/meshes/e0509_white/E0509_2_1.dae
[3.016s] -- Symlinking: /home/minsuje/ros2_ws/install/dsr_description2/share/dsr_description2/meshes/e0509_white/E0509_2_2.dae
[3.028s] -- Symlinking: /home/minsuje/ros2_ws/install/dsr_description2/share/dsr_description2/meshes/e0509_white/E0509_3_1.dae
[3.036s] -- Symlinking: /home/minsuje/ros2_ws/install/dsr_description2/share/dsr_description2/meshes/e0509_white/E0509_3_2.dae
[3.045s] -- Symlinking: /home/minsuje/ros2_ws/install/dsr_description2/share/dsr_description2/meshes/e0509_white/E0509_4_1.dae
[3.054s] -- Symlinking: /home/minsuje/ros2_ws/install/dsr_description2/share/dsr_description2/meshes/e0509_white/E0509_4_2.dae
[3.064s] -- Symlinking: /home/minsuje/ros2_ws/install/dsr_description2/share/dsr_description2/meshes/e0509_white/E0509_5_1.dae
[3.072s] -- Symlinking: /home/minsuje/ros2_ws/install/dsr_description2/share/dsr_description2/meshes/e0509_white/E0509_5_2.dae
[3.080s] -- Symlinking: /home/minsuje/ros2_ws/install/dsr_description2/share/dsr_description2/meshes/e0509_white/E0509_6_1.dae
[3.090s] -- Symlinking: /home/minsuje/ros2_ws/install/dsr_description2/share/dsr_description2/meshes/gripper/robotiq/85_2f/collision/robotiq_85_base_link.stl
[3.098s] -- Symlinking: /home/minsuje/ros2_ws/install/dsr_description2/share/dsr_description2/meshes/gripper/robotiq/85_2f/collision/robotiq_85_finger_link.stl
[3.105s] -- Symlinking: /home/minsuje/ros2_ws/install/dsr_description2/share/dsr_description2/meshes/gripper/robotiq/85_2f/collision/robotiq_85_finger_tip_link.stl
[3.118s] -- Symlinking: /home/minsuje/ros2_ws/install/dsr_description2/share/dsr_description2/meshes/gripper/robotiq/85_2f/collision/robotiq_85_inner_knuckle_link.stl
[3.126s] -- Symlinking: /home/minsuje/ros2_ws/install/dsr_description2/share/dsr_description2/meshes/gripper/robotiq/85_2f/collision/robotiq_85_knuckle_link.stl
[3.133s] -- Symlinking: /home/minsuje/ros2_ws/install/dsr_description2/share/dsr_description2/meshes/gripper/robotiq/85_2f/robotiq_85_coupler.stl
[3.141s] -- Symlinking: /home/minsuje/ros2_ws/install/dsr_description2/share/dsr_description2/meshes/gripper/robotiq/85_2f/visual/robotiq_85_base_link.dae
[3.152s] -- Symlinking: /home/minsuje/ros2_ws/install/dsr_description2/share/dsr_description2/meshes/gripper/robotiq/85_2f/visual/robotiq_85_finger_link.dae
[3.160s] -- Symlinking: /home/minsuje/ros2_ws/install/dsr_description2/share/dsr_description2/meshes/gripper/robotiq/85_2f/visual/robotiq_85_finger_tip_link.dae
[3.169s] -- Symlinking: /home/minsuje/ros2_ws/install/dsr_description2/share/dsr_description2/meshes/gripper/robotiq/85_2f/visual/robotiq_85_inner_knuckle_link.dae
[3.177s] -- Symlinking: /home/minsuje/ros2_ws/install/dsr_description2/share/dsr_description2/meshes/gripper/robotiq/85_2f/visual/robotiq_85_knuckle_link.dae
[3.185s] -- Symlinking: /home/minsuje/ros2_ws/install/dsr_description2/share/dsr_description2/meshes/h2017_blue/H2017_0_0.dae
[3.195s] -- Symlinking: /home/minsuje/ros2_ws/install/dsr_description2/share/dsr_description2/meshes/h2017_blue/H2017_1_0.dae
[3.204s] -- Symlinking: /home/minsuje/ros2_ws/install/dsr_description2/share/dsr_description2/meshes/h2017_blue/H2017_2_0.dae
[3.213s] -- Symlinking: /home/minsuje/ros2_ws/install/dsr_description2/share/dsr_description2/meshes/h2017_blue/H2017_2_1.dae
[3.224s] -- Symlinking: /home/minsuje/ros2_ws/install/dsr_description2/share/dsr_description2/meshes/h2017_blue/H2017_2_2.dae
[3.231s] -- Symlinking: /home/minsuje/ros2_ws/install/dsr_description2/share/dsr_description2/meshes/h2017_blue/H2017_3_0.dae
[3.237s] -- Symlinking: /home/minsuje/ros2_ws/install/dsr_description2/share/dsr_description2/meshes/h2017_blue/H2017_4_0.dae
[3.245s] -- Symlinking: /home/minsuje/ros2_ws/install/dsr_description2/share/dsr_description2/meshes/h2017_blue/H2017_4_1.dae
[3.252s] -- Symlinking: /home/minsuje/ros2_ws/install/dsr_description2/share/dsr_description2/meshes/h2017_blue/H2017_5_0.dae
[3.260s] -- Symlinking: /home/minsuje/ros2_ws/install/dsr_description2/share/dsr_description2/meshes/h2017_blue/H2017_6_0.dae
[3.271s] -- Symlinking: /home/minsuje/ros2_ws/install/dsr_description2/share/dsr_description2/meshes/h2017_collision/H2017_0_0.dae
[3.279s] -- Symlinking: /home/minsuje/ros2_ws/install/dsr_description2/share/dsr_description2/meshes/h2017_collision/H2017_1_0.dae
[3.289s] -- Symlinking: /home/minsuje/ros2_ws/install/dsr_description2/share/dsr_description2/meshes/h2017_collision/H2017_2_0.dae
[3.297s] -- Symlinking: /home/minsuje/ros2_ws/install/dsr_description2/share/dsr_description2/meshes/h2017_collision/H2017_2_1.dae
[3.305s] -- Symlinking: /home/minsuje/ros2_ws/install/dsr_description2/share/dsr_description2/meshes/h2017_collision/H2017_2_2.dae
[3.312s] -- Symlinking: /home/minsuje/ros2_ws/install/dsr_description2/share/dsr_description2/meshes/h2017_collision/H2017_3_0.dae
[3.319s] -- Symlinking: /home/minsuje/ros2_ws/install/dsr_description2/share/dsr_description2/meshes/h2017_collision/H2017_4_0.dae
[3.327s] -- Symlinking: /home/minsuje/ros2_ws/install/dsr_description2/share/dsr_description2/meshes/h2017_collision/H2017_4_1.dae
[3.335s] -- Symlinking: /home/minsuje/ros2_ws/install/dsr_description2/share/dsr_description2/meshes/h2017_collision/H2017_5_0.dae
[3.343s] -- Symlinking: /home/minsuje/ros2_ws/install/dsr_description2/share/dsr_description2/meshes/h2017_collision/H2017_6_0.dae
[3.352s] -- Symlinking: /home/minsuje/ros2_ws/install/dsr_description2/share/dsr_description2/meshes/h2017_white/H2017_0_0.dae
[3.359s] -- Symlinking: /home/minsuje/ros2_ws/install/dsr_description2/share/dsr_description2/meshes/h2017_white/H2017_1_0.dae
[3.366s] -- Symlinking: /home/minsuje/ros2_ws/install/dsr_description2/share/dsr_description2/meshes/h2017_white/H2017_2_0.dae
[3.373s] -- Symlinking: /home/minsuje/ros2_ws/install/dsr_description2/share/dsr_description2/meshes/h2017_white/H2017_2_1.dae
[3.381s] -- Symlinking: /home/minsuje/ros2_ws/install/dsr_description2/share/dsr_description2/meshes/h2017_white/H2017_2_2.dae
[3.388s] -- Symlinking: /home/minsuje/ros2_ws/install/dsr_description2/share/dsr_description2/meshes/h2017_white/H2017_3_0.dae
[3.396s] -- Symlinking: /home/minsuje/ros2_ws/install/dsr_description2/share/dsr_description2/meshes/h2017_white/H2017_4_0.dae
[3.403s] -- Symlinking: /home/minsuje/ros2_ws/install/dsr_description2/share/dsr_description2/meshes/h2017_white/H2017_4_1.dae
[3.414s] -- Symlinking: /home/minsuje/ros2_ws/install/dsr_description2/share/dsr_description2/meshes/h2017_white/H2017_5_0.dae
[3.426s] -- Symlinking: /home/minsuje/ros2_ws/install/dsr_description2/share/dsr_description2/meshes/h2017_white/H2017_6_0.dae
[3.436s] -- Symlinking: /home/minsuje/ros2_ws/install/dsr_description2/share/dsr_description2/meshes/h2515_blue/H2515_0_0.dae
[3.443s] -- Symlinking: /home/minsuje/ros2_ws/install/dsr_description2/share/dsr_description2/meshes/h2515_blue/H2515_1_0.dae
[3.453s] -- Symlinking: /home/minsuje/ros2_ws/install/dsr_description2/share/dsr_description2/meshes/h2515_blue/H2515_2_0.dae
[3.463s] -- Symlinking: /home/minsuje/ros2_ws/install/dsr_description2/share/dsr_description2/meshes/h2515_blue/H2515_2_1.dae
[3.472s] -- Symlinking: /home/minsuje/ros2_ws/install/dsr_description2/share/dsr_description2/meshes/h2515_blue/H2515_2_2.dae
[3.481s] -- Symlinking: /home/minsuje/ros2_ws/install/dsr_description2/share/dsr_description2/meshes/h2515_blue/H2515_3_0.dae
[3.487s] -- Symlinking: /home/minsuje/ros2_ws/install/dsr_description2/share/dsr_description2/meshes/h2515_blue/H2515_4_0.dae
[3.496s] -- Symlinking: /home/minsuje/ros2_ws/install/dsr_description2/share/dsr_description2/meshes/h2515_blue/H2515_4_1.dae
[3.504s] -- Symlinking: /home/minsuje/ros2_ws/install/dsr_description2/share/dsr_description2/meshes/h2515_blue/H2515_5_0.dae
[3.513s] -- Symlinking: /home/minsuje/ros2_ws/install/dsr_description2/share/dsr_description2/meshes/h2515_blue/H2515_6_0.dae
[3.522s] -- Symlinking: /home/minsuje/ros2_ws/install/dsr_description2/share/dsr_description2/meshes/h2515_collision/H2515_0_0.dae
[3.531s] -- Symlinking: /home/minsuje/ros2_ws/install/dsr_description2/share/dsr_description2/meshes/h2515_collision/H2515_1_0.dae
[3.541s] -- Symlinking: /home/minsuje/ros2_ws/install/dsr_description2/share/dsr_description2/meshes/h2515_collision/H2515_2_0.dae
[3.549s] -- Symlinking: /home/minsuje/ros2_ws/install/dsr_description2/share/dsr_description2/meshes/h2515_collision/H2515_2_1.dae
[3.555s] -- Symlinking: /home/minsuje/ros2_ws/install/dsr_description2/share/dsr_description2/meshes/h2515_collision/H2515_2_2.dae
[3.563s] -- Symlinking: /home/minsuje/ros2_ws/install/dsr_description2/share/dsr_description2/meshes/h2515_collision/H2515_3_0.dae
[3.571s] -- Symlinking: /home/minsuje/ros2_ws/install/dsr_description2/share/dsr_description2/meshes/h2515_collision/H2515_4_0.dae
[3.578s] -- Symlinking: /home/minsuje/ros2_ws/install/dsr_description2/share/dsr_description2/meshes/h2515_collision/H2515_4_1.dae
[3.586s] -- Symlinking: /home/minsuje/ros2_ws/install/dsr_description2/share/dsr_description2/meshes/h2515_collision/H2515_5_0.dae
[3.593s] -- Symlinking: /home/minsuje/ros2_ws/install/dsr_description2/share/dsr_description2/meshes/h2515_collision/H2515_6_0.dae
[3.602s] -- Symlinking: /home/minsuje/ros2_ws/install/dsr_description2/share/dsr_description2/meshes/h2515_white/H2515_0_0.dae
[3.612s] -- Symlinking: /home/minsuje/ros2_ws/install/dsr_description2/share/dsr_description2/meshes/h2515_white/H2515_1_0.dae
[3.620s] -- Symlinking: /home/minsuje/ros2_ws/install/dsr_description2/share/dsr_description2/meshes/h2515_white/H2515_2_0.dae
[3.626s] -- Symlinking: /home/minsuje/ros2_ws/install/dsr_description2/share/dsr_description2/meshes/h2515_white/H2515_2_1.dae
[3.633s] -- Symlinking: /home/minsuje/ros2_ws/install/dsr_description2/share/dsr_description2/meshes/h2515_white/H2515_2_2.dae
[3.643s] -- Symlinking: /home/minsuje/ros2_ws/install/dsr_description2/share/dsr_description2/meshes/h2515_white/H2515_3_0.dae
[3.650s] -- Symlinking: /home/minsuje/ros2_ws/install/dsr_description2/share/dsr_description2/meshes/h2515_white/H2515_4_0.dae
[3.658s] -- Symlinking: /home/minsuje/ros2_ws/install/dsr_description2/share/dsr_description2/meshes/h2515_white/H2515_4_1.dae
[3.667s] -- Symlinking: /home/minsuje/ros2_ws/install/dsr_description2/share/dsr_description2/meshes/h2515_white/H2515_5_0.dae
[3.675s] -- Symlinking: /home/minsuje/ros2_ws/install/dsr_description2/share/dsr_description2/meshes/h2515_white/H2515_6_0.dae
[3.682s] -- Symlinking: /home/minsuje/ros2_ws/install/dsr_description2/share/dsr_description2/meshes/m0609_blue/MF0609_0_0.dae
[3.690s] -- Symlinking: /home/minsuje/ros2_ws/install/dsr_description2/share/dsr_description2/meshes/m0609_blue/MF0609_1_0.dae
[3.699s] -- Symlinking: /home/minsuje/ros2_ws/install/dsr_description2/share/dsr_description2/meshes/m0609_blue/MF0609_2_0.dae
[3.706s] -- Symlinking: /home/minsuje/ros2_ws/install/dsr_description2/share/dsr_description2/meshes/m0609_blue/MF0609_2_1.dae
[3.713s] -- Symlinking: /home/minsuje/ros2_ws/install/dsr_description2/share/dsr_description2/meshes/m0609_blue/MF0609_2_2.dae
[3.721s] -- Symlinking: /home/minsuje/ros2_ws/install/dsr_description2/share/dsr_description2/meshes/m0609_blue/MF0609_3_0.dae
[3.728s] -- Symlinking: /home/minsuje/ros2_ws/install/dsr_description2/share/dsr_description2/meshes/m0609_blue/MF0609_4_0.dae
[3.737s] -- Symlinking: /home/minsuje/ros2_ws/install/dsr_description2/share/dsr_description2/meshes/m0609_blue/MF0609_4_1.dae
[3.746s] -- Symlinking: /home/minsuje/ros2_ws/install/dsr_description2/share/dsr_description2/meshes/m0609_blue/MF0609_5_0.dae
[3.755s] -- Symlinking: /home/minsuje/ros2_ws/install/dsr_description2/share/dsr_description2/meshes/m0609_blue/MF0609_6_0.dae
[3.761s] -- Symlinking: /home/minsuje/ros2_ws/install/dsr_description2/share/dsr_description2/meshes/m0609_collision/MF0609_0_0.dae
[3.768s] -- Symlinking: /home/minsuje/ros2_ws/install/dsr_description2/share/dsr_description2/meshes/m0609_collision/MF0609_1_0.dae
[3.774s] -- Symlinking: /home/minsuje/ros2_ws/install/dsr_description2/share/dsr_description2/meshes/m0609_collision/MF0609_2_0.dae
[3.781s] -- Symlinking: /home/minsuje/ros2_ws/install/dsr_description2/share/dsr_description2/meshes/m0609_collision/MF0609_2_1.dae
[3.788s] -- Symlinking: /home/minsuje/ros2_ws/install/dsr_description2/share/dsr_description2/meshes/m0609_collision/MF0609_2_2.dae
[3.796s] -- Symlinking: /home/minsuje/ros2_ws/install/dsr_description2/share/dsr_description2/meshes/m0609_collision/MF0609_3_0.dae
[3.803s] -- Symlinking: /home/minsuje/ros2_ws/install/dsr_description2/share/dsr_description2/meshes/m0609_collision/MF0609_4_0.dae
[3.809s] -- Symlinking: /home/minsuje/ros2_ws/install/dsr_description2/share/dsr_description2/meshes/m0609_collision/MF0609_4_1.dae
[3.817s] -- Symlinking: /home/minsuje/ros2_ws/install/dsr_description2/share/dsr_description2/meshes/m0609_collision/MF0609_5_0.dae
[3.826s] -- Symlinking: /home/minsuje/ros2_ws/install/dsr_description2/share/dsr_description2/meshes/m0609_collision/MF0609_6_0.dae
[3.834s] -- Symlinking: /home/minsuje/ros2_ws/install/dsr_description2/share/dsr_description2/meshes/m0609_white/MF0609_0_0.dae
[3.842s] -- Symlinking: /home/minsuje/ros2_ws/install/dsr_description2/share/dsr_description2/meshes/m0609_white/MF0609_1_0.dae
[3.848s] -- Symlinking: /home/minsuje/ros2_ws/install/dsr_description2/share/dsr_description2/meshes/m0609_white/MF0609_2_0.dae
[3.855s] -- Symlinking: /home/minsuje/ros2_ws/install/dsr_description2/share/dsr_description2/meshes/m0609_white/MF0609_2_1.dae
[3.861s] -- Symlinking: /home/minsuje/ros2_ws/install/dsr_description2/share/dsr_description2/meshes/m0609_white/MF0609_2_2.dae
[3.867s] -- Symlinking: /home/minsuje/ros2_ws/install/dsr_description2/share/dsr_description2/meshes/m0609_white/MF0609_3_0.dae
[3.873s] -- Symlinking: /home/minsuje/ros2_ws/install/dsr_description2/share/dsr_description2/meshes/m0609_white/MF0609_4_0.dae
[3.881s] -- Symlinking: /home/minsuje/ros2_ws/install/dsr_description2/share/dsr_description2/meshes/m0609_white/MF0609_4_1.dae
[3.887s] -- Symlinking: /home/minsuje/ros2_ws/install/dsr_description2/share/dsr_description2/meshes/m0609_white/MF0609_5_0.dae
[3.894s] -- Symlinking: /home/minsuje/ros2_ws/install/dsr_description2/share/dsr_description2/meshes/m0609_white/MF0609_6_0.dae
[3.901s] -- Symlinking: /home/minsuje/ros2_ws/install/dsr_description2/share/dsr_description2/meshes/m0617_blue/MF0617_0_0.dae
[3.908s] -- Symlinking: /home/minsuje/ros2_ws/install/dsr_description2/share/dsr_description2/meshes/m0617_blue/MF0617_1_0.dae
[3.915s] -- Symlinking: /home/minsuje/ros2_ws/install/dsr_description2/share/dsr_description2/meshes/m0617_blue/MF0617_2_0.dae
[3.922s] -- Symlinking: /home/minsuje/ros2_ws/install/dsr_description2/share/dsr_description2/meshes/m0617_blue/MF0617_2_1.dae
[3.928s] -- Symlinking: /home/minsuje/ros2_ws/install/dsr_description2/share/dsr_description2/meshes/m0617_blue/MF0617_2_2.dae
[3.935s] -- Symlinking: /home/minsuje/ros2_ws/install/dsr_description2/share/dsr_description2/meshes/m0617_blue/MF0617_3_0.dae
[3.942s] -- Symlinking: /home/minsuje/ros2_ws/install/dsr_description2/share/dsr_description2/meshes/m0617_blue/MF0617_4_0.dae
[3.948s] -- Symlinking: /home/minsuje/ros2_ws/install/dsr_description2/share/dsr_description2/meshes/m0617_blue/MF0617_4_1.dae
[3.954s] -- Symlinking: /home/minsuje/ros2_ws/install/dsr_description2/share/dsr_description2/meshes/m0617_blue/MF0617_5_0.dae
[3.961s] -- Symlinking: /home/minsuje/ros2_ws/install/dsr_description2/share/dsr_description2/meshes/m0617_blue/MF0617_6_0.dae
[3.970s] -- Symlinking: /home/minsuje/ros2_ws/install/dsr_description2/share/dsr_description2/meshes/m0617_collision/MF0617_0_0.dae
[3.978s] -- Symlinking: /home/minsuje/ros2_ws/install/dsr_description2/share/dsr_description2/meshes/m0617_collision/MF0617_1_0.dae
[3.984s] -- Symlinking: /home/minsuje/ros2_ws/install/dsr_description2/share/dsr_description2/meshes/m0617_collision/MF0617_2_0.dae
[3.994s] -- Symlinking: /home/minsuje/ros2_ws/install/dsr_description2/share/dsr_description2/meshes/m0617_collision/MF0617_2_1.dae
[4.000s] -- Symlinking: /home/minsuje/ros2_ws/install/dsr_description2/share/dsr_description2/meshes/m0617_collision/MF0617_2_2.dae
[4.007s] -- Symlinking: /home/minsuje/ros2_ws/install/dsr_description2/share/dsr_description2/meshes/m0617_collision/MF0617_3_0.dae
[4.013s] -- Symlinking: /home/minsuje/ros2_ws/install/dsr_description2/share/dsr_description2/meshes/m0617_collision/MF0617_4_0.dae
[4.021s] -- Symlinking: /home/minsuje/ros2_ws/install/dsr_description2/share/dsr_description2/meshes/m0617_collision/MF0617_4_1.dae
[4.028s] -- Symlinking: /home/minsuje/ros2_ws/install/dsr_description2/share/dsr_description2/meshes/m0617_collision/MF0617_5_0.dae
[4.035s] -- Symlinking: /home/minsuje/ros2_ws/install/dsr_description2/share/dsr_description2/meshes/m0617_collision/MF0617_6_0.dae
[4.044s] -- Symlinking: /home/minsuje/ros2_ws/install/dsr_description2/share/dsr_description2/meshes/m0617_white/MF0617_0_0.dae
[4.050s] -- Symlinking: /home/minsuje/ros2_ws/install/dsr_description2/share/dsr_description2/meshes/m0617_white/MF0617_1_0.dae
[4.056s] -- Symlinking: /home/minsuje/ros2_ws/install/dsr_description2/share/dsr_description2/meshes/m0617_white/MF0617_2_0.dae
[4.063s] -- Symlinking: /home/minsuje/ros2_ws/install/dsr_description2/share/dsr_description2/meshes/m0617_white/MF0617_2_1.dae
[4.072s] -- Symlinking: /home/minsuje/ros2_ws/install/dsr_description2/share/dsr_description2/meshes/m0617_white/MF0617_2_2.dae
[4.079s] -- Symlinking: /home/minsuje/ros2_ws/install/dsr_description2/share/dsr_description2/meshes/m0617_white/MF0617_3_0.dae
[4.085s] -- Symlinking: /home/minsuje/ros2_ws/install/dsr_description2/share/dsr_description2/meshes/m0617_white/MF0617_4_0.dae
[4.094s] -- Symlinking: /home/minsuje/ros2_ws/install/dsr_description2/share/dsr_description2/meshes/m0617_white/MF0617_4_1.dae
[4.100s] -- Symlinking: /home/minsuje/ros2_ws/install/dsr_description2/share/dsr_description2/meshes/m0617_white/MF0617_5_0.dae
[4.106s] -- Symlinking: /home/minsuje/ros2_ws/install/dsr_description2/share/dsr_description2/meshes/m0617_white/MF0617_6_0.dae
[4.115s] -- Symlinking: /home/minsuje/ros2_ws/install/dsr_description2/share/dsr_description2/meshes/m1013_blue/MF1013_0_0.dae
[4.121s] -- Symlinking: /home/minsuje/ros2_ws/install/dsr_description2/share/dsr_description2/meshes/m1013_blue/MF1013_1_0.dae
[4.127s] -- Symlinking: /home/minsuje/ros2_ws/install/dsr_description2/share/dsr_description2/meshes/m1013_blue/MF1013_2_0.dae
[4.134s] -- Symlinking: /home/minsuje/ros2_ws/install/dsr_description2/share/dsr_description2/meshes/m1013_blue/MF1013_2_1.dae
[4.139s] -- Symlinking: /home/minsuje/ros2_ws/install/dsr_description2/share/dsr_description2/meshes/m1013_blue/MF1013_2_2.dae
[4.148s] -- Symlinking: /home/minsuje/ros2_ws/install/dsr_description2/share/dsr_description2/meshes/m1013_blue/MF1013_3_0.dae
[4.157s] -- Symlinking: /home/minsuje/ros2_ws/install/dsr_description2/share/dsr_description2/meshes/m1013_blue/MF1013_4_0.dae
[4.163s] -- Symlinking: /home/minsuje/ros2_ws/install/dsr_description2/share/dsr_description2/meshes/m1013_blue/MF1013_4_1.dae
[4.172s] -- Symlinking: /home/minsuje/ros2_ws/install/dsr_description2/share/dsr_description2/meshes/m1013_blue/MF1013_5_0.dae
[4.180s] -- Symlinking: /home/minsuje/ros2_ws/install/dsr_description2/share/dsr_description2/meshes/m1013_blue/MF1013_6_0.dae
[4.187s] -- Symlinking: /home/minsuje/ros2_ws/install/dsr_description2/share/dsr_description2/meshes/m1013_collision/MF1013_0_0.dae
[4.193s] -- Symlinking: /home/minsuje/ros2_ws/install/dsr_description2/share/dsr_description2/meshes/m1013_collision/MF1013_1_0.dae
[4.200s] -- Symlinking: /home/minsuje/ros2_ws/install/dsr_description2/share/dsr_description2/meshes/m1013_collision/MF1013_2_0.dae
[4.205s] -- Symlinking: /home/minsuje/ros2_ws/install/dsr_description2/share/dsr_description2/meshes/m1013_collision/MF1013_2_1.dae
[4.211s] -- Symlinking: /home/minsuje/ros2_ws/install/dsr_description2/share/dsr_description2/meshes/m1013_collision/MF1013_2_2.dae
[4.217s] -- Symlinking: /home/minsuje/ros2_ws/install/dsr_description2/share/dsr_description2/meshes/m1013_collision/MF1013_3_0.dae
[4.222s] -- Symlinking: /home/minsuje/ros2_ws/install/dsr_description2/share/dsr_description2/meshes/m1013_collision/MF1013_4_0.dae
[4.227s] -- Symlinking: /home/minsuje/ros2_ws/install/dsr_description2/share/dsr_description2/meshes/m1013_collision/MF1013_4_1.dae
[4.233s] -- Symlinking: /home/minsuje/ros2_ws/install/dsr_description2/share/dsr_description2/meshes/m1013_collision/MF1013_5_0.dae
[4.242s] -- Symlinking: /home/minsuje/ros2_ws/install/dsr_description2/share/dsr_description2/meshes/m1013_collision/MF1013_6_0.dae
[4.248s] -- Symlinking: /home/minsuje/ros2_ws/install/dsr_description2/share/dsr_description2/meshes/m1013_white/MF1013_0_0.dae
[4.254s] -- Symlinking: /home/minsuje/ros2_ws/install/dsr_description2/share/dsr_description2/meshes/m1013_white/MF1013_1_0.dae
[4.260s] -- Symlinking: /home/minsuje/ros2_ws/install/dsr_description2/share/dsr_description2/meshes/m1013_white/MF1013_2_0.dae
[4.267s] -- Symlinking: /home/minsuje/ros2_ws/install/dsr_description2/share/dsr_description2/meshes/m1013_white/MF1013_2_1.dae
[4.274s] -- Symlinking: /home/minsuje/ros2_ws/install/dsr_description2/share/dsr_description2/meshes/m1013_white/MF1013_2_2.dae
[4.280s] -- Symlinking: /home/minsuje/ros2_ws/install/dsr_description2/share/dsr_description2/meshes/m1013_white/MF1013_3_0.dae
[4.287s] -- Symlinking: /home/minsuje/ros2_ws/install/dsr_description2/share/dsr_description2/meshes/m1013_white/MF1013_4_0.dae
[4.295s] -- Symlinking: /home/minsuje/ros2_ws/install/dsr_description2/share/dsr_description2/meshes/m1013_white/MF1013_4_1.dae
[4.301s] -- Symlinking: /home/minsuje/ros2_ws/install/dsr_description2/share/dsr_description2/meshes/m1013_white/MF1013_5_0.dae
[4.307s] -- Symlinking: /home/minsuje/ros2_ws/install/dsr_description2/share/dsr_description2/meshes/m1013_white/MF1013_6_0.dae
[4.317s] -- Symlinking: /home/minsuje/ros2_ws/install/dsr_description2/share/dsr_description2/meshes/m1509_blue/MF1509_0_0.dae
[4.325s] -- Symlinking: /home/minsuje/ros2_ws/install/dsr_description2/share/dsr_description2/meshes/m1509_blue/MF1509_1_0.dae
[4.331s] -- Symlinking: /home/minsuje/ros2_ws/install/dsr_description2/share/dsr_description2/meshes/m1509_blue/MF1509_2_0.dae
[4.340s] -- Symlinking: /home/minsuje/ros2_ws/install/dsr_description2/share/dsr_description2/meshes/m1509_blue/MF1509_2_1.dae
[4.349s] -- Symlinking: /home/minsuje/ros2_ws/install/dsr_description2/share/dsr_description2/meshes/m1509_blue/MF1509_2_2.dae
[4.358s] -- Symlinking: /home/minsuje/ros2_ws/install/dsr_description2/share/dsr_description2/meshes/m1509_blue/MF1509_3_0.dae
[4.367s] -- Symlinking: /home/minsuje/ros2_ws/install/dsr_description2/share/dsr_description2/meshes/m1509_blue/MF1509_4_0.dae
[4.376s] -- Symlinking: /home/minsuje/ros2_ws/install/dsr_description2/share/dsr_description2/meshes/m1509_blue/MF1509_4_1.dae
[4.383s] -- Symlinking: /home/minsuje/ros2_ws/install/dsr_description2/share/dsr_description2/meshes/m1509_blue/MF1509_5_0.dae
[4.393s] -- Symlinking: /home/minsuje/ros2_ws/install/dsr_description2/share/dsr_description2/meshes/m1509_blue/MF1509_6_0.dae
[4.400s] -- Symlinking: /home/minsuje/ros2_ws/install/dsr_description2/share/dsr_description2/meshes/m1509_collision/MF1509_0_0.dae
[4.407s] -- Symlinking: /home/minsuje/ros2_ws/install/dsr_description2/share/dsr_description2/meshes/m1509_collision/MF1509_1_0.dae
[4.413s] -- Symlinking: /home/minsuje/ros2_ws/install/dsr_description2/share/dsr_description2/meshes/m1509_collision/MF1509_2_0.dae
[4.421s] -- Symlinking: /home/minsuje/ros2_ws/install/dsr_description2/share/dsr_description2/meshes/m1509_collision/MF1509_2_1.dae
[4.428s] -- Symlinking: /home/minsuje/ros2_ws/install/dsr_description2/share/dsr_description2/meshes/m1509_collision/MF1509_2_2.dae
[4.435s] -- Symlinking: /home/minsuje/ros2_ws/install/dsr_description2/share/dsr_description2/meshes/m1509_collision/MF1509_3_0.dae
[4.442s] -- Symlinking: /home/minsuje/ros2_ws/install/dsr_description2/share/dsr_description2/meshes/m1509_collision/MF1509_4_0.dae
[4.449s] -- Symlinking: /home/minsuje/ros2_ws/install/dsr_description2/share/dsr_description2/meshes/m1509_collision/MF1509_4_1.dae
[4.458s] -- Symlinking: /home/minsuje/ros2_ws/install/dsr_description2/share/dsr_description2/meshes/m1509_collision/MF1509_5_0.dae
[4.468s] -- Symlinking: /home/minsuje/ros2_ws/install/dsr_description2/share/dsr_description2/meshes/m1509_collision/MF1509_6_0.dae
[4.476s] -- Symlinking: /home/minsuje/ros2_ws/install/dsr_description2/share/dsr_description2/meshes/m1509_white/MF1509_0_0.dae
[4.486s] -- Symlinking: /home/minsuje/ros2_ws/install/dsr_description2/share/dsr_description2/meshes/m1509_white/MF1509_1_0.dae
[4.495s] -- Symlinking: /home/minsuje/ros2_ws/install/dsr_description2/share/dsr_description2/meshes/m1509_white/MF1509_2_0.dae
[4.502s] -- Symlinking: /home/minsuje/ros2_ws/install/dsr_description2/share/dsr_description2/meshes/m1509_white/MF1509_2_1.dae
[4.509s] -- Symlinking: /home/minsuje/ros2_ws/install/dsr_description2/share/dsr_description2/meshes/m1509_white/MF1509_2_2.dae
[4.517s] -- Symlinking: /home/minsuje/ros2_ws/install/dsr_description2/share/dsr_description2/meshes/m1509_white/MF1509_3_0.dae
[4.526s] -- Symlinking: /home/minsuje/ros2_ws/install/dsr_description2/share/dsr_description2/meshes/m1509_white/MF1509_4_0.dae
[4.534s] -- Symlinking: /home/minsuje/ros2_ws/install/dsr_description2/share/dsr_description2/meshes/m1509_white/MF1509_4_1.dae
[4.541s] -- Symlinking: /home/minsuje/ros2_ws/install/dsr_description2/share/dsr_description2/meshes/m1509_white/MF1509_5_0.dae
[4.549s] -- Symlinking: /home/minsuje/ros2_ws/install/dsr_description2/share/dsr_description2/meshes/m1509_white/MF1509_6_0.dae
[4.559s] -- Symlinking: /home/minsuje/ros2_ws/install/dsr_description2/share/dsr_description2/meshes/mobile/base_link.dae
[4.567s] -- Symlinking: /home/minsuje/ros2_ws/install/dsr_description2/share/dsr_description2/meshes/mobile/base_link.stl
[4.576s] -- Symlinking: /home/minsuje/ros2_ws/install/dsr_description2/share/dsr_description2/meshes/mobile/bumper.dae
[4.584s] -- Symlinking: /home/minsuje/ros2_ws/install/dsr_description2/share/dsr_description2/meshes/mobile/bumper.stl
[4.593s] -- Symlinking: /home/minsuje/ros2_ws/install/dsr_description2/share/dsr_description2/meshes/mobile/large_top_plate.dae
[4.601s] -- Symlinking: /home/minsuje/ros2_ws/install/dsr_description2/share/dsr_description2/meshes/mobile/large_top_plate_collision.stl
[4.610s] -- Symlinking: /home/minsuje/ros2_ws/install/dsr_description2/share/dsr_description2/meshes/mobile/top_chassis.dae
[4.617s] -- Symlinking: /home/minsuje/ros2_ws/install/dsr_description2/share/dsr_description2/meshes/mobile/top_chassis.stl
[4.624s] -- Symlinking: /home/minsuje/ros2_ws/install/dsr_description2/share/dsr_description2/meshes/mobile/top_plate.dae
[4.630s] -- Symlinking: /home/minsuje/ros2_ws/install/dsr_description2/share/dsr_description2/meshes/mobile/top_plate.stl
[4.638s] -- Symlinking: /home/minsuje/ros2_ws/install/dsr_description2/share/dsr_description2/meshes/mobile/user_rail.dae
[4.647s] -- Symlinking: /home/minsuje/ros2_ws/install/dsr_description2/share/dsr_description2/meshes/mobile/user_rail.stl
[4.655s] -- Symlinking: /home/minsuje/ros2_ws/install/dsr_description2/share/dsr_description2/meshes/mobile/wheel.dae
[4.662s] -- Symlinking: /home/minsuje/ros2_ws/install/dsr_description2/share/dsr_description2/meshes/mobile/wheel.stl
[4.670s] -- Symlinking: /home/minsuje/ros2_ws/install/dsr_description2/share/dsr_description2/meshes/p3020/P3020_0_1.STL
[4.677s] -- Symlinking: /home/minsuje/ros2_ws/install/dsr_description2/share/dsr_description2/meshes/p3020/P3020_1_1.STL
[4.684s] -- Symlinking: /home/minsuje/ros2_ws/install/dsr_description2/share/dsr_description2/meshes/p3020/P3020_1_2.STL
[4.691s] -- Symlinking: /home/minsuje/ros2_ws/install/dsr_description2/share/dsr_description2/meshes/p3020/P3020_1_3.STL
[4.698s] -- Symlinking: /home/minsuje/ros2_ws/install/dsr_description2/share/dsr_description2/meshes/p3020/P3020_1_4.STL
[4.706s] -- Symlinking: /home/minsuje/ros2_ws/install/dsr_description2/share/dsr_description2/meshes/p3020/P3020_1_5.STL
[4.713s] -- Symlinking: /home/minsuje/ros2_ws/install/dsr_description2/share/dsr_description2/meshes/p3020/P3020_2_1.STL
[4.721s] -- Symlinking: /home/minsuje/ros2_ws/install/dsr_description2/share/dsr_description2/meshes/p3020/P3020_2_2.STL
[4.728s] -- Symlinking: /home/minsuje/ros2_ws/install/dsr_description2/share/dsr_description2/meshes/p3020/P3020_2_3.STL
[4.735s] -- Symlinking: /home/minsuje/ros2_ws/install/dsr_description2/share/dsr_description2/meshes/p3020/P3020_2_4.STL
[4.741s] -- Symlinking: /home/minsuje/ros2_ws/install/dsr_description2/share/dsr_description2/meshes/p3020/P3020_2_5.STL
[4.748s] -- Symlinking: /home/minsuje/ros2_ws/install/dsr_description2/share/dsr_description2/meshes/p3020/P3020_2_6.STL
[4.756s] -- Symlinking: /home/minsuje/ros2_ws/install/dsr_description2/share/dsr_description2/meshes/p3020/P3020_2_7.STL
[4.765s] -- Symlinking: /home/minsuje/ros2_ws/install/dsr_description2/share/dsr_description2/meshes/p3020/P3020_2_8.STL
[4.770s] -- Symlinking: /home/minsuje/ros2_ws/install/dsr_description2/share/dsr_description2/meshes/p3020/P3020_3_1.STL
[4.776s] -- Symlinking: /home/minsuje/ros2_ws/install/dsr_description2/share/dsr_description2/meshes/p3020/P3020_3_2.STL
[4.782s] -- Symlinking: /home/minsuje/ros2_ws/install/dsr_description2/share/dsr_description2/meshes/p3020/P3020_3_3.STL
[4.788s] -- Symlinking: /home/minsuje/ros2_ws/install/dsr_description2/share/dsr_description2/meshes/p3020/P3020_3_4.STL
[4.795s] -- Symlinking: /home/minsuje/ros2_ws/install/dsr_description2/share/dsr_description2/meshes/p3020/P3020_5_1.STL
[4.801s] -- Symlinking: /home/minsuje/ros2_ws/install/dsr_description2/share/dsr_description2/meshes/p3020/P3020_5_2.STL
[4.808s] -- Symlinking: /home/minsuje/ros2_ws/install/dsr_description2/share/dsr_description2/meshes/p3020/P3020_5_3.STL
[4.815s] -- Symlinking: /home/minsuje/ros2_ws/install/dsr_description2/share/dsr_description2/meshes/p3020/P3020_6_1.STL
[4.823s] -- Symlinking: /home/minsuje/ros2_ws/install/dsr_description2/share/dsr_description2/meshes/p3020_collision/1.STL
[4.831s] -- Symlinking: /home/minsuje/ros2_ws/install/dsr_description2/share/dsr_description2/meshes/p3020_collision/2-1.STL
[4.839s] -- Symlinking: /home/minsuje/ros2_ws/install/dsr_description2/share/dsr_description2/meshes/p3020_collision/2-2.STL
[4.846s] -- Symlinking: /home/minsuje/ros2_ws/install/dsr_description2/share/dsr_description2/meshes/p3020_collision/2-3.STL
[4.852s] -- Symlinking: /home/minsuje/ros2_ws/install/dsr_description2/share/dsr_description2/meshes/p3020_collision/2-4.STL
[4.860s] -- Symlinking: /home/minsuje/ros2_ws/install/dsr_description2/share/dsr_description2/meshes/p3020_collision/2-5.STL
[4.868s] -- Symlinking: /home/minsuje/ros2_ws/install/dsr_description2/share/dsr_description2/meshes/p3020_collision/3-1.STL
[4.876s] -- Symlinking: /home/minsuje/ros2_ws/install/dsr_description2/share/dsr_description2/meshes/p3020_collision/3-2.STL
[4.884s] -- Symlinking: /home/minsuje/ros2_ws/install/dsr_description2/share/dsr_description2/meshes/p3020_collision/3-3.STL
[4.891s] -- Symlinking: /home/minsuje/ros2_ws/install/dsr_description2/share/dsr_description2/meshes/p3020_collision/3-4.STL
[4.897s] -- Symlinking: /home/minsuje/ros2_ws/install/dsr_description2/share/dsr_description2/meshes/p3020_collision/3-5.STL
[4.904s] -- Symlinking: /home/minsuje/ros2_ws/install/dsr_description2/share/dsr_description2/meshes/p3020_collision/3-6.STL
[4.911s] -- Symlinking: /home/minsuje/ros2_ws/install/dsr_description2/share/dsr_description2/meshes/p3020_collision/3-7.STL
[4.917s] -- Symlinking: /home/minsuje/ros2_ws/install/dsr_description2/share/dsr_description2/meshes/p3020_collision/3-8.STL
[4.925s] -- Symlinking: /home/minsuje/ros2_ws/install/dsr_description2/share/dsr_description2/meshes/p3020_collision/4-1.STL
[4.934s] -- Symlinking: /home/minsuje/ros2_ws/install/dsr_description2/share/dsr_description2/meshes/p3020_collision/4-2.STL
[4.942s] -- Symlinking: /home/minsuje/ros2_ws/install/dsr_description2/share/dsr_description2/meshes/p3020_collision/4-3.STL
[4.949s] -- Symlinking: /home/minsuje/ros2_ws/install/dsr_description2/share/dsr_description2/meshes/p3020_collision/4-4.STL
[4.955s] -- Symlinking: /home/minsuje/ros2_ws/install/dsr_description2/share/dsr_description2/meshes/p3020_collision/6-1.STL
[4.962s] -- Symlinking: /home/minsuje/ros2_ws/install/dsr_description2/share/dsr_description2/meshes/p3020_collision/6-2.STL
[4.970s] -- Symlinking: /home/minsuje/ros2_ws/install/dsr_description2/share/dsr_description2/meshes/p3020_collision/6-3.STL
[4.977s] -- Symlinking: /home/minsuje/ros2_ws/install/dsr_description2/share/dsr_description2/meshes/p3020_collision/7.STL
[4.984s] -- Symlinking: /home/minsuje/ros2_ws/install/dsr_description2/share/dsr_description2/urdf/a0509.blue.urdf
[4.990s] -- Symlinking: /home/minsuje/ros2_ws/install/dsr_description2/share/dsr_description2/urdf/a0509.urdf
[4.997s] -- Symlinking: /home/minsuje/ros2_ws/install/dsr_description2/share/dsr_description2/urdf/a0509.white.urdf
[5.003s] -- Symlinking: /home/minsuje/ros2_ws/install/dsr_description2/share/dsr_description2/urdf/a0912.blue.urdf
[5.009s] -- Symlinking: /home/minsuje/ros2_ws/install/dsr_description2/share/dsr_description2/urdf/a0912.urdf
[5.015s] -- Symlinking: /home/minsuje/ros2_ws/install/dsr_description2/share/dsr_description2/urdf/a0912.white.urdf
[5.021s] -- Symlinking: /home/minsuje/ros2_ws/install/dsr_description2/share/dsr_description2/urdf/e0509.urdf
[5.027s] -- Symlinking: /home/minsuje/ros2_ws/install/dsr_description2/share/dsr_description2/urdf/e0509.white.urdf
[5.034s] -- Symlinking: /home/minsuje/ros2_ws/install/dsr_description2/share/dsr_description2/urdf/h2017.blue.urdf
[5.044s] -- Symlinking: /home/minsuje/ros2_ws/install/dsr_description2/share/dsr_description2/urdf/h2017.urdf
[5.052s] -- Symlinking: /home/minsuje/ros2_ws/install/dsr_description2/share/dsr_description2/urdf/h2017.white.urdf
[5.060s] -- Symlinking: /home/minsuje/ros2_ws/install/dsr_description2/share/dsr_description2/urdf/h2515.blue.urdf
[5.068s] -- Symlinking: /home/minsuje/ros2_ws/install/dsr_description2/share/dsr_description2/urdf/h2515.urdf
[5.075s] -- Symlinking: /home/minsuje/ros2_ws/install/dsr_description2/share/dsr_description2/urdf/h2515.white.urdf
[5.081s] -- Symlinking: /home/minsuje/ros2_ws/install/dsr_description2/share/dsr_description2/urdf/m0609.blue.urdf
[5.088s] -- Symlinking: /home/minsuje/ros2_ws/install/dsr_description2/share/dsr_description2/urdf/m0609.urdf
[5.094s] -- Symlinking: /home/minsuje/ros2_ws/install/dsr_description2/share/dsr_description2/urdf/m0609.white.urdf
[5.101s] -- Symlinking: /home/minsuje/ros2_ws/install/dsr_description2/share/dsr_description2/urdf/m0617.blue.urdf
[5.110s] -- Symlinking: /home/minsuje/ros2_ws/install/dsr_description2/share/dsr_description2/urdf/m0617.urdf
[5.117s] -- Symlinking: /home/minsuje/ros2_ws/install/dsr_description2/share/dsr_description2/urdf/m0617.white.urdf
[5.126s] -- Symlinking: /home/minsuje/ros2_ws/install/dsr_description2/share/dsr_description2/urdf/m1013.blue.urdf
[5.134s] -- Symlinking: /home/minsuje/ros2_ws/install/dsr_description2/share/dsr_description2/urdf/m1013.urdf
[5.141s] -- Symlinking: /home/minsuje/ros2_ws/install/dsr_description2/share/dsr_description2/urdf/m1013.white.urdf
[5.149s] -- Symlinking: /home/minsuje/ros2_ws/install/dsr_description2/share/dsr_description2/urdf/m1509.blue.urdf
[5.156s] -- Symlinking: /home/minsuje/ros2_ws/install/dsr_description2/share/dsr_description2/urdf/m1509.urdf
[5.163s] -- Symlinking: /home/minsuje/ros2_ws/install/dsr_description2/share/dsr_description2/urdf/m1509.white.urdf
[5.170s] -- Symlinking: /home/minsuje/ros2_ws/install/dsr_description2/share/dsr_description2/urdf/p3020.urdf
[5.176s] -- Symlinking: /home/minsuje/ros2_ws/install/dsr_description2/share/dsr_description2/xacro/a0509.urdf.xacro
[5.184s] -- Symlinking: /home/minsuje/ros2_ws/install/dsr_description2/share/dsr_description2/xacro/a0912.urdf.xacro
[5.192s] -- Symlinking: /home/minsuje/ros2_ws/install/dsr_description2/share/dsr_description2/xacro/e0509.urdf.xacro
[5.200s] -- Symlinking: /home/minsuje/ros2_ws/install/dsr_description2/share/dsr_description2/xacro/h2017.urdf.xacro
[5.209s] -- Symlinking: /home/minsuje/ros2_ws/install/dsr_description2/share/dsr_description2/xacro/h2515.urdf.xacro
[5.216s] -- Symlinking: /home/minsuje/ros2_ws/install/dsr_description2/share/dsr_description2/xacro/m0609.urdf.xacro
[5.224s] -- Symlinking: /home/minsuje/ros2_ws/install/dsr_description2/share/dsr_description2/xacro/m0617.urdf.xacro
[5.229s] -- Symlinking: /home/minsuje/ros2_ws/install/dsr_description2/share/dsr_description2/xacro/m1013.urdf.xacro
[5.235s] -- Symlinking: /home/minsuje/ros2_ws/install/dsr_description2/share/dsr_description2/xacro/m1509.urdf.xacro
[5.240s] -- Symlinking: /home/minsuje/ros2_ws/install/dsr_description2/share/dsr_description2/xacro/macro.a0509.blue.xacro
[5.245s] -- Symlinking: /home/minsuje/ros2_ws/install/dsr_description2/share/dsr_description2/xacro/macro.a0509.white.xacro
[5.253s] -- Symlinking: /home/minsuje/ros2_ws/install/dsr_description2/share/dsr_description2/xacro/macro.a0912.blue.xacro
[5.260s] -- Symlinking: /home/minsuje/ros2_ws/install/dsr_description2/share/dsr_description2/xacro/macro.a0912.white.xacro
[5.266s] -- Symlinking: /home/minsuje/ros2_ws/install/dsr_description2/share/dsr_description2/xacro/macro.e0509.white.xacro
[5.273s] -- Symlinking: /home/minsuje/ros2_ws/install/dsr_description2/share/dsr_description2/xacro/macro.h2017.blue.xacro
[5.282s] -- Symlinking: /home/minsuje/ros2_ws/install/dsr_description2/share/dsr_description2/xacro/macro.h2017.white.xacro
[5.290s] -- Symlinking: /home/minsuje/ros2_ws/install/dsr_description2/share/dsr_description2/xacro/macro.h2515.blue.xacro
[5.297s] -- Symlinking: /home/minsuje/ros2_ws/install/dsr_description2/share/dsr_description2/xacro/macro.h2515.white.xacro
[5.304s] -- Symlinking: /home/minsuje/ros2_ws/install/dsr_description2/share/dsr_description2/xacro/macro.m0609.blue.xacro
[5.310s] -- Symlinking: /home/minsuje/ros2_ws/install/dsr_description2/share/dsr_description2/xacro/macro.m0609.white.xacro
[5.318s] -- Symlinking: /home/minsuje/ros2_ws/install/dsr_description2/share/dsr_description2/xacro/macro.m0617.blue.xacro
[5.325s] -- Symlinking: /home/minsuje/ros2_ws/install/dsr_description2/share/dsr_description2/xacro/macro.m0617.white.xacro
[5.331s] -- Symlinking: /home/minsuje/ros2_ws/install/dsr_description2/share/dsr_description2/xacro/macro.m1013.blue.xacro
[5.339s] -- Symlinking: /home/minsuje/ros2_ws/install/dsr_description2/share/dsr_description2/xacro/macro.m1013.white.xacro
[5.347s] -- Symlinking: /home/minsuje/ros2_ws/install/dsr_description2/share/dsr_description2/xacro/macro.m1509.blue.xacro
[5.354s] -- Symlinking: /home/minsuje/ros2_ws/install/dsr_description2/share/dsr_description2/xacro/macro.m1509.white.xacro
[5.362s] -- Symlinking: /home/minsuje/ros2_ws/install/dsr_description2/share/dsr_description2/xacro/macro.p3020.blue.xacro
[5.370s] -- Symlinking: /home/minsuje/ros2_ws/install/dsr_description2/share/dsr_description2/xacro/macro.p3020.white.xacro
[5.377s] -- Symlinking: /home/minsuje/ros2_ws/install/dsr_description2/share/dsr_description2/xacro/p3020.urdf.xacro
[5.385s] -- Symlinking: /home/minsuje/ros2_ws/install/dsr_description2/share/dsr_description2/config/macro.decorations.xacro
[5.394s] -- Symlinking: /home/minsuje/ros2_ws/install/dsr_description2/share/dsr_description2/config/macro.gazebo.p3020.xacro
[5.402s] -- Symlinking: /home/minsuje/ros2_ws/install/dsr_description2/share/dsr_description2/config/macro.gazebo.xacro
[5.408s] -- Symlinking: /home/minsuje/ros2_ws/install/dsr_description2/share/dsr_description2/config/macro.materials.xacro
[5.416s] -- Symlinking: /home/minsuje/ros2_ws/install/dsr_description2/share/dsr_description2/config/macro.transmission.xacro
[5.423s] -- Symlinking: /home/minsuje/ros2_ws/install/dsr_description2/share/dsr_description2/config/macro.wheel.xacro
[5.431s] -- Symlinking: /home/minsuje/ros2_ws/install/dsr_description2/share/dsr_description2/ros2_control/a0509.gz_ros2_control.xacro
[5.439s] -- Symlinking: /home/minsuje/ros2_ws/install/dsr_description2/share/dsr_description2/ros2_control/a0509.ros2_control.xacro
[5.445s] -- Symlinking: /home/minsuje/ros2_ws/install/dsr_description2/share/dsr_description2/ros2_control/a0912.gz_ros2_control.xacro
[5.453s] -- Symlinking: /home/minsuje/ros2_ws/install/dsr_description2/share/dsr_description2/ros2_control/a0912.ros2_control.xacro
[5.460s] -- Symlinking: /home/minsuje/ros2_ws/install/dsr_description2/share/dsr_description2/ros2_control/e0509.gz_ros2_control.xacro
[5.468s] -- Symlinking: /home/minsuje/ros2_ws/install/dsr_description2/share/dsr_description2/ros2_control/e0509.ros2_control.xacro
[5.474s] -- Symlinking: /home/minsuje/ros2_ws/install/dsr_description2/share/dsr_description2/ros2_control/h2017.gz_ros2_control.xacro
[5.482s] -- Symlinking: /home/minsuje/ros2_ws/install/dsr_description2/share/dsr_description2/ros2_control/h2017.ros2_control.xacro
[5.489s] -- Symlinking: /home/minsuje/ros2_ws/install/dsr_description2/share/dsr_description2/ros2_control/h2515.gz_ros2_control.xacro
[5.494s] -- Symlinking: /home/minsuje/ros2_ws/install/dsr_description2/share/dsr_description2/ros2_control/h2515.ros2_control.xacro
[5.501s] -- Symlinking: /home/minsuje/ros2_ws/install/dsr_description2/share/dsr_description2/ros2_control/m0609.gz_ros2_control.xacro
[5.507s] -- Symlinking: /home/minsuje/ros2_ws/install/dsr_description2/share/dsr_description2/ros2_control/m0609.ros2_control.xacro
[5.513s] -- Symlinking: /home/minsuje/ros2_ws/install/dsr_description2/share/dsr_description2/ros2_control/m0617.gz_ros2_control.xacro
[5.520s] -- Symlinking: /home/minsuje/ros2_ws/install/dsr_description2/share/dsr_description2/ros2_control/m0617.ros2_control.xacro
[5.527s] -- Symlinking: /home/minsuje/ros2_ws/install/dsr_description2/share/dsr_description2/ros2_control/m1013.gz_ros2_control.xacro
[5.533s] -- Symlinking: /home/minsuje/ros2_ws/install/dsr_description2/share/dsr_description2/ros2_control/m1013.ros2_control.xacro
[5.542s] -- Symlinking: /home/minsuje/ros2_ws/install/dsr_description2/share/dsr_description2/ros2_control/m1509.gz_ros2_control.xacro
[5.550s] -- Symlinking: /home/minsuje/ros2_ws/install/dsr_description2/share/dsr_description2/ros2_control/m1509.ros2_control.xacro
[5.558s] -- Symlinking: /home/minsuje/ros2_ws/install/dsr_description2/share/dsr_description2/ros2_control/p3020.gz_ros2_control.xacro
[5.565s] -- Symlinking: /home/minsuje/ros2_ws/install/dsr_description2/share/dsr_description2/ros2_control/p3020.ros2_control.xacro
[5.574s] -- Symlinking: /home/minsuje/ros2_ws/install/dsr_description2/share/dsr_description2/launch/dsr_description.launch.py
[5.581s] -- Symlinking: /home/minsuje/ros2_ws/install/dsr_description2/share/dsr_description2/rviz/default.rviz
[5.589s] -- Symlinking: /home/minsuje/ros2_ws/install/dsr_description2/share/dsr_description2/rviz/moveit.rviz
[5.597s] Invoked command in '/home/minsuje/ros2_ws/build/dsr_description2' returned '0': CMAKE_PREFIX_PATH=/opt/ros/humble /usr/bin/cmake --install /home/minsuje/ros2_ws/build/dsr_description2
